c:\UnityBase\UB.exe 4.0.0.0 (2018-02-22 16:30:16)Host=WDFN34211327A User=D071860 CPU=4*9-6-19971:FFFBCBBF8373DAFEBF6F9C0000 OS=23.0=10.0.15063 Wow64=1 Freq=2437498Environment variables=ALLUSERSPROFILE=C:\ProgramData	ANSICON=121x32766 (121x26)	ANSICON_DEF=7	APPDATA=C:\Users\D071860\AppData\Roaming	CommonProgramFiles=C:\Program Files (x86)\Common Files	CommonProgramFiles(x86)=C:\Program Files (x86)\Common Files	CommonProgramW6432=C:\Program Files\Common Files	COMPUTERNAME=WDFN34211327A	ComSpec=C:\WINDOWS\system32\cmd.exe	ConEmuANSI=ON	ConEmuAnsiLog=	ConEmuArgs=	ConEmuArgs2=	ConEmuBackHWND=0x000B026E	ConEmuBaseDir=C:\Program Files\ConEmu\ConEmu	ConEmuBaseDirShort=C:\PROGRA~1\ConEmu\ConEmu	ConEmuBuild=180411	ConEmuCfgDir=	ConEmuConfig=	ConEmuDir=C:\Program Files\ConEmu	ConEmuDrawHWND=0x00180912	ConEmuDrive=C:	ConEmuHooks=Enabled	ConEmuHWND=0x001904C6	ConEmuPalette=<ConEmu>	ConEmuPID=1208	ConEmuPrompt0=$E[m$E[32m$E]9;8;"USERNAME"$E\@$E]9;8;"COMPUTERNAME"$E\$S	ConEmuPrompt1=$E[m$E[32m$E]9;8;"USERNAME"$E\@$E]9;8;"COMPUTERNAME"$E\$S$E[92m$P$E[90m	ConEmuPrompt2=$_$E[90m$G	ConEmuPrompt3=$E[m$S$E]9;12$E\	ConEmuServerPID=20132	ConEmuTask={Shells::cmd}	ConEmuWorkDir=C:\Users\D071860	ConEmuWorkDrive=C:	DEFLOGDIR=C:\ProgramData\McAfee\Endpoint Security\Logs	HOMEDRIVE=C:	homeloc=D_WDF	HOMEPATH=\Users\D071860	KUBECONFIG=C:\Practice\kubernetes\RUSLAN-KUBECONFIG	LOCALAPPDATA=C:\Users\D071860\AppData\Local	LOGONSERVER=\\DS2WDF0004	NUMBER_OF_PROCESSORS=4	OneDrive=C:\Users\D071860\OneDrive	OS=Windows_NT	Path=C:\Program Files\ConEmu\ConEmu\Scripts;C:\Program Files\ConEmu;C:\Program Files\ConEmu\ConEmu;C:\ProgramData\Oracle\Java\javapath;C:\Program Files\Docker\Docker\Resources\bin;C:\WINDOWS\system32;C:\WINDOWS;C:\WINDOWS\System32\Wbem;C:\WINDOWS\System32\WindowsPowerShell\v1.0\;C:\Program Files\Minikube;C:\Program Files\Kubernetes;C:\Program Files (x86)\Google\Cloud SDK\google-cloud-sdk\bin;C:\Program Files\PuTTY\;C:\Program Files\nodejs\;c:\UnityBase;C:\Users\D071860\AppData\Local\Microsoft\WindowsApps;C:\Users\D071860\AppData\Roaming\npm	PATHEXT=.COM;.EXE;.BAT;.CMD;.VBS;.VBE;.JS;.JSE;.WSF;.WSH;.MSC	PROCESSOR_ARCHITECTURE=x86	PROCESSOR_ARCHITEW6432=AMD64	PROCESSOR_IDENTIFIER=Intel64 Family 6 Model 78 Stepping 3, GenuineIntel	PROCESSOR_LEVEL=6	PROCESSOR_REVISION=4e03	ProgramData=C:\ProgramData	ProgramFiles=C:\Program Files (x86)	ProgramFiles(x86)=C:\Program Files (x86)	ProgramW6432=C:\Program Files	PROMPT=$E[m$E[32m$E]9;8;"USERNAME"$E\@$E]9;8;"COMPUTERNAME"$E\$S$E[92m$P$E[90m$_$E[90m$G$E[m$S$E]9;12$E\	PSModulePath=C:\Program Files (x86)\WindowsPowerShell\Modules;C:\WINDOWS\system32\WindowsPowerShell\v1.0\Modules;C:\Program Files (x86)\Google\Cloud SDK\google-cloud-sdk\platform\PowerShell	PUBLIC=C:\Users\Public	SESSIONNAME=Console	SNC_LIB=C:\Program Files (x86)\SAP\FrontEnd\SecureLogin\lib\sapcrypto.dll	SNC_LIB_64=C:\Program Files\SAP\FrontEnd\SecureLogin\lib\sapcrypto.dll	SSF_LIBRARY_PATH=C:\Program Files (x86)\SAP\FrontEnd\SecureLogin\lib\sapcrypto.dll	SSF_LIBRARY_PATH_64=C:\Program Files\SAP\FrontEnd\SecureLogin\lib\sapcrypto.dll	SystemDrive=C:	SystemRoot=C:\WINDOWS	TEMP=C:\Users\D071860\AppData\Local\Temp	TMP=C:\Users\D071860\AppData\Local\Temp	UATDATA=C:\WINDOWS\CCM\UATData\D9F8C395-CAB8-491d-B8AC-179A1FE1BE77	UB_HOME=c:\UnityBase	USERDNSDOMAIN=GLOBAL.CORP.SAP	USERDOMAIN=GLOBAL	USERDOMAIN_ROAMINGPROFILE=GLOBAL	USERNAME=D071860	USERPROFILE=C:\Users\D071860	windir=C:\WINDOWSTubLog 1.18.3488 FTS3 2018-04-16T11:23:5320180416 11235361  ! warn  WebSocket support are disabled because WSServer.host = '' in config
20180416 11235362  !  +    ubServer.TubServer(02D2E5E8).008863DB 
20180416 11235362  !  +    	Init app
20180416 11235362  ! srvr  		FTS is disabled
20180416 11235362  ! info  		Check blob store "avatars" folder "C:\ubProject\CityPortal\avatars\": folder exists
20180416 11235362  ! info  		Check blob store "attach" folder "C:\ubProject\CityPortal\docs\attach\": folder exists
20180416 11235362  !  -    	00.000.507
20180416 11235362  !  +    	Folder C:\ubProject\CityPortal\node_modules\@unitybase\ub\ modified
20180416 11235362  !  +    		ubCommonClasses.TubThreadSafeCache(02D2CB08).removeStartsWith
20180416 11235362  !  -    		00.000.003
20180416 11235362  !  -    	00.000.007
20180416 11235362  !  +    	Folder C:\ubProject\CityPortal\node_modules\@unitybase\uba\ modified
20180416 11235362  !  +    		ubCommonClasses.TubThreadSafeCache(02D2CB08).removeStartsWith
20180416 11235362  !  -    		00.000.000
20180416 11235362  !  -    	00.000.004
20180416 11235362  !  +    	Folder C:\ubProject\CityPortal\node_modules\@unitybase\ubs\ modified
20180416 11235362  !  +    		ubCommonClasses.TubThreadSafeCache(02D2CB08).removeStartsWith
20180416 11235362  !  -    		00.000.000
20180416 11235362  !  -    	00.000.004
20180416 11235362  !  +    	Folder C:\ubProject\CityPortal\node_modules\@unitybase\ubm\ modified
20180416 11235362  !  +    		ubCommonClasses.TubThreadSafeCache(02D2CB08).removeStartsWith
20180416 11235362  !  -    		00.000.000
20180416 11235362  !  -    	00.000.003
20180416 11235362  !  +    	Folder C:\ubProject\CityPortal\_public_only_\ modified
20180416 11235362  !  +    		ubCommonClasses.TubThreadSafeCache(02D2CB08).removeStartsWith
20180416 11235362  !  -    		00.000.000
20180416 11235362  !  -    	00.000.003
20180416 11235362  !  +    	Folder C:\ubProject\CityPortal\node_modules\@unitybase\adminui-reg\ modified
20180416 11235362  !  +    		ubCommonClasses.TubThreadSafeCache(02D2CB08).removeStartsWith
20180416 11235362  !  -    		00.000.000
20180416 11235362  !  -    	00.000.004
20180416 11235362  !  +    	Folder C:\ubProject\CityPortal\models\requests\ modified
20180416 11235362  !  +    		ubCommonClasses.TubThreadSafeCache(02D2CB08).removeStartsWith
20180416 11235362  !  -    		00.000.000
20180416 11235362  !  -    	00.000.004
20180416 11235362  !  +    	ubApp.TubApp(02C93EE0).init
20180416 11235362  ! srvr  		Mime converters are disabled
20180416 11235362  !  -    	00.000.003
20180416 11235362  ! srvr  	Enable zip compresison
20180416 11235362  ! srvr  	Send initialization request to http://localhost:888/init
20180416 11235401  "  +    InitializationRequest
20180416 11235401  "  +    	init
20180416 11235401  " srvr  		Start application intialization...
20180416 11235401  " info  		Loading domain...
20180416 11235401  " info  		Loading model "UB" from "C:\ubProject\CityPortal\node_modules\@unitybase\ub\"
20180416 11235401  " info  		Loading model "UBA" from "C:\ubProject\CityPortal\node_modules\@unitybase\uba\"
20180416 11235402  " info  		Loading model "UBS" from "C:\ubProject\CityPortal\node_modules\@unitybase\ubs\"
20180416 11235402  " info  		Loading model "UBM" from "C:\ubProject\CityPortal\node_modules\@unitybase\ubm\"
20180416 11235402  " info  		Loading model "adminui-reg" from "C:\ubProject\CityPortal\node_modules\@unitybase\adminui-reg\"
20180416 11235402  " info  		Loading model "RequestList" from "C:\ubProject\CityPortal\models\requests\"
20180416 11235402  "  +    		ubApp.TubDataStore(041E41B8).Init
20180416 11235403  "  +    			ubApp.TubApp(02C93EE0).DBExecute
20180416 11235403  "  +    				ubApp.TubApp(02C93EE0).TubApp.InternalDBExecute
20180416 11235403  "  +    					00856EC2 
20180416 11235403  "  -    					00.003.556
20180416 11235403  " SQL   					ubDBSQLite3ThreadSafe.TubSQLite3Statement(02D46EB0) PRAGMA foreign_keys = ON
20180416 11235403  " SQL   					ubDBSQLite3ThreadSafe.TubSQLite3Statement(02D468B0) SELECT A01.ID,A01.entity,A01.state,A01.attribute,A01.roleName,A01.actions  FROM uba_als A01  ORDER BY A01.entity ASC
20180416 11235403  "  -    				00.003.717
20180416 11235403  "  -    			00.003.758
20180416 11235403  " debug 			Query result for entity "uba_als" into data name "": row count=0
20180416 11235403  "  -    		00.003.787
20180416 11235403  " srvr  		The domain loaded successfully with 0 entities
20180416 11235403  " debug 		Create new JavaScript Engine for thread 63208
20180416 11235426  "  +    		008C234A 
20180416 11235426  "  +    			ubApp.TubDataStore(0583A7F8).Init
20180416 11235426  "  +    				ubApp.TubApp(02C93EE0).DBExecute
20180416 11235426  "  +    					ubApp.TubApp(02C93EE0).TubApp.InternalDBExecute
20180416 11235426  " SQL   						ubDBSQLite3ThreadSafe.TubSQLite3Statement(02D47210) SELECT A01.ID,A01.name,A01.sessionTimeout,A01.allowedAppMethods  FROM uba_role A01 
20180416 11235426  "  -    					00.000.052
20180416 11235426  "  -    				00.000.130
20180416 11235426  " debug 				Query result for entity "uba_role" into data name "": row count=9
20180416 11235426  "  -    			00.000.141
20180416 11235426  "  +    			ubApp.TubDataStore(0583A870).Init
20180416 11235426  "  +    				ubApp.TubApp(02C93EE0).DBExecute
20180416 11235426  "  +    					ubApp.TubApp(02C93EE0).TubApp.InternalDBExecute
20180416 11235426  " SQL   						ubDBSQLite3ThreadSafe.TubSQLite3Statement(02D471B0) SELECT A01.ID,A01.entityMask,A01.methodMask,A01.ruleType,A01.ruleRole,A01.disabled,A01.code  FROM uba_els A01 
20180416 11235426  "  -    					00.000.030
20180416 11235426  "  -    				00.000.161
20180416 11235426  " debug 				Query result for entity "uba_els" into data name "": row count=88
20180416 11235426  "  -    			00.000.187
20180416 11235426  "  -    		00.002.639
20180416 11235426  " auth  		New session admin/151307585 created at 127.0.0.1/-72057592427315179 using Mozilla/5.0 (Windows; mORMot 1.18 TWinHTTP)
20180416 11235426  " auth  		New session anonymous/151307584 created at 127.0.0.1/-72057592427315179 using Mozilla/5.0 (Windows; mORMot 1.18 TWinHTTP)
20180416 11235426  "  +    		ubApp.TubDataStore(0583A9D8).Init
20180416 11235426  "  +    			ubApp.TubApp(02C93EE0).DBExecute
20180416 11235426  "  +    				ubApp.TubApp(02C93EE0).TubApp.InternalDBExecute
20180416 11235426  " debug 					P1: String(34)	UBA.passwordPolicy.maxDurationDays
20180416 11235426  " SQL   					ubDBSQLite3ThreadSafe.TubSQLite3Statement(02D472D0) select settingValue from ubs_settings where settingKey =?
20180416 11235426  "  -    				00.000.054
20180416 11235426  "  -    			00.000.149
20180416 11235426  " debug 			Query result for entity "ubs_settings" into data name "": row count=1
20180416 11235426  "  -    		00.000.161
20180416 11235426  "  +    		ubApp.TubDataStore(0583A9D8).Init
20180416 11235426  "  +    			ubApp.TubApp(02C93EE0).DBExecute
20180416 11235426  "  +    				ubApp.TubApp(02C93EE0).TubApp.InternalDBExecute
20180416 11235426  " debug 					P1: String(37)	UBA.passwordPolicy.maxInvalidAttempts
20180416 11235426  " SQL   					ubDBSQLite3ThreadSafe.TubSQLite3Statement(02D472D0) select settingValue from ubs_settings where settingKey =?
20180416 11235426  "  -    				00.000.009
20180416 11235426  "  -    			00.000.026
20180416 11235426  " debug 			Query result for entity "ubs_settings" into data name "": row count=1
20180416 11235426  "  -    		00.000.032
20180416 11235426  "  -    	00.414.108
20180416 11235426  "  -    00.414.123
20180416 11235426  ! srvr  	ubServer.TubServer(02D2E5E8) {"THttpApiServer(02C5A990)":{"Cloned":false,"RegisteredUrl":"http://+:888/","HTTPQueueLength":1000,"MaxBandwidth":-1,"MaxConnections":-1,"APIVersion":"HTTP API 2.0","ServerName":"UnityBase","ProcessName":""}} initialized
20180416 11235426  !  -    00.439.512
20180416 11235502  "  +    ubql
20180416 11235502  " http  	127.0.0.1 -> POST ubql
20180416 11235502  " http  	[{"fieldList":["model","report_code","name","template","code","ID","mi_modifyDate"],"entity":"ubs_report","method":"update","alsNeed":false,"execParams":{"code":"{\"store\":\"mdb\",\"fName\":\"Reqlist_HD_month.js\",\"origName\":\"Reqlist_HD_month.js\",\"relPath\":\"\",\"ct\":\"application/javascript\",\"size\":2978,\"md5\":\"ab29be3265f36867edf8d23166b7d593\",\"revision\":1,\"isDirty\":true}","ID":1322283145,"mi_modifyDate":"2018-04-16T13:22:49.000Z"}}]
20180416 11235502  " http  	<- 401
20180416 11235502  "  -    00.000.075
20180416 11235561  #  +    auth?AUTHTYPE=UB&userName=admin
20180416 11235561  # http  	127.0.0.1 -> POST auth?AUTHTYPE=UB&userName=admin
20180416 11235561  # debug 	Create new JavaScript Engine for thread 68220
20180416 11235615  # call  	endpoint auth
20180416 11235615  # http  	127.0.0.1 <- 200
20180416 11235615  #  -    00.258.914
20180416 11235615  $  +    auth?AUTHTYPE=UB&clientNonce=c95bff388e8b4af406534a09c55227daf16e66bf505ae7e6454c21cf169a0751&password=9674c880742877580977f497972f0546b4cae9b2900705d8f6824a89e9e79538&userName=admin
20180416 11235615  $ http  	127.0.0.1 -> POST auth?AUTHTYPE=UB&clientNonce=c95bff388e8b4af406534a09c55227daf16e66bf505ae7e6454c21cf169a0751&password=9674c880742877580977f497972f0546b4cae9b2900705d8f6824a89e9e79538&userName=admin
20180416 11235615  $ debug 	Create new JavaScript Engine for thread 67852
20180416 11235629  $ call  	endpoint auth
20180416 11235629  $  +    	ubApp.TubDataStore(0583FC80).Init
20180416 11235629  $  +    		ubApp.TubApp(02C93EE0).DBExecute
20180416 11235629  $  +    			ubApp.TubApp(02C93EE0).TubApp.InternalDBExecute
20180416 11235629  $  +    				00856EC2 
20180416 11235629  $  -    				00.002.324
20180416 11235629  $ SQL   				ubDBSQLite3ThreadSafe.TubSQLite3Statement(02D48050) PRAGMA foreign_keys = ON
20180416 11235629  $ debug 				P1: String(5)	admin
20180416 11235629  $ SQL   				ubDBSQLite3ThreadSafe.TubSQLite3Statement(02D479F0) select id, name, uPasswordHashHexa, uData, isPending, trustedIP from UBA_USER where name=? and disabled=0
20180416 11235629  $  -    			00.002.375
20180416 11235629  $  -    		00.002.427
20180416 11235629  $ debug 		Query result for entity "uba_user" into data name "": row count=1
20180416 11235629  $  -    	00.002.447
20180416 11235629  $  +    	ubApp.TubDataStore(0583FC80).Init
20180416 11235629  $  +    		ubApp.TubApp(02C93EE0).DBExecute
20180416 11235629  $  +    			ubApp.TubApp(02C93EE0).TubApp.InternalDBExecute
20180416 11235629  $ debug 				P1: Int64		10
20180416 11235629  $ SQL   				ubDBSQLite3ThreadSafe.TubSQLite3Statement(02D48050) SELECT lastPasswordChangeDate FROM uba_user WHERE id=?
20180416 11235629  $  -    			00.000.018
20180416 11235629  $  -    		00.000.042
20180416 11235629  $ debug 		Query result for entity "uba_user" into data name "__expireDate": row count=1
20180416 11235629  $  -    	00.000.049
20180416 11235629  $  +    	ubApp.TubDataStore(058218D0).Init
20180416 11235629  $  +    		ubApp.TubApp(02C93EE0).DBExecute
20180416 11235629  $  +    			ubApp.TubApp(02C93EE0).TubApp.InternalDBExecute
20180416 11235629  $ debug 				P1: Int64		10
20180416 11235629  $ SQL   				ubDBSQLite3ThreadSafe.TubSQLite3Statement(02D48110) SELECT A01.roleID,A02.name,A02.description  FROM uba_userrole A01  INNER JOIN uba_role A02 ON A02.ID=A01.roleID  WHERE A01.userID=?
20180416 11235629  $  -    			00.000.079
20180416 11235629  $  -    		00.000.164
20180416 11235629  $ debug 		Query result for entity "uba_userrole" into data name "": row count=1
20180416 11235629  $  -    	00.000.176
20180416 11235629  $ auth  	New session admin/151307587 created at 127.0.0.1/-432345549732052333 using Mozilla/5.0 (Windows NT 10.0; Win64; x64) AppleWebKit/537.36 (KHTML, like Gecko) Chrome/65.0.3325.181 Safari/537.36
20180416 11235629  $  +    	ubMixinClasses.TubStorageMixin(02CE42C0).MixinMethod
20180416 11235629  $ debug 		uba_user.select(TubStorageMixin)
20180416 11235629  $  +    		ubApp.TubDataStore(058218D0).Init
20180416 11235629  $  +    			ubApp.TubApp(02C93EE0).DBExecute
20180416 11235629  $  +    				ubApp.TubApp(02C93EE0).TubApp.InternalDBExecute
20180416 11235629  $ debug 					P1: Int64		10
20180416 11235629  $ SQL   					ubDBSQLite3ThreadSafe.TubSQLite3Statement(02D48230) SELECT A01.name  FROM uba_user A01  WHERE A01.ID=?
20180416 11235629  $  -    				00.000.093
20180416 11235629  $  -    			00.000.129
20180416 11235629  $ debug 			Query result for entity "uba_user" into data name "": row count=1
20180416 11235629  $  -    		00.000.139
20180416 11235629  $  -    	00.000.227
20180416 11235631  $  +    	ubMixinClasses.TubStorageMixin(02CE42C0).MixinMethod
20180416 11235631  $ debug 		uba_advSecurity.select(TubStorageMixin)
20180416 11235631  $  +    		ubApp.TubDataStore(058218D0).Init
20180416 11235631  $  +    			ubApp.TubApp(02C93EE0).DBExecute
20180416 11235631  $  +    				ubApp.TubApp(02C93EE0).TubApp.InternalDBExecute
20180416 11235631  $ debug 					P1: Int64		10
20180416 11235631  $ SQL   					ubDBSQLite3ThreadSafe.TubSQLite3Statement(02D48290) SELECT A01.ID,A01.allowedIP,A01.refreshIP,A01.fp,A01.refreshFp,A01.keyMediaName,A01.refreshKeyMedia,A01.mi_modifyDate  FROM uba_advSecurity A01  WHERE A01.userID=?
20180416 11235631  $  -    				00.000.096
20180416 11235631  $  -    			00.000.183
20180416 11235631  $ debug 			Query result for entity "uba_advSecurity" into data name "": row count=0
20180416 11235631  $  -    		00.000.198
20180416 11235631  $  -    	00.000.350
20180416 11235632  $  +    	ubMixinClasses.TubStorageMixin(02CE42C0).MixinMethod
20180416 11235632  $ debug 		uba_userrole.select(TubStorageMixin)
20180416 11235632  $  +    		ubApp.TubDataStore(058218D0).Init
20180416 11235632  $  +    			ubApp.TubApp(02C93EE0).DBExecute
20180416 11235632  $  +    				ubApp.TubApp(02C93EE0).TubApp.InternalDBExecute
20180416 11235632  $ debug 					P1: Int64		10
20180416 11235632  $ SQL   					ubDBSQLite3ThreadSafe.TubSQLite3Statement(02D482F0) SELECT A01.ID,A02.name,A01.roleID  FROM uba_userrole A01  INNER JOIN uba_role A02 ON A02.ID=A01.roleID  WHERE A01.userID=?
20180416 11235632  $  -    				00.000.111
20180416 11235632  $  -    			00.000.326
20180416 11235632  $ debug 			Query result for entity "uba_userrole" into data name "": row count=1
20180416 11235632  $  -    		00.000.345
20180416 11235632  $  -    	00.000.482
20180416 11235632  $  +    	ubMixinClasses.TubStorageMixin(02CE42C0).MixinMethod
20180416 11235632  $ debug 		uba_audit.beforeinsert(TubStorageMixin)
20180416 11235632  $  -    	00.000.013
20180416 11235632  $  +    	ubMixinClasses.TubStorageMixin(02CE42C0).MixinMethod
20180416 11235632  $ debug 		uba_audit.insert(TubStorageMixin)
20180416 11235632  $  +    		ubApp.TubDataStore(0583FA78).TubDataStore.ExecuteInsertFromList
20180416 11235632  $  +    			ubApp.TubDataStore(0583FA78).TubDataStore.ExecuteInsertFromSQL
20180416 11235632  $  +    				ubApp.TubApp(02C93EE0).DBExecute
20180416 11235632  $  +    					ubApp.TubApp(02C93EE0).TubApp.InternalDBExecute
20180416 11235632  $ debug 						P1: String(8)	uba_user
20180416 11235632  $ debug 						P2: Int64		10
20180416 11235632  $ debug 						P3: String(5)	LOGIN
20180416 11235632  $ debug 						P4: Int64		10
20180416 11235632  $ debug 						P5: DateTime	2018-04-16T11:23:56
20180416 11235632  $ debug 						P6: String(9)	127.0.0.1
20180416 11235632  $ debug 						P7: String(5)	admin
20180416 11235632  $ debug 						P8: String(0)	
20180416 11235632  $ debug 						P9: Int64		335793851400193
20180416 11235632  $ debug 						P10: String(556..)	Connection: keep-alive  Content-Length: 0  Accept: application/json, text/plain, */*  Accept-Encodin...
20180416 11235632  $ DB    						StartTransaction for connection "main"
20180416 11235632  $ SQL   						ubDBSQLite3ThreadSafe.TubSQLite3Statement(02D483B0) INSERT INTO uba_audit (entity,entityinfo_id,actionType,actionUser,actionTime,remoteIP,targetUser,targetRole,ID,fromValue) VALUES (?,?,?,?,?,?,?,?,?,?)
20180416 11235632  $  -    					00.000.177
20180416 11235632  $  -    				00.000.179
20180416 11235632  $  -    			00.000.276
20180416 11235632  $  -    		00.000.289
20180416 11235632  $  -    	00.000.293
20180416 11235632  $  +    	ubMixinClasses.TubStorageMixin(02CE42C0).MixinMethod
20180416 11235632  $ debug 		uba_audit.afterinsert(TubStorageMixin)
20180416 11235632  $  -    	00.000.071
20180416 11235632  $ DB    	Commit connection "main"
20180416 11235632  $ http  	127.0.0.1 <- 200
20180416 11235632  $  -    00.264.178
20180416 11235632  %  +    ubql
20180416 11235632  % http  	127.0.0.1 -> POST ubql
20180416 11235632  % http  	[{"fieldList":["model","report_code","name","template","code","ID","mi_modifyDate"],"entity":"ubs_report","method":"update","alsNeed":false,"execParams":{"code":"{\"store\":\"mdb\",\"fName\":\"Reqlist_HD_month.js\",\"origName\":\"Reqlist_HD_month.js\",\"relPath\":\"\",\"ct\":\"application/javascript\",\"size\":2978,\"md5\":\"ab29be3265f36867edf8d23166b7d593\",\"revision\":1,\"isDirty\":true}","ID":1322283145,"mi_modifyDate":"2018-04-16T13:22:49.000Z"}}]
20180416 11235632  % debug 	Create new JavaScript Engine for thread 67316
20180416 11235647  % auth  	admin/151307587
20180416 11235647  % call  	endpoint ubql
20180416 11235647  %  +    	ubMixinClasses.TubStorageMixin(02CE42C0).MixinMethod
20180416 11235647  % debug 		ubs_report.beforeupdate(TubStorageMixin)
20180416 11235650  %  -    	00.046.302
20180416 11235651  %  +    	ubMixinClasses.TubStorageMixin(02CE42C0).MixinMethod
20180416 11235651  % debug 		ubs_report.afterupdate(TubStorageMixin)
20180416 11235652  %  -    	00.010.493
20180416 11235652  %  +    	ubMixinClasses.TubAuditMixin(02CE4F70).MixinMethod
20180416 11235652  % debug 		ubs_report.afterupdate(TubAuditMixin)
20180416 11235652  %  +    		ubApp.TubDataStore(06DE39E8).TubDataStore.ExecuteInsertFromSQL
20180416 11235652  %  +    			ubApp.TubApp(02C93EE0).DBExecute
20180416 11235652  %  +    				ubApp.TubApp(02C93EE0).TubApp.InternalDBExecute
20180416 11235652  %  +    					00856EC2 
20180416 11235652  %  -    					00.002.882
20180416 11235652  % SQL   					ubDBSQLite3ThreadSafe.TubSQLite3Statement(02D48D70) PRAGMA foreign_keys = ON
20180416 11235652  % debug 					P1: Int64		335793851465729
20180416 11235652  % debug 					P2: String(10)	ubs_report
20180416 11235652  % debug 					P3: Int64		1322283145
20180416 11235652  % debug 					P4: String(6)	UPDATE
20180416 11235652  % debug 					P5: Int64		10
20180416 11235652  % debug 					P6: DateTime	2018-04-16T11:23:56
20180416 11235652  % debug 					P7: String(9)	127.0.0.1
20180416 11235652  % debug 					P8: Int64		1322283145
20180416 11235652  % debug 					P9: String(1)	]
20180416 11235652  % debug 					P10: String(298..)	{"code":"{\"store\":\"mdb\",\"fName\":\"Reqlist_HD_month.js\",\"origName\":\"Reqlist_HD_month.js\",\...
20180416 11235652  % DB    					StartTransaction for connection "main"
20180416 11235652  % SQL   					ubDBSQLite3ThreadSafe.TubSQLite3Statement(02D48710) INSERT INTO uba_auditTrail (ID,entity,entityinfo_id,actionType,actionUser,actionTime,remoteIP,parentEntityInfo_id,fromValue,toValue) VALUES (?,?,?,?,?,?,?,?,?,?)
20180416 11235652  %  -    				00.003.051
20180416 11235652  %  -    			00.003.055
20180416 11235652  %  -    		00.003.160
20180416 11235652  %  -    	00.003.206
20180416 11235652  % DB    	Commit connection "main" in 249us
20180416 11235652  % http  	127.0.0.1 <- 200
20180416 11235652  %  -    00.317.437
20180416 11235655  &  +    getDocument?entity=ubs_report&attribute=template&ID=1322283145&origName=Reqlist_HD_month.template&filename=ubs_report1322283145template&_dc=1523877836843
20180416 11235655  & http  	127.0.0.1 -> GET getDocument?entity=ubs_report&attribute=template&ID=1322283145&origName=Reqlist_HD_month.template&filename=ubs_report1322283145template&_dc=1523877836843
20180416 11235655  & debug 	Create new JavaScript Engine for thread 67228
20180416 11235655  '  +    getDocument?entity=ubs_report&attribute=code&ID=1322283145&origName=Reqlist_HD_month.js&filename=ubs_report1322283145code&_dc=1523877836846
20180416 11235655  ' http  	127.0.0.1 -> GET getDocument?entity=ubs_report&attribute=code&ID=1322283145&origName=Reqlist_HD_month.js&filename=ubs_report1322283145code&_dc=1523877836846
20180416 11235659  ' debug 	Create new JavaScript Engine for thread 66892
20180416 11235709  & auth  	admin/151307587
20180416 11235709  & call  	endpoint getDocument
20180416 11235712  ' auth  	admin/151307587
20180416 11235712  ' call  	endpoint getDocument
20180416 11235713  & http  	127.0.0.1 <- 200
20180416 11235713  &  -    00.312.917
20180416 11235715  ' http  	127.0.0.1 <- 200
20180416 11235715  '  -    00.357.798
20180416 11235720  (  +    ubql
20180416 11235720  ( http  	127.0.0.1 -> POST ubql
20180416 11235720  ( http  	[{"entity":"ubs_report","method":"select","fieldList":["ID","report_code","name","template","code","model"],"version":"-1"}]
20180416 11235720  ( debug 	Create new JavaScript Engine for thread 35512
20180416 11235733  ( auth  	admin/151307587
20180416 11235733  ( call  	endpoint ubql
20180416 11235736  ( http  	127.0.0.1 <- 200
20180416 11235736  (  -    00.254.653
20180416 11235736  )  +    getDocument?entity=ubs_report&attribute=template&ID=1322283145&origName=Reqlist_HD_month.template&dtrPrm=1523877837588
20180416 11235736  ) http  	127.0.0.1 -> GET getDocument?entity=ubs_report&attribute=template&ID=1322283145&origName=Reqlist_HD_month.template&dtrPrm=1523877837588
20180416 11235736  ) debug 	Create new JavaScript Engine for thread 32764
20180416 11235736  "  +    getDocument?entity=ubs_report&attribute=code&ID=1322283145&origName=Reqlist_HD_month.js&dtrPrm=1523877837588
20180416 11235736  " http  	127.0.0.1 -> GET getDocument?entity=ubs_report&attribute=code&ID=1322283145&origName=Reqlist_HD_month.js&dtrPrm=1523877837588
20180416 11235739  " auth  	admin/151307587
20180416 11235739  " call  	endpoint getDocument
20180416 11235742  " http  	127.0.0.1 <- 200
20180416 11235742  "  -    00.094.195
20180416 11235751  ) auth  	admin/151307587
20180416 11235751  ) call  	endpoint getDocument
20180416 11235754  ) http  	127.0.0.1 <- 200
20180416 11235754  )  -    00.284.407
20180416 11235759  #  +    ubql
20180416 11235759  # http  	127.0.0.1 -> POST ubql
20180416 11235759  # http  	[{"entity":"req_reqList","method":"select","fieldList":["reqDate","applicantInfo","reqText","answer"],"whereList":{"c1":{"expression":"[department]","condition":"equal","values":{"c1":335784175468545}},"c2":{"expression":"[reqDate]","condition":"moreEqual","values":{"c2":"2018-03-31T22:00:00.000Z"}},"c3":{"expression":"[reqDate]","condition":"less","values":{"c3":"2018-04-30T22:00:00.000Z"}}}}]
20180416 11235759  # auth  	admin/151307587
20180416 11235759  # call  	endpoint ubql
20180416 11235759  #  +    	ubMixinClasses.TubDataHistoryMixin(02CE4CD0).MixinMethod
20180416 11235759  # debug 		req_reqList.select(TubDataHistoryMixin)
20180416 11235759  #  -    	00.000.017
20180416 11235759  #  +    	ubMixinClasses.TubRLSMixin(02CE4E20).MixinMethod
20180416 11235759  # debug 		req_reqList.select(TubRLSMixin)
20180416 11235759  # debug 		Prepare RLS expression for req_reqList
20180416 11235759  #  -    	00.000.296
20180416 11235759  #  +    	ubMixinClasses.TubStorageMixin(02CE42C0).MixinMethod
20180416 11235759  # debug 		req_reqList.select(TubStorageMixin)
20180416 11235759  #  +    		ubApp.TubDataStore(06D648E0).Init
20180416 11235759  #  +    			ubApp.TubApp(02C93EE0).DBExecute
20180416 11235759  #  +    				ubApp.TubApp(02C93EE0).TubApp.InternalDBExecute
20180416 11235759  #  +    					00856EC2 
20180416 11235759  #  -    					00.004.734
20180416 11235759  # SQL   					ubDBSQLite3ThreadSafe.TubSQLite3Statement(02D4A090) PRAGMA foreign_keys = ON
20180416 11235759  # debug 					P1: Int64		335784175468545
20180416 11235759  # debug 					P2: DateTime	2018-03-31T22:00:00
20180416 11235759  # debug 					P3: DateTime	2018-04-30T22:00:00
20180416 11235759  # debug 					P4: DateTime	2018-04-16T11:23:57
20180416 11235759  # debug 					P5: Int64		10
20180416 11235759  # SQL   					ubDBSQLite3ThreadSafe.TubSQLite3Statement(02D49A30) SELECT A01.reqDate,A01.applicantInfo,A01.reqText,A01.answer  FROM req_reqList A01  INNER JOIN req_depart A02 ON A02.ID=A01.department  WHERE A01.department=? AND A01.reqDate>=? AND A01.reqDate<? AND (? BETWEEN A01.mi_dateFrom AND A01.mi_dateTo) AND (( A01.mi_owner = ? ) OR A02.roleInSystem in (0,3,1))
20180416 11235759  #  -    				00.004.885
20180416 11235759  #  -    			00.004.973
20180416 11235759  # debug 			Query result for entity "req_reqList" into data name "": row count=2
20180416 11235759  #  -    		00.004.993
20180416 11235759  #  -    	00.005.193
20180416 11235759  #  +    	ubMixinClasses.TubSoftLockMixin(02CE50C0).MixinMethod
20180416 11235759  # debug 		req_reqList.select(TubSoftLockMixin)
20180416 11235759  #  -    	00.000.011
20180416 11235759  # http  	127.0.0.1 <- 200
20180416 11235759  #  -    00.005.974
20180416 11235803  $  +    clientRequire/tinymce//skins/lightgray/content.min.css
20180416 11235803  $ http  	127.0.0.1 -> GET clientRequire/tinymce//skins/lightgray/content.min.css
20180416 11235803  $ call  	endpoint clientRequire
20180416 11235803  $ info  	Call clientRequire 
20180416 11235803  $ http  	127.0.0.1 <- 200
20180416 11235803  $  -    00.002.702
20180416 11235806  &  +    models/adminui-pub/css/print-portrait.css
20180416 11235806  & http  	127.0.0.1 -> GET models/adminui-pub/css/print-portrait.css
20180416 11235806  & call  	endpoint models
20180416 11235806  %  +    models/adminui-pub/css/print-report.css
20180416 11235806  % http  	127.0.0.1 -> GET models/adminui-pub/css/print-report.css
20180416 11235806  % call  	endpoint models
20180416 11235806  & http  	127.0.0.1 <- 200
20180416 11235806  &  -    00.002.886
20180416 11235806  % http  	127.0.0.1 <- 200
20180416 11235806  %  -    00.005.945
20180416 11240743  '  +    setDocument?ID=1322283145&attribute=code&entity=ubs_report&filename=Reqlist_HD_month.js
20180416 11240743  ' http  	127.0.0.1 -> POST setDocument?ID=1322283145&attribute=code&entity=ubs_report&filename=Reqlist_HD_month.js
20180416 11240743  ' http  	!BIN(2602)
20180416 11240743  ' auth  	admin/151307587
20180416 11240743  ' call  	endpoint setDocument
20180416 11240743  ' http  	127.0.0.1 <- 200
20180416 11240743  '  -    00.011.231
20180416 11240743  (  +    ubql
20180416 11240743  ( http  	127.0.0.1 -> POST ubql
20180416 11240743  ( http  	[{"fieldList":["model","report_code","name","template","code","ID","mi_modifyDate"],"entity":"ubs_report","method":"update","alsNeed":false,"execParams":{"code":"{\"store\":\"mdb\",\"fName\":\"Reqlist_HD_month.js\",\"origName\":\"Reqlist_HD_month.js\",\"relPath\":\"\",\"ct\":\"application/javascript\",\"size\":2602,\"md5\":\"a120315122c540e48e2df24ec70cb6d3\",\"revision\":1,\"isDirty\":true}","ID":1322283145,"mi_modifyDate":"2018-04-16T13:23:56.000Z"}}]
20180416 11240743  ( auth  	admin/151307587
20180416 11240743  ( call  	endpoint ubql
20180416 11240743  (  +    	ubMixinClasses.TubStorageMixin(02CE42C0).MixinMethod
20180416 11240743  ( debug 		ubs_report.beforeupdate(TubStorageMixin)
20180416 11240743  (  -    	00.001.921
20180416 11240746  (  +    	ubMixinClasses.TubStorageMixin(02CE42C0).MixinMethod
20180416 11240746  ( debug 		ubs_report.afterupdate(TubStorageMixin)
20180416 11240747  (  -    	00.009.593
20180416 11240747  (  +    	ubMixinClasses.TubAuditMixin(02CE4F70).MixinMethod
20180416 11240747  ( debug 		ubs_report.afterupdate(TubAuditMixin)
20180416 11240747  (  +    		ubApp.TubDataStore(06D64CA0).TubDataStore.ExecuteInsertFromSQL
20180416 11240747  (  +    			ubApp.TubApp(02C93EE0).DBExecute
20180416 11240747  (  +    				ubApp.TubApp(02C93EE0).TubApp.InternalDBExecute
20180416 11240747  (  +    					00856EC2 
20180416 11240747  (  -    					00.002.454
20180416 11240747  ( SQL   					ubDBSQLite3ThreadSafe.TubSQLite3Statement(02D4A750) PRAGMA foreign_keys = ON
20180416 11240747  ( debug 					P1: Int64		335793852841985
20180416 11240747  ( debug 					P2: String(10)	ubs_report
20180416 11240747  ( debug 					P3: Int64		1322283145
20180416 11240747  ( debug 					P4: String(6)	UPDATE
20180416 11240747  ( debug 					P5: Int64		10
20180416 11240747  ( debug 					P6: DateTime	2018-04-16T11:24:07
20180416 11240747  ( debug 					P7: String(9)	127.0.0.1
20180416 11240747  ( debug 					P8: Int64		1322283145
20180416 11240747  ( debug 					P9: String(1)	]
20180416 11240747  ( debug 					P10: String(298..)	{"code":"{\"store\":\"mdb\",\"fName\":\"Reqlist_HD_month.js\",\"origName\":\"Reqlist_HD_month.js\",\...
20180416 11240747  ( DB    					StartTransaction for connection "main"
20180416 11240747  ( SQL   					ubDBSQLite3ThreadSafe.TubSQLite3Statement(02D4A090) INSERT INTO uba_auditTrail (ID,entity,entityinfo_id,actionType,actionUser,actionTime,remoteIP,parentEntityInfo_id,fromValue,toValue) VALUES (?,?,?,?,?,?,?,?,?,?)
20180416 11240747  (  -    				00.002.608
20180416 11240747  (  -    			00.002.611
20180416 11240747  (  -    		00.002.710
20180416 11240747  (  -    	00.002.757
20180416 11240747  ( DB    	Commit connection "main" in 236us
20180416 11240747  ( http  	127.0.0.1 <- 200
20180416 11240747  (  -    00.046.763
20180416 11240750  "  +    getDocument?entity=ubs_report&attribute=template&ID=1322283145&origName=Reqlist_HD_month.template&filename=ubs_report1322283145template&_dc=1523877847761
20180416 11240750  " http  	127.0.0.1 -> GET getDocument?entity=ubs_report&attribute=template&ID=1322283145&origName=Reqlist_HD_month.template&filename=ubs_report1322283145template&_dc=1523877847761
20180416 11240750  " auth  	admin/151307587
20180416 11240750  " call  	endpoint getDocument
20180416 11240750  )  +    getDocument?entity=ubs_report&attribute=code&ID=1322283145&origName=Reqlist_HD_month.js&filename=ubs_report1322283145code&_dc=1523877847764
20180416 11240750  ) http  	127.0.0.1 -> GET getDocument?entity=ubs_report&attribute=code&ID=1322283145&origName=Reqlist_HD_month.js&filename=ubs_report1322283145code&_dc=1523877847764
20180416 11240750  ) auth  	admin/151307587
20180416 11240750  ) call  	endpoint getDocument
20180416 11240750  " http  	127.0.0.1 <- 200
20180416 11240750  "  -    00.003.593
20180416 11240750  ) http  	127.0.0.1 <- 200
20180416 11240750  )  -    00.003.437
20180416 11240916  #  +    ubql
20180416 11240916  # http  	127.0.0.1 -> POST ubql
20180416 11240916  # http  	[{"entity":"ubs_report","method":"select","fieldList":["ID","report_code","name","template","code","model"],"version":"-1"}]
20180416 11240916  # auth  	admin/151307587
20180416 11240916  # call  	endpoint ubql
20180416 11240919  # http  	127.0.0.1 <- 200
20180416 11240919  #  -    00.055.010
20180416 11240919  $  +    getDocument?entity=ubs_report&attribute=template&ID=1322283145&origName=Reqlist_HD_month.template&dtrPrm=1523877849315
20180416 11240919  $ http  	127.0.0.1 -> GET getDocument?entity=ubs_report&attribute=template&ID=1322283145&origName=Reqlist_HD_month.template&dtrPrm=1523877849315
20180416 11240919  $ auth  	admin/151307587
20180416 11240919  $ call  	endpoint getDocument
20180416 11240919  &  +    getDocument?entity=ubs_report&attribute=code&ID=1322283145&origName=Reqlist_HD_month.js&dtrPrm=1523877849316
20180416 11240919  & http  	127.0.0.1 -> GET getDocument?entity=ubs_report&attribute=code&ID=1322283145&origName=Reqlist_HD_month.js&dtrPrm=1523877849316
20180416 11240919  & auth  	admin/151307587
20180416 11240919  & call  	endpoint getDocument
20180416 11240920  & http  	127.0.0.1 <- 200
20180416 11240920  &  -    00.011.879
20180416 11240920  $ http  	127.0.0.1 <- 200
20180416 11240920  $  -    00.018.152
20180416 11240928  %  +    clientRequire/tinymce//skins/lightgray/content.min.css
20180416 11240928  % http  	127.0.0.1 -> GET clientRequire/tinymce//skins/lightgray/content.min.css
20180416 11240928  % call  	endpoint clientRequire
20180416 11240928  % info  	Call clientRequire 
20180416 11240928  % http  	127.0.0.1 <- 200
20180416 11240928  %  -    00.001.250
20180416 11240930  '  +    models/adminui-pub/css/print-report.css
20180416 11240930  ' http  	127.0.0.1 -> GET models/adminui-pub/css/print-report.css
20180416 11240930  ' call  	endpoint models
20180416 11240930  (  +    models/adminui-pub/css/print-portrait.css
20180416 11240930  ( http  	127.0.0.1 -> GET models/adminui-pub/css/print-portrait.css
20180416 11240930  ( call  	endpoint models
20180416 11240931  ( http  	127.0.0.1 <- 200
20180416 11240931  (  -    00.001.200
20180416 11240931  ' http  	127.0.0.1 <- 200
20180416 11240931  '  -    00.001.924
20180416 11243123  "  +    getDocument?entity=ubs_report&attribute=template&ID=1322283145&origName=Reqlist_HD_month.template&dtrPrm=1523877871372
20180416 11243123  " http  	127.0.0.1 -> GET getDocument?entity=ubs_report&attribute=template&ID=1322283145&origName=Reqlist_HD_month.template&dtrPrm=1523877871372
20180416 11243123  " auth  	admin/151307587
20180416 11243123  " call  	endpoint getDocument
20180416 11243123  )  +    getDocument?entity=ubs_report&attribute=code&ID=1322283145&origName=Reqlist_HD_month.js&dtrPrm=1523877871372
20180416 11243123  ) http  	127.0.0.1 -> GET getDocument?entity=ubs_report&attribute=code&ID=1322283145&origName=Reqlist_HD_month.js&dtrPrm=1523877871372
20180416 11243123  ) auth  	admin/151307587
20180416 11243123  ) call  	endpoint getDocument
20180416 11243123  " http  	127.0.0.1 <- 200
20180416 11243123  "  -    00.002.735
20180416 11243123  ) http  	127.0.0.1 <- 200
20180416 11243123  )  -    00.002.543
20180416 11243132  #  +    clientRequire/tinymce//skins/lightgray/content.min.css
20180416 11243132  # http  	127.0.0.1 -> GET clientRequire/tinymce//skins/lightgray/content.min.css
20180416 11243132  # call  	endpoint clientRequire
20180416 11243132  # info  	Call clientRequire 
20180416 11243132  # http  	127.0.0.1 <- 200
20180416 11243132  #  -    00.001.307
20180416 11243134  &  +    models/adminui-pub/css/print-report.css
20180416 11243134  $  +    models/adminui-pub/css/print-portrait.css
20180416 11243134  $ http  	127.0.0.1 -> GET models/adminui-pub/css/print-portrait.css
20180416 11243134  & http  	127.0.0.1 -> GET models/adminui-pub/css/print-report.css
20180416 11243134  $ call  	endpoint models
20180416 11243134  & call  	endpoint models
20180416 11243134  & http  	127.0.0.1 <- 200
20180416 11243134  &  -    00.000.418
20180416 11243134  $ http  	127.0.0.1 <- 200
20180416 11243134  $  -    00.000.645
20180416 11250951  %  +    setDocument?ID=1322283145&attribute=code&entity=ubs_report&filename=Reqlist_HD_month.js
20180416 11250951  % http  	127.0.0.1 -> POST setDocument?ID=1322283145&attribute=code&entity=ubs_report&filename=Reqlist_HD_month.js
20180416 11250951  % http  	!BIN(2630)
20180416 11250951  % auth  	admin/151307587
20180416 11250951  % call  	endpoint setDocument
20180416 11250951  % http  	127.0.0.1 <- 200
20180416 11250951  %  -    00.010.747
20180416 11250952  (  +    ubql
20180416 11250952  ( http  	127.0.0.1 -> POST ubql
20180416 11250952  ( http  	[{"fieldList":["model","report_code","name","template","code","ID","mi_modifyDate"],"entity":"ubs_report","method":"update","alsNeed":false,"execParams":{"code":"{\"store\":\"mdb\",\"fName\":\"Reqlist_HD_month.js\",\"origName\":\"Reqlist_HD_month.js\",\"relPath\":\"\",\"ct\":\"application/javascript\",\"size\":2630,\"md5\":\"c6171c128f7b523766926bb801716ebf\",\"revision\":1,\"isDirty\":true}","ID":1322283145,"mi_modifyDate":"2018-04-16T13:24:07.000Z"}}]
20180416 11250952  ( auth  	admin/151307587
20180416 11250952  ( call  	endpoint ubql
20180416 11250952  (  +    	ubMixinClasses.TubStorageMixin(02CE42C0).MixinMethod
20180416 11250952  ( debug 		ubs_report.beforeupdate(TubStorageMixin)
20180416 11250952  (  -    	00.001.113
20180416 11250953  (  +    	ubMixinClasses.TubStorageMixin(02CE42C0).MixinMethod
20180416 11250953  ( debug 		ubs_report.afterupdate(TubStorageMixin)
20180416 11250954  (  -    	00.011.554
20180416 11250954  (  +    	ubMixinClasses.TubAuditMixin(02CE4F70).MixinMethod
20180416 11250954  ( debug 		ubs_report.afterupdate(TubAuditMixin)
20180416 11250954  (  +    		ubApp.TubDataStore(06D68530).TubDataStore.ExecuteInsertFromSQL
20180416 11250954  (  +    			ubApp.TubApp(02C93EE0).DBExecute
20180416 11250954  (  +    				ubApp.TubApp(02C93EE0).TubApp.InternalDBExecute
20180416 11250954  ( debug 					P1: Int64		335793860804609
20180416 11250954  ( debug 					P2: String(10)	ubs_report
20180416 11250954  ( debug 					P3: Int64		1322283145
20180416 11250954  ( debug 					P4: String(6)	UPDATE
20180416 11250954  ( debug 					P5: Int64		10
20180416 11250954  ( debug 					P6: DateTime	2018-04-16T11:25:09
20180416 11250954  ( debug 					P7: String(9)	127.0.0.1
20180416 11250954  ( debug 					P8: Int64		1322283145
20180416 11250954  ( debug 					P9: String(1)	]
20180416 11250954  ( debug 					P10: String(298..)	{"code":"{\"store\":\"mdb\",\"fName\":\"Reqlist_HD_month.js\",\"origName\":\"Reqlist_HD_month.js\",\...
20180416 11250954  ( DB    					StartTransaction for connection "main"
20180416 11250954  ( SQL   					ubDBSQLite3ThreadSafe.TubSQLite3Statement(02D499D0) INSERT INTO uba_auditTrail (ID,entity,entityinfo_id,actionType,actionUser,actionTime,remoteIP,parentEntityInfo_id,fromValue,toValue) VALUES (?,?,?,?,?,?,?,?,?,?)
20180416 11250954  (  -    				00.000.137
20180416 11250954  (  -    			00.000.140
20180416 11250954  (  -    		00.000.264
20180416 11250954  (  -    	00.000.311
20180416 11250954  ( DB    	Commit connection "main" in 220us
20180416 11250954  ( http  	127.0.0.1 <- 200
20180416 11250954  (  -    00.031.234
20180416 11250958  '  +    getDocument?entity=ubs_report&attribute=template&ID=1322283145&origName=Reqlist_HD_month.template&filename=ubs_report1322283145template&_dc=1523877909880
20180416 11250958  ' http  	127.0.0.1 -> GET getDocument?entity=ubs_report&attribute=template&ID=1322283145&origName=Reqlist_HD_month.template&filename=ubs_report1322283145template&_dc=1523877909880
20180416 11250958  ' auth  	admin/151307587
20180416 11250958  ' call  	endpoint getDocument
20180416 11250958  "  +    getDocument?entity=ubs_report&attribute=code&ID=1322283145&origName=Reqlist_HD_month.js&filename=ubs_report1322283145code&_dc=1523877909884
20180416 11250958  " http  	127.0.0.1 -> GET getDocument?entity=ubs_report&attribute=code&ID=1322283145&origName=Reqlist_HD_month.js&filename=ubs_report1322283145code&_dc=1523877909884
20180416 11250958  " auth  	admin/151307587
20180416 11250958  " call  	endpoint getDocument
20180416 11250958  ' http  	127.0.0.1 <- 200
20180416 11250958  '  -    00.003.894
20180416 11250958  " http  	127.0.0.1 <- 200
20180416 11250958  "  -    00.002.929
20180416 11251044  )  +    ubql
20180416 11251044  ) http  	127.0.0.1 -> POST ubql
20180416 11251044  ) http  	[{"entity":"ubs_report","method":"select","fieldList":["ID","report_code","name","template","code","model"],"version":"-1"}]
20180416 11251044  ) auth  	admin/151307587
20180416 11251044  ) call  	endpoint ubql
20180416 11251044  ) http  	127.0.0.1 <- 200
20180416 11251044  )  -    00.001.225
20180416 11251044  #  +    getDocument?entity=ubs_report&attribute=template&ID=1322283145&origName=Reqlist_HD_month.template&dtrPrm=1523877910711
20180416 11251044  # http  	127.0.0.1 -> GET getDocument?entity=ubs_report&attribute=template&ID=1322283145&origName=Reqlist_HD_month.template&dtrPrm=1523877910711
20180416 11251044  # auth  	admin/151307587
20180416 11251044  # call  	endpoint getDocument
20180416 11251044  &  +    getDocument?entity=ubs_report&attribute=code&ID=1322283145&origName=Reqlist_HD_month.js&dtrPrm=1523877910711
20180416 11251044  & http  	127.0.0.1 -> GET getDocument?entity=ubs_report&attribute=code&ID=1322283145&origName=Reqlist_HD_month.js&dtrPrm=1523877910711
20180416 11251044  & auth  	admin/151307587
20180416 11251044  & call  	endpoint getDocument
20180416 11251044  # http  	127.0.0.1 <- 200
20180416 11251044  & http  	127.0.0.1 <- 200
20180416 11251044  #  -    00.011.233
20180416 11251044  &  -    00.010.774
20180416 11251056  $  +    clientRequire/tinymce//skins/lightgray/content.min.css
20180416 11251056  $ http  	127.0.0.1 -> GET clientRequire/tinymce//skins/lightgray/content.min.css
20180416 11251056  $ call  	endpoint clientRequire
20180416 11251056  $ info  	Call clientRequire 
20180416 11251056  $ http  	127.0.0.1 <- 200
20180416 11251056  $  -    00.000.850
20180416 11251059  %  +    models/adminui-pub/css/print-report.css
20180416 11251059  % http  	127.0.0.1 -> GET models/adminui-pub/css/print-report.css
20180416 11251059  % call  	endpoint models
20180416 11251059  % http  	127.0.0.1 <- 200
20180416 11251059  %  -    00.000.783
20180416 11251059  (  +    models/adminui-pub/css/print-portrait.css
20180416 11251059  ( http  	127.0.0.1 -> GET models/adminui-pub/css/print-portrait.css
20180416 11251059  ( call  	endpoint models
20180416 11251059  ( http  	127.0.0.1 <- 200
20180416 11251059  (  -    00.000.423
20180416 11270461  '  +    setDocument?ID=1322283145&attribute=template&entity=ubs_report&filename=Reqlist_HD_month.template
20180416 11270461  ' http  	127.0.0.1 -> POST setDocument?ID=1322283145&attribute=template&entity=ubs_report&filename=Reqlist_HD_month.template
20180416 11270461  ' http  	!BIN(1251)
20180416 11270461  ' auth  	admin/151307587
20180416 11270461  ' call  	endpoint setDocument
20180416 11270462  ' http  	127.0.0.1 <- 200
20180416 11270462  '  -    00.009.088
20180416 11270462  "  +    ubql
20180416 11270462  " http  	127.0.0.1 -> POST ubql
20180416 11270462  " http  	[{"fieldList":["model","report_code","name","template","code","ID","mi_modifyDate"],"entity":"ubs_report","method":"update","alsNeed":false,"execParams":{"template":"{\"store\":\"mdb\",\"fName\":\"Reqlist_HD_month.template\",\"origName\":\"Reqlist_HD_month.template\",\"relPath\":\"\",\"ct\":\"application/template\",\"size\":1251,\"md5\":\"52b129082e8b0bb27d5ee29203eca240\",\"revision\":1,\"isDirty\":true}","ID":1322283145,"mi_modifyDate":"2018-04-16T13:25:09.000Z"}}]
20180416 11270462  " auth  	admin/151307587
20180416 11270462  " call  	endpoint ubql
20180416 11270462  "  +    	ubMixinClasses.TubStorageMixin(02CE42C0).MixinMethod
20180416 11270462  " debug 		ubs_report.beforeupdate(TubStorageMixin)
20180416 11270462  " EXC   		EMetabaseException {"errorCode":25,"Message":"Record modified by another user"} at 0094C650 
20180416 11270462  "  -    	00.001.979
20180416 11270462  " ERROR 	POST ubql ERROR=500 (Record modified by another user)
20180416 11270462  "  -    00.002.687
20180416 11270829  ! info  ubApp.TubApp(02C93EE0) {   "ClientsCurrent": 1,   "ClientsMax": 1,   "Invalid": 2,   "Responses": 38,   "Modified": 0,   "IncomingBytes": 35496,   "OutcomingBytes": 15803,   "OutcomingFiles": 26,   "ServiceCalls": 38,   "ProcessTime": "2.41s"  }
