c:\UnityBase\UB.exe 4.0.0.0 (2018-02-22 16:30:16)Host=WDFN34211327A User=D071860 CPU=4*9-6-19971:FFFBCBBF8373DAFEBF6F9C0000 OS=23.0=10.0.15063 Wow64=1 Freq=2437498Environment variables=ALLUSERSPROFILE=C:\ProgramData	ANSICON=121x32766 (121x26)	ANSICON_DEF=7	APPDATA=C:\Users\D071860\AppData\Roaming	CommonProgramFiles=C:\Program Files (x86)\Common Files	CommonProgramFiles(x86)=C:\Program Files (x86)\Common Files	CommonProgramW6432=C:\Program Files\Common Files	COMPUTERNAME=WDFN34211327A	ComSpec=C:\WINDOWS\system32\cmd.exe	ConEmuANSI=ON	ConEmuAnsiLog=	ConEmuArgs=	ConEmuArgs2=	ConEmuBackHWND=0x001105EE	ConEmuBaseDir=C:\Program Files\ConEmu\ConEmu	ConEmuBaseDirShort=C:\PROGRA~1\ConEmu\ConEmu	ConEmuBuild=180411	ConEmuCfgDir=	ConEmuConfig=	ConEmuDir=C:\Program Files\ConEmu	ConEmuDrawHWND=0x001B0306	ConEmuDrive=C:	ConEmuHooks=Enabled	ConEmuHWND=0x001904C6	ConEmuPalette=<ConEmu>	ConEmuPID=1208	ConEmuPrompt0=$E[m$E[32m$E]9;8;"USERNAME"$E\@$E]9;8;"COMPUTERNAME"$E\$S	ConEmuPrompt1=$E[m$E[32m$E]9;8;"USERNAME"$E\@$E]9;8;"COMPUTERNAME"$E\$S$E[92m$P$E[90m	ConEmuPrompt2=$_$E[90m$G	ConEmuPrompt3=$E[m$S$E]9;12$E\	ConEmuServerPID=5468	ConEmuTask={Shells::cmd}	ConEmuWorkDir=C:\Users\D071860	ConEmuWorkDrive=C:	DEFLOGDIR=C:\ProgramData\McAfee\Endpoint Security\Logs	HOMEDRIVE=C:	homeloc=D_WDF	HOMEPATH=\Users\D071860	KUBECONFIG=C:\Practice\kubernetes\RUSLAN-KUBECONFIG	LOCALAPPDATA=C:\Users\D071860\AppData\Local	LOGONSERVER=\\DS2WDF0004	NUMBER_OF_PROCESSORS=4	OneDrive=C:\Users\D071860\OneDrive	OS=Windows_NT	Path=C:\Program Files\ConEmu\ConEmu\Scripts;C:\Program Files\ConEmu;C:\Program Files\ConEmu\ConEmu;C:\ProgramData\Oracle\Java\javapath;C:\Program Files\Docker\Docker\Resources\bin;C:\WINDOWS\system32;C:\WINDOWS;C:\WINDOWS\System32\Wbem;C:\WINDOWS\System32\WindowsPowerShell\v1.0\;C:\Program Files\Minikube;C:\Program Files\Kubernetes;C:\Program Files (x86)\Google\Cloud SDK\google-cloud-sdk\bin;C:\Program Files\PuTTY\;C:\Program Files\nodejs\;c:\UnityBase;C:\Users\D071860\AppData\Local\Microsoft\WindowsApps;C:\Users\D071860\AppData\Roaming\npm	PATHEXT=.COM;.EXE;.BAT;.CMD;.VBS;.VBE;.JSE;.WSF;.WSH;.MSC	PROCESSOR_ARCHITECTURE=x86	PROCESSOR_ARCHITEW6432=AMD64	PROCESSOR_IDENTIFIER=Intel64 Family 6 Model 78 Stepping 3, GenuineIntel	PROCESSOR_LEVEL=6	PROCESSOR_REVISION=4e03	ProgramData=C:\ProgramData	ProgramFiles=C:\Program Files (x86)	ProgramFiles(x86)=C:\Program Files (x86)	ProgramW6432=C:\Program Files	PROMPT=$E[m$E[32m$E]9;8;"USERNAME"$E\@$E]9;8;"COMPUTERNAME"$E\$S$E[92m$P$E[90m$_$E[90m$G$E[m$S$E]9;12$E\	PSModulePath=C:\Program Files (x86)\WindowsPowerShell\Modules;C:\WINDOWS\system32\WindowsPowerShell\v1.0\Modules;C:\Program Files (x86)\Google\Cloud SDK\google-cloud-sdk\platform\PowerShell	PUBLIC=C:\Users\Public	SESSIONNAME=Console	SNC_LIB=C:\Program Files (x86)\SAP\FrontEnd\SecureLogin\lib\sapcrypto.dll	SNC_LIB_64=C:\Program Files\SAP\FrontEnd\SecureLogin\lib\sapcrypto.dll	SSF_LIBRARY_PATH=C:\Program Files (x86)\SAP\FrontEnd\SecureLogin\lib\sapcrypto.dll	SSF_LIBRARY_PATH_64=C:\Program Files\SAP\FrontEnd\SecureLogin\lib\sapcrypto.dll	SystemDrive=C:	SystemRoot=C:\WINDOWS	TEMP=C:\Users\D071860\AppData\Local\Temp	TMP=C:\Users\D071860\AppData\Local\Temp	UATDATA=C:\WINDOWS\CCM\UATData\D9F8C395-CAB8-491d-B8AC-179A1FE1BE77	UB_HOME=c:\UnityBase	USERDNSDOMAIN=GLOBAL.CORP.SAP	USERDOMAIN=GLOBAL	USERDOMAIN_ROAMINGPROFILE=GLOBAL	USERNAME=D071860	USERPROFILE=C:\Users\D071860	windir=C:\WINDOWSTubLog 1.18.3488 FTS3 2018-04-15T21:05:2420180415 21052427  ! warn  WebSocket support are disabled because WSServer.host = '' in config
20180415 21052427  !  +    ubServer.TubServer(042A74E8).008863DB 
20180415 21052427  !  +    	Init app
20180415 21052427  ! srvr  		FTS is disabled
20180415 21052427  ! info  		Check blob store "avatars" folder "C:\ubProject\CityPortal\avatars\": folder exists
20180415 21052427  ! info  		Check blob store "attach" folder "C:\ubProject\CityPortal\docs\attach\": folder exists
20180415 21052427  !  -    	00.000.437
20180415 21052427  !  +    	Folder C:\ubProject\CityPortal\node_modules\@unitybase\ub\ modified
20180415 21052427  !  +    		ubCommonClasses.TubThreadSafeCache(029CCB08).removeStartsWith
20180415 21052427  !  -    		00.000.004
20180415 21052427  !  -    	00.000.009
20180415 21052427  !  +    	Folder C:\ubProject\CityPortal\node_modules\@unitybase\uba\ modified
20180415 21052427  !  +    		ubCommonClasses.TubThreadSafeCache(029CCB08).removeStartsWith
20180415 21052427  !  -    		00.000.000
20180415 21052427  !  -    	00.000.004
20180415 21052427  !  +    	Folder C:\ubProject\CityPortal\node_modules\@unitybase\ubs\ modified
20180415 21052427  !  +    		ubCommonClasses.TubThreadSafeCache(029CCB08).removeStartsWith
20180415 21052427  !  -    		00.000.000
20180415 21052427  !  -    	00.000.003
20180415 21052427  !  +    	Folder C:\ubProject\CityPortal\node_modules\@unitybase\ubm\ modified
20180415 21052427  !  +    		ubCommonClasses.TubThreadSafeCache(029CCB08).removeStartsWith
20180415 21052427  !  -    		00.000.000
20180415 21052427  !  -    	00.000.003
20180415 21052427  !  +    	Folder C:\ubProject\CityPortal\_public_only_\ modified
20180415 21052427  !  +    		ubCommonClasses.TubThreadSafeCache(029CCB08).removeStartsWith
20180415 21052427  !  -    		00.000.000
20180415 21052427  !  -    	00.000.004
20180415 21052427  !  +    	Folder C:\ubProject\CityPortal\node_modules\@unitybase\adminui-reg\ modified
20180415 21052427  !  +    		ubCommonClasses.TubThreadSafeCache(029CCB08).removeStartsWith
20180415 21052427  !  -    		00.000.000
20180415 21052427  !  -    	00.000.003
20180415 21052427  !  +    	Folder C:\ubProject\CityPortal\models\requests\ modified
20180415 21052427  !  +    		ubCommonClasses.TubThreadSafeCache(029CCB08).removeStartsWith
20180415 21052427  !  -    		00.000.000
20180415 21052427  !  -    	00.000.004
20180415 21052427  !  +    	ubApp.TubApp(02933EE0).init
20180415 21052427  ! srvr  		Mime converters are disabled
20180415 21052427  !  -    	00.000.003
20180415 21052427  ! srvr  	Enable zip compresison
20180415 21052427  ! srvr  	Send initialization request to http://localhost:888/init
20180415 21052427  "  +    InitializationRequest
20180415 21052427  "  +    	init
20180415 21052427  " srvr  		Start application intialization...
20180415 21052427  " info  		Loading domain...
20180415 21052427  " info  		Loading model "UB" from "C:\ubProject\CityPortal\node_modules\@unitybase\ub\"
20180415 21052427  " info  		Loading model "UBA" from "C:\ubProject\CityPortal\node_modules\@unitybase\uba\"
20180415 21052429  " info  		Loading model "UBS" from "C:\ubProject\CityPortal\node_modules\@unitybase\ubs\"
20180415 21052430  " info  		Loading model "UBM" from "C:\ubProject\CityPortal\node_modules\@unitybase\ubm\"
20180415 21052430  " info  		Loading model "adminui-reg" from "C:\ubProject\CityPortal\node_modules\@unitybase\adminui-reg\"
20180415 21052430  " info  		Loading model "RequestList" from "C:\ubProject\CityPortal\models\requests\"
20180415 21052430  "  +    		ubApp.TubDataStore(0423FF98).Init
20180415 21052430  "  +    			ubApp.TubApp(02933EE0).DBExecute
20180415 21052430  "  +    				ubApp.TubApp(02933EE0).TubApp.InternalDBExecute
20180415 21052430  "  +    					00856EC2 
20180415 21052431  "  -    					00.003.893
20180415 21052431  " SQL   					ubDBSQLite3ThreadSafe.TubSQLite3Statement(029E6F10) PRAGMA foreign_keys = ON
20180415 21052431  " SQL   					ubDBSQLite3ThreadSafe.TubSQLite3Statement(029E6910) SELECT A01.ID,A01.entity,A01.state,A01.attribute,A01.roleName,A01.actions  FROM uba_als A01  ORDER BY A01.entity ASC
20180415 21052431  "  -    				00.004.041
20180415 21052431  "  -    			00.004.081
20180415 21052431  " debug 			Query result for entity "uba_als" into data name "": row count=0
20180415 21052431  "  -    		00.004.105
20180415 21052431  " srvr  		The domain loaded successfully with 3 entities
20180415 21052431  " debug 		Create new JavaScript Engine for thread 44448
20180415 21052444  "  +    		008C234A 
20180415 21052444  "  +    			ubApp.TubDataStore(07545AC0).Init
20180415 21052444  "  +    				ubApp.TubApp(02933EE0).DBExecute
20180415 21052444  "  +    					ubApp.TubApp(02933EE0).TubApp.InternalDBExecute
20180415 21052444  " SQL   						ubDBSQLite3ThreadSafe.TubSQLite3Statement(029E7270) SELECT A01.ID,A01.name,A01.sessionTimeout,A01.allowedAppMethods  FROM uba_role A01 
20180415 21052444  "  -    					00.000.044
20180415 21052444  "  -    				00.000.118
20180415 21052444  " debug 				Query result for entity "uba_role" into data name "": row count=9
20180415 21052444  "  -    			00.000.130
20180415 21052444  "  +    			ubApp.TubDataStore(07545B38).Init
20180415 21052444  "  +    				ubApp.TubApp(02933EE0).DBExecute
20180415 21052444  "  +    					ubApp.TubApp(02933EE0).TubApp.InternalDBExecute
20180415 21052444  " SQL   						ubDBSQLite3ThreadSafe.TubSQLite3Statement(029E7210) SELECT A01.ID,A01.entityMask,A01.methodMask,A01.ruleType,A01.ruleRole,A01.disabled,A01.code  FROM uba_els A01 
20180415 21052444  "  -    					00.000.029
20180415 21052444  "  -    				00.000.152
20180415 21052444  " debug 				Query result for entity "uba_els" into data name "": row count=88
20180415 21052444  "  -    			00.000.178
20180415 21052444  "  -    		00.002.230
20180415 21052444  " auth  		New session admin/99797982 created at 127.0.0.1/-144115173580340110 using Mozilla/5.0 (Windows; mORMot 1.18 TWinHTTP)
20180415 21052444  " auth  		New session anonymous/99797977 created at 127.0.0.1/-144115173580340110 using Mozilla/5.0 (Windows; mORMot 1.18 TWinHTTP)
20180415 21052444  "  +    		ubApp.TubDataStore(07545CA0).Init
20180415 21052444  "  +    			ubApp.TubApp(02933EE0).DBExecute
20180415 21052444  "  +    				ubApp.TubApp(02933EE0).TubApp.InternalDBExecute
20180415 21052444  " debug 					P1: String(34)	UBA.passwordPolicy.maxDurationDays
20180415 21052444  " SQL   					ubDBSQLite3ThreadSafe.TubSQLite3Statement(029E7330) select settingValue from ubs_settings where settingKey =?
20180415 21052444  "  -    				00.000.034
20180415 21052444  "  -    			00.000.082
20180415 21052444  " debug 			Query result for entity "ubs_settings" into data name "": row count=1
20180415 21052444  "  -    		00.000.091
20180415 21052444  "  +    		ubApp.TubDataStore(07545CA0).Init
20180415 21052444  "  +    			ubApp.TubApp(02933EE0).DBExecute
20180415 21052444  "  +    				ubApp.TubApp(02933EE0).TubApp.InternalDBExecute
20180415 21052444  " debug 					P1: String(37)	UBA.passwordPolicy.maxInvalidAttempts
20180415 21052444  " SQL   					ubDBSQLite3ThreadSafe.TubSQLite3Statement(029E7330) select settingValue from ubs_settings where settingKey =?
20180415 21052444  "  -    				00.000.006
20180415 21052444  "  -    			00.000.019
20180415 21052444  " debug 			Query result for entity "ubs_settings" into data name "": row count=1
20180415 21052444  "  -    		00.000.024
20180415 21052444  "  -    	00.258.136
20180415 21052444  "  -    00.258.155
20180415 21052444  ! srvr  	ubServer.TubServer(042A74E8) {"THttpApiServer(028FA990)":{"Cloned":false,"RegisteredUrl":"http://+:888/","HTTPQueueLength":1000,"MaxBandwidth":-1,"MaxConnections":-1,"APIVersion":"HTTP API 2.0","ServerName":"UnityBase","ProcessName":""}} initialized
20180415 21052444  !  -    00.267.560
20180415 21052444  "  +    getAppInfo
20180415 21052444  " http  	127.0.0.1 -> GET getAppInfo
20180415 21052444  " call  	endpoint getAppInfo
20180415 21052444  " http  	127.0.0.1 <- 200
20180415 21052444  "  -    00.000.602
20180415 21052445  #  +    auth?AUTHTYPE=UB&userName=admin
20180415 21052445  # http  	127.0.0.1 -> GET auth?AUTHTYPE=UB&userName=admin
20180415 21052445  # debug 	Create new JavaScript Engine for thread 20216
20180415 21052458  # call  	endpoint auth
20180415 21052458  # http  	127.0.0.1 <- 200
20180415 21052458  #  -    00.206.652
20180415 21052458  $  +    auth?AUTHTYPE=UB&clientNonce=f99f5ff19528c6a689243bf0702620562a9298897ae04546eeaae16e65be9207&password=5725a780324b3f03c632675a7384ad8ab6d87a9c5b847bc827cbe72b4048ca8b&userName=admin
20180415 21052458  $ http  	127.0.0.1 -> GET auth?AUTHTYPE=UB&clientNonce=f99f5ff19528c6a689243bf0702620562a9298897ae04546eeaae16e65be9207&password=5725a780324b3f03c632675a7384ad8ab6d87a9c5b847bc827cbe72b4048ca8b&userName=admin
20180415 21052458  $ debug 	Create new JavaScript Engine for thread 52392
20180415 21052508  $ call  	endpoint auth
20180415 21052508  $  +    	ubApp.TubDataStore(07DA9A60).Init
20180415 21052508  $  +    		ubApp.TubApp(02933EE0).DBExecute
20180415 21052508  $  +    			ubApp.TubApp(02933EE0).TubApp.InternalDBExecute
20180415 21052508  $  +    				00856EC2 
20180415 21052508  $  -    				00.002.154
20180415 21052508  $ SQL   				ubDBSQLite3ThreadSafe.TubSQLite3Statement(029E80B0) PRAGMA foreign_keys = ON
20180415 21052508  $ debug 				P1: String(5)	admin
20180415 21052508  $ SQL   				ubDBSQLite3ThreadSafe.TubSQLite3Statement(029E7A50) select id, name, uPasswordHashHexa, uData, isPending, trustedIP from UBA_USER where name=? and disabled=0
20180415 21052508  $  -    			00.002.203
20180415 21052508  $  -    		00.002.249
20180415 21052508  $ debug 		Query result for entity "uba_user" into data name "": row count=1
20180415 21052508  $  -    	00.002.265
20180415 21052508  $  +    	ubApp.TubDataStore(07DA9A60).Init
20180415 21052508  $  +    		ubApp.TubApp(02933EE0).DBExecute
20180415 21052508  $  +    			ubApp.TubApp(02933EE0).TubApp.InternalDBExecute
20180415 21052508  $ debug 				P1: Int64		10
20180415 21052508  $ SQL   				ubDBSQLite3ThreadSafe.TubSQLite3Statement(029E80B0) SELECT lastPasswordChangeDate FROM uba_user WHERE id=?
20180415 21052508  $  -    			00.000.018
20180415 21052508  $  -    		00.000.041
20180415 21052508  $ debug 		Query result for entity "uba_user" into data name "__expireDate": row count=1
20180415 21052508  $  -    	00.000.048
20180415 21052508  $  +    	ubApp.TubDataStore(07DAB3B0).Init
20180415 21052508  $  +    		ubApp.TubApp(02933EE0).DBExecute
20180415 21052508  $  +    			ubApp.TubApp(02933EE0).TubApp.InternalDBExecute
20180415 21052508  $ debug 				P1: Int64		10
20180415 21052508  $ SQL   				ubDBSQLite3ThreadSafe.TubSQLite3Statement(029E8170) SELECT A01.roleID,A02.name,A02.description  FROM uba_userrole A01  INNER JOIN uba_role A02 ON A02.ID=A01.roleID  WHERE A01.userID=?
20180415 21052508  $  -    			00.000.040
20180415 21052508  $  -    		00.000.074
20180415 21052508  $ debug 		Query result for entity "uba_userrole" into data name "": row count=1
20180415 21052508  $  -    	00.000.084
20180415 21052508  $ auth  	New session admin/99797976 created at 127.0.0.1/-144115173580340110 using Mozilla/5.0 (Windows; mORMot 1.18 TWinHTTP)
20180415 21052508  $  +    	ubMixinClasses.TubStorageMixin(029842C0).MixinMethod
20180415 21052508  $ debug 		uba_user.select(TubStorageMixin)
20180415 21052508  $  +    		ubApp.TubDataStore(07DAB3B0).Init
20180415 21052508  $  +    			ubApp.TubApp(02933EE0).DBExecute
20180415 21052508  $  +    				ubApp.TubApp(02933EE0).TubApp.InternalDBExecute
20180415 21052508  $ debug 					P1: Int64		10
20180415 21052508  $ SQL   					ubDBSQLite3ThreadSafe.TubSQLite3Statement(029E8290) SELECT A01.name  FROM uba_user A01  WHERE A01.ID=?
20180415 21052508  $  -    				00.000.041
20180415 21052508  $  -    			00.000.083
20180415 21052508  $ debug 			Query result for entity "uba_user" into data name "": row count=1
20180415 21052508  $  -    		00.000.092
20180415 21052508  $  -    	00.000.172
20180415 21052510  $  +    	ubMixinClasses.TubStorageMixin(029842C0).MixinMethod
20180415 21052510  $ debug 		uba_advSecurity.select(TubStorageMixin)
20180415 21052510  $  +    		ubApp.TubDataStore(07DAB3B0).Init
20180415 21052510  $  +    			ubApp.TubApp(02933EE0).DBExecute
20180415 21052510  $  +    				ubApp.TubApp(02933EE0).TubApp.InternalDBExecute
20180415 21052510  $ debug 					P1: Int64		10
20180415 21052510  $ SQL   					ubDBSQLite3ThreadSafe.TubSQLite3Statement(029E82F0) SELECT A01.ID,A01.allowedIP,A01.refreshIP,A01.fp,A01.refreshFp,A01.keyMediaName,A01.refreshKeyMedia,A01.mi_modifyDate  FROM uba_advSecurity A01  WHERE A01.userID=?
20180415 21052510  $  -    				00.000.068
20180415 21052510  $  -    			00.000.125
20180415 21052510  $ debug 			Query result for entity "uba_advSecurity" into data name "": row count=0
20180415 21052510  $  -    		00.000.146
20180415 21052510  $  -    	00.000.346
20180415 21052510  $  +    	ubMixinClasses.TubStorageMixin(029842C0).MixinMethod
20180415 21052510  $ debug 		uba_userrole.select(TubStorageMixin)
20180415 21052510  $  +    		ubApp.TubDataStore(07DAB3B0).Init
20180415 21052510  $  +    			ubApp.TubApp(02933EE0).DBExecute
20180415 21052510  $  +    				ubApp.TubApp(02933EE0).TubApp.InternalDBExecute
20180415 21052510  $ debug 					P1: Int64		10
20180415 21052510  $ SQL   					ubDBSQLite3ThreadSafe.TubSQLite3Statement(029E8350) SELECT A01.ID,A02.name,A01.roleID  FROM uba_userrole A01  INNER JOIN uba_role A02 ON A02.ID=A01.roleID  WHERE A01.userID=?
20180415 21052510  $  -    				00.000.062
20180415 21052510  $  -    			00.000.136
20180415 21052510  $ debug 			Query result for entity "uba_userrole" into data name "": row count=1
20180415 21052510  $  -    		00.000.149
20180415 21052510  $  -    	00.000.222
20180415 21052510  $  +    	ubMixinClasses.TubStorageMixin(029842C0).MixinMethod
20180415 21052510  $ debug 		uba_audit.beforeinsert(TubStorageMixin)
20180415 21052510  $  -    	00.000.008
20180415 21052510  $  +    	ubMixinClasses.TubStorageMixin(029842C0).MixinMethod
20180415 21052510  $ debug 		uba_audit.insert(TubStorageMixin)
20180415 21052510  $  +    		ubApp.TubDataStore(07DA9858).TubDataStore.ExecuteInsertFromList
20180415 21052510  $  +    			ubApp.TubDataStore(07DA9858).TubDataStore.ExecuteInsertFromSQL
20180415 21052510  $  +    				ubApp.TubApp(02933EE0).DBExecute
20180415 21052510  $  +    					ubApp.TubApp(02933EE0).TubApp.InternalDBExecute
20180415 21052510  $ debug 						P1: String(8)	uba_user
20180415 21052510  $ debug 						P2: Int64		10
20180415 21052510  $ debug 						P3: String(5)	LOGIN
20180415 21052510  $ debug 						P4: Int64		10
20180415 21052510  $ debug 						P5: DateTime	2018-04-15T21:05:25
20180415 21052510  $ debug 						P6: String(9)	127.0.0.1
20180415 21052510  $ debug 						P7: String(5)	admin
20180415 21052510  $ debug 						P8: String(0)	
20180415 21052510  $ debug 						P9: Int64		335787257954305
20180415 21052510  $ debug 						P10: String(313..)	Cache-Control: no-cache  Connection: Keep-Alive  Pragma: no-cache  Accept: */*  Accept-Encoding: gzi...
20180415 21052510  $ DB    						StartTransaction for connection "main"
20180415 21052510  $ SQL   						ubDBSQLite3ThreadSafe.TubSQLite3Statement(029E8410) INSERT INTO uba_audit (entity,entityinfo_id,actionType,actionUser,actionTime,remoteIP,targetUser,targetRole,ID,fromValue) VALUES (?,?,?,?,?,?,?,?,?,?)
20180415 21052510  $  -    					00.000.129
20180415 21052510  $  -    				00.000.130
20180415 21052510  $  -    			00.000.228
20180415 21052510  $  -    		00.000.240
20180415 21052510  $  -    	00.000.244
20180415 21052510  $  +    	ubMixinClasses.TubStorageMixin(029842C0).MixinMethod
20180415 21052510  $ debug 		uba_audit.afterinsert(TubStorageMixin)
20180415 21052510  $  -    	00.000.004
20180415 21052510  $ DB    	Commit connection "main"
20180415 21052510  $ http  	127.0.0.1 <- 200
20180415 21052510  $  -    00.245.002
20180415 21052510  %  +    getDomainInfo?extended=true&userName=admin&v=4
20180415 21052510  % http  	127.0.0.1 -> GET getDomainInfo?extended=true&userName=admin&v=4
20180415 21052510  % debug 	Create new JavaScript Engine for thread 39544
20180415 21052523  % auth  	admin/99797976
20180415 21052523  % call  	endpoint getDomainInfo
20180415 21052523  % http  	127.0.0.1 <- 200
20180415 21052523  %  -    00.204.985
20180415 21052527  &  +    runSQL?CONNECTION=main
20180415 21052527  & http  	127.0.0.1 -> POST runSQL?CONNECTION=main
20180415 21052527  & http  	select name, tbl_name as caption from sqlite_master where type='table' and name not like 'sqlite_%'
20180415 21052527  & debug 	Create new JavaScript Engine for thread 52936
20180415 21052540  & auth  	admin/99797976
20180415 21052540  & call  	endpoint runSQL
20180415 21052540  &  +    	ubApp.TubApp(02933EE0).DBExecute
20180415 21052540  &  +    		ubApp.TubApp(02933EE0).TubApp.InternalDBExecute
20180415 21052540  &  +    			00856EC2 
20180415 21052540  &  -    			00.008.169
20180415 21052540  & SQL   			ubDBSQLite3ThreadSafe.TubSQLite3Statement(029E9130) PRAGMA foreign_keys = ON
20180415 21052540  & SQL   			ubDBSQLite3ThreadSafe.TubSQLite3Statement(029E8AD0) select name, tbl_name as caption from sqlite_master where type='table' and name not like 'sqlite_%'
20180415 21052540  &  -    		00.008.211
20180415 21052540  &  -    	00.008.286
20180415 21052540  & http  	127.0.0.1 <- 200
20180415 21052540  &  -    00.213.247
20180415 21052541  '  +    runSQL?CONNECTION=main
20180415 21052541  ' http  	127.0.0.1 -> POST runSQL?CONNECTION=main
20180415 21052541  ' http  	PRAGMA table_info('uba_user')
20180415 21052541  ' debug 	Create new JavaScript Engine for thread 39840
20180415 21052554  ' auth  	admin/99797976
20180415 21052554  ' call  	endpoint runSQL
20180415 21052554  '  +    	ubApp.TubApp(02933EE0).DBExecute
20180415 21052554  '  +    		ubApp.TubApp(02933EE0).TubApp.InternalDBExecute
20180415 21052554  '  +    			00856EC2 
20180415 21052554  '  -    			00.002.197
20180415 21052554  ' SQL   			ubDBSQLite3ThreadSafe.TubSQLite3Statement(029E9A30) PRAGMA foreign_keys = ON
20180415 21052554  ' SQL   			ubDBSQLite3ThreadSafe.TubSQLite3Statement(029E93D0) PRAGMA table_info('uba_user')
20180415 21052554  '  -    		00.002.227
20180415 21052554  '  -    	00.002.263
20180415 21052554  ' http  	127.0.0.1 <- 200
20180415 21052554  '  -    00.208.037
20180415 21052554  (  +    runSQL?CONNECTION=main
20180415 21052554  ( http  	127.0.0.1 -> POST runSQL?CONNECTION=main
20180415 21052554  ( http  	PRAGMA foreign_key_list('uba_user')
20180415 21052554  ( debug 	Create new JavaScript Engine for thread 52572
20180415 21052604  ( auth  	admin/99797976
20180415 21052604  ( call  	endpoint runSQL
20180415 21052604  (  +    	ubApp.TubApp(02933EE0).DBExecute
20180415 21052604  (  +    		ubApp.TubApp(02933EE0).TubApp.InternalDBExecute
20180415 21052604  (  +    			00856EC2 
20180415 21052604  (  -    			00.002.164
20180415 21052604  ( SQL   			ubDBSQLite3ThreadSafe.TubSQLite3Statement(029EA390) PRAGMA foreign_keys = ON
20180415 21052604  ( SQL   			ubDBSQLite3ThreadSafe.TubSQLite3Statement(029E9D30) PRAGMA foreign_key_list('uba_user')
20180415 21052604  (  -    		00.002.195
20180415 21052604  (  -    	00.002.218
20180415 21052604  ( http  	127.0.0.1 <- 200
20180415 21052604  (  -    00.200.602
20180415 21052604  )  +    runSQL?CONNECTION=main
20180415 21052604  ) http  	127.0.0.1 -> POST runSQL?CONNECTION=main
20180415 21052604  ) http  	PRAGMA index_list('uba_user')
20180415 21052604  ) debug 	Create new JavaScript Engine for thread 54088
20180415 21052617  ) auth  	admin/99797976
20180415 21052617  ) call  	endpoint runSQL
20180415 21052617  )  +    	ubApp.TubApp(02933EE0).DBExecute
20180415 21052617  )  +    		ubApp.TubApp(02933EE0).TubApp.InternalDBExecute
20180415 21052617  )  +    			00856EC2 
20180415 21052617  )  -    			00.002.228
20180415 21052617  ) SQL   			ubDBSQLite3ThreadSafe.TubSQLite3Statement(029EAC90) PRAGMA foreign_keys = ON
20180415 21052617  ) SQL   			ubDBSQLite3ThreadSafe.TubSQLite3Statement(029EA630) PRAGMA index_list('uba_user')
20180415 21052617  )  -    		00.002.253
20180415 21052617  )  -    	00.002.279
20180415 21052617  ) http  	127.0.0.1 <- 200
20180415 21052617  )  -    00.199.918
20180415 21052617  "  +    runSQL?CONNECTION=main
20180415 21052617  " http  	127.0.0.1 -> POST runSQL?CONNECTION=main
20180415 21052617  " http  	PRAGMA index_xinfo(IDX_USR_MI_MODIFYUSER)
20180415 21052617  " auth  	admin/99797976
20180415 21052617  " call  	endpoint runSQL
20180415 21052617  "  +    	ubApp.TubApp(02933EE0).DBExecute
20180415 21052617  "  +    		ubApp.TubApp(02933EE0).TubApp.InternalDBExecute
20180415 21052617  " SQL   			ubDBSQLite3ThreadSafe.TubSQLite3Statement(029EA630) PRAGMA index_xinfo(IDX_USR_MI_MODIFYUSER)
20180415 21052617  "  -    		00.000.030
20180415 21052617  "  -    	00.000.117
20180415 21052617  " http  	127.0.0.1 <- 200
20180415 21052617  "  -    00.000.384
20180415 21052617  #  +    runSQL?CONNECTION=main
20180415 21052617  # http  	127.0.0.1 -> POST runSQL?CONNECTION=main
20180415 21052617  # http  	PRAGMA index_xinfo(IDX_USR_MI_CREATEUSER)
20180415 21052617  # auth  	admin/99797976
20180415 21052617  # call  	endpoint runSQL
20180415 21052617  #  +    	ubApp.TubApp(02933EE0).DBExecute
20180415 21052617  #  +    		ubApp.TubApp(02933EE0).TubApp.InternalDBExecute
20180415 21052617  #  +    			00856EC2 
20180415 21052617  #  -    			00.002.290
20180415 21052617  # SQL   			ubDBSQLite3ThreadSafe.TubSQLite3Statement(029EB290) PRAGMA foreign_keys = ON
20180415 21052617  # SQL   			ubDBSQLite3ThreadSafe.TubSQLite3Statement(029EA630) PRAGMA index_xinfo(IDX_USR_MI_CREATEUSER)
20180415 21052617  #  -    		00.002.312
20180415 21052617  #  -    	00.002.336
20180415 21052617  # http  	127.0.0.1 <- 200
20180415 21052617  #  -    00.002.547
20180415 21052617  $  +    runSQL?CONNECTION=main
20180415 21052617  $ http  	127.0.0.1 -> POST runSQL?CONNECTION=main
20180415 21052617  $ http  	PRAGMA index_xinfo(IDX_USR_MI_OWNER)
20180415 21052617  $ auth  	admin/99797976
20180415 21052617  $ call  	endpoint runSQL
20180415 21052617  $  +    	ubApp.TubApp(02933EE0).DBExecute
20180415 21052617  $  +    		ubApp.TubApp(02933EE0).TubApp.InternalDBExecute
20180415 21052617  $ SQL   			ubDBSQLite3ThreadSafe.TubSQLite3Statement(029EA630) PRAGMA index_xinfo(IDX_USR_MI_OWNER)
20180415 21052617  $  -    		00.000.027
20180415 21052617  $  -    	00.000.072
20180415 21052617  $ http  	127.0.0.1 <- 200
20180415 21052617  $  -    00.000.269
20180415 21052617  %  +    runSQL?CONNECTION=main
20180415 21052617  % http  	127.0.0.1 -> POST runSQL?CONNECTION=main
20180415 21052617  % http  	PRAGMA index_xinfo(UIDX_USR_NAME)
20180415 21052617  % auth  	admin/99797976
20180415 21052617  % call  	endpoint runSQL
20180415 21052617  %  +    	ubApp.TubApp(02933EE0).DBExecute
20180415 21052617  %  +    		ubApp.TubApp(02933EE0).TubApp.InternalDBExecute
20180415 21052617  %  +    			00856EC2 
20180415 21052617  %  -    			00.002.249
20180415 21052617  % SQL   			ubDBSQLite3ThreadSafe.TubSQLite3Statement(029EB890) PRAGMA foreign_keys = ON
20180415 21052617  % SQL   			ubDBSQLite3ThreadSafe.TubSQLite3Statement(029EA630) PRAGMA index_xinfo(UIDX_USR_NAME)
20180415 21052617  %  -    		00.002.271
20180415 21052617  %  -    	00.002.294
20180415 21052617  % http  	127.0.0.1 <- 200
20180415 21052617  %  -    00.002.605
20180415 21052617  &  +    runSQL?CONNECTION=main
20180415 21052617  & http  	127.0.0.1 -> POST runSQL?CONNECTION=main
20180415 21052617  & http  	PRAGMA table_info('uba_role')
20180415 21052617  & auth  	admin/99797976
20180415 21052617  & call  	endpoint runSQL
20180415 21052617  &  +    	ubApp.TubApp(02933EE0).DBExecute
20180415 21052617  &  +    		ubApp.TubApp(02933EE0).TubApp.InternalDBExecute
20180415 21052617  & SQL   			ubDBSQLite3ThreadSafe.TubSQLite3Statement(029EA630) PRAGMA table_info('uba_role')
20180415 21052617  &  -    		00.000.031
20180415 21052617  &  -    	00.000.094
20180415 21052617  & http  	127.0.0.1 <- 200
20180415 21052617  &  -    00.000.264
20180415 21052617  '  +    runSQL?CONNECTION=main
20180415 21052617  ' http  	127.0.0.1 -> POST runSQL?CONNECTION=main
20180415 21052617  ' http  	PRAGMA foreign_key_list('uba_role')
20180415 21052617  ' auth  	admin/99797976
20180415 21052617  ' call  	endpoint runSQL
20180415 21052617  '  +    	ubApp.TubApp(02933EE0).DBExecute
20180415 21052617  '  +    		ubApp.TubApp(02933EE0).TubApp.InternalDBExecute
20180415 21052617  ' SQL   			ubDBSQLite3ThreadSafe.TubSQLite3Statement(029EA630) PRAGMA foreign_key_list('uba_role')
20180415 21052617  '  -    		00.000.028
20180415 21052617  '  -    	00.000.067
20180415 21052617  ' http  	127.0.0.1 <- 200
20180415 21052617  '  -    00.000.271
20180415 21052617  (  +    runSQL?CONNECTION=main
20180415 21052617  ( http  	127.0.0.1 -> POST runSQL?CONNECTION=main
20180415 21052617  ( http  	PRAGMA index_list('uba_role')
20180415 21052617  ( auth  	admin/99797976
20180415 21052617  ( call  	endpoint runSQL
20180415 21052617  (  +    	ubApp.TubApp(02933EE0).DBExecute
20180415 21052617  (  +    		ubApp.TubApp(02933EE0).TubApp.InternalDBExecute
20180415 21052617  ( SQL   			ubDBSQLite3ThreadSafe.TubSQLite3Statement(029EA630) PRAGMA index_list('uba_role')
20180415 21052617  (  -    		00.000.025
20180415 21052617  (  -    	00.000.071
20180415 21052617  ( http  	127.0.0.1 <- 200
20180415 21052617  (  -    00.000.227
20180415 21052617  )  +    runSQL?CONNECTION=main
20180415 21052617  ) http  	127.0.0.1 -> POST runSQL?CONNECTION=main
20180415 21052617  ) http  	PRAGMA index_xinfo(IDX_ROLE_MI_MODIFYUSER)
20180415 21052617  ) auth  	admin/99797976
20180415 21052617  ) call  	endpoint runSQL
20180415 21052617  )  +    	ubApp.TubApp(02933EE0).DBExecute
20180415 21052617  )  +    		ubApp.TubApp(02933EE0).TubApp.InternalDBExecute
20180415 21052617  ) SQL   			ubDBSQLite3ThreadSafe.TubSQLite3Statement(029EA630) PRAGMA index_xinfo(IDX_ROLE_MI_MODIFYUSER)
20180415 21052617  )  -    		00.000.038
20180415 21052617  )  -    	00.000.082
20180415 21052617  ) http  	127.0.0.1 <- 200
20180415 21052617  )  -    00.000.248
20180415 21052618  "  +    runSQL?CONNECTION=main
20180415 21052618  " http  	127.0.0.1 -> POST runSQL?CONNECTION=main
20180415 21052618  " http  	PRAGMA index_xinfo(IDX_ROLE_MI_CREATEUSER)
20180415 21052618  " auth  	admin/99797976
20180415 21052618  " call  	endpoint runSQL
20180415 21052618  "  +    	ubApp.TubApp(02933EE0).DBExecute
20180415 21052618  "  +    		ubApp.TubApp(02933EE0).TubApp.InternalDBExecute
20180415 21052618  " SQL   			ubDBSQLite3ThreadSafe.TubSQLite3Statement(029EA630) PRAGMA index_xinfo(IDX_ROLE_MI_CREATEUSER)
20180415 21052618  "  -    		00.000.024
20180415 21052618  "  -    	00.000.067
20180415 21052618  " http  	127.0.0.1 <- 200
20180415 21052618  "  -    00.000.230
20180415 21052618  #  +    runSQL?CONNECTION=main
20180415 21052618  # http  	127.0.0.1 -> POST runSQL?CONNECTION=main
20180415 21052618  # http  	PRAGMA index_xinfo(IDX_ROLE_MI_OWNER)
20180415 21052618  # auth  	admin/99797976
20180415 21052618  # call  	endpoint runSQL
20180415 21052618  #  +    	ubApp.TubApp(02933EE0).DBExecute
20180415 21052618  #  +    		ubApp.TubApp(02933EE0).TubApp.InternalDBExecute
20180415 21052618  # SQL   			ubDBSQLite3ThreadSafe.TubSQLite3Statement(029EA630) PRAGMA index_xinfo(IDX_ROLE_MI_OWNER)
20180415 21052618  #  -    		00.000.025
20180415 21052618  #  -    	00.000.074
20180415 21052618  # http  	127.0.0.1 <- 200
20180415 21052618  #  -    00.000.224
20180415 21052618  $  +    runSQL?CONNECTION=main
20180415 21052618  $ http  	127.0.0.1 -> POST runSQL?CONNECTION=main
20180415 21052618  $ http  	PRAGMA index_xinfo(UIDX_ROLE_NAME)
20180415 21052618  $ auth  	admin/99797976
20180415 21052618  $ call  	endpoint runSQL
20180415 21052618  $  +    	ubApp.TubApp(02933EE0).DBExecute
20180415 21052618  $  +    		ubApp.TubApp(02933EE0).TubApp.InternalDBExecute
20180415 21052618  $ SQL   			ubDBSQLite3ThreadSafe.TubSQLite3Statement(029EA630) PRAGMA index_xinfo(UIDX_ROLE_NAME)
20180415 21052618  $  -    		00.000.027
20180415 21052618  $  -    	00.000.070
20180415 21052618  $ http  	127.0.0.1 <- 200
20180415 21052618  $  -    00.000.246
20180415 21052618  %  +    runSQL?CONNECTION=main
20180415 21052618  % http  	127.0.0.1 -> POST runSQL?CONNECTION=main
20180415 21052618  % http  	PRAGMA table_info('req_depart')
20180415 21052618  % auth  	admin/99797976
20180415 21052618  % call  	endpoint runSQL
20180415 21052618  %  +    	ubApp.TubApp(02933EE0).DBExecute
20180415 21052618  %  +    		ubApp.TubApp(02933EE0).TubApp.InternalDBExecute
20180415 21052618  % SQL   			ubDBSQLite3ThreadSafe.TubSQLite3Statement(029EA630) PRAGMA table_info('req_depart')
20180415 21052618  %  -    		00.000.026
20180415 21052618  %  -    	00.000.077
20180415 21052618  % http  	127.0.0.1 <- 200
20180415 21052618  %  -    00.000.234
20180415 21052618  &  +    runSQL?CONNECTION=main
20180415 21052618  & http  	127.0.0.1 -> POST runSQL?CONNECTION=main
20180415 21052618  & http  	PRAGMA foreign_key_list('req_depart')
20180415 21052618  & auth  	admin/99797976
20180415 21052618  & call  	endpoint runSQL
20180415 21052618  &  +    	ubApp.TubApp(02933EE0).DBExecute
20180415 21052618  &  +    		ubApp.TubApp(02933EE0).TubApp.InternalDBExecute
20180415 21052618  & SQL   			ubDBSQLite3ThreadSafe.TubSQLite3Statement(029EA630) PRAGMA foreign_key_list('req_depart')
20180415 21052618  &  -    		00.000.023
20180415 21052618  &  -    	00.000.049
20180415 21052618  & http  	127.0.0.1 <- 200
20180415 21052618  &  -    00.000.206
20180415 21052618  '  +    runSQL?CONNECTION=main
20180415 21052618  ' http  	127.0.0.1 -> POST runSQL?CONNECTION=main
20180415 21052618  ' http  	PRAGMA index_list('req_depart')
20180415 21052618  ' auth  	admin/99797976
20180415 21052618  ' call  	endpoint runSQL
20180415 21052618  '  +    	ubApp.TubApp(02933EE0).DBExecute
20180415 21052618  '  +    		ubApp.TubApp(02933EE0).TubApp.InternalDBExecute
20180415 21052618  ' SQL   			ubDBSQLite3ThreadSafe.TubSQLite3Statement(029EA630) PRAGMA index_list('req_depart')
20180415 21052618  '  -    		00.000.025
20180415 21052618  '  -    	00.000.070
20180415 21052618  ' http  	127.0.0.1 <- 200
20180415 21052618  '  -    00.000.239
20180415 21052618  (  +    runSQL?CONNECTION=main
20180415 21052618  ( http  	127.0.0.1 -> POST runSQL?CONNECTION=main
20180415 21052618  ( http  	PRAGMA index_xinfo(IDX_REQ_DEPART_ROLEINSYSTEM)
20180415 21052618  ( auth  	admin/99797976
20180415 21052618  ( call  	endpoint runSQL
20180415 21052618  (  +    	ubApp.TubApp(02933EE0).DBExecute
20180415 21052618  (  +    		ubApp.TubApp(02933EE0).TubApp.InternalDBExecute
20180415 21052618  ( SQL   			ubDBSQLite3ThreadSafe.TubSQLite3Statement(029EA630) PRAGMA index_xinfo(IDX_REQ_DEPART_ROLEINSYSTEM)
20180415 21052618  (  -    		00.000.029
20180415 21052618  (  -    	00.000.082
20180415 21052618  ( http  	127.0.0.1 <- 200
20180415 21052618  (  -    00.000.228
20180415 21052618  )  +    runSQL?CONNECTION=main
20180415 21052618  ) http  	127.0.0.1 -> POST runSQL?CONNECTION=main
20180415 21052618  ) http  	PRAGMA index_xinfo(UIDX_REQ_DEPART_NAME)
20180415 21052618  ) auth  	admin/99797976
20180415 21052618  ) call  	endpoint runSQL
20180415 21052618  )  +    	ubApp.TubApp(02933EE0).DBExecute
20180415 21052618  )  +    		ubApp.TubApp(02933EE0).TubApp.InternalDBExecute
20180415 21052618  ) SQL   			ubDBSQLite3ThreadSafe.TubSQLite3Statement(029EA630) PRAGMA index_xinfo(UIDX_REQ_DEPART_NAME)
20180415 21052618  )  -    		00.000.025
20180415 21052618  )  -    	00.000.067
20180415 21052618  ) http  	127.0.0.1 <- 200
20180415 21052618  )  -    00.000.217
20180415 21052619  "  +    runSQL?CONNECTION=main
20180415 21052619  " http  	127.0.0.1 -> POST runSQL?CONNECTION=main
20180415 21052619  " http  	PRAGMA table_info('req_subDepart')
20180415 21052619  " auth  	admin/99797976
20180415 21052619  " call  	endpoint runSQL
20180415 21052619  "  +    	ubApp.TubApp(02933EE0).DBExecute
20180415 21052619  "  +    		ubApp.TubApp(02933EE0).TubApp.InternalDBExecute
20180415 21052619  " SQL   			ubDBSQLite3ThreadSafe.TubSQLite3Statement(029EA630) PRAGMA table_info('req_subDepart')
20180415 21052619  "  -    		00.000.114
20180415 21052619  "  -    	00.000.153
20180415 21052619  " http  	127.0.0.1 <- 200
20180415 21052619  "  -    00.000.322
20180415 21052619  #  +    runSQL?CONNECTION=main
20180415 21052619  # http  	127.0.0.1 -> POST runSQL?CONNECTION=main
20180415 21052619  # http  	PRAGMA foreign_key_list('req_subDepart')
20180415 21052619  # auth  	admin/99797976
20180415 21052619  # call  	endpoint runSQL
20180415 21052619  #  +    	ubApp.TubApp(02933EE0).DBExecute
20180415 21052619  #  +    		ubApp.TubApp(02933EE0).TubApp.InternalDBExecute
20180415 21052619  # SQL   			ubDBSQLite3ThreadSafe.TubSQLite3Statement(029EA630) PRAGMA foreign_key_list('req_subDepart')
20180415 21052619  #  -    		00.000.026
20180415 21052619  #  -    	00.000.070
20180415 21052619  # http  	127.0.0.1 <- 200
20180415 21052619  #  -    00.000.224
20180415 21052619  $  +    runSQL?CONNECTION=main
20180415 21052619  $ http  	127.0.0.1 -> POST runSQL?CONNECTION=main
20180415 21052619  $ http  	PRAGMA index_list('req_subDepart')
20180415 21052619  $ auth  	admin/99797976
20180415 21052619  $ call  	endpoint runSQL
20180415 21052619  $  +    	ubApp.TubApp(02933EE0).DBExecute
20180415 21052619  $  +    		ubApp.TubApp(02933EE0).TubApp.InternalDBExecute
20180415 21052619  $ SQL   			ubDBSQLite3ThreadSafe.TubSQLite3Statement(029EA630) PRAGMA index_list('req_subDepart')
20180415 21052619  $  -    		00.000.030
20180415 21052619  $  -    	00.000.084
20180415 21052619  $ http  	127.0.0.1 <- 200
20180415 21052619  $  -    00.000.326
20180415 21052619  %  +    runSQL?CONNECTION=main
20180415 21052619  % http  	127.0.0.1 -> POST runSQL?CONNECTION=main
20180415 21052619  % http  	PRAGMA index_xinfo(IDX_REQ_SUBDEPART_DEPARTMENT)
20180415 21052619  % auth  	admin/99797976
20180415 21052619  % call  	endpoint runSQL
20180415 21052619  %  +    	ubApp.TubApp(02933EE0).DBExecute
20180415 21052619  %  +    		ubApp.TubApp(02933EE0).TubApp.InternalDBExecute
20180415 21052619  % SQL   			ubDBSQLite3ThreadSafe.TubSQLite3Statement(029EA630) PRAGMA index_xinfo(IDX_REQ_SUBDEPART_DEPARTMENT)
20180415 21052619  %  -    		00.000.040
20180415 21052619  %  -    	00.000.093
20180415 21052619  % http  	127.0.0.1 <- 200
20180415 21052619  %  -    00.000.274
20180415 21052619  &  +    runSQL?CONNECTION=main
20180415 21052619  & http  	127.0.0.1 -> POST runSQL?CONNECTION=main
20180415 21052619  & http  	PRAGMA table_info('req_reqList')
20180415 21052619  & auth  	admin/99797976
20180415 21052619  & call  	endpoint runSQL
20180415 21052619  &  +    	ubApp.TubApp(02933EE0).DBExecute
20180415 21052619  &  +    		ubApp.TubApp(02933EE0).TubApp.InternalDBExecute
20180415 21052619  & SQL   			ubDBSQLite3ThreadSafe.TubSQLite3Statement(029EA630) PRAGMA table_info('req_reqList')
20180415 21052619  &  -    		00.000.046
20180415 21052619  &  -    	00.000.113
20180415 21052619  & http  	127.0.0.1 <- 200
20180415 21052619  &  -    00.000.304
20180415 21052619  '  +    runSQL?CONNECTION=main
20180415 21052619  ' http  	127.0.0.1 -> POST runSQL?CONNECTION=main
20180415 21052619  ' http  	PRAGMA foreign_key_list('req_reqList')
20180415 21052619  ' auth  	admin/99797976
20180415 21052619  ' call  	endpoint runSQL
20180415 21052619  '  +    	ubApp.TubApp(02933EE0).DBExecute
20180415 21052619  '  +    		ubApp.TubApp(02933EE0).TubApp.InternalDBExecute
20180415 21052619  ' SQL   			ubDBSQLite3ThreadSafe.TubSQLite3Statement(029EA630) PRAGMA foreign_key_list('req_reqList')
20180415 21052619  '  -    		00.000.027
20180415 21052619  '  -    	00.000.081
20180415 21052619  ' http  	127.0.0.1 <- 200
20180415 21052619  '  -    00.000.246
20180415 21052619  (  +    runSQL?CONNECTION=main
20180415 21052619  ( http  	127.0.0.1 -> POST runSQL?CONNECTION=main
20180415 21052619  ( http  	PRAGMA index_list('req_reqList')
20180415 21052619  ( auth  	admin/99797976
20180415 21052619  ( call  	endpoint runSQL
20180415 21052619  (  +    	ubApp.TubApp(02933EE0).DBExecute
20180415 21052619  (  +    		ubApp.TubApp(02933EE0).TubApp.InternalDBExecute
20180415 21052619  ( SQL   			ubDBSQLite3ThreadSafe.TubSQLite3Statement(029EA630) PRAGMA index_list('req_reqList')
20180415 21052619  (  -    		00.000.077
20180415 21052619  (  -    	00.000.122
20180415 21052619  ( http  	127.0.0.1 <- 200
20180415 21052619  (  -    00.000.285
20180415 21052619  )  +    runSQL?CONNECTION=main
20180415 21052619  ) http  	127.0.0.1 -> POST runSQL?CONNECTION=main
20180415 21052619  ) http  	PRAGMA index_xinfo(IDX_REQ_MI_MODIFYUSER)
20180415 21052619  ) auth  	admin/99797976
20180415 21052619  ) call  	endpoint runSQL
20180415 21052619  )  +    	ubApp.TubApp(02933EE0).DBExecute
20180415 21052619  )  +    		ubApp.TubApp(02933EE0).TubApp.InternalDBExecute
20180415 21052619  ) SQL   			ubDBSQLite3ThreadSafe.TubSQLite3Statement(029EA630) PRAGMA index_xinfo(IDX_REQ_MI_MODIFYUSER)
20180415 21052619  )  -    		00.000.024
20180415 21052619  )  -    	00.000.066
20180415 21052619  ) http  	127.0.0.1 <- 200
20180415 21052619  )  -    00.000.222
20180415 21052620  "  +    runSQL?CONNECTION=main
20180415 21052620  " http  	127.0.0.1 -> POST runSQL?CONNECTION=main
20180415 21052620  " http  	PRAGMA index_xinfo(IDX_REQ_SUBDEPARTMENT)
20180415 21052620  " auth  	admin/99797976
20180415 21052620  " call  	endpoint runSQL
20180415 21052620  "  +    	ubApp.TubApp(02933EE0).DBExecute
20180415 21052620  "  +    		ubApp.TubApp(02933EE0).TubApp.InternalDBExecute
20180415 21052620  " SQL   			ubDBSQLite3ThreadSafe.TubSQLite3Statement(029EA630) PRAGMA index_xinfo(IDX_REQ_SUBDEPARTMENT)
20180415 21052620  "  -    		00.000.025
20180415 21052620  "  -    	00.000.067
20180415 21052620  " http  	127.0.0.1 <- 200
20180415 21052620  "  -    00.000.406
20180415 21052620  #  +    runSQL?CONNECTION=main
20180415 21052620  # http  	127.0.0.1 -> POST runSQL?CONNECTION=main
20180415 21052620  # http  	PRAGMA index_xinfo(IDX_REQ_DEPARTMENT)
20180415 21052620  # auth  	admin/99797976
20180415 21052620  # call  	endpoint runSQL
20180415 21052620  #  +    	ubApp.TubApp(02933EE0).DBExecute
20180415 21052620  #  +    		ubApp.TubApp(02933EE0).TubApp.InternalDBExecute
20180415 21052620  # SQL   			ubDBSQLite3ThreadSafe.TubSQLite3Statement(029EA630) PRAGMA index_xinfo(IDX_REQ_DEPARTMENT)
20180415 21052620  #  -    		00.000.025
20180415 21052620  #  -    	00.000.069
20180415 21052620  # http  	127.0.0.1 <- 200
20180415 21052620  #  -    00.000.402
20180415 21052622  $  +    runSQL?CONNECTION=main
20180415 21052622  $ http  	127.0.0.1 -> POST runSQL?CONNECTION=main
20180415 21052622  $ http  	ALTER TABLE req_reqList ADD mi_createDate DATETIME DEFAULT (strftime('%Y-%m-%dT%H:%M:%SZ', 'now')) NULL
20180415 21052622  $ auth  	admin/99797976
20180415 21052622  $ call  	endpoint runSQL
20180415 21052622  $  +    	ubApp.TubApp(02933EE0).DBExecute
20180415 21052622  $  +    		ubApp.TubApp(02933EE0).TubApp.InternalDBExecute
20180415 21052622  $ EXC   			ESQLite3Exception {"ErrorCode":1,"SQLite3ErrorCode":"ERROR","Message":"Error SQLITE_ERROR (1) [ALTER TABLE req_reqList ADD mi_createDate DATETIME DEFAULT (strftime('%Y-%m-%dT%H:%M:%SZ', 'now')) NULL] using 3.17.0 - Cannot add a column with non-constant default, extended_errcode=1"} at 00625076 
20180415 21052622  $ EXC   			EMetabaseException {"errorCode":0,"Message":"Internal server error"} at 008C4B3B 
20180415 21052622  $ EXC   			EMetabaseException {"errorCode":0,"Message":"Internal server error"} at 008C4B3B 
20180415 21052622  $  -    		00.002.699
20180415 21052622  $  -    	00.002.702
20180415 21052622  $ ERROR 	POST runSQL?CONNECTION=main ERROR=500 (Internal server error)
20180415 21052622  $  -    00.003.184
20180415 21052628  ! info  ubApp.TubApp(02933EE0) {   "ClientsCurrent": 1,   "ClientsMax": 1,   "Invalid": 1,   "Responses": 34,   "Modified": 0,   "IncomingBytes": 13738,   "OutcomingBytes": 175640,   "OutcomingFiles": 0,   "ServiceCalls": 34,   "ProcessTime": "1.49s"  }
20180415 21052634  ! EXC   C:\\Users\\D071860\\AppData\\Roaming\\npm\\node_modules\\@unitybase\\ubcli\\node_modules\\@unitybase\\base\\UBConnection.js:421\r\rError: Server error: \"Internal server error\nUBConnection.prototype.xhr@C:\\Users\\D071860\\AppData\\Roaming\\npm\\node_modules\\@unitybase\\ubcli\\node_modules\\@unitybase\\base\\UBConnection.js:421:15\nrunDDLGenerator@C:\\Users\\D071860\\AppData\\Roaming\\npm\\node_modules\\@unitybase\\ubcli\\lib\\generateDDL.js:119:23\ngenerateDDL@C:\\Users\\D071860\\AppData\\Roaming\\npm\\node_modules\\@unitybase\\ubcli\\lib\\generateDDL.js:54:5\n@C:\\Users\\D071860\\AppData\\Roaming\\npm\\node_modules\\@unitybase\\ubcli\\bin\\ubcli.js:20:40\nModule.prototype._compile@module.js:579:16\nModule._extensions[\".js\"]@module.js:588:3\nModule.prototype.load@module.js:496:3\ntryModuleLoad@module.js:455:5\nModule._load@module.js:447:3\nModule.prototype.require@module.js:506:10\n@shell.js:1:16\n
