c:\UnityBase\UB.exe 4.0.0.0 (2018-02-22 16:30:16)Host=WDFN34211327A User=D071860 CPU=4*9-6-19971:FFFBCBBF8373DAFEBF6F9C0000 OS=23.0=10.0.15063 Wow64=1 Freq=2437498Environment variables=ALLUSERSPROFILE=C:\ProgramData	ANSICON=121x32766 (121x26)	ANSICON_DEF=7	APPDATA=C:\Users\D071860\AppData\Roaming	CommonProgramFiles=C:\Program Files (x86)\Common Files	CommonProgramFiles(x86)=C:\Program Files (x86)\Common Files	CommonProgramW6432=C:\Program Files\Common Files	COMPUTERNAME=WDFN34211327A	ComSpec=C:\WINDOWS\system32\cmd.exe	ConEmuANSI=ON	ConEmuAnsiLog=	ConEmuArgs=	ConEmuArgs2=	ConEmuBackHWND=0x000B026E	ConEmuBaseDir=C:\Program Files\ConEmu\ConEmu	ConEmuBaseDirShort=C:\PROGRA~1\ConEmu\ConEmu	ConEmuBuild=180411	ConEmuCfgDir=	ConEmuConfig=	ConEmuDir=C:\Program Files\ConEmu	ConEmuDrawHWND=0x00180912	ConEmuDrive=C:	ConEmuHooks=Enabled	ConEmuHWND=0x001904C6	ConEmuPalette=<ConEmu>	ConEmuPID=1208	ConEmuPrompt0=$E[m$E[32m$E]9;8;"USERNAME"$E\@$E]9;8;"COMPUTERNAME"$E\$S	ConEmuPrompt1=$E[m$E[32m$E]9;8;"USERNAME"$E\@$E]9;8;"COMPUTERNAME"$E\$S$E[92m$P$E[90m	ConEmuPrompt2=$_$E[90m$G	ConEmuPrompt3=$E[m$S$E]9;12$E\	ConEmuServerPID=20132	ConEmuTask={Shells::cmd}	ConEmuWorkDir=C:\Users\D071860	ConEmuWorkDrive=C:	DEFLOGDIR=C:\ProgramData\McAfee\Endpoint Security\Logs	HOMEDRIVE=C:	homeloc=D_WDF	HOMEPATH=\Users\D071860	KUBECONFIG=C:\Practice\kubernetes\RUSLAN-KUBECONFIG	LOCALAPPDATA=C:\Users\D071860\AppData\Local	LOGONSERVER=\\DS2WDF0004	NUMBER_OF_PROCESSORS=4	OneDrive=C:\Users\D071860\OneDrive	OS=Windows_NT	Path=C:\Program Files\ConEmu\ConEmu\Scripts;C:\Program Files\ConEmu;C:\Program Files\ConEmu\ConEmu;C:\ProgramData\Oracle\Java\javapath;C:\Program Files\Docker\Docker\Resources\bin;C:\WINDOWS\system32;C:\WINDOWS;C:\WINDOWS\System32\Wbem;C:\WINDOWS\System32\WindowsPowerShell\v1.0\;C:\Program Files\Minikube;C:\Program Files\Kubernetes;C:\Program Files (x86)\Google\Cloud SDK\google-cloud-sdk\bin;C:\Program Files\PuTTY\;C:\Program Files\nodejs\;c:\UnityBase;C:\Users\D071860\AppData\Local\Microsoft\WindowsApps;C:\Users\D071860\AppData\Roaming\npm	PATHEXT=.COM;.EXE;.BAT;.CMD;.VBS;.VBE;.JS;.JSE;.WSF;.WSH;.MSC	PROCESSOR_ARCHITECTURE=x86	PROCESSOR_ARCHITEW6432=AMD64	PROCESSOR_IDENTIFIER=Intel64 Family 6 Model 78 Stepping 3, GenuineIntel	PROCESSOR_LEVEL=6	PROCESSOR_REVISION=4e03	ProgramData=C:\ProgramData	ProgramFiles=C:\Program Files (x86)	ProgramFiles(x86)=C:\Program Files (x86)	ProgramW6432=C:\Program Files	PROMPT=$E[m$E[32m$E]9;8;"USERNAME"$E\@$E]9;8;"COMPUTERNAME"$E\$S$E[92m$P$E[90m$_$E[90m$G$E[m$S$E]9;12$E\	PSModulePath=C:\Program Files (x86)\WindowsPowerShell\Modules;C:\WINDOWS\system32\WindowsPowerShell\v1.0\Modules;C:\Program Files (x86)\Google\Cloud SDK\google-cloud-sdk\platform\PowerShell	PUBLIC=C:\Users\Public	SESSIONNAME=Console	SNC_LIB=C:\Program Files (x86)\SAP\FrontEnd\SecureLogin\lib\sapcrypto.dll	SNC_LIB_64=C:\Program Files\SAP\FrontEnd\SecureLogin\lib\sapcrypto.dll	SSF_LIBRARY_PATH=C:\Program Files (x86)\SAP\FrontEnd\SecureLogin\lib\sapcrypto.dll	SSF_LIBRARY_PATH_64=C:\Program Files\SAP\FrontEnd\SecureLogin\lib\sapcrypto.dll	SystemDrive=C:	SystemRoot=C:\WINDOWS	TEMP=C:\Users\D071860\AppData\Local\Temp	TMP=C:\Users\D071860\AppData\Local\Temp	UATDATA=C:\WINDOWS\CCM\UATData\D9F8C395-CAB8-491d-B8AC-179A1FE1BE77	UB_HOME=c:\UnityBase	USERDNSDOMAIN=GLOBAL.CORP.SAP	USERDOMAIN=GLOBAL	USERDOMAIN_ROAMINGPROFILE=GLOBAL	USERNAME=D071860	USERPROFILE=C:\Users\D071860	windir=C:\WINDOWSTubLog 1.18.3488 FTS3 2018-04-16T11:31:5920180416 11315956  ! warn  WebSocket support are disabled because WSServer.host = '' in config
20180416 11315957  !  +    ubServer.TubServer(02EFE5E8).008863DB 
20180416 11315957  !  +    	Init app
20180416 11315957  ! srvr  		FTS is disabled
20180416 11315957  ! info  		Check blob store "avatars" folder "C:\ubProject\CityPortal\avatars\": folder exists
20180416 11315957  ! info  		Check blob store "attach" folder "C:\ubProject\CityPortal\docs\attach\": folder exists
20180416 11315957  !  -    	00.000.413
20180416 11315957  !  +    	Folder C:\ubProject\CityPortal\node_modules\@unitybase\ub\ modified
20180416 11315957  !  +    		ubCommonClasses.TubThreadSafeCache(02EFCB08).removeStartsWith
20180416 11315957  !  -    		00.000.003
20180416 11315957  !  -    	00.000.007
20180416 11315957  !  +    	Folder C:\ubProject\CityPortal\node_modules\@unitybase\uba\ modified
20180416 11315957  !  +    		ubCommonClasses.TubThreadSafeCache(02EFCB08).removeStartsWith
20180416 11315957  !  -    		00.000.000
20180416 11315957  !  -    	00.000.004
20180416 11315957  !  +    	Folder C:\ubProject\CityPortal\node_modules\@unitybase\ubs\ modified
20180416 11315957  !  +    		ubCommonClasses.TubThreadSafeCache(02EFCB08).removeStartsWith
20180416 11315957  !  -    		00.000.000
20180416 11315957  !  -    	00.000.004
20180416 11315957  !  +    	Folder C:\ubProject\CityPortal\node_modules\@unitybase\ubm\ modified
20180416 11315957  !  +    		ubCommonClasses.TubThreadSafeCache(02EFCB08).removeStartsWith
20180416 11315957  !  -    		00.000.000
20180416 11315957  !  -    	00.000.003
20180416 11315957  !  +    	Folder C:\ubProject\CityPortal\_public_only_\ modified
20180416 11315957  !  +    		ubCommonClasses.TubThreadSafeCache(02EFCB08).removeStartsWith
20180416 11315957  !  -    		00.000.000
20180416 11315957  !  -    	00.000.004
20180416 11315957  !  +    	Folder C:\ubProject\CityPortal\node_modules\@unitybase\adminui-reg\ modified
20180416 11315957  !  +    		ubCommonClasses.TubThreadSafeCache(02EFCB08).removeStartsWith
20180416 11315957  !  -    		00.000.000
20180416 11315957  !  -    	00.000.004
20180416 11315957  !  +    	Folder C:\ubProject\CityPortal\models\requests\ modified
20180416 11315957  !  +    		ubCommonClasses.TubThreadSafeCache(02EFCB08).removeStartsWith
20180416 11315957  !  -    		00.000.000
20180416 11315957  !  -    	00.000.004
20180416 11315957  !  +    	ubApp.TubApp(02E63EE0).init
20180416 11315957  ! srvr  		Mime converters are disabled
20180416 11315957  !  -    	00.000.003
20180416 11315957  ! srvr  	Enable zip compresison
20180416 11315957  ! srvr  	Send initialization request to http://localhost:888/init
20180416 11315958  "  +    InitializationRequest
20180416 11315958  "  +    	init
20180416 11315958  " srvr  		Start application intialization...
20180416 11315958  " info  		Loading domain...
20180416 11315958  " info  		Loading model "UB" from "C:\ubProject\CityPortal\node_modules\@unitybase\ub\"
20180416 11315958  " info  		Loading model "UBA" from "C:\ubProject\CityPortal\node_modules\@unitybase\uba\"
20180416 11315959  " info  		Loading model "UBS" from "C:\ubProject\CityPortal\node_modules\@unitybase\ubs\"
20180416 11315960  " info  		Loading model "UBM" from "C:\ubProject\CityPortal\node_modules\@unitybase\ubm\"
20180416 11315960  " info  		Loading model "adminui-reg" from "C:\ubProject\CityPortal\node_modules\@unitybase\adminui-reg\"
20180416 11315960  " info  		Loading model "RequestList" from "C:\ubProject\CityPortal\models\requests\"
20180416 11315960  "  +    		ubApp.TubDataStore(043641B8).Init
20180416 11315960  "  +    			ubApp.TubApp(02E63EE0).DBExecute
20180416 11315960  "  +    				ubApp.TubApp(02E63EE0).TubApp.InternalDBExecute
20180416 11315960  "  +    					00856EC2 
20180416 11315961  "  -    					00.002.852
20180416 11315961  " SQL   					ubDBSQLite3ThreadSafe.TubSQLite3Statement(02F16EB0) PRAGMA foreign_keys = ON
20180416 11315961  " SQL   					ubDBSQLite3ThreadSafe.TubSQLite3Statement(02F168B0) SELECT A01.ID,A01.entity,A01.state,A01.attribute,A01.roleName,A01.actions  FROM uba_als A01  ORDER BY A01.entity ASC
20180416 11315961  "  -    				00.002.973
20180416 11315961  "  -    			00.003.010
20180416 11315961  " debug 			Query result for entity "uba_als" into data name "": row count=0
20180416 11315961  "  -    		00.003.035
20180416 11315961  " srvr  		The domain loaded successfully with 0 entities
20180416 11315961  " debug 		Create new JavaScript Engine for thread 58868
20180416 11320013  "  +    		008C234A 
20180416 11320013  "  +    			ubApp.TubDataStore(056F5CC8).Init
20180416 11320013  "  +    				ubApp.TubApp(02E63EE0).DBExecute
20180416 11320013  "  +    					ubApp.TubApp(02E63EE0).TubApp.InternalDBExecute
20180416 11320013  " SQL   						ubDBSQLite3ThreadSafe.TubSQLite3Statement(02F17210) SELECT A01.ID,A01.name,A01.sessionTimeout,A01.allowedAppMethods  FROM uba_role A01 
20180416 11320013  "  -    					00.000.050
20180416 11320013  "  -    				00.000.135
20180416 11320013  " debug 				Query result for entity "uba_role" into data name "": row count=9
20180416 11320013  "  -    			00.000.166
20180416 11320013  "  +    			ubApp.TubDataStore(056F5D40).Init
20180416 11320013  "  +    				ubApp.TubApp(02E63EE0).DBExecute
20180416 11320013  "  +    					ubApp.TubApp(02E63EE0).TubApp.InternalDBExecute
20180416 11320013  " SQL   						ubDBSQLite3ThreadSafe.TubSQLite3Statement(02F171B0) SELECT A01.ID,A01.entityMask,A01.methodMask,A01.ruleType,A01.ruleRole,A01.disabled,A01.code  FROM uba_els A01 
20180416 11320013  "  -    					00.000.030
20180416 11320013  "  -    				00.000.168
20180416 11320013  " debug 				Query result for entity "uba_els" into data name "": row count=88
20180416 11320013  "  -    			00.000.192
20180416 11320013  "  -    		00.002.410
20180416 11320013  " auth  		New session admin/151793520 created at 127.0.0.1/-144115182170275416 using Mozilla/5.0 (Windows; mORMot 1.18 TWinHTTP)
20180416 11320013  " auth  		New session anonymous/151793523 created at 127.0.0.1/-144115182170275416 using Mozilla/5.0 (Windows; mORMot 1.18 TWinHTTP)
20180416 11320013  "  +    		ubApp.TubDataStore(056F5EA8).Init
20180416 11320013  "  +    			ubApp.TubApp(02E63EE0).DBExecute
20180416 11320013  "  +    				ubApp.TubApp(02E63EE0).TubApp.InternalDBExecute
20180416 11320013  " debug 					P1: String(34)	UBA.passwordPolicy.maxDurationDays
20180416 11320013  " SQL   					ubDBSQLite3ThreadSafe.TubSQLite3Statement(02F172D0) select settingValue from ubs_settings where settingKey =?
20180416 11320013  "  -    				00.000.036
20180416 11320013  "  -    			00.000.098
20180416 11320013  " debug 			Query result for entity "ubs_settings" into data name "": row count=1
20180416 11320013  "  -    		00.000.107
20180416 11320013  "  +    		ubApp.TubDataStore(056F5EA8).Init
20180416 11320013  "  +    			ubApp.TubApp(02E63EE0).DBExecute
20180416 11320013  "  +    				ubApp.TubApp(02E63EE0).TubApp.InternalDBExecute
20180416 11320013  " debug 					P1: String(37)	UBA.passwordPolicy.maxInvalidAttempts
20180416 11320013  " SQL   					ubDBSQLite3ThreadSafe.TubSQLite3Statement(02F172D0) select settingValue from ubs_settings where settingKey =?
20180416 11320013  "  -    				00.000.006
20180416 11320013  "  -    			00.000.019
20180416 11320013  " debug 			Query result for entity "ubs_settings" into data name "": row count=1
20180416 11320013  "  -    		00.000.025
20180416 11320013  "  -    	00.275.335
20180416 11320013  "  -    00.275.350
20180416 11320013  ! srvr  	ubServer.TubServer(02EFE5E8) {"THttpApiServer(02E2A990)":{"Cloned":false,"RegisteredUrl":"http://+:888/","HTTPQueueLength":1000,"MaxBandwidth":-1,"MaxConnections":-1,"APIVersion":"HTTP API 2.0","ServerName":"UnityBase","ProcessName":""}} initialized
20180416 11320013  !  -    00.300.095
20180416 11320129  "  +    ubql
20180416 11320129  " http  	127.0.0.1 -> POST ubql
20180416 11320129  " http  	[{"fieldList":["model","report_code","name","template","code","ID","mi_modifyDate"],"entity":"ubs_report","method":"update","alsNeed":false,"execParams":{"template":"{\"store\":\"mdb\",\"fName\":\"xlsxExample.template\",\"origName\":\"xlsxExample.template\",\"relPath\":\"\",\"ct\":\"application/template\",\"size\":1085,\"md5\":\"0996716c740eac10d0a196b026a7825a\",\"revision\":1,\"isDirty\":true}","ID":1847324396,"mi_modifyDate":"2018-04-16T13:31:37.000Z"}}]
20180416 11320129  " http  	<- 401
20180416 11320129  "  -    00.000.082
20180416 11320231  #  +    auth?AUTHTYPE=UB&userName=admin
20180416 11320231  # http  	127.0.0.1 -> POST auth?AUTHTYPE=UB&userName=admin
20180416 11320231  # debug 	Create new JavaScript Engine for thread 61732
20180416 11320245  # call  	endpoint auth
20180416 11320245  # http  	127.0.0.1 <- 200
20180416 11320245  #  -    00.230.864
20180416 11320245  $  +    auth?AUTHTYPE=UB&clientNonce=f6f3e3639dca7050d02b62ff916ec749936bd4e1e024fb1767a9e396d752d5ed&password=86fc880640b22b717e8b836259be88b3a29d9b07bc191cad126e41e875eee35b&userName=admin
20180416 11320245  $ http  	127.0.0.1 -> POST auth?AUTHTYPE=UB&clientNonce=f6f3e3639dca7050d02b62ff916ec749936bd4e1e024fb1767a9e396d752d5ed&password=86fc880640b22b717e8b836259be88b3a29d9b07bc191cad126e41e875eee35b&userName=admin
20180416 11320245  $ debug 	Create new JavaScript Engine for thread 66668
20180416 11320259  $ call  	endpoint auth
20180416 11320259  $  +    	ubApp.TubDataStore(056FB150).Init
20180416 11320259  $  +    		ubApp.TubApp(02E63EE0).DBExecute
20180416 11320259  $  +    			ubApp.TubApp(02E63EE0).TubApp.InternalDBExecute
20180416 11320259  $  +    				00856EC2 
20180416 11320259  $  -    				00.002.311
20180416 11320259  $ SQL   				ubDBSQLite3ThreadSafe.TubSQLite3Statement(02F18050) PRAGMA foreign_keys = ON
20180416 11320259  $ debug 				P1: String(5)	admin
20180416 11320259  $ SQL   				ubDBSQLite3ThreadSafe.TubSQLite3Statement(02F179F0) select id, name, uPasswordHashHexa, uData, isPending, trustedIP from UBA_USER where name=? and disabled=0
20180416 11320259  $  -    			00.002.357
20180416 11320259  $  -    		00.002.406
20180416 11320259  $ debug 		Query result for entity "uba_user" into data name "": row count=1
20180416 11320259  $  -    	00.002.422
20180416 11320259  $  +    	ubApp.TubDataStore(056FB150).Init
20180416 11320259  $  +    		ubApp.TubApp(02E63EE0).DBExecute
20180416 11320259  $  +    			ubApp.TubApp(02E63EE0).TubApp.InternalDBExecute
20180416 11320259  $ debug 				P1: Int64		10
20180416 11320259  $ SQL   				ubDBSQLite3ThreadSafe.TubSQLite3Statement(02F18050) SELECT lastPasswordChangeDate FROM uba_user WHERE id=?
20180416 11320259  $  -    			00.000.018
20180416 11320259  $  -    		00.000.041
20180416 11320259  $ debug 		Query result for entity "uba_user" into data name "__expireDate": row count=1
20180416 11320259  $  -    	00.000.048
20180416 11320259  $  +    	ubApp.TubDataStore(06D36D70).Init
20180416 11320259  $  +    		ubApp.TubApp(02E63EE0).DBExecute
20180416 11320259  $  +    			ubApp.TubApp(02E63EE0).TubApp.InternalDBExecute
20180416 11320259  $ debug 				P1: Int64		10
20180416 11320259  $ SQL   				ubDBSQLite3ThreadSafe.TubSQLite3Statement(02F18110) SELECT A01.roleID,A02.name,A02.description  FROM uba_userrole A01  INNER JOIN uba_role A02 ON A02.ID=A01.roleID  WHERE A01.userID=?
20180416 11320259  $  -    			00.000.069
20180416 11320259  $  -    		00.000.124
20180416 11320259  $ debug 		Query result for entity "uba_userrole" into data name "": row count=1
20180416 11320259  $  -    	00.000.132
20180416 11320259  $ auth  	New session admin/151793522 created at 127.0.0.1/-432345549732052283 using Mozilla/5.0 (Windows NT 10.0; Win64; x64) AppleWebKit/537.36 (KHTML, like Gecko) Chrome/65.0.3325.181 Safari/537.36
20180416 11320259  $  +    	ubMixinClasses.TubStorageMixin(02EB42C0).MixinMethod
20180416 11320259  $ debug 		uba_user.select(TubStorageMixin)
20180416 11320259  $  +    		ubApp.TubDataStore(06D36D70).Init
20180416 11320259  $  +    			ubApp.TubApp(02E63EE0).DBExecute
20180416 11320259  $  +    				ubApp.TubApp(02E63EE0).TubApp.InternalDBExecute
20180416 11320259  $ debug 					P1: Int64		10
20180416 11320259  $ SQL   					ubDBSQLite3ThreadSafe.TubSQLite3Statement(02F18230) SELECT A01.name  FROM uba_user A01  WHERE A01.ID=?
20180416 11320259  $  -    				00.000.085
20180416 11320259  $  -    			00.000.151
20180416 11320259  $ debug 			Query result for entity "uba_user" into data name "": row count=1
20180416 11320259  $  -    		00.000.159
20180416 11320259  $  -    	00.000.233
20180416 11320300  $  +    	ubMixinClasses.TubStorageMixin(02EB42C0).MixinMethod
20180416 11320300  $ debug 		uba_advSecurity.select(TubStorageMixin)
20180416 11320300  $  +    		ubApp.TubDataStore(06D36D70).Init
20180416 11320300  $  +    			ubApp.TubApp(02E63EE0).DBExecute
20180416 11320300  $  +    				ubApp.TubApp(02E63EE0).TubApp.InternalDBExecute
20180416 11320300  $ debug 					P1: Int64		10
20180416 11320300  $ SQL   					ubDBSQLite3ThreadSafe.TubSQLite3Statement(02F18290) SELECT A01.ID,A01.allowedIP,A01.refreshIP,A01.fp,A01.refreshFp,A01.keyMediaName,A01.refreshKeyMedia,A01.mi_modifyDate  FROM uba_advSecurity A01  WHERE A01.userID=?
20180416 11320300  $  -    				00.000.078
20180416 11320300  $  -    			00.000.149
20180416 11320300  $ debug 			Query result for entity "uba_advSecurity" into data name "": row count=0
20180416 11320300  $  -    		00.000.160
20180416 11320300  $  -    	00.000.308
20180416 11320300  $  +    	ubMixinClasses.TubStorageMixin(02EB42C0).MixinMethod
20180416 11320300  $ debug 		uba_userrole.select(TubStorageMixin)
20180416 11320300  $  +    		ubApp.TubDataStore(06D36D70).Init
20180416 11320300  $  +    			ubApp.TubApp(02E63EE0).DBExecute
20180416 11320300  $  +    				ubApp.TubApp(02E63EE0).TubApp.InternalDBExecute
20180416 11320300  $ debug 					P1: Int64		10
20180416 11320300  $ SQL   					ubDBSQLite3ThreadSafe.TubSQLite3Statement(02F182F0) SELECT A01.ID,A02.name,A01.roleID  FROM uba_userrole A01  INNER JOIN uba_role A02 ON A02.ID=A01.roleID  WHERE A01.userID=?
20180416 11320300  $  -    				00.000.064
20180416 11320300  $  -    			00.000.136
20180416 11320300  $ debug 			Query result for entity "uba_userrole" into data name "": row count=1
20180416 11320300  $  -    		00.000.144
20180416 11320300  $  -    	00.000.219
20180416 11320300  $  +    	ubMixinClasses.TubStorageMixin(02EB42C0).MixinMethod
20180416 11320300  $ debug 		uba_audit.beforeinsert(TubStorageMixin)
20180416 11320300  $  -    	00.000.017
20180416 11320300  $  +    	ubMixinClasses.TubStorageMixin(02EB42C0).MixinMethod
20180416 11320300  $ debug 		uba_audit.insert(TubStorageMixin)
20180416 11320300  $  +    		ubApp.TubDataStore(056FAF48).TubDataStore.ExecuteInsertFromList
20180416 11320300  $  +    			ubApp.TubDataStore(056FAF48).TubDataStore.ExecuteInsertFromSQL
20180416 11320300  $  +    				ubApp.TubApp(02E63EE0).DBExecute
20180416 11320300  $  +    					ubApp.TubApp(02E63EE0).TubApp.InternalDBExecute
20180416 11320300  $ debug 						P1: String(8)	uba_user
20180416 11320300  $ debug 						P2: Int64		10
20180416 11320300  $ debug 						P3: String(5)	LOGIN
20180416 11320300  $ debug 						P4: Int64		10
20180416 11320300  $ debug 						P5: DateTime	2018-04-16T11:32:03
20180416 11320300  $ debug 						P6: String(9)	127.0.0.1
20180416 11320300  $ debug 						P7: String(5)	admin
20180416 11320300  $ debug 						P8: String(0)	
20180416 11320300  $ debug 						P9: Int64		335793913692161
20180416 11320300  $ debug 						P10: String(556..)	Connection: keep-alive  Content-Length: 0  Accept: application/json, text/plain, */*  Accept-Encodin...
20180416 11320300  $ DB    						StartTransaction for connection "main"
20180416 11320300  $ SQL   						ubDBSQLite3ThreadSafe.TubSQLite3Statement(02F183B0) INSERT INTO uba_audit (entity,entityinfo_id,actionType,actionUser,actionTime,remoteIP,targetUser,targetRole,ID,fromValue) VALUES (?,?,?,?,?,?,?,?,?,?)
20180416 11320300  $  -    					00.000.198
20180416 11320300  $  -    				00.000.200
20180416 11320300  $  -    			00.000.289
20180416 11320300  $  -    		00.000.300
20180416 11320300  $  -    	00.000.304
20180416 11320300  $  +    	ubMixinClasses.TubStorageMixin(02EB42C0).MixinMethod
20180416 11320300  $ debug 		uba_audit.afterinsert(TubStorageMixin)
20180416 11320300  $  -    	00.000.080
20180416 11320300  $ DB    	Commit connection "main"
20180416 11320300  $ http  	127.0.0.1 <- 200
20180416 11320300  $  -    00.269.418
20180416 11320300  %  +    ubql
20180416 11320300  % http  	127.0.0.1 -> POST ubql
20180416 11320300  % http  	[{"fieldList":["model","report_code","name","template","code","ID","mi_modifyDate"],"entity":"ubs_report","method":"update","alsNeed":false,"execParams":{"template":"{\"store\":\"mdb\",\"fName\":\"xlsxExample.template\",\"origName\":\"xlsxExample.template\",\"relPath\":\"\",\"ct\":\"application/template\",\"size\":1085,\"md5\":\"0996716c740eac10d0a196b026a7825a\",\"revision\":1,\"isDirty\":true}","ID":1847324396,"mi_modifyDate":"2018-04-16T13:31:37.000Z"}}]
20180416 11320300  % debug 	Create new JavaScript Engine for thread 62124
20180416 11320317  % auth  	admin/151793522
20180416 11320317  % call  	endpoint ubql
20180416 11320317  %  +    	ubMixinClasses.TubStorageMixin(02EB42C0).MixinMethod
20180416 11320317  % debug 		ubs_report.beforeupdate(TubStorageMixin)
20180416 11320320  %  -    	00.059.779
20180416 11320322  %  +    	ubMixinClasses.TubStorageMixin(02EB42C0).MixinMethod
20180416 11320322  % debug 		ubs_report.afterupdate(TubStorageMixin)
20180416 11320322  %  -    	00.010.137
20180416 11320322  %  +    	ubMixinClasses.TubAuditMixin(02EB4F70).MixinMethod
20180416 11320322  % debug 		ubs_report.afterupdate(TubAuditMixin)
20180416 11320322  %  +    		ubApp.TubDataStore(06D3A4C0).TubDataStore.ExecuteInsertFromSQL
20180416 11320322  %  +    			ubApp.TubApp(02E63EE0).DBExecute
20180416 11320322  %  +    				ubApp.TubApp(02E63EE0).TubApp.InternalDBExecute
20180416 11320322  %  +    					00856EC2 
20180416 11320322  %  -    					00.003.365
20180416 11320322  % SQL   					ubDBSQLite3ThreadSafe.TubSQLite3Statement(02F18D70) PRAGMA foreign_keys = ON
20180416 11320322  % debug 					P1: Int64		335793913724929
20180416 11320322  % debug 					P2: String(10)	ubs_report
20180416 11320322  % debug 					P3: Int64		1847324396
20180416 11320322  % debug 					P4: String(6)	UPDATE
20180416 11320322  % debug 					P5: Int64		10
20180416 11320322  % debug 					P6: DateTime	2018-04-16T11:32:03
20180416 11320322  % debug 					P7: String(9)	127.0.0.1
20180416 11320322  % debug 					P8: Int64		1847324396
20180416 11320322  % debug 					P9: String(1)	]
20180416 11320322  % debug 					P10: String(302..)	{"template":"{\"store\":\"mdb\",\"fName\":\"xlsxExample.template\",\"origName\":\"xlsxExample.templa...
20180416 11320322  % DB    					StartTransaction for connection "main"
20180416 11320322  % SQL   					ubDBSQLite3ThreadSafe.TubSQLite3Statement(02F18710) INSERT INTO uba_auditTrail (ID,entity,entityinfo_id,actionType,actionUser,actionTime,remoteIP,parentEntityInfo_id,fromValue,toValue) VALUES (?,?,?,?,?,?,?,?,?,?)
20180416 11320322  %  -    				00.003.540
20180416 11320322  %  -    			00.003.543
20180416 11320322  %  -    		00.003.679
20180416 11320322  %  -    	00.003.731
20180416 11320322  % DB    	Commit connection "main" in 393us
20180416 11320322  % http  	127.0.0.1 <- 200
20180416 11320322  %  -    00.358.817
20180416 11320328  &  +    getDocument?entity=ubs_report&attribute=template&ID=1847324396&origName=xlsxExample.template&filename=ubs_report1847324396template&_dc=1523878323377
20180416 11320328  & http  	127.0.0.1 -> GET getDocument?entity=ubs_report&attribute=template&ID=1847324396&origName=xlsxExample.template&filename=ubs_report1847324396template&_dc=1523878323377
20180416 11320328  & debug 	Create new JavaScript Engine for thread 59144
20180416 11320328  '  +    getDocument?entity=ubs_report&attribute=code&ID=1847324396&origName=xlsxExample.js&filename=ubs_report1847324396code&_dc=1523878323379
20180416 11320328  ' http  	127.0.0.1 -> GET getDocument?entity=ubs_report&attribute=code&ID=1847324396&origName=xlsxExample.js&filename=ubs_report1847324396code&_dc=1523878323379
20180416 11320332  ' debug 	Create new JavaScript Engine for thread 67620
20180416 11320345  & auth  	admin/151793522
20180416 11320345  & call  	endpoint getDocument
20180416 11320349  ' auth  	admin/151793522
20180416 11320349  ' call  	endpoint getDocument
20180416 11320349  & http  	127.0.0.1 <- 200
20180416 11320349  &  -    00.332.348
20180416 11320353  ' http  	127.0.0.1 <- 200
20180416 11320353  '  -    00.400.807
20180416 11320356  (  +    ubql
20180416 11320356  ( http  	127.0.0.1 -> POST ubql
20180416 11320356  ( http  	[{"entity":"ubs_report","method":"select","fieldList":["ID","report_code","name","template","code","model"],"version":"-1"}]
20180416 11320356  ( debug 	Create new JavaScript Engine for thread 60080
20180416 11320409  ( auth  	admin/151793522
20180416 11320409  ( call  	endpoint ubql
20180416 11320412  ( http  	127.0.0.1 <- 200
20180416 11320412  (  -    00.294.080
20180416 11320413  )  +    getDocument?entity=ubs_report&attribute=template&ID=1847324396&origName=xlsxExample.template&dtrPrm=1523878324207
20180416 11320413  ) http  	127.0.0.1 -> GET getDocument?entity=ubs_report&attribute=template&ID=1847324396&origName=xlsxExample.template&dtrPrm=1523878324207
20180416 11320413  ) debug 	Create new JavaScript Engine for thread 65840
20180416 11320413  "  +    getDocument?entity=ubs_report&attribute=code&ID=1847324396&origName=xlsxExample.js&dtrPrm=1523878324207
20180416 11320413  " http  	127.0.0.1 -> GET getDocument?entity=ubs_report&attribute=code&ID=1847324396&origName=xlsxExample.js&dtrPrm=1523878324207
20180416 11320415  " auth  	admin/151793522
20180416 11320415  " call  	endpoint getDocument
20180416 11320419  " http  	127.0.0.1 <- 200
20180416 11320419  "  -    00.102.153
20180416 11320427  ) auth  	admin/151793522
20180416 11320427  ) call  	endpoint getDocument
20180416 11320430  ) http  	127.0.0.1 <- 200
20180416 11320430  )  -    00.273.741
20180416 11322617  #  +    setDocument?ID=1847324396&attribute=template&entity=ubs_report&filename=xlsxExample.template
20180416 11322617  $  +    setDocument?ID=1847324396&attribute=code&entity=ubs_report&filename=xlsxExample.js
20180416 11322617  # http  	127.0.0.1 -> POST setDocument?ID=1847324396&attribute=template&entity=ubs_report&filename=xlsxExample.template
20180416 11322617  $ http  	127.0.0.1 -> POST setDocument?ID=1847324396&attribute=code&entity=ubs_report&filename=xlsxExample.js
20180416 11322617  # http  	!BIN(4622)
20180416 11322617  $ http  	!BIN(2602)
20180416 11322617  # auth  	admin/151793522
20180416 11322617  # call  	endpoint setDocument
20180416 11322617  $ auth  	admin/151793522
20180416 11322617  $ call  	endpoint setDocument
20180416 11322618  # http  	127.0.0.1 <- 200
20180416 11322618  #  -    00.010.717
20180416 11322618  $ http  	127.0.0.1 <- 200
20180416 11322618  $  -    00.011.277
20180416 11322619  %  +    ubql
20180416 11322619  % http  	127.0.0.1 -> POST ubql
20180416 11322619  % http  	[{"fieldList":["model","report_code","name","template","code","ID","mi_modifyDate"],"entity":"ubs_report","method":"update","alsNeed":false,"execParams":{"template":"{\"store\":\"mdb\",\"fName\":\"xlsxExample.template\",\"origName\":\"xlsxExample.template\",\"relPath\":\"\",\"ct\":\"application/template\",\"size\":4622,\"md5\":\"52deb7352ea80d80c140b54f9426d571\",\"revision\":1,\"isDirty\":true}","code":"{\"store\":\"mdb\",\"fName\":\"xlsxExample.js\",\"origName\":\"xlsxExample.js\",\"relPath\":\"\",\"ct\":\"application/javascript\",\"size\":2602,\"md5\":\"a120315122c540e48e2df24ec70cb6d3\",\"revision\":1,\"isDirty\":true}","ID":1847324396,"mi_modifyDate":"2018-04-16T13:32:03.000Z"}}]
20180416 11322619  % auth  	admin/151793522
20180416 11322619  % call  	endpoint ubql
20180416 11322619  %  +    	ubMixinClasses.TubStorageMixin(02EB42C0).MixinMethod
20180416 11322619  % debug 		ubs_report.beforeupdate(TubStorageMixin)
20180416 11322619  %  -    	00.001.798
20180416 11322620  %  +    	ubMixinClasses.TubStorageMixin(02EB42C0).MixinMethod
20180416 11322620  % debug 		ubs_report.afterupdate(TubStorageMixin)
20180416 11322620  %  -    	00.009.455
20180416 11322620  %  +    	ubMixinClasses.TubAuditMixin(02EB4F70).MixinMethod
20180416 11322620  % debug 		ubs_report.afterupdate(TubAuditMixin)
20180416 11322620  %  +    		ubApp.TubDataStore(06C3F6A0).TubDataStore.ExecuteInsertFromSQL
20180416 11322620  %  +    			ubApp.TubApp(02E63EE0).DBExecute
20180416 11322620  %  +    				ubApp.TubApp(02E63EE0).TubApp.InternalDBExecute
20180416 11322620  % debug 					P1: Int64		335793916674049
20180416 11322620  % debug 					P2: String(10)	ubs_report
20180416 11322620  % debug 					P3: Int64		1847324396
20180416 11322620  % debug 					P4: String(6)	UPDATE
20180416 11322620  % debug 					P5: Int64		10
20180416 11322620  % debug 					P6: DateTime	2018-04-16T11:32:26
20180416 11322620  % debug 					P7: String(9)	127.0.0.1
20180416 11322620  % debug 					P8: Int64		1847324396
20180416 11322620  % debug 					P9: String(1)	]
20180416 11322620  % debug 					P10: String(534..)	{"template":"{\"store\":\"mdb\",\"fName\":\"xlsxExample.template\",\"origName\":\"xlsxExample.templa...
20180416 11322620  % DB    					StartTransaction for connection "main"
20180416 11322620  % SQL   					ubDBSQLite3ThreadSafe.TubSQLite3Statement(02F19A30) INSERT INTO uba_auditTrail (ID,entity,entityinfo_id,actionType,actionUser,actionTime,remoteIP,parentEntityInfo_id,fromValue,toValue) VALUES (?,?,?,?,?,?,?,?,?,?)
20180416 11322620  %  -    				00.000.128
20180416 11322620  %  -    			00.000.131
20180416 11322620  %  -    		00.000.228
20180416 11322620  %  -    	00.000.269
20180416 11322620  % DB    	Commit connection "main" in 190us
20180416 11322620  % http  	127.0.0.1 <- 200
20180416 11322620  %  -    00.027.616
20180416 11322624  &  +    getDocument?entity=ubs_report&attribute=template&ID=1847324396&origName=xlsxExample.template&filename=ubs_report1847324396template&_dc=1523878346339
20180416 11322624  & http  	127.0.0.1 -> GET getDocument?entity=ubs_report&attribute=template&ID=1847324396&origName=xlsxExample.template&filename=ubs_report1847324396template&_dc=1523878346339
20180416 11322624  & auth  	admin/151793522
20180416 11322624  & call  	endpoint getDocument
20180416 11322624  '  +    getDocument?entity=ubs_report&attribute=code&ID=1847324396&origName=xlsxExample.js&filename=ubs_report1847324396code&_dc=1523878346342
20180416 11322624  ' http  	127.0.0.1 -> GET getDocument?entity=ubs_report&attribute=code&ID=1847324396&origName=xlsxExample.js&filename=ubs_report1847324396code&_dc=1523878346342
20180416 11322624  ' auth  	admin/151793522
20180416 11322624  ' call  	endpoint getDocument
20180416 11322624  & http  	127.0.0.1 <- 200
20180416 11322624  &  -    00.003.595
20180416 11322624  ' http  	127.0.0.1 <- 200
20180416 11322624  '  -    00.003.195
20180416 11324646  (  +    setDocument?ID=1322283145&attribute=code&entity=ubs_report&filename=Reqlist_HD_month.js
20180416 11324646  ( http  	127.0.0.1 -> POST setDocument?ID=1322283145&attribute=code&entity=ubs_report&filename=Reqlist_HD_month.js
20180416 11324646  ( http  	!BIN(1455)
20180416 11324646  ( auth  	admin/151793522
20180416 11324646  ( call  	endpoint setDocument
20180416 11324646  ( http  	127.0.0.1 <- 200
20180416 11324646  (  -    00.008.792
20180416 11324647  "  +    ubql
20180416 11324647  " http  	127.0.0.1 -> POST ubql
20180416 11324647  " http  	[{"fieldList":["model","report_code","name","template","code","ID","mi_modifyDate"],"entity":"ubs_report","method":"update","alsNeed":false,"execParams":{"code":"{\"store\":\"mdb\",\"fName\":\"Reqlist_HD_month.js\",\"origName\":\"Reqlist_HD_month.js\",\"relPath\":\"\",\"ct\":\"application/javascript\",\"size\":1455,\"md5\":\"acf948a8d885a50ea8f0086a0c12c53d\",\"revision\":1,\"isDirty\":true}","ID":1322283145,"mi_modifyDate":"2018-04-16T13:27:13.000Z"}}]
20180416 11324647  " auth  	admin/151793522
20180416 11324647  " call  	endpoint ubql
20180416 11324647  "  +    	ubMixinClasses.TubStorageMixin(02EB42C0).MixinMethod
20180416 11324647  " debug 		ubs_report.beforeupdate(TubStorageMixin)
20180416 11324647  "  -    	00.001.104
20180416 11324648  "  +    	ubMixinClasses.TubStorageMixin(02EB42C0).MixinMethod
20180416 11324648  " debug 		ubs_report.afterupdate(TubStorageMixin)
20180416 11324650  "  -    	00.018.792
20180416 11324650  "  +    	ubMixinClasses.TubAuditMixin(02EB4F70).MixinMethod
20180416 11324650  " debug 		ubs_report.afterupdate(TubAuditMixin)
20180416 11324650  "  +    		ubApp.TubDataStore(06C3F970).TubDataStore.ExecuteInsertFromSQL
20180416 11324650  "  +    			ubApp.TubApp(02E63EE0).DBExecute
20180416 11324650  "  +    				ubApp.TubApp(02E63EE0).TubApp.InternalDBExecute
20180416 11324650  " debug 					P1: Int64		335793919295489
20180416 11324650  " debug 					P2: String(10)	ubs_report
20180416 11324650  " debug 					P3: Int64		1322283145
20180416 11324650  " debug 					P4: String(6)	UPDATE
20180416 11324650  " debug 					P5: Int64		10
20180416 11324650  " debug 					P6: DateTime	2018-04-16T11:32:46
20180416 11324650  " debug 					P7: String(9)	127.0.0.1
20180416 11324650  " debug 					P8: Int64		1322283145
20180416 11324650  " debug 					P9: String(1)	]
20180416 11324650  " debug 					P10: String(298..)	{"code":"{\"store\":\"mdb\",\"fName\":\"Reqlist_HD_month.js\",\"origName\":\"Reqlist_HD_month.js\",\...
20180416 11324650  " DB    					StartTransaction for connection "main"
20180416 11324650  " SQL   					ubDBSQLite3ThreadSafe.TubSQLite3Statement(02F19AF0) INSERT INTO uba_auditTrail (ID,entity,entityinfo_id,actionType,actionUser,actionTime,remoteIP,parentEntityInfo_id,fromValue,toValue) VALUES (?,?,?,?,?,?,?,?,?,?)
20180416 11324650  "  -    				00.000.219
20180416 11324650  "  -    			00.000.222
20180416 11324650  "  -    		00.000.338
20180416 11324650  "  -    	00.000.390
20180416 11324650  " DB    	Commit connection "main" in 308us
20180416 11324650  " http  	127.0.0.1 <- 200
20180416 11324650  "  -    00.041.389
20180416 11324653  )  +    getDocument?entity=ubs_report&attribute=template&ID=1322283145&origName=Reqlist_HD_month.template&filename=ubs_report1322283145template&_dc=1523878366807
20180416 11324653  ) http  	127.0.0.1 -> GET getDocument?entity=ubs_report&attribute=template&ID=1322283145&origName=Reqlist_HD_month.template&filename=ubs_report1322283145template&_dc=1523878366807
20180416 11324653  ) auth  	admin/151793522
20180416 11324653  ) call  	endpoint getDocument
20180416 11324653  #  +    getDocument?entity=ubs_report&attribute=code&ID=1322283145&origName=Reqlist_HD_month.js&filename=ubs_report1322283145code&_dc=1523878366809
20180416 11324653  # http  	127.0.0.1 -> GET getDocument?entity=ubs_report&attribute=code&ID=1322283145&origName=Reqlist_HD_month.js&filename=ubs_report1322283145code&_dc=1523878366809
20180416 11324653  # auth  	admin/151793522
20180416 11324653  # call  	endpoint getDocument
20180416 11324653  ) http  	127.0.0.1 <- 200
20180416 11324653  )  -    00.002.916
20180416 11324658  # http  	127.0.0.1 <- 200
20180416 11324658  #  -    00.072.155
20180416 11324813  $  +    ubql
20180416 11324813  $ http  	127.0.0.1 -> POST ubql
20180416 11324813  $ http  	[{"entity":"ubs_report","method":"select","fieldList":["ID","report_code","name","template","code","model"],"version":"-1"}]
20180416 11324813  $ auth  	admin/151793522
20180416 11324813  $ call  	endpoint ubql
20180416 11324814  $ http  	127.0.0.1 <- 200
20180416 11324814  $  -    00.020.704
20180416 11324815  %  +    getDocument?entity=ubs_report&attribute=template&ID=1322283145&origName=Reqlist_HD_month.template&dtrPrm=1523878368238
20180416 11324815  % http  	127.0.0.1 -> GET getDocument?entity=ubs_report&attribute=template&ID=1322283145&origName=Reqlist_HD_month.template&dtrPrm=1523878368238
20180416 11324815  % auth  	admin/151793522
20180416 11324815  % call  	endpoint getDocument
20180416 11324815  &  +    getDocument?entity=ubs_report&attribute=code&ID=1322283145&origName=Reqlist_HD_month.js&dtrPrm=1523878368238
20180416 11324815  & http  	127.0.0.1 -> GET getDocument?entity=ubs_report&attribute=code&ID=1322283145&origName=Reqlist_HD_month.js&dtrPrm=1523878368238
20180416 11324815  & auth  	admin/151793522
20180416 11324815  & call  	endpoint getDocument
20180416 11324815  % http  	127.0.0.1 <- 200
20180416 11324815  %  -    00.002.519
20180416 11324815  & http  	127.0.0.1 <- 200
20180416 11324815  &  -    00.011.040
20180416 11324819  '  +    ubql
20180416 11324819  ' http  	127.0.0.1 -> POST ubql
20180416 11324819  ' http  	[{"entity":"req_reqList","method":"select","fieldList":["reqDate","applicantInfo","reqText","answer"],"whereList":{"c1":{"expression":"[department]","condition":"equal","values":{"c1":335784175468545}},"c2":{"expression":"[reqDate]","condition":"moreEqual","values":{"c2":"2018-03-31T22:00:00.000Z"}},"c3":{"expression":"[reqDate]","condition":"less","values":{"c3":"2018-04-30T22:00:00.000Z"}}}}]
20180416 11324819  ' auth  	admin/151793522
20180416 11324819  ' call  	endpoint ubql
20180416 11324819  '  +    	ubMixinClasses.TubDataHistoryMixin(02EB4CD0).MixinMethod
20180416 11324819  ' debug 		req_reqList.select(TubDataHistoryMixin)
20180416 11324819  '  -    	00.000.020
20180416 11324819  '  +    	ubMixinClasses.TubRLSMixin(02EB4E20).MixinMethod
20180416 11324819  ' debug 		req_reqList.select(TubRLSMixin)
20180416 11324819  ' debug 		Prepare RLS expression for req_reqList
20180416 11324819  '  -    	00.000.242
20180416 11324819  '  +    	ubMixinClasses.TubStorageMixin(02EB42C0).MixinMethod
20180416 11324819  ' debug 		req_reqList.select(TubStorageMixin)
20180416 11324819  '  +    		ubApp.TubDataStore(06C3F998).Init
20180416 11324819  '  +    			ubApp.TubApp(02E63EE0).DBExecute
20180416 11324819  '  +    				ubApp.TubApp(02E63EE0).TubApp.InternalDBExecute
20180416 11324819  '  +    					00856EC2 
20180416 11324821  '  -    					00.016.580
20180416 11324821  ' SQL   					ubDBSQLite3ThreadSafe.TubSQLite3Statement(02F1A210) PRAGMA foreign_keys = ON
20180416 11324821  ' debug 					P1: Int64		335784175468545
20180416 11324821  ' debug 					P2: DateTime	2018-03-31T22:00:00
20180416 11324821  ' debug 					P3: DateTime	2018-04-30T22:00:00
20180416 11324821  ' debug 					P4: DateTime	2018-04-16T11:32:48
20180416 11324821  ' debug 					P5: Int64		10
20180416 11324821  ' SQL   					ubDBSQLite3ThreadSafe.TubSQLite3Statement(02F19BB0) SELECT A01.reqDate,A01.applicantInfo,A01.reqText,A01.answer  FROM req_reqList A01  INNER JOIN req_depart A02 ON A02.ID=A01.department  WHERE A01.department=? AND A01.reqDate>=? AND A01.reqDate<? AND (? BETWEEN A01.mi_dateFrom AND A01.mi_dateTo) AND (( A01.mi_owner = ? ) OR A02.roleInSystem in (0,3,1))
20180416 11324821  '  -    				00.016.703
20180416 11324821  '  -    			00.016.807
20180416 11324821  ' debug 			Query result for entity "req_reqList" into data name "": row count=2
20180416 11324821  '  -    		00.016.827
20180416 11324821  '  -    	00.017.079
20180416 11324821  '  +    	ubMixinClasses.TubSoftLockMixin(02EB50C0).MixinMethod
20180416 11324821  ' debug 		req_reqList.select(TubSoftLockMixin)
20180416 11324821  '  -    	00.000.012
20180416 11324821  ' http  	127.0.0.1 <- 200
20180416 11324821  '  -    00.018.112
20180416 11324827  (  +    clientRequire/tinymce//skins/lightgray/content.min.css
20180416 11324827  ( http  	127.0.0.1 -> GET clientRequire/tinymce//skins/lightgray/content.min.css
20180416 11324827  ( call  	endpoint clientRequire
20180416 11324827  ( info  	Call clientRequire 
20180416 11324827  ( http  	127.0.0.1 <- 200
20180416 11324827  (  -    00.002.941
20180416 11324830  "  +    models/adminui-pub/css/print-report.css
20180416 11324830  " http  	127.0.0.1 -> GET models/adminui-pub/css/print-report.css
20180416 11324830  " call  	endpoint models
20180416 11324830  )  +    models/adminui-pub/css/print-portrait.css
20180416 11324830  ) http  	127.0.0.1 -> GET models/adminui-pub/css/print-portrait.css
20180416 11324830  ) call  	endpoint models
20180416 11324830  ) http  	127.0.0.1 <- 200
20180416 11324830  )  -    00.001.798
20180416 11324830  " http  	127.0.0.1 <- 200
20180416 11324830  "  -    00.003.153
20180416 11330228  #  +    getDocument?entity=ubs_report&attribute=template&ID=1322283145&origName=Reqlist_HD_month.template&dtrPrm=1523878382445
20180416 11330228  # http  	127.0.0.1 -> GET getDocument?entity=ubs_report&attribute=template&ID=1322283145&origName=Reqlist_HD_month.template&dtrPrm=1523878382445
20180416 11330228  # auth  	admin/151793522
20180416 11330228  # call  	endpoint getDocument
20180416 11330228  $  +    getDocument?entity=ubs_report&attribute=code&ID=1322283145&origName=Reqlist_HD_month.js&dtrPrm=1523878382445
20180416 11330228  $ http  	127.0.0.1 -> GET getDocument?entity=ubs_report&attribute=code&ID=1322283145&origName=Reqlist_HD_month.js&dtrPrm=1523878382445
20180416 11330228  $ auth  	admin/151793522
20180416 11330228  $ call  	endpoint getDocument
20180416 11330228  # http  	127.0.0.1 <- 200
20180416 11330228  #  -    00.003.816
20180416 11330228  $ http  	127.0.0.1 <- 200
20180416 11330228  $  -    00.004.346
20180416 11330642  ! info  ubApp.TubApp(02E63EE0) {   "ClientsCurrent": 1,   "ClientsMax": 1,   "Invalid": 1,   "Responses": 26,   "Modified": 0,   "IncomingBytes": 29642,   "OutcomingBytes": 12020,   "OutcomingFiles": 15,   "ServiceCalls": 26,   "ProcessTime": "2.51s"  }
