c:\UnityBase\UB.exe 4.0.0.0 (2018-02-22 16:30:16)Host=WDFN34211327A User=D071860 CPU=4*9-6-19971:FFFBCBBF8373DAFEBF6F9C0000 OS=23.0=10.0.15063 Wow64=1 Freq=2437498Environment variables=ALLUSERSPROFILE=C:\ProgramData	ANSICON=121x32766 (121x26)	ANSICON_DEF=7	APPDATA=C:\Users\D071860\AppData\Roaming	CommonProgramFiles=C:\Program Files (x86)\Common Files	CommonProgramFiles(x86)=C:\Program Files (x86)\Common Files	CommonProgramW6432=C:\Program Files\Common Files	COMPUTERNAME=WDFN34211327A	ComSpec=C:\WINDOWS\system32\cmd.exe	ConEmuANSI=ON	ConEmuAnsiLog=	ConEmuArgs=	ConEmuArgs2=	ConEmuBackHWND=0x000B026E	ConEmuBaseDir=C:\Program Files\ConEmu\ConEmu	ConEmuBaseDirShort=C:\PROGRA~1\ConEmu\ConEmu	ConEmuBuild=180411	ConEmuCfgDir=	ConEmuConfig=	ConEmuDir=C:\Program Files\ConEmu	ConEmuDrawHWND=0x00180912	ConEmuDrive=C:	ConEmuHooks=Enabled	ConEmuHWND=0x001904C6	ConEmuPalette=<ConEmu>	ConEmuPID=1208	ConEmuPrompt0=$E[m$E[32m$E]9;8;"USERNAME"$E\@$E]9;8;"COMPUTERNAME"$E\$S	ConEmuPrompt1=$E[m$E[32m$E]9;8;"USERNAME"$E\@$E]9;8;"COMPUTERNAME"$E\$S$E[92m$P$E[90m	ConEmuPrompt2=$_$E[90m$G	ConEmuPrompt3=$E[m$S$E]9;12$E\	ConEmuServerPID=20132	ConEmuTask={Shells::cmd}	ConEmuWorkDir=C:\Users\D071860	ConEmuWorkDrive=C:	DEFLOGDIR=C:\ProgramData\McAfee\Endpoint Security\Logs	HOMEDRIVE=C:	homeloc=D_WDF	HOMEPATH=\Users\D071860	KUBECONFIG=C:\Practice\kubernetes\RUSLAN-KUBECONFIG	LOCALAPPDATA=C:\Users\D071860\AppData\Local	LOGONSERVER=\\DS2WDF0004	NUMBER_OF_PROCESSORS=4	OneDrive=C:\Users\D071860\OneDrive	OS=Windows_NT	Path=C:\Program Files\ConEmu\ConEmu\Scripts;C:\Program Files\ConEmu;C:\Program Files\ConEmu\ConEmu;C:\ProgramData\Oracle\Java\javapath;C:\Program Files\Docker\Docker\Resources\bin;C:\WINDOWS\system32;C:\WINDOWS;C:\WINDOWS\System32\Wbem;C:\WINDOWS\System32\WindowsPowerShell\v1.0\;C:\Program Files\Minikube;C:\Program Files\Kubernetes;C:\Program Files (x86)\Google\Cloud SDK\google-cloud-sdk\bin;C:\Program Files\PuTTY\;C:\Program Files\nodejs\;c:\UnityBase;C:\Users\D071860\AppData\Local\Microsoft\WindowsApps;C:\Users\D071860\AppData\Roaming\npm	PATHEXT=.COM;.EXE;.BAT;.CMD;.VBS;.VBE;.JS;.JSE;.WSF;.WSH;.MSC	PROCESSOR_ARCHITECTURE=x86	PROCESSOR_ARCHITEW6432=AMD64	PROCESSOR_IDENTIFIER=Intel64 Family 6 Model 78 Stepping 3, GenuineIntel	PROCESSOR_LEVEL=6	PROCESSOR_REVISION=4e03	ProgramData=C:\ProgramData	ProgramFiles=C:\Program Files (x86)	ProgramFiles(x86)=C:\Program Files (x86)	ProgramW6432=C:\Program Files	PROMPT=$E[m$E[32m$E]9;8;"USERNAME"$E\@$E]9;8;"COMPUTERNAME"$E\$S$E[92m$P$E[90m$_$E[90m$G$E[m$S$E]9;12$E\	PSModulePath=C:\Program Files (x86)\WindowsPowerShell\Modules;C:\WINDOWS\system32\WindowsPowerShell\v1.0\Modules;C:\Program Files (x86)\Google\Cloud SDK\google-cloud-sdk\platform\PowerShell	PUBLIC=C:\Users\Public	SESSIONNAME=Console	SNC_LIB=C:\Program Files (x86)\SAP\FrontEnd\SecureLogin\lib\sapcrypto.dll	SNC_LIB_64=C:\Program Files\SAP\FrontEnd\SecureLogin\lib\sapcrypto.dll	SSF_LIBRARY_PATH=C:\Program Files (x86)\SAP\FrontEnd\SecureLogin\lib\sapcrypto.dll	SSF_LIBRARY_PATH_64=C:\Program Files\SAP\FrontEnd\SecureLogin\lib\sapcrypto.dll	SystemDrive=C:	SystemRoot=C:\WINDOWS	TEMP=C:\Users\D071860\AppData\Local\Temp	TMP=C:\Users\D071860\AppData\Local\Temp	UATDATA=C:\WINDOWS\CCM\UATData\D9F8C395-CAB8-491d-B8AC-179A1FE1BE77	UB_HOME=c:\UnityBase	USERDNSDOMAIN=GLOBAL.CORP.SAP	USERDOMAIN=GLOBAL	USERDOMAIN_ROAMINGPROFILE=GLOBAL	USERNAME=D071860	USERPROFILE=C:\Users\D071860	windir=C:\WINDOWSTubLog 1.18.3488 FTS3 2018-04-16T11:03:1620180416 11031653  ! warn  WebSocket support are disabled because WSServer.host = '' in config
20180416 11031654  !  +    ubServer.TubServer(02D5E5E8).008863DB 
20180416 11031654  !  +    	Init app
20180416 11031654  ! srvr  		FTS is disabled
20180416 11031654  ! info  		Check blob store "avatars" folder "C:\ubProject\CityPortal\avatars\": folder exists
20180416 11031654  ! info  		Check blob store "attach" folder "C:\ubProject\CityPortal\docs\attach\": folder exists
20180416 11031654  !  -    	00.000.522
20180416 11031654  !  +    	Folder C:\ubProject\CityPortal\node_modules\@unitybase\ub\ modified
20180416 11031654  !  +    		ubCommonClasses.TubThreadSafeCache(02D5CB08).removeStartsWith
20180416 11031654  !  -    		00.000.006
20180416 11031654  !  -    	00.000.012
20180416 11031654  !  +    	Folder C:\ubProject\CityPortal\node_modules\@unitybase\uba\ modified
20180416 11031654  !  +    		ubCommonClasses.TubThreadSafeCache(02D5CB08).removeStartsWith
20180416 11031654  !  -    		00.000.000
20180416 11031654  !  -    	00.000.004
20180416 11031654  !  +    	Folder C:\ubProject\CityPortal\node_modules\@unitybase\ubs\ modified
20180416 11031654  !  +    		ubCommonClasses.TubThreadSafeCache(02D5CB08).removeStartsWith
20180416 11031654  !  -    		00.000.000
20180416 11031654  !  -    	00.000.003
20180416 11031654  !  +    	Folder C:\ubProject\CityPortal\node_modules\@unitybase\ubm\ modified
20180416 11031654  !  +    		ubCommonClasses.TubThreadSafeCache(02D5CB08).removeStartsWith
20180416 11031654  !  -    		00.000.000
20180416 11031654  !  -    	00.000.003
20180416 11031654  !  +    	Folder C:\ubProject\CityPortal\_public_only_\ modified
20180416 11031654  !  +    		ubCommonClasses.TubThreadSafeCache(02D5CB08).removeStartsWith
20180416 11031654  !  -    		00.000.000
20180416 11031654  !  -    	00.000.003
20180416 11031654  !  +    	Folder C:\ubProject\CityPortal\node_modules\@unitybase\adminui-reg\ modified
20180416 11031654  !  +    		ubCommonClasses.TubThreadSafeCache(02D5CB08).removeStartsWith
20180416 11031654  !  -    		00.000.000
20180416 11031654  !  -    	00.000.004
20180416 11031654  !  +    	Folder C:\ubProject\CityPortal\models\requests\ modified
20180416 11031654  !  +    		ubCommonClasses.TubThreadSafeCache(02D5CB08).removeStartsWith
20180416 11031654  !  -    		00.000.002
20180416 11031654  !  -    	00.000.016
20180416 11031654  !  +    	ubApp.TubApp(02CC3EE0).init
20180416 11031654  ! srvr  		Mime converters are disabled
20180416 11031654  !  -    	00.000.003
20180416 11031654  ! srvr  	Enable zip compresison
20180416 11031654  ! srvr  	Send initialization request to http://localhost:888/init
20180416 11031655  "  +    InitializationRequest
20180416 11031655  "  +    	init
20180416 11031655  " srvr  		Start application intialization...
20180416 11031655  " info  		Loading domain...
20180416 11031655  " info  		Loading model "UB" from "C:\ubProject\CityPortal\node_modules\@unitybase\ub\"
20180416 11031655  " info  		Loading model "UBA" from "C:\ubProject\CityPortal\node_modules\@unitybase\uba\"
20180416 11031656  " info  		Loading model "UBS" from "C:\ubProject\CityPortal\node_modules\@unitybase\ubs\"
20180416 11031657  " info  		Loading model "UBM" from "C:\ubProject\CityPortal\node_modules\@unitybase\ubm\"
20180416 11031658  " info  		Loading model "adminui-reg" from "C:\ubProject\CityPortal\node_modules\@unitybase\adminui-reg\"
20180416 11031658  " info  		Loading model "RequestList" from "C:\ubProject\CityPortal\models\requests\"
20180416 11031658  "  +    		ubApp.TubDataStore(042741B8).Init
20180416 11031658  "  +    			ubApp.TubApp(02CC3EE0).DBExecute
20180416 11031658  "  +    				ubApp.TubApp(02CC3EE0).TubApp.InternalDBExecute
20180416 11031658  "  +    					00856EC2 
20180416 11031658  "  -    					00.002.856
20180416 11031658  " SQL   					ubDBSQLite3ThreadSafe.TubSQLite3Statement(02D76EB0) PRAGMA foreign_keys = ON
20180416 11031658  " SQL   					ubDBSQLite3ThreadSafe.TubSQLite3Statement(02D768B0) SELECT A01.ID,A01.entity,A01.state,A01.attribute,A01.roleName,A01.actions  FROM uba_als A01  ORDER BY A01.entity ASC
20180416 11031658  "  -    				00.002.983
20180416 11031658  "  -    			00.003.016
20180416 11031658  " debug 			Query result for entity "uba_als" into data name "": row count=0
20180416 11031658  "  -    		00.003.037
20180416 11031658  " srvr  		The domain loaded successfully with 0 entities
20180416 11031658  " debug 		Create new JavaScript Engine for thread 58536
20180416 11031716  "  +    		008C234A 
20180416 11031716  "  +    			ubApp.TubDataStore(0570A7F8).Init
20180416 11031716  "  +    				ubApp.TubApp(02CC3EE0).DBExecute
20180416 11031716  "  +    					ubApp.TubApp(02CC3EE0).TubApp.InternalDBExecute
20180416 11031716  " SQL   						ubDBSQLite3ThreadSafe.TubSQLite3Statement(02D77210) SELECT A01.ID,A01.name,A01.sessionTimeout,A01.allowedAppMethods  FROM uba_role A01 
20180416 11031716  "  -    					00.000.056
20180416 11031716  "  -    				00.000.146
20180416 11031716  " debug 				Query result for entity "uba_role" into data name "": row count=9
20180416 11031716  "  -    			00.000.160
20180416 11031716  "  +    			ubApp.TubDataStore(0570A870).Init
20180416 11031716  "  +    				ubApp.TubApp(02CC3EE0).DBExecute
20180416 11031716  "  +    					ubApp.TubApp(02CC3EE0).TubApp.InternalDBExecute
20180416 11031716  " SQL   						ubDBSQLite3ThreadSafe.TubSQLite3Statement(02D771B0) SELECT A01.ID,A01.entityMask,A01.methodMask,A01.ruleType,A01.ruleRole,A01.disabled,A01.code  FROM uba_els A01 
20180416 11031716  "  -    					00.000.031
20180416 11031716  "  -    				00.000.160
20180416 11031716  " debug 				Query result for entity "uba_els" into data name "": row count=88
20180416 11031716  "  -    			00.000.187
20180416 11031716  "  -    		00.002.439
20180416 11031716  " auth  		New session admin/150070474 created at 127.0.0.1/-504403152359915357 using Mozilla/5.0 (Windows; mORMot 1.18 TWinHTTP)
20180416 11031716  " auth  		New session anonymous/150070469 created at 127.0.0.1/-504403152359915357 using Mozilla/5.0 (Windows; mORMot 1.18 TWinHTTP)
20180416 11031716  "  +    		ubApp.TubDataStore(0570A9D8).Init
20180416 11031716  "  +    			ubApp.TubApp(02CC3EE0).DBExecute
20180416 11031716  "  +    				ubApp.TubApp(02CC3EE0).TubApp.InternalDBExecute
20180416 11031716  " debug 					P1: String(34)	UBA.passwordPolicy.maxDurationDays
20180416 11031716  " SQL   					ubDBSQLite3ThreadSafe.TubSQLite3Statement(02D772D0) select settingValue from ubs_settings where settingKey =?
20180416 11031716  "  -    				00.000.036
20180416 11031716  "  -    			00.000.139
20180416 11031716  " debug 			Query result for entity "ubs_settings" into data name "": row count=1
20180416 11031716  "  -    		00.000.148
20180416 11031716  "  +    		ubApp.TubDataStore(0570A9D8).Init
20180416 11031716  "  +    			ubApp.TubApp(02CC3EE0).DBExecute
20180416 11031716  "  +    				ubApp.TubApp(02CC3EE0).TubApp.InternalDBExecute
20180416 11031716  " debug 					P1: String(37)	UBA.passwordPolicy.maxInvalidAttempts
20180416 11031716  " SQL   					ubDBSQLite3ThreadSafe.TubSQLite3Statement(02D772D0) select settingValue from ubs_settings where settingKey =?
20180416 11031716  "  -    				00.000.006
20180416 11031716  "  -    			00.000.020
20180416 11031716  " debug 			Query result for entity "ubs_settings" into data name "": row count=1
20180416 11031716  "  -    		00.000.025
20180416 11031716  "  -    	00.364.819
20180416 11031716  "  -    00.364.834
20180416 11031716  ! srvr  	ubServer.TubServer(02D5E5E8) {"THttpApiServer(02C8A990)":{"Cloned":false,"RegisteredUrl":"http://+:888/","HTTPQueueLength":1000,"MaxBandwidth":-1,"MaxConnections":-1,"APIVersion":"HTTP API 2.0","ServerName":"UnityBase","ProcessName":""}} initialized
20180416 11031716  !  -    00.389.919
20180416 11031818  "  +    ubql
20180416 11031818  " http  	127.0.0.1 -> POST ubql
20180416 11031818  " http  	[{"fieldList":["model","report_code","name","template","code","ID","mi_modifyDate"],"entity":"ubs_report","method":"update","alsNeed":false,"execParams":{"code":"{\"store\":\"mdb\",\"fName\":\"Reqlist_HD_month.js\",\"origName\":\"Reqlist_HD_month.js\",\"relPath\":\"\",\"ct\":\"application/javascript\",\"size\":1472,\"md5\":\"559ef6686d370d3bb0be4756faddad94\",\"revision\":1,\"isDirty\":true}","template":"{\"store\":\"mdb\",\"fName\":\"Reqlist_HD_month.template\",\"origName\":\"Reqlist_HD_month.template\",\"relPath\":\"\",\"ct\":\"application/template\",\"size\":1003,\"md5\":\"157c0051f881f59a51f58e6e3d40f669\",\"revision\":1,\"isDirty\":true}","ID":1322283145,"mi_modifyDate":"2018-04-16T13:01:49.000Z"}}]
20180416 11031818  " http  	<- 401
20180416 11031818  "  -    00.000.138
20180416 11031911  #  +    auth?AUTHTYPE=UB&userName=admin
20180416 11031911  # http  	127.0.0.1 -> POST auth?AUTHTYPE=UB&userName=admin
20180416 11031911  # debug 	Create new JavaScript Engine for thread 67796
20180416 11031925  # call  	endpoint auth
20180416 11031925  # http  	127.0.0.1 <- 200
20180416 11031925  #  -    00.222.898
20180416 11031925  $  +    auth?AUTHTYPE=UB&clientNonce=b078c6035737175b076acf15a67d50190814a31571fce62234c0a6923ea38699&password=1ebc7dfca20e78bd36a79b7d55181f3b20eeb885a5e91d2deaf9e7c62f00c978&userName=admin
20180416 11031925  $ http  	127.0.0.1 -> POST auth?AUTHTYPE=UB&clientNonce=b078c6035737175b076acf15a67d50190814a31571fce62234c0a6923ea38699&password=1ebc7dfca20e78bd36a79b7d55181f3b20eeb885a5e91d2deaf9e7c62f00c978&userName=admin
20180416 11031925  $ debug 	Create new JavaScript Engine for thread 38992
20180416 11031939  $ call  	endpoint auth
20180416 11031939  $  +    	ubApp.TubDataStore(0570FC80).Init
20180416 11031939  $  +    		ubApp.TubApp(02CC3EE0).DBExecute
20180416 11031939  $  +    			ubApp.TubApp(02CC3EE0).TubApp.InternalDBExecute
20180416 11031939  $  +    				00856EC2 
20180416 11031939  $  -    				00.002.193
20180416 11031939  $ SQL   				ubDBSQLite3ThreadSafe.TubSQLite3Statement(02D78050) PRAGMA foreign_keys = ON
20180416 11031939  $ debug 				P1: String(5)	admin
20180416 11031939  $ SQL   				ubDBSQLite3ThreadSafe.TubSQLite3Statement(02D779F0) select id, name, uPasswordHashHexa, uData, isPending, trustedIP from UBA_USER where name=? and disabled=0
20180416 11031939  $  -    			00.002.241
20180416 11031939  $  -    		00.002.287
20180416 11031939  $ debug 		Query result for entity "uba_user" into data name "": row count=1
20180416 11031939  $  -    	00.002.306
20180416 11031939  $  +    	ubApp.TubDataStore(0570FC80).Init
20180416 11031939  $  +    		ubApp.TubApp(02CC3EE0).DBExecute
20180416 11031939  $  +    			ubApp.TubApp(02CC3EE0).TubApp.InternalDBExecute
20180416 11031939  $ debug 				P1: Int64		10
20180416 11031939  $ SQL   				ubDBSQLite3ThreadSafe.TubSQLite3Statement(02D78050) SELECT lastPasswordChangeDate FROM uba_user WHERE id=?
20180416 11031939  $  -    			00.000.019
20180416 11031939  $  -    		00.000.043
20180416 11031939  $ debug 		Query result for entity "uba_user" into data name "__expireDate": row count=1
20180416 11031939  $  -    	00.000.050
20180416 11031939  $  +    	ubApp.TubDataStore(056F18D0).Init
20180416 11031939  $  +    		ubApp.TubApp(02CC3EE0).DBExecute
20180416 11031939  $  +    			ubApp.TubApp(02CC3EE0).TubApp.InternalDBExecute
20180416 11031939  $ debug 				P1: Int64		10
20180416 11031939  $ SQL   				ubDBSQLite3ThreadSafe.TubSQLite3Statement(02D78110) SELECT A01.roleID,A02.name,A02.description  FROM uba_userrole A01  INNER JOIN uba_role A02 ON A02.ID=A01.roleID  WHERE A01.userID=?
20180416 11031939  $  -    			00.000.039
20180416 11031939  $  -    		00.000.075
20180416 11031939  $ debug 		Query result for entity "uba_userrole" into data name "": row count=1
20180416 11031939  $  -    	00.000.082
20180416 11031939  $ auth  	New session admin/150070468 created at 127.0.0.1/-432345554027019399 using Mozilla/5.0 (Windows NT 10.0; Win64; x64) AppleWebKit/537.36 (KHTML, like Gecko) Chrome/65.0.3325.181 Safari/537.36
20180416 11031939  $  +    	ubMixinClasses.TubStorageMixin(02D142C0).MixinMethod
20180416 11031939  $ debug 		uba_user.select(TubStorageMixin)
20180416 11031939  $  +    		ubApp.TubDataStore(056F18D0).Init
20180416 11031939  $  +    			ubApp.TubApp(02CC3EE0).DBExecute
20180416 11031939  $  +    				ubApp.TubApp(02CC3EE0).TubApp.InternalDBExecute
20180416 11031939  $ debug 					P1: Int64		10
20180416 11031939  $ SQL   					ubDBSQLite3ThreadSafe.TubSQLite3Statement(02D78230) SELECT A01.name  FROM uba_user A01  WHERE A01.ID=?
20180416 11031939  $  -    				00.000.042
20180416 11031939  $  -    			00.000.084
20180416 11031939  $ debug 			Query result for entity "uba_user" into data name "": row count=1
20180416 11031939  $  -    		00.000.094
20180416 11031939  $  -    	00.000.205
20180416 11031941  $  +    	ubMixinClasses.TubStorageMixin(02D142C0).MixinMethod
20180416 11031941  $ debug 		uba_advSecurity.select(TubStorageMixin)
20180416 11031941  $  +    		ubApp.TubDataStore(056F18D0).Init
20180416 11031941  $  +    			ubApp.TubApp(02CC3EE0).DBExecute
20180416 11031941  $  +    				ubApp.TubApp(02CC3EE0).TubApp.InternalDBExecute
20180416 11031941  $ debug 					P1: Int64		10
20180416 11031941  $ SQL   					ubDBSQLite3ThreadSafe.TubSQLite3Statement(02D78290) SELECT A01.ID,A01.allowedIP,A01.refreshIP,A01.fp,A01.refreshFp,A01.keyMediaName,A01.refreshKeyMedia,A01.mi_modifyDate  FROM uba_advSecurity A01  WHERE A01.userID=?
20180416 11031941  $  -    				00.000.080
20180416 11031941  $  -    			00.000.197
20180416 11031941  $ debug 			Query result for entity "uba_advSecurity" into data name "": row count=0
20180416 11031941  $  -    		00.000.208
20180416 11031941  $  -    	00.000.307
20180416 11031941  $  +    	ubMixinClasses.TubStorageMixin(02D142C0).MixinMethod
20180416 11031941  $ debug 		uba_userrole.select(TubStorageMixin)
20180416 11031941  $  +    		ubApp.TubDataStore(056F18D0).Init
20180416 11031941  $  +    			ubApp.TubApp(02CC3EE0).DBExecute
20180416 11031941  $  +    				ubApp.TubApp(02CC3EE0).TubApp.InternalDBExecute
20180416 11031941  $ debug 					P1: Int64		10
20180416 11031941  $ SQL   					ubDBSQLite3ThreadSafe.TubSQLite3Statement(02D782F0) SELECT A01.ID,A02.name,A01.roleID  FROM uba_userrole A01  INNER JOIN uba_role A02 ON A02.ID=A01.roleID  WHERE A01.userID=?
20180416 11031941  $  -    				00.000.057
20180416 11031941  $  -    			00.000.131
20180416 11031941  $ debug 			Query result for entity "uba_userrole" into data name "": row count=1
20180416 11031941  $  -    		00.000.140
20180416 11031941  $  -    	00.000.214
20180416 11031941  $  +    	ubMixinClasses.TubStorageMixin(02D142C0).MixinMethod
20180416 11031941  $ debug 		uba_audit.beforeinsert(TubStorageMixin)
20180416 11031941  $  -    	00.000.009
20180416 11031941  $  +    	ubMixinClasses.TubStorageMixin(02D142C0).MixinMethod
20180416 11031941  $ debug 		uba_audit.insert(TubStorageMixin)
20180416 11031941  $  +    		ubApp.TubDataStore(0570FA78).TubDataStore.ExecuteInsertFromList
20180416 11031941  $  +    			ubApp.TubDataStore(0570FA78).TubDataStore.ExecuteInsertFromSQL
20180416 11031941  $  +    				ubApp.TubApp(02CC3EE0).DBExecute
20180416 11031941  $  +    					ubApp.TubApp(02CC3EE0).TubApp.InternalDBExecute
20180416 11031941  $ debug 						P1: String(8)	uba_user
20180416 11031941  $ debug 						P2: Int64		10
20180416 11031941  $ debug 						P3: String(5)	LOGIN
20180416 11031941  $ debug 						P4: Int64		10
20180416 11031941  $ debug 						P5: DateTime	2018-04-16T11:03:19
20180416 11031941  $ debug 						P6: String(9)	127.0.0.1
20180416 11031941  $ debug 						P7: String(5)	admin
20180416 11031941  $ debug 						P8: String(0)	
20180416 11031941  $ debug 						P9: Int64		335793693097985
20180416 11031941  $ debug 						P10: String(556..)	Connection: keep-alive  Content-Length: 0  Accept: application/json, text/plain, */*  Accept-Encodin...
20180416 11031941  $ DB    						StartTransaction for connection "main"
20180416 11031941  $ SQL   						ubDBSQLite3ThreadSafe.TubSQLite3Statement(02D783B0) INSERT INTO uba_audit (entity,entityinfo_id,actionType,actionUser,actionTime,remoteIP,targetUser,targetRole,ID,fromValue) VALUES (?,?,?,?,?,?,?,?,?,?)
20180416 11031941  $  -    					00.000.170
20180416 11031941  $  -    				00.000.268
20180416 11031941  $  -    			00.000.360
20180416 11031941  $  -    		00.000.372
20180416 11031941  $  -    	00.000.376
20180416 11031941  $  +    	ubMixinClasses.TubStorageMixin(02D142C0).MixinMethod
20180416 11031941  $ debug 		uba_audit.afterinsert(TubStorageMixin)
20180416 11031941  $  -    	00.000.004
20180416 11031941  $ DB    	Commit connection "main"
20180416 11031941  $ http  	127.0.0.1 <- 200
20180416 11031941  $  -    00.254.292
20180416 11031941  %  +    ubql
20180416 11031941  % http  	127.0.0.1 -> POST ubql
20180416 11031941  % http  	[{"fieldList":["model","report_code","name","template","code","ID","mi_modifyDate"],"entity":"ubs_report","method":"update","alsNeed":false,"execParams":{"code":"{\"store\":\"mdb\",\"fName\":\"Reqlist_HD_month.js\",\"origName\":\"Reqlist_HD_month.js\",\"relPath\":\"\",\"ct\":\"application/javascript\",\"size\":1472,\"md5\":\"559ef6686d370d3bb0be4756faddad94\",\"revision\":1,\"isDirty\":true}","template":"{\"store\":\"mdb\",\"fName\":\"Reqlist_HD_month.template\",\"origName\":\"Reqlist_HD_month.template\",\"relPath\":\"\",\"ct\":\"application/template\",\"size\":1003,\"md5\":\"157c0051f881f59a51f58e6e3d40f669\",\"revision\":1,\"isDirty\":true}","ID":1322283145,"mi_modifyDate":"2018-04-16T13:01:49.000Z"}}]
20180416 11031941  % debug 	Create new JavaScript Engine for thread 52448
20180416 11031955  % auth  	admin/150070468
20180416 11031955  % call  	endpoint ubql
20180416 11031955  %  +    	ubMixinClasses.TubStorageMixin(02D142C0).MixinMethod
20180416 11031955  % debug 		ubs_report.beforeupdate(TubStorageMixin)
20180416 11031958  %  -    	00.051.497
20180416 11031959  %  +    	ubMixinClasses.TubStorageMixin(02D142C0).MixinMethod
20180416 11031959  % debug 		ubs_report.afterupdate(TubStorageMixin)
20180416 11031960  %  -    	00.010.635
20180416 11031960  %  +    	ubMixinClasses.TubAuditMixin(02D14F70).MixinMethod
20180416 11031960  % debug 		ubs_report.afterupdate(TubAuditMixin)
20180416 11031960  %  +    		ubApp.TubDataStore(06CE39E8).TubDataStore.ExecuteInsertFromSQL
20180416 11031960  %  +    			ubApp.TubApp(02CC3EE0).DBExecute
20180416 11031960  %  +    				ubApp.TubApp(02CC3EE0).TubApp.InternalDBExecute
20180416 11031960  %  +    					00856EC2 
20180416 11031960  %  -    					00.002.558
20180416 11031960  % SQL   					ubDBSQLite3ThreadSafe.TubSQLite3Statement(02D78D70) PRAGMA foreign_keys = ON
20180416 11031960  % debug 					P1: Int64		335793693130753
20180416 11031960  % debug 					P2: String(10)	ubs_report
20180416 11031960  % debug 					P3: Int64		1322283145
20180416 11031960  % debug 					P4: String(6)	UPDATE
20180416 11031960  % debug 					P5: Int64		10
20180416 11031960  % debug 					P6: DateTime	2018-04-16T11:03:19
20180416 11031960  % debug 					P7: String(9)	127.0.0.1
20180416 11031960  % debug 					P8: Int64		1322283145
20180416 11031960  % debug 					P9: String(1)	]
20180416 11031960  % debug 					P10: String(554..)	{"code":"{\"store\":\"mdb\",\"fName\":\"Reqlist_HD_month.js\",\"origName\":\"Reqlist_HD_month.js\",\...
20180416 11031960  % DB    					StartTransaction for connection "main"
20180416 11031960  % SQL   					ubDBSQLite3ThreadSafe.TubSQLite3Statement(02D78710) INSERT INTO uba_auditTrail (ID,entity,entityinfo_id,actionType,actionUser,actionTime,remoteIP,parentEntityInfo_id,fromValue,toValue) VALUES (?,?,?,?,?,?,?,?,?,?)
20180416 11031960  %  -    				00.002.715
20180416 11031960  %  -    			00.002.719
20180416 11031960  %  -    		00.002.817
20180416 11031960  %  -    	00.002.871
20180416 11031960  % DB    	Commit connection "main" in 242us
20180416 11031960  % http  	127.0.0.1 <- 200
20180416 11031960  %  -    00.297.804
20180416 11032002  &  +    getDocument?entity=ubs_report&attribute=template&ID=1322283145&origName=Reqlist_HD_month.template&filename=ubs_report1322283145template&_dc=1523876599976
20180416 11032002  & http  	127.0.0.1 -> GET getDocument?entity=ubs_report&attribute=template&ID=1322283145&origName=Reqlist_HD_month.template&filename=ubs_report1322283145template&_dc=1523876599976
20180416 11032002  & debug 	Create new JavaScript Engine for thread 65684
20180416 11032002  '  +    getDocument?entity=ubs_report&attribute=code&ID=1322283145&origName=Reqlist_HD_month.js&filename=ubs_report1322283145code&_dc=1523876599979
20180416 11032002  ' http  	127.0.0.1 -> GET getDocument?entity=ubs_report&attribute=code&ID=1322283145&origName=Reqlist_HD_month.js&filename=ubs_report1322283145code&_dc=1523876599979
20180416 11032004  ' debug 	Create new JavaScript Engine for thread 66556
20180416 11032017  & auth  	admin/150070468
20180416 11032017  & call  	endpoint getDocument
20180416 11032021  ' auth  	admin/150070468
20180416 11032021  ' call  	endpoint getDocument
20180416 11032022  & http  	127.0.0.1 <- 200
20180416 11032022  &  -    00.324.226
20180416 11032025  ' http  	127.0.0.1 <- 200
20180416 11032025  '  -    00.366.571
20180416 11032310  (  +    ubql
20180416 11032310  ( http  	127.0.0.1 -> POST ubql
20180416 11032310  ( http  	[{"entity":"ubs_report","method":"select","fieldList":["ID","report_code","name","template","code","model"],"version":"-1"}]
20180416 11032310  ( debug 	Create new JavaScript Engine for thread 65600
20180416 11032323  ( auth  	admin/150070468
20180416 11032323  ( call  	endpoint ubql
20180416 11032327  ( http  	127.0.0.1 <- 200
20180416 11032327  (  -    00.263.739
20180416 11032327  )  +    getDocument?entity=ubs_report&attribute=template&ID=1322283145&origName=Reqlist_HD_month.template&dtrPrm=1523876603438
20180416 11032327  ) http  	127.0.0.1 -> GET getDocument?entity=ubs_report&attribute=template&ID=1322283145&origName=Reqlist_HD_month.template&dtrPrm=1523876603438
20180416 11032327  ) debug 	Create new JavaScript Engine for thread 66152
20180416 11032327  "  +    getDocument?entity=ubs_report&attribute=code&ID=1322283145&origName=Reqlist_HD_month.js&dtrPrm=1523876603438
20180416 11032327  " http  	127.0.0.1 -> GET getDocument?entity=ubs_report&attribute=code&ID=1322283145&origName=Reqlist_HD_month.js&dtrPrm=1523876603438
20180416 11032330  " auth  	admin/150070468
20180416 11032330  " call  	endpoint getDocument
20180416 11032334  " http  	127.0.0.1 <- 200
20180416 11032334  "  -    00.114.189
20180416 11032341  ) auth  	admin/150070468
20180416 11032341  ) call  	endpoint getDocument
20180416 11032344  ) http  	127.0.0.1 <- 200
20180416 11032344  )  -    00.273.095
20180416 11032349  #  +    ubql
20180416 11032349  # http  	127.0.0.1 -> POST ubql
20180416 11032349  # http  	[{"entity":"req_reqList","method":"select","fieldList":["reqDate","applicantInfo","reqText","answer","status"]}]
20180416 11032349  # auth  	admin/150070468
20180416 11032349  # call  	endpoint ubql
20180416 11032349  #  +    	ubMixinClasses.TubDataHistoryMixin(02D14CD0).MixinMethod
20180416 11032349  # debug 		req_reqList.select(TubDataHistoryMixin)
20180416 11032349  #  -    	00.000.011
20180416 11032349  #  +    	ubMixinClasses.TubRLSMixin(02D14E20).MixinMethod
20180416 11032349  # debug 		req_reqList.select(TubRLSMixin)
20180416 11032349  # debug 		Prepare RLS expression for req_reqList
20180416 11032349  #  -    	00.000.194
20180416 11032349  #  +    	ubMixinClasses.TubStorageMixin(02D142C0).MixinMethod
20180416 11032349  # debug 		req_reqList.select(TubStorageMixin)
20180416 11032349  #  +    		ubApp.TubDataStore(06C10AF8).Init
20180416 11032349  #  +    			ubApp.TubApp(02CC3EE0).DBExecute
20180416 11032349  #  +    				ubApp.TubApp(02CC3EE0).TubApp.InternalDBExecute
20180416 11032349  #  +    					00856EC2 
20180416 11032349  #  -    					00.003.795
20180416 11032349  # SQL   					ubDBSQLite3ThreadSafe.TubSQLite3Statement(02D7A090) PRAGMA foreign_keys = ON
20180416 11032349  # debug 					P1: DateTime	2018-04-16T11:03:23
20180416 11032349  # debug 					P2: Int64		10
20180416 11032349  # SQL   					ubDBSQLite3ThreadSafe.TubSQLite3Statement(02D79A30) SELECT A01.reqDate,A01.applicantInfo,A01.reqText,A01.answer,A01.status  FROM req_reqList A01  INNER JOIN req_depart A02 ON A02.ID=A01.department  WHERE (? BETWEEN A01.mi_dateFrom AND A01.mi_dateTo) AND (( A01.mi_owner = ? ) OR A02.roleInSystem in (0,3,1))
20180416 11032349  #  -    				00.003.906
20180416 11032349  #  -    			00.003.977
20180416 11032349  # debug 			Query result for entity "req_reqList" into data name "": row count=5
20180416 11032349  #  -    		00.003.994
20180416 11032349  #  -    	00.004.172
20180416 11032349  #  +    	ubMixinClasses.TubSoftLockMixin(02D150C0).MixinMethod
20180416 11032349  # debug 		req_reqList.select(TubSoftLockMixin)
20180416 11032349  #  -    	00.000.011
20180416 11032349  # http  	127.0.0.1 <- 200
20180416 11032349  #  -    00.004.928
20180416 11032355  $  +    clientRequire/tinymce//skins/lightgray/content.min.css
20180416 11032355  $ http  	127.0.0.1 -> GET clientRequire/tinymce//skins/lightgray/content.min.css
20180416 11032355  $ call  	endpoint clientRequire
20180416 11032355  $ info  	Call clientRequire 
20180416 11032355  $ http  	127.0.0.1 <- 200
20180416 11032355  $  -    00.002.939
20180416 11032357  %  +    models/adminui-pub/css/print-report.css
20180416 11032357  % http  	127.0.0.1 -> GET models/adminui-pub/css/print-report.css
20180416 11032357  % call  	endpoint models
20180416 11032357  &  +    models/adminui-pub/css/print-portrait.css
20180416 11032357  & http  	127.0.0.1 -> GET models/adminui-pub/css/print-portrait.css
20180416 11032357  & call  	endpoint models
20180416 11032357  & http  	127.0.0.1 <- 200
20180416 11032357  &  -    00.001.543
20180416 11032357  % http  	127.0.0.1 <- 200
20180416 11032357  %  -    00.002.756
20180416 11034725  '  +    setDocument?ID=1322283145&attribute=code&entity=ubs_report&filename=Reqlist_HD_month.js
20180416 11034725  ' http  	127.0.0.1 -> POST setDocument?ID=1322283145&attribute=code&entity=ubs_report&filename=Reqlist_HD_month.js
20180416 11034725  ' http  	!BIN(1464)
20180416 11034725  ' auth  	admin/150070468
20180416 11034725  ' call  	endpoint setDocument
20180416 11034725  ' http  	127.0.0.1 <- 200
20180416 11034725  '  -    00.009.904
20180416 11034726  (  +    ubql
20180416 11034726  ( http  	127.0.0.1 -> POST ubql
20180416 11034726  ( http  	[{"fieldList":["model","report_code","name","template","code","ID","mi_modifyDate"],"entity":"ubs_report","method":"update","alsNeed":false,"execParams":{"code":"{\"store\":\"mdb\",\"fName\":\"Reqlist_HD_month.js\",\"origName\":\"Reqlist_HD_month.js\",\"relPath\":\"\",\"ct\":\"application/javascript\",\"size\":1464,\"md5\":\"f5f3c3466016c8ab4569dca153d3dcce\",\"revision\":1,\"isDirty\":true}","ID":1322283145,"mi_modifyDate":"2018-04-16T13:03:19.000Z"}}]
20180416 11034726  ( auth  	admin/150070468
20180416 11034726  ( call  	endpoint ubql
20180416 11034726  (  +    	ubMixinClasses.TubStorageMixin(02D142C0).MixinMethod
20180416 11034726  ( debug 		ubs_report.beforeupdate(TubStorageMixin)
20180416 11034726  (  -    	00.001.527
20180416 11034728  (  +    	ubMixinClasses.TubStorageMixin(02D142C0).MixinMethod
20180416 11034728  ( debug 		ubs_report.afterupdate(TubStorageMixin)
20180416 11034729  (  -    	00.010.889
20180416 11034729  (  +    	ubMixinClasses.TubAuditMixin(02D14F70).MixinMethod
20180416 11034729  ( debug 		ubs_report.afterupdate(TubAuditMixin)
20180416 11034729  (  +    		ubApp.TubDataStore(06C12BF0).TubDataStore.ExecuteInsertFromSQL
20180416 11034729  (  +    			ubApp.TubApp(02CC3EE0).DBExecute
20180416 11034729  (  +    				ubApp.TubApp(02CC3EE0).TubApp.InternalDBExecute
20180416 11034729  (  +    					00856EC2 
20180416 11034729  (  -    					00.002.596
20180416 11034729  ( SQL   					ubDBSQLite3ThreadSafe.TubSQLite3Statement(02D7A750) PRAGMA foreign_keys = ON
20180416 11034729  ( debug 					P1: Int64		335793696669697
20180416 11034729  ( debug 					P2: String(10)	ubs_report
20180416 11034729  ( debug 					P3: Int64		1322283145
20180416 11034729  ( debug 					P4: String(6)	UPDATE
20180416 11034729  ( debug 					P5: Int64		10
20180416 11034729  ( debug 					P6: DateTime	2018-04-16T11:03:47
20180416 11034729  ( debug 					P7: String(9)	127.0.0.1
20180416 11034729  ( debug 					P8: Int64		1322283145
20180416 11034729  ( debug 					P9: String(1)	]
20180416 11034729  ( debug 					P10: String(298..)	{"code":"{\"store\":\"mdb\",\"fName\":\"Reqlist_HD_month.js\",\"origName\":\"Reqlist_HD_month.js\",\...
20180416 11034729  ( DB    					StartTransaction for connection "main"
20180416 11034729  ( SQL   					ubDBSQLite3ThreadSafe.TubSQLite3Statement(02D7A090) INSERT INTO uba_auditTrail (ID,entity,entityinfo_id,actionType,actionUser,actionTime,remoteIP,parentEntityInfo_id,fromValue,toValue) VALUES (?,?,?,?,?,?,?,?,?,?)
20180416 11034729  (  -    				00.002.793
20180416 11034729  (  -    			00.002.796
20180416 11034729  (  -    		00.002.897
20180416 11034729  (  -    	00.002.953
20180416 11034729  ( DB    	Commit connection "main" in 224us
20180416 11034729  ( http  	127.0.0.1 <- 200
20180416 11034729  (  -    00.040.894
20180416 11034733  "  +    getDocument?entity=ubs_report&attribute=template&ID=1322283145&origName=Reqlist_HD_month.template&filename=ubs_report1322283145template&_dc=1523876627478
20180416 11034733  " http  	127.0.0.1 -> GET getDocument?entity=ubs_report&attribute=template&ID=1322283145&origName=Reqlist_HD_month.template&filename=ubs_report1322283145template&_dc=1523876627478
20180416 11034733  " auth  	admin/150070468
20180416 11034733  " call  	endpoint getDocument
20180416 11034733  )  +    getDocument?entity=ubs_report&attribute=code&ID=1322283145&origName=Reqlist_HD_month.js&filename=ubs_report1322283145code&_dc=1523876627480
20180416 11034733  ) http  	127.0.0.1 -> GET getDocument?entity=ubs_report&attribute=code&ID=1322283145&origName=Reqlist_HD_month.js&filename=ubs_report1322283145code&_dc=1523876627480
20180416 11034733  ) auth  	admin/150070468
20180416 11034733  ) call  	endpoint getDocument
20180416 11034733  " http  	127.0.0.1 <- 200
20180416 11034733  "  -    00.003.974
20180416 11034733  ) http  	127.0.0.1 <- 200
20180416 11034733  )  -    00.003.926
20180416 11053024  #  +    ubql
20180416 11053024  # http  	127.0.0.1 -> POST ubql
20180416 11053024  # http  	[{"entity":"ubs_report","fieldList":["model","report_code","name","template","code","ID","mi_modifyDate"],"ID":1847324396,"alsNeed":false,"method":"select"}]
20180416 11053024  # auth  	admin/150070468
20180416 11053024  # call  	endpoint ubql
20180416 11053028  # http  	127.0.0.1 <- 200
20180416 11053028  #  -    00.066.929
20180416 11053029  $  +    getDocument?entity=ubs_report&attribute=template&ID=1847324396&origName=xlsxExample.template&filename=ubs_report1847324396template&_dc=1523876730459
20180416 11053029  $ http  	127.0.0.1 -> GET getDocument?entity=ubs_report&attribute=template&ID=1847324396&origName=xlsxExample.template&filename=ubs_report1847324396template&_dc=1523876730459
20180416 11053029  $ auth  	admin/150070468
20180416 11053029  $ call  	endpoint getDocument
20180416 11053029  &  +    getDocument?entity=ubs_report&attribute=code&ID=1847324396&origName=xlsxExample.js&filename=ubs_report1847324396code&_dc=1523876730459
20180416 11053029  & http  	127.0.0.1 -> GET getDocument?entity=ubs_report&attribute=code&ID=1847324396&origName=xlsxExample.js&filename=ubs_report1847324396code&_dc=1523876730459
20180416 11053029  & auth  	admin/150070468
20180416 11053029  & call  	endpoint getDocument
20180416 11053029  & http  	127.0.0.1 <- 200
20180416 11053029  &  -    00.003.041
20180416 11053030  $ http  	127.0.0.1 <- 200
20180416 11053030  $  -    00.016.356
20180416 11054526  %  +    clientRequire/tinymce//skins/lightgray/content.min.css
20180416 11054526  % http  	127.0.0.1 -> GET clientRequire/tinymce//skins/lightgray/content.min.css
20180416 11054526  % call  	endpoint clientRequire
20180416 11054526  % info  	Call clientRequire 
20180416 11054526  % http  	127.0.0.1 <- 200
20180416 11054526  %  -    00.001.222
20180416 11061329  '  +    clientRequire/tinymce//skins/lightgray/fonts/tinymce.woff
20180416 11061329  ' http  	127.0.0.1 -> GET clientRequire/tinymce//skins/lightgray/fonts/tinymce.woff
20180416 11061329  ' call  	endpoint clientRequire
20180416 11061329  ' info  	Call clientRequire 
20180416 11061329  ' http  	127.0.0.1 <- 200
20180416 11061329  '  -    00.002.978
20180416 11064435  (  +    setDocument?ID=1322283145&attribute=template&entity=ubs_report&filename=Reqlist_HD_month.template
20180416 11064435  ( http  	127.0.0.1 -> POST setDocument?ID=1322283145&attribute=template&entity=ubs_report&filename=Reqlist_HD_month.template
20180416 11064435  ( http  	!BIN(939)
20180416 11064435  ( auth  	admin/150070468
20180416 11064435  ( call  	endpoint setDocument
20180416 11064435  "  +    setDocument?ID=1322283145&attribute=code&entity=ubs_report&filename=Reqlist_HD_month.js
20180416 11064435  " http  	127.0.0.1 -> POST setDocument?ID=1322283145&attribute=code&entity=ubs_report&filename=Reqlist_HD_month.js
20180416 11064435  " http  	!BIN(1466)
20180416 11064435  " auth  	admin/150070468
20180416 11064435  " call  	endpoint setDocument
20180416 11064436  " http  	127.0.0.1 <- 200
20180416 11064436  "  -    00.011.539
20180416 11064436  ( http  	127.0.0.1 <- 200
20180416 11064436  (  -    00.012.575
20180416 11064436  )  +    ubql
20180416 11064436  ) http  	127.0.0.1 -> POST ubql
20180416 11064436  ) http  	[{"fieldList":["model","report_code","name","template","code","ID","mi_modifyDate"],"entity":"ubs_report","method":"update","alsNeed":false,"execParams":{"code":"{\"store\":\"mdb\",\"fName\":\"Reqlist_HD_month.js\",\"origName\":\"Reqlist_HD_month.js\",\"relPath\":\"\",\"ct\":\"application/javascript\",\"size\":1466,\"md5\":\"dfb65726b87ff5c6669b9fba9ac71355\",\"revision\":1,\"isDirty\":true}","template":"{\"store\":\"mdb\",\"fName\":\"Reqlist_HD_month.template\",\"origName\":\"Reqlist_HD_month.template\",\"relPath\":\"\",\"ct\":\"application/template\",\"size\":939,\"md5\":\"1e87260f3daeacd328ab96cc1c4b44a5\",\"revision\":1,\"isDirty\":true}","ID":1322283145,"mi_modifyDate":"2018-04-16T13:03:47.000Z"}}]
20180416 11064436  ) auth  	admin/150070468
20180416 11064436  ) call  	endpoint ubql
20180416 11064436  )  +    	ubMixinClasses.TubStorageMixin(02D142C0).MixinMethod
20180416 11064436  ) debug 		ubs_report.beforeupdate(TubStorageMixin)
20180416 11064436  ) EXC   		EMetabaseException {"errorCode":25,"Message":"Record modified by another user"} at 0094C650 
20180416 11064436  )  -    	00.002.266
20180416 11064436  ) ERROR 	POST ubql ERROR=500 (Record modified by another user)
20180416 11064436  )  -    00.003.179
20180416 11064803  ! info  ubApp.TubApp(02CC3EE0) {   "ClientsCurrent": 1,   "ClientsMax": 1,   "Invalid": 2,   "Responses": 23,   "Modified": 0,   "IncomingBytes": 23604,   "OutcomingBytes": 9763,   "OutcomingFiles": 13,   "ServiceCalls": 23,   "ProcessTime": "2.30s"  }
