c:\UnityBase\UB.exe 4.0.0.0 (2018-02-22 16:30:16)Host=WDFN34211327A User=D071860 CPU=4*9-6-19971:FFFBCBBF8373DAFEBF6F9C0000 OS=23.0=10.0.15063 Wow64=1 Freq=2437498Environment variables=ALLUSERSPROFILE=C:\ProgramData	ANSICON=121x32766 (121x26)	ANSICON_DEF=7	APPDATA=C:\Users\D071860\AppData\Roaming	CommonProgramFiles=C:\Program Files (x86)\Common Files	CommonProgramFiles(x86)=C:\Program Files (x86)\Common Files	CommonProgramW6432=C:\Program Files\Common Files	COMPUTERNAME=WDFN34211327A	ComSpec=C:\WINDOWS\system32\cmd.exe	ConEmuANSI=ON	ConEmuAnsiLog=	ConEmuArgs=	ConEmuArgs2=	ConEmuBackHWND=0x001105EE	ConEmuBaseDir=C:\Program Files\ConEmu\ConEmu	ConEmuBaseDirShort=C:\PROGRA~1\ConEmu\ConEmu	ConEmuBuild=180411	ConEmuCfgDir=	ConEmuConfig=	ConEmuDir=C:\Program Files\ConEmu	ConEmuDrawHWND=0x001B0306	ConEmuDrive=C:	ConEmuHooks=Enabled	ConEmuHWND=0x001904C6	ConEmuPalette=<ConEmu>	ConEmuPID=1208	ConEmuPrompt0=$E[m$E[32m$E]9;8;"USERNAME"$E\@$E]9;8;"COMPUTERNAME"$E\$S	ConEmuPrompt1=$E[m$E[32m$E]9;8;"USERNAME"$E\@$E]9;8;"COMPUTERNAME"$E\$S$E[92m$P$E[90m	ConEmuPrompt2=$_$E[90m$G	ConEmuPrompt3=$E[m$S$E]9;12$E\	ConEmuServerPID=5468	ConEmuTask={Shells::cmd}	ConEmuWorkDir=C:\Users\D071860	ConEmuWorkDrive=C:	DEFLOGDIR=C:\ProgramData\McAfee\Endpoint Security\Logs	HOMEDRIVE=C:	homeloc=D_WDF	HOMEPATH=\Users\D071860	KUBECONFIG=C:\Practice\kubernetes\RUSLAN-KUBECONFIG	LOCALAPPDATA=C:\Users\D071860\AppData\Local	LOGONSERVER=\\DS2WDF0004	NUMBER_OF_PROCESSORS=4	OneDrive=C:\Users\D071860\OneDrive	OS=Windows_NT	Path=C:\Program Files\ConEmu\ConEmu\Scripts;C:\Program Files\ConEmu;C:\Program Files\ConEmu\ConEmu;C:\ProgramData\Oracle\Java\javapath;C:\Program Files\Docker\Docker\Resources\bin;C:\WINDOWS\system32;C:\WINDOWS;C:\WINDOWS\System32\Wbem;C:\WINDOWS\System32\WindowsPowerShell\v1.0\;C:\Program Files\Minikube;C:\Program Files\Kubernetes;C:\Program Files (x86)\Google\Cloud SDK\google-cloud-sdk\bin;C:\Program Files\PuTTY\;C:\Program Files\nodejs\;c:\UnityBase;C:\Users\D071860\AppData\Local\Microsoft\WindowsApps;C:\Users\D071860\AppData\Roaming\npm	PATHEXT=.COM;.EXE;.BAT;.CMD;.VBS;.VBE;.JSE;.WSF;.WSH;.MSC	PROCESSOR_ARCHITECTURE=x86	PROCESSOR_ARCHITEW6432=AMD64	PROCESSOR_IDENTIFIER=Intel64 Family 6 Model 78 Stepping 3, GenuineIntel	PROCESSOR_LEVEL=6	PROCESSOR_REVISION=4e03	ProgramData=C:\ProgramData	ProgramFiles=C:\Program Files (x86)	ProgramFiles(x86)=C:\Program Files (x86)	ProgramW6432=C:\Program Files	PROMPT=$E[m$E[32m$E]9;8;"USERNAME"$E\@$E]9;8;"COMPUTERNAME"$E\$S$E[92m$P$E[90m$_$E[90m$G$E[m$S$E]9;12$E\	PSModulePath=C:\Program Files (x86)\WindowsPowerShell\Modules;C:\WINDOWS\system32\WindowsPowerShell\v1.0\Modules;C:\Program Files (x86)\Google\Cloud SDK\google-cloud-sdk\platform\PowerShell	PUBLIC=C:\Users\Public	SESSIONNAME=Console	SNC_LIB=C:\Program Files (x86)\SAP\FrontEnd\SecureLogin\lib\sapcrypto.dll	SNC_LIB_64=C:\Program Files\SAP\FrontEnd\SecureLogin\lib\sapcrypto.dll	SSF_LIBRARY_PATH=C:\Program Files (x86)\SAP\FrontEnd\SecureLogin\lib\sapcrypto.dll	SSF_LIBRARY_PATH_64=C:\Program Files\SAP\FrontEnd\SecureLogin\lib\sapcrypto.dll	SystemDrive=C:	SystemRoot=C:\WINDOWS	TEMP=C:\Users\D071860\AppData\Local\Temp	TMP=C:\Users\D071860\AppData\Local\Temp	UATDATA=C:\WINDOWS\CCM\UATData\D9F8C395-CAB8-491d-B8AC-179A1FE1BE77	UB_HOME=c:\UnityBase	USERDNSDOMAIN=GLOBAL.CORP.SAP	USERDOMAIN=GLOBAL	USERDOMAIN_ROAMINGPROFILE=GLOBAL	USERNAME=D071860	USERPROFILE=C:\Users\D071860	windir=C:\WINDOWSTubLog 1.18.3488 FTS3 2018-04-16T10:47:5420180416 10475458  ! warn  WebSocket support are disabled because WSServer.host = '' in config
20180416 10475458  !  +    ubServer.TubServer(043674E8).008863DB 
20180416 10475458  !  +    	Init app
20180416 10475458  ! srvr  		FTS is disabled
20180416 10475458  ! info  		Check blob store "avatars" folder "C:\ubProject\CityPortal\avatars\": folder exists
20180416 10475458  ! info  		Check blob store "attach" folder "C:\ubProject\CityPortal\docs\attach\": folder exists
20180416 10475458  !  -    	00.000.701
20180416 10475458  !  +    	Folder C:\ubProject\CityPortal\node_modules\@unitybase\ub\ modified
20180416 10475458  !  +    		ubCommonClasses.TubThreadSafeCache(02E9CB08).removeStartsWith
20180416 10475458  !  -    		00.000.004
20180416 10475458  !  -    	00.000.009
20180416 10475458  !  +    	Folder C:\ubProject\CityPortal\node_modules\@unitybase\uba\ modified
20180416 10475458  !  +    		ubCommonClasses.TubThreadSafeCache(02E9CB08).removeStartsWith
20180416 10475458  !  -    		00.000.000
20180416 10475458  !  -    	00.000.004
20180416 10475458  !  +    	Folder C:\ubProject\CityPortal\node_modules\@unitybase\ubs\ modified
20180416 10475458  !  +    		ubCommonClasses.TubThreadSafeCache(02E9CB08).removeStartsWith
20180416 10475458  !  -    		00.000.000
20180416 10475458  !  -    	00.000.004
20180416 10475458  !  +    	Folder C:\ubProject\CityPortal\node_modules\@unitybase\ubm\ modified
20180416 10475458  !  +    		ubCommonClasses.TubThreadSafeCache(02E9CB08).removeStartsWith
20180416 10475458  !  -    		00.000.000
20180416 10475458  !  -    	00.000.003
20180416 10475458  !  +    	Folder C:\ubProject\CityPortal\_public_only_\ modified
20180416 10475458  !  +    		ubCommonClasses.TubThreadSafeCache(02E9CB08).removeStartsWith
20180416 10475458  !  -    		00.000.000
20180416 10475458  !  -    	00.000.003
20180416 10475458  !  +    	Folder C:\ubProject\CityPortal\node_modules\@unitybase\adminui-reg\ modified
20180416 10475458  !  +    		ubCommonClasses.TubThreadSafeCache(02E9CB08).removeStartsWith
20180416 10475458  !  -    		00.000.000
20180416 10475458  !  -    	00.000.004
20180416 10475458  !  +    	Folder C:\ubProject\CityPortal\models\requests\ modified
20180416 10475458  !  +    		ubCommonClasses.TubThreadSafeCache(02E9CB08).removeStartsWith
20180416 10475458  !  -    		00.000.000
20180416 10475458  !  -    	00.000.003
20180416 10475458  !  +    	ubApp.TubApp(02E03EE0).init
20180416 10475458  ! srvr  		Mime converters are disabled
20180416 10475458  !  -    	00.000.003
20180416 10475458  ! srvr  	Enable zip compresison
20180416 10475458  ! srvr  	Send initialization request to http://localhost:888/init
20180416 10475458  "  +    InitializationRequest
20180416 10475458  "  +    	init
20180416 10475458  " srvr  		Start application intialization...
20180416 10475458  " info  		Loading domain...
20180416 10475458  " info  		Loading model "UB" from "C:\ubProject\CityPortal\node_modules\@unitybase\ub\"
20180416 10475458  " info  		Loading model "UBA" from "C:\ubProject\CityPortal\node_modules\@unitybase\uba\"
20180416 10475460  " info  		Loading model "UBS" from "C:\ubProject\CityPortal\node_modules\@unitybase\ubs\"
20180416 10475461  " info  		Loading model "UBM" from "C:\ubProject\CityPortal\node_modules\@unitybase\ubm\"
20180416 10475461  " info  		Loading model "adminui-reg" from "C:\ubProject\CityPortal\node_modules\@unitybase\adminui-reg\"
20180416 10475461  " info  		Loading model "RequestList" from "C:\ubProject\CityPortal\models\requests\"
20180416 10475461  "  +    		ubApp.TubDataStore(04300038).Init
20180416 10475461  "  +    			ubApp.TubApp(02E03EE0).DBExecute
20180416 10475461  "  +    				ubApp.TubApp(02E03EE0).TubApp.InternalDBExecute
20180416 10475461  "  +    					00856EC2 
20180416 10475500  "  -    					00.008.907
20180416 10475500  " SQL   					ubDBSQLite3ThreadSafe.TubSQLite3Statement(02EB6F70) PRAGMA foreign_keys = ON
20180416 10475500  " SQL   					ubDBSQLite3ThreadSafe.TubSQLite3Statement(02EB6970) SELECT A01.ID,A01.entity,A01.state,A01.attribute,A01.roleName,A01.actions  FROM uba_als A01  ORDER BY A01.entity ASC
20180416 10475500  "  -    				00.009.038
20180416 10475500  "  -    			00.009.074
20180416 10475500  " debug 			Query result for entity "uba_als" into data name "": row count=0
20180416 10475500  "  -    		00.009.097
20180416 10475500  " srvr  		The domain loaded successfully with 0 entities
20180416 10475500  " debug 		Create new JavaScript Engine for thread 65596
20180416 10475513  "  +    		008C234A 
20180416 10475513  "  +    			ubApp.TubDataStore(075753A0).Init
20180416 10475513  "  +    				ubApp.TubApp(02E03EE0).DBExecute
20180416 10475513  "  +    					ubApp.TubApp(02E03EE0).TubApp.InternalDBExecute
20180416 10475513  " SQL   						ubDBSQLite3ThreadSafe.TubSQLite3Statement(02EB72D0) SELECT A01.ID,A01.name,A01.sessionTimeout,A01.allowedAppMethods  FROM uba_role A01 
20180416 10475513  "  -    					00.000.047
20180416 10475513  "  -    				00.000.116
20180416 10475513  " debug 				Query result for entity "uba_role" into data name "": row count=9
20180416 10475513  "  -    			00.000.128
20180416 10475513  "  +    			ubApp.TubDataStore(07575418).Init
20180416 10475513  "  +    				ubApp.TubApp(02E03EE0).DBExecute
20180416 10475513  "  +    					ubApp.TubApp(02E03EE0).TubApp.InternalDBExecute
20180416 10475513  " SQL   						ubDBSQLite3ThreadSafe.TubSQLite3Statement(02EB7270) SELECT A01.ID,A01.entityMask,A01.methodMask,A01.ruleType,A01.ruleRole,A01.disabled,A01.code  FROM uba_els A01 
20180416 10475513  "  -    					00.000.033
20180416 10475513  "  -    				00.000.162
20180416 10475513  " debug 				Query result for entity "uba_els" into data name "": row count=88
20180416 10475513  "  -    			00.000.189
20180416 10475513  "  -    		00.002.172
20180416 10475513  " auth  		New session admin/149148424 created at 127.0.0.1/-360287955694124051 using Mozilla/5.0 (Windows; mORMot 1.18 TWinHTTP)
20180416 10475513  " auth  		New session anonymous/149148427 created at 127.0.0.1/-360287955694124051 using Mozilla/5.0 (Windows; mORMot 1.18 TWinHTTP)
20180416 10475513  "  +    		ubApp.TubDataStore(07575580).Init
20180416 10475513  "  +    			ubApp.TubApp(02E03EE0).DBExecute
20180416 10475513  "  +    				ubApp.TubApp(02E03EE0).TubApp.InternalDBExecute
20180416 10475513  " debug 					P1: String(34)	UBA.passwordPolicy.maxDurationDays
20180416 10475513  " SQL   					ubDBSQLite3ThreadSafe.TubSQLite3Statement(02EB7390) select settingValue from ubs_settings where settingKey =?
20180416 10475513  "  -    				00.000.028
20180416 10475513  "  -    			00.000.068
20180416 10475513  " debug 			Query result for entity "ubs_settings" into data name "": row count=1
20180416 10475513  "  -    		00.000.076
20180416 10475513  "  +    		ubApp.TubDataStore(07575580).Init
20180416 10475513  "  +    			ubApp.TubApp(02E03EE0).DBExecute
20180416 10475513  "  +    				ubApp.TubApp(02E03EE0).TubApp.InternalDBExecute
20180416 10475513  " debug 					P1: String(37)	UBA.passwordPolicy.maxInvalidAttempts
20180416 10475513  " SQL   					ubDBSQLite3ThreadSafe.TubSQLite3Statement(02EB7390) select settingValue from ubs_settings where settingKey =?
20180416 10475513  "  -    				00.000.006
20180416 10475513  "  -    			00.000.018
20180416 10475513  " debug 			Query result for entity "ubs_settings" into data name "": row count=1
20180416 10475513  "  -    		00.000.023
20180416 10475513  "  -    	00.270.200
20180416 10475513  "  -    00.270.217
20180416 10475513  ! srvr  	ubServer.TubServer(043674E8) {"THttpApiServer(02DCA990)":{"Cloned":false,"RegisteredUrl":"http://+:888/","HTTPQueueLength":1000,"MaxBandwidth":-1,"MaxConnections":-1,"APIVersion":"HTTP API 2.0","ServerName":"UnityBase","ProcessName":""}} initialized
20180416 10475513  !  -    00.278.838
20180416 10475513  "  +    getAppInfo
20180416 10475513  " http  	127.0.0.1 -> GET getAppInfo
20180416 10475513  " call  	endpoint getAppInfo
20180416 10475513  " http  	127.0.0.1 <- 200
20180416 10475513  "  -    00.000.544
20180416 10475515  #  +    auth?AUTHTYPE=UB&userName=admin
20180416 10475515  # http  	127.0.0.1 -> GET auth?AUTHTYPE=UB&userName=admin
20180416 10475515  # debug 	Create new JavaScript Engine for thread 67192
20180416 10475528  # call  	endpoint auth
20180416 10475528  # http  	127.0.0.1 <- 200
20180416 10475528  #  -    00.216.538
20180416 10475528  $  +    auth?AUTHTYPE=UB&clientNonce=934fd7b94041b05c87bb45b1fa37cf813fecadb86dcf5a2f361e832a85809af4&password=b4f8a2521d43f86fa5eb4edd5324005bc84a62d72b416498708bb157b41ee4f8&userName=admin
20180416 10475528  $ http  	127.0.0.1 -> GET auth?AUTHTYPE=UB&clientNonce=934fd7b94041b05c87bb45b1fa37cf813fecadb86dcf5a2f361e832a85809af4&password=b4f8a2521d43f86fa5eb4edd5324005bc84a62d72b416498708bb157b41ee4f8&userName=admin
20180416 10475528  $ debug 	Create new JavaScript Engine for thread 65160
20180416 10475542  $ call  	endpoint auth
20180416 10475542  $  +    	ubApp.TubDataStore(0757A8F0).Init
20180416 10475542  $  +    		ubApp.TubApp(02E03EE0).DBExecute
20180416 10475542  $  +    			ubApp.TubApp(02E03EE0).TubApp.InternalDBExecute
20180416 10475542  $  +    				00856EC2 
20180416 10475542  $  -    				00.002.385
20180416 10475542  $ SQL   				ubDBSQLite3ThreadSafe.TubSQLite3Statement(02EB8110) PRAGMA foreign_keys = ON
20180416 10475542  $ debug 				P1: String(5)	admin
20180416 10475542  $ SQL   				ubDBSQLite3ThreadSafe.TubSQLite3Statement(02EB7AB0) select id, name, uPasswordHashHexa, uData, isPending, trustedIP from UBA_USER where name=? and disabled=0
20180416 10475542  $  -    			00.002.433
20180416 10475542  $  -    		00.002.484
20180416 10475542  $ debug 		Query result for entity "uba_user" into data name "": row count=1
20180416 10475542  $  -    	00.002.500
20180416 10475542  $  +    	ubApp.TubDataStore(0757A8F0).Init
20180416 10475542  $  +    		ubApp.TubApp(02E03EE0).DBExecute
20180416 10475542  $  +    			ubApp.TubApp(02E03EE0).TubApp.InternalDBExecute
20180416 10475542  $ debug 				P1: Int64		10
20180416 10475542  $ SQL   				ubDBSQLite3ThreadSafe.TubSQLite3Statement(02EB8110) SELECT lastPasswordChangeDate FROM uba_user WHERE id=?
20180416 10475542  $  -    			00.000.018
20180416 10475542  $  -    		00.000.042
20180416 10475542  $ debug 		Query result for entity "uba_user" into data name "__expireDate": row count=1
20180416 10475542  $  -    	00.000.050
20180416 10475542  $  +    	ubApp.TubDataStore(07E86390).Init
20180416 10475542  $  +    		ubApp.TubApp(02E03EE0).DBExecute
20180416 10475542  $  +    			ubApp.TubApp(02E03EE0).TubApp.InternalDBExecute
20180416 10475542  $ debug 				P1: Int64		10
20180416 10475542  $ SQL   				ubDBSQLite3ThreadSafe.TubSQLite3Statement(02EB81D0) SELECT A01.roleID,A02.name,A02.description  FROM uba_userrole A01  INNER JOIN uba_role A02 ON A02.ID=A01.roleID  WHERE A01.userID=?
20180416 10475542  $  -    			00.000.041
20180416 10475542  $  -    		00.000.080
20180416 10475542  $ debug 		Query result for entity "uba_userrole" into data name "": row count=1
20180416 10475542  $  -    	00.000.087
20180416 10475542  $ auth  	New session admin/149148426 created at 127.0.0.1/-360287955694124051 using Mozilla/5.0 (Windows; mORMot 1.18 TWinHTTP)
20180416 10475542  $  +    	ubMixinClasses.TubStorageMixin(02E542C0).MixinMethod
20180416 10475542  $ debug 		uba_user.select(TubStorageMixin)
20180416 10475542  $  +    		ubApp.TubDataStore(07E86390).Init
20180416 10475542  $  +    			ubApp.TubApp(02E03EE0).DBExecute
20180416 10475542  $  +    				ubApp.TubApp(02E03EE0).TubApp.InternalDBExecute
20180416 10475542  $ debug 					P1: Int64		10
20180416 10475542  $ SQL   					ubDBSQLite3ThreadSafe.TubSQLite3Statement(02EB82F0) SELECT A01.name  FROM uba_user A01  WHERE A01.ID=?
20180416 10475542  $  -    				00.000.042
20180416 10475542  $  -    			00.000.084
20180416 10475542  $ debug 			Query result for entity "uba_user" into data name "": row count=1
20180416 10475542  $  -    		00.000.092
20180416 10475542  $  -    	00.000.153
20180416 10475545  $  +    	ubMixinClasses.TubStorageMixin(02E542C0).MixinMethod
20180416 10475545  $ debug 		uba_advSecurity.select(TubStorageMixin)
20180416 10475545  $  +    		ubApp.TubDataStore(07E86390).Init
20180416 10475545  $  +    			ubApp.TubApp(02E03EE0).DBExecute
20180416 10475545  $  +    				ubApp.TubApp(02E03EE0).TubApp.InternalDBExecute
20180416 10475545  $ debug 					P1: Int64		10
20180416 10475545  $ SQL   					ubDBSQLite3ThreadSafe.TubSQLite3Statement(02EB8350) SELECT A01.ID,A01.allowedIP,A01.refreshIP,A01.fp,A01.refreshFp,A01.keyMediaName,A01.refreshKeyMedia,A01.mi_modifyDate  FROM uba_advSecurity A01  WHERE A01.userID=?
20180416 10475545  $  -    				00.000.057
20180416 10475545  $  -    			00.000.113
20180416 10475545  $ debug 			Query result for entity "uba_advSecurity" into data name "": row count=0
20180416 10475545  $  -    		00.000.124
20180416 10475545  $  -    	00.000.269
20180416 10475545  $  +    	ubMixinClasses.TubStorageMixin(02E542C0).MixinMethod
20180416 10475545  $ debug 		uba_userrole.select(TubStorageMixin)
20180416 10475545  $  +    		ubApp.TubDataStore(07E86390).Init
20180416 10475545  $  +    			ubApp.TubApp(02E03EE0).DBExecute
20180416 10475545  $  +    				ubApp.TubApp(02E03EE0).TubApp.InternalDBExecute
20180416 10475545  $ debug 					P1: Int64		10
20180416 10475545  $ SQL   					ubDBSQLite3ThreadSafe.TubSQLite3Statement(02EB83B0) SELECT A01.ID,A02.name,A01.roleID  FROM uba_userrole A01  INNER JOIN uba_role A02 ON A02.ID=A01.roleID  WHERE A01.userID=?
20180416 10475545  $  -    				00.000.058
20180416 10475545  $  -    			00.000.142
20180416 10475545  $ debug 			Query result for entity "uba_userrole" into data name "": row count=1
20180416 10475545  $  -    		00.000.151
20180416 10475545  $  -    	00.000.228
20180416 10475545  $  +    	ubMixinClasses.TubStorageMixin(02E542C0).MixinMethod
20180416 10475545  $ debug 		uba_audit.beforeinsert(TubStorageMixin)
20180416 10475545  $  -    	00.000.018
20180416 10475545  $  +    	ubMixinClasses.TubStorageMixin(02E542C0).MixinMethod
20180416 10475545  $ debug 		uba_audit.insert(TubStorageMixin)
20180416 10475545  $  +    		ubApp.TubDataStore(0757A6E8).TubDataStore.ExecuteInsertFromList
20180416 10475545  $  +    			ubApp.TubDataStore(0757A6E8).TubDataStore.ExecuteInsertFromSQL
20180416 10475545  $  +    				ubApp.TubApp(02E03EE0).DBExecute
20180416 10475545  $  +    					ubApp.TubApp(02E03EE0).TubApp.InternalDBExecute
20180416 10475545  $ debug 						P1: String(8)	uba_user
20180416 10475545  $ debug 						P2: Int64		10
20180416 10475545  $ debug 						P3: String(5)	LOGIN
20180416 10475545  $ debug 						P4: Int64		10
20180416 10475545  $ debug 						P5: DateTime	2018-04-16T10:47:55
20180416 10475545  $ debug 						P6: String(9)	127.0.0.1
20180416 10475545  $ debug 						P7: String(5)	admin
20180416 10475545  $ debug 						P8: String(0)	
20180416 10475545  $ debug 						P9: Int64		335793574838273
20180416 10475545  $ debug 						P10: String(313..)	Cache-Control: no-cache  Connection: Keep-Alive  Pragma: no-cache  Accept: */*  Accept-Encoding: gzi...
20180416 10475545  $ DB    						StartTransaction for connection "main"
20180416 10475545  $ SQL   						ubDBSQLite3ThreadSafe.TubSQLite3Statement(02EB8470) INSERT INTO uba_audit (entity,entityinfo_id,actionType,actionUser,actionTime,remoteIP,targetUser,targetRole,ID,fromValue) VALUES (?,?,?,?,?,?,?,?,?,?)
20180416 10475545  $  -    					00.000.139
20180416 10475545  $  -    				00.000.141
20180416 10475545  $  -    			00.000.231
20180416 10475545  $  -    		00.000.243
20180416 10475545  $  -    	00.000.246
20180416 10475545  $  +    	ubMixinClasses.TubStorageMixin(02E542C0).MixinMethod
20180416 10475545  $ debug 		uba_audit.afterinsert(TubStorageMixin)
20180416 10475545  $  -    	00.000.003
20180416 10475545  $ DB    	Commit connection "main"
20180416 10475545  $ http  	127.0.0.1 <- 200
20180416 10475545  $  -    00.262.460
20180416 10475545  %  +    ubql
20180416 10475545  % http  	127.0.0.1 -> POST ubql
20180416 10475545  % http  	[{"entity":"ubm_desktop","method":"select","fieldList":["ID"],"options":{"limit":1},"whereList":{"lookup":{"expression":"code","condition":"equal","values":{"code":"CityReq_desktop"}}}}]
20180416 10475545  % debug 	Create new JavaScript Engine for thread 67188
20180416 10475560  % auth  	admin/149148426
20180416 10475560  % call  	endpoint ubql
20180416 10475560  %  +    	ubMixinClasses.TubRLSMixin(02E54E20).MixinMethod
20180416 10475560  % debug 		ubm_desktop.select(TubRLSMixin)
20180416 10475560  % debug 		Prepare RLS expression for ubm_desktop
20180416 10475560  %  +    		ubApp.TubDataStore(07E89090).Init
20180416 10475560  %  +    			ubApp.TubApp(02E03EE0).DBExecute
20180416 10475560  %  +    				ubApp.TubApp(02E03EE0).TubApp.InternalDBExecute
20180416 10475560  %  +    					00856EC2 
20180416 10475560  %  -    					00.002.473
20180416 10475560  % SQL   					ubDBSQLite3ThreadSafe.TubSQLite3Statement(02EB8E90) PRAGMA foreign_keys = ON
20180416 10475560  % SQL   					ubDBSQLite3ThreadSafe.TubSQLite3Statement(02EB8830) select ID, name FROM uba_role
20180416 10475560  %  -    				00.002.504
20180416 10475560  %  -    			00.002.542
20180416 10475560  % debug 			Query result for entity "uba_role" into data name "": row count=9
20180416 10475560  %  -    		00.002.553
20180416 10475560  %  -    	00.003.606
20180416 10475560  %  +    	ubMixinClasses.TubStorageMixin(02E542C0).MixinMethod
20180416 10475560  % debug 		ubm_desktop.select(TubStorageMixin)
20180416 10475560  %  +    		ubApp.TubDataStore(07E88F78).Init
20180416 10475560  %  +    			ubApp.TubApp(02E03EE0).DBExecute
20180416 10475560  %  +    				ubApp.TubApp(02E03EE0).TubApp.InternalDBExecute
20180416 10475560  % debug 					P1: String(15)	CityReq_desktop
20180416 10475560  % debug 					P2: Int64		10
20180416 10475560  % debug 					P3: Int64		10
20180416 10475560  % debug 					P4: DateTime	9999-12-31T00:00:00
20180416 10475560  % SQL   					ubDBSQLite3ThreadSafe.TubSQLite3Statement(02EB8FB0) SELECT A01.ID  FROM ubm_desktop A01  WHERE code=? AND (( A01.mi_owner = ? ) OR (1=1) OR exists (select 1 from ubm_desktop_adm admsubtable where admsubtable.instanceID = A01.ID and admsubtable.admSubjID in (select ur.RoleID from uba_userrole ur where ur.UserID = ? union select 10))) AND A01.mi_deleteDate=? LIMIT 1 OFFSET 0 
20180416 10475560  %  -    				00.000.107
20180416 10475560  %  -    			00.000.171
20180416 10475560  % debug 			Query result for entity "ubm_desktop" into data name "": row count=1
20180416 10475560  %  -    		00.000.183
20180416 10475560  %  -    	00.000.306
20180416 10475560  % http  	127.0.0.1 <- 200
20180416 10475560  %  -    00.249.045
20180416 10475560  &  +    ubql
20180416 10475560  & http  	127.0.0.1 -> POST ubql
20180416 10475560  & http  	[{"entity":"ubm_navshortcut","method":"select","fieldList":["ID"],"options":{"limit":1},"whereList":{"lookup":{"expression":"code","condition":"equal","values":{"code":"req_departments_folder"}}}}]
20180416 10475560  & debug 	Create new JavaScript Engine for thread 67240
20180416 10475611  & auth  	admin/149148426
20180416 10475611  & call  	endpoint ubql
20180416 10475611  &  +    	ubMixinClasses.TubRLSMixin(02E54E20).MixinMethod
20180416 10475611  & debug 		ubm_navshortcut.select(TubRLSMixin)
20180416 10475611  & debug 		Prepare RLS expression for ubm_navshortcut
20180416 10475611  &  +    		ubApp.TubDataStore(07E8D4B0).Init
20180416 10475611  &  +    			ubApp.TubApp(02E03EE0).DBExecute
20180416 10475611  &  +    				ubApp.TubApp(02E03EE0).TubApp.InternalDBExecute
20180416 10475611  &  +    					00856EC2 
20180416 10475611  &  -    					00.002.260
20180416 10475611  & SQL   					ubDBSQLite3ThreadSafe.TubSQLite3Statement(02EB98B0) PRAGMA foreign_keys = ON
20180416 10475611  & SQL   					ubDBSQLite3ThreadSafe.TubSQLite3Statement(02EB9250) select ID, name FROM uba_role
20180416 10475611  &  -    				00.002.292
20180416 10475611  &  -    			00.002.350
20180416 10475611  & debug 			Query result for entity "uba_role" into data name "": row count=9
20180416 10475611  &  -    		00.002.360
20180416 10475611  &  -    	00.003.348
20180416 10475611  &  +    	ubMixinClasses.TubStorageMixin(02E542C0).MixinMethod
20180416 10475611  & debug 		ubm_navshortcut.select(TubStorageMixin)
20180416 10475611  &  +    		ubApp.TubDataStore(07E8D3E8).Init
20180416 10475611  &  +    			ubApp.TubApp(02E03EE0).DBExecute
20180416 10475611  &  +    				ubApp.TubApp(02E03EE0).TubApp.InternalDBExecute
20180416 10475611  & debug 					P1: String(22)	req_departments_folder
20180416 10475611  & debug 					P2: Int64		10
20180416 10475611  & debug 					P3: Int64		10
20180416 10475611  & debug 					P4: DateTime	9999-12-31T00:00:00
20180416 10475611  & SQL   					ubDBSQLite3ThreadSafe.TubSQLite3Statement(02EB99D0) SELECT A01.ID  FROM ubm_navshortcut A01  WHERE code=? AND (( A01.mi_owner = ? ) OR                (1=1) OR                              exists (select 1 from ubm_navshortcut_adm admsubtable where admsubtable.instanceID = A01.ID and admsubtable.admSubjID in (select ur.RoleID from uba_userrole ur where ur.UserID = ? union select 10))) AND A01.mi_deleteDate=? LIMIT 1 OFFSET 0 
20180416 10475611  &  -    				00.000.114
20180416 10475611  &  -    			00.000.203
20180416 10475611  & debug 			Query result for entity "ubm_navshortcut" into data name "": row count=1
20180416 10475611  &  -    		00.000.235
20180416 10475611  &  -    	00.000.368
20180416 10475611  & http  	127.0.0.1 <- 200
20180416 10475611  &  -    00.215.145
20180416 10475611  '  +    ubql
20180416 10475611  ' http  	127.0.0.1 -> POST ubql
20180416 10475611  ' http  	[{"entity":"ubm_navshortcut","method":"select","fieldList":["ID"],"options":{"limit":1},"whereList":{"lookup":{"expression":"code","condition":"equal","values":{"code":"req_depart"}}}}]
20180416 10475611  ' debug 	Create new JavaScript Engine for thread 67300
20180416 10475625  ' auth  	admin/149148426
20180416 10475625  ' call  	endpoint ubql
20180416 10475625  '  +    	ubMixinClasses.TubRLSMixin(02E54E20).MixinMethod
20180416 10475625  ' debug 		ubm_navshortcut.select(TubRLSMixin)
20180416 10475625  ' debug 		Prepare RLS expression for ubm_navshortcut
20180416 10475625  '  +    		ubApp.TubDataStore(0D427FC0).Init
20180416 10475625  '  +    			ubApp.TubApp(02E03EE0).DBExecute
20180416 10475625  '  +    				ubApp.TubApp(02E03EE0).TubApp.InternalDBExecute
20180416 10475625  '  +    					00856EC2 
20180416 10475625  '  -    					00.003.149
20180416 10475625  ' SQL   					ubDBSQLite3ThreadSafe.TubSQLite3Statement(02EBA330) PRAGMA foreign_keys = ON
20180416 10475625  ' SQL   					ubDBSQLite3ThreadSafe.TubSQLite3Statement(02EB9CD0) select ID, name FROM uba_role
20180416 10475625  '  -    				00.003.202
20180416 10475625  '  -    			00.003.264
20180416 10475625  ' debug 			Query result for entity "uba_role" into data name "": row count=9
20180416 10475625  '  -    		00.003.278
20180416 10475625  '  -    	00.004.363
20180416 10475625  '  +    	ubMixinClasses.TubStorageMixin(02E542C0).MixinMethod
20180416 10475625  ' debug 		ubm_navshortcut.select(TubStorageMixin)
20180416 10475625  '  +    		ubApp.TubDataStore(0D427EF8).Init
20180416 10475625  '  +    			ubApp.TubApp(02E03EE0).DBExecute
20180416 10475625  '  +    				ubApp.TubApp(02E03EE0).TubApp.InternalDBExecute
20180416 10475625  ' debug 					P1: String(10)	req_depart
20180416 10475625  ' debug 					P2: Int64		10
20180416 10475625  ' debug 					P3: Int64		10
20180416 10475625  ' debug 					P4: DateTime	9999-12-31T00:00:00
20180416 10475625  ' SQL   					ubDBSQLite3ThreadSafe.TubSQLite3Statement(02EBA450) SELECT A01.ID  FROM ubm_navshortcut A01  WHERE code=? AND (( A01.mi_owner = ? ) OR                (1=1) OR                              exists (select 1 from ubm_navshortcut_adm admsubtable where admsubtable.instanceID = A01.ID and admsubtable.admSubjID in (select ur.RoleID from uba_userrole ur where ur.UserID = ? union select 10))) AND A01.mi_deleteDate=? LIMIT 1 OFFSET 0 
20180416 10475625  '  -    				00.000.094
20180416 10475625  '  -    			00.000.220
20180416 10475625  ' debug 			Query result for entity "ubm_navshortcut" into data name "": row count=1
20180416 10475625  '  -    		00.000.246
20180416 10475625  '  -    	00.000.402
20180416 10475625  ' http  	127.0.0.1 <- 200
20180416 10475625  '  -    00.218.485
20180416 10475625  (  +    ubql
20180416 10475625  ( http  	127.0.0.1 -> POST ubql
20180416 10475625  ( http  	[{"entity":"ubm_navshortcut","method":"select","fieldList":["ID"],"options":{"limit":1},"whereList":{"lookup":{"expression":"code","condition":"equal","values":{"code":"req_subDepart"}}}}]
20180416 10475625  ( debug 	Create new JavaScript Engine for thread 67244
20180416 10475639  ( auth  	admin/149148426
20180416 10475639  ( call  	endpoint ubql
20180416 10475639  (  +    	ubMixinClasses.TubRLSMixin(02E54E20).MixinMethod
20180416 10475639  ( debug 		ubm_navshortcut.select(TubRLSMixin)
20180416 10475639  ( debug 		Prepare RLS expression for ubm_navshortcut
20180416 10475639  (  +    		ubApp.TubDataStore(0D42C3B8).Init
20180416 10475639  (  +    			ubApp.TubApp(02E03EE0).DBExecute
20180416 10475639  (  +    				ubApp.TubApp(02E03EE0).TubApp.InternalDBExecute
20180416 10475639  (  +    					00856EC2 
20180416 10475639  (  -    					00.002.324
20180416 10475639  ( SQL   					ubDBSQLite3ThreadSafe.TubSQLite3Statement(02EBAD50) PRAGMA foreign_keys = ON
20180416 10475639  ( SQL   					ubDBSQLite3ThreadSafe.TubSQLite3Statement(02EBA6F0) select ID, name FROM uba_role
20180416 10475639  (  -    				00.002.356
20180416 10475639  (  -    			00.002.395
20180416 10475639  ( debug 			Query result for entity "uba_role" into data name "": row count=9
20180416 10475639  (  -    		00.002.406
20180416 10475639  (  -    	00.003.351
20180416 10475639  (  +    	ubMixinClasses.TubStorageMixin(02E542C0).MixinMethod
20180416 10475639  ( debug 		ubm_navshortcut.select(TubStorageMixin)
20180416 10475639  (  +    		ubApp.TubDataStore(0D42C2F0).Init
20180416 10475639  (  +    			ubApp.TubApp(02E03EE0).DBExecute
20180416 10475639  (  +    				ubApp.TubApp(02E03EE0).TubApp.InternalDBExecute
20180416 10475639  ( debug 					P1: String(13)	req_subDepart
20180416 10475639  ( debug 					P2: Int64		10
20180416 10475639  ( debug 					P3: Int64		10
20180416 10475639  ( debug 					P4: DateTime	9999-12-31T00:00:00
20180416 10475639  ( SQL   					ubDBSQLite3ThreadSafe.TubSQLite3Statement(02EBAE70) SELECT A01.ID  FROM ubm_navshortcut A01  WHERE code=? AND (( A01.mi_owner = ? ) OR                (1=1) OR                              exists (select 1 from ubm_navshortcut_adm admsubtable where admsubtable.instanceID = A01.ID and admsubtable.admSubjID in (select ur.RoleID from uba_userrole ur where ur.UserID = ? union select 10))) AND A01.mi_deleteDate=? LIMIT 1 OFFSET 0 
20180416 10475639  (  -    				00.000.089
20180416 10475639  (  -    			00.000.158
20180416 10475639  ( debug 			Query result for entity "ubm_navshortcut" into data name "": row count=1
20180416 10475639  (  -    		00.000.169
20180416 10475639  (  -    	00.000.278
20180416 10475639  ( http  	127.0.0.1 <- 200
20180416 10475639  (  -    00.214.302
20180416 10475639  )  +    ubql
20180416 10475639  ) http  	127.0.0.1 -> POST ubql
20180416 10475639  ) http  	[{"entity":"ubm_navshortcut","method":"select","fieldList":["ID"],"options":{"limit":1},"whereList":{"lookup":{"expression":"code","condition":"equal","values":{"code":"req_reqList"}}}}]
20180416 10475639  ) debug 	Create new JavaScript Engine for thread 67296
20180416 10475653  ) auth  	admin/149148426
20180416 10475653  ) call  	endpoint ubql
20180416 10475653  )  +    	ubMixinClasses.TubRLSMixin(02E54E20).MixinMethod
20180416 10475653  ) debug 		ubm_navshortcut.select(TubRLSMixin)
20180416 10475653  ) debug 		Prepare RLS expression for ubm_navshortcut
20180416 10475653  )  +    		ubApp.TubDataStore(0D358F70).Init
20180416 10475653  )  +    			ubApp.TubApp(02E03EE0).DBExecute
20180416 10475653  )  +    				ubApp.TubApp(02E03EE0).TubApp.InternalDBExecute
20180416 10475653  )  +    					00856EC2 
20180416 10475653  )  -    					00.002.169
20180416 10475653  ) SQL   					ubDBSQLite3ThreadSafe.TubSQLite3Statement(02EBB770) PRAGMA foreign_keys = ON
20180416 10475653  ) SQL   					ubDBSQLite3ThreadSafe.TubSQLite3Statement(02EBB110) select ID, name FROM uba_role
20180416 10475653  )  -    				00.002.232
20180416 10475653  )  -    			00.002.297
20180416 10475653  ) debug 			Query result for entity "uba_role" into data name "": row count=9
20180416 10475653  )  -    		00.002.309
20180416 10475653  )  -    	00.003.211
20180416 10475653  )  +    	ubMixinClasses.TubStorageMixin(02E542C0).MixinMethod
20180416 10475653  ) debug 		ubm_navshortcut.select(TubStorageMixin)
20180416 10475653  )  +    		ubApp.TubDataStore(0D358EA8).Init
20180416 10475653  )  +    			ubApp.TubApp(02E03EE0).DBExecute
20180416 10475653  )  +    				ubApp.TubApp(02E03EE0).TubApp.InternalDBExecute
20180416 10475653  ) debug 					P1: String(11)	req_reqList
20180416 10475653  ) debug 					P2: Int64		10
20180416 10475653  ) debug 					P3: Int64		10
20180416 10475653  ) debug 					P4: DateTime	9999-12-31T00:00:00
20180416 10475653  ) SQL   					ubDBSQLite3ThreadSafe.TubSQLite3Statement(02EBB890) SELECT A01.ID  FROM ubm_navshortcut A01  WHERE code=? AND (( A01.mi_owner = ? ) OR                (1=1) OR                              exists (select 1 from ubm_navshortcut_adm admsubtable where admsubtable.instanceID = A01.ID and admsubtable.admSubjID in (select ur.RoleID from uba_userrole ur where ur.UserID = ? union select 10))) AND A01.mi_deleteDate=? LIMIT 1 OFFSET 0 
20180416 10475653  )  -    				00.000.086
20180416 10475653  )  -    			00.000.180
20180416 10475653  ) debug 			Query result for entity "ubm_navshortcut" into data name "": row count=1
20180416 10475653  )  -    		00.000.211
20180416 10475653  )  -    	00.000.327
20180416 10475653  ) http  	127.0.0.1 <- 200
20180416 10475653  )  -    00.217.586
20180416 10475658  "  +    ubql
20180416 10475658  " http  	127.0.0.1 -> POST ubql
20180416 10475658  " http  	[{"entity":"ubm_enum","method":"select","fieldList":["code"],"options":{"limit":1},"whereList":{"c1":{"expression":"[code]","condition":"equal","values":{"c1":"NEW"}}}}]
20180416 10475658  " auth  	admin/149148426
20180416 10475658  " call  	endpoint ubql
20180416 10475658  "  +    	ubMixinClasses.TubStorageMixin(02E542C0).MixinMethod
20180416 10475658  " debug 		ubm_enum.select(TubStorageMixin)
20180416 10475658  "  +    		ubApp.TubDataStore(0D358D40).Init
20180416 10475658  "  +    			ubApp.TubApp(02E03EE0).DBExecute
20180416 10475658  "  +    				ubApp.TubApp(02E03EE0).TubApp.InternalDBExecute
20180416 10475658  " debug 					P1: String(3)	NEW
20180416 10475658  " debug 					P2: DateTime	9999-12-31T00:00:00
20180416 10475658  " SQL   					ubDBSQLite3ThreadSafe.TubSQLite3Statement(02EBB950) SELECT A01.code  FROM ubm_enum A01  WHERE A01.code=? AND A01.mi_deleteDate=? LIMIT 1 OFFSET 0 
20180416 10475658  "  -    				00.000.077
20180416 10475658  "  -    			00.000.177
20180416 10475658  " debug 			Query result for entity "ubm_enum" into data name "": row count=1
20180416 10475658  "  -    		00.000.205
20180416 10475658  "  -    	00.000.281
20180416 10475658  " http  	127.0.0.1 <- 200
20180416 10475658  "  -    00.000.594
20180416 10475658  #  +    ubql
20180416 10475658  # http  	127.0.0.1 -> POST ubql
20180416 10475658  # http  	[{"entity":"ubm_enum","method":"select","fieldList":["code"],"options":{"limit":1},"whereList":{"c1":{"expression":"[code]","condition":"equal","values":{"c1":"PROCESSED"}}}}]
20180416 10475658  # auth  	admin/149148426
20180416 10475658  # call  	endpoint ubql
20180416 10475658  #  +    	ubMixinClasses.TubStorageMixin(02E542C0).MixinMethod
20180416 10475658  # debug 		ubm_enum.select(TubStorageMixin)
20180416 10475658  #  +    		ubApp.TubDataStore(0D358D68).Init
20180416 10475658  #  +    			ubApp.TubApp(02E03EE0).DBExecute
20180416 10475658  #  +    				ubApp.TubApp(02E03EE0).TubApp.InternalDBExecute
20180416 10475658  #  +    					00856EC2 
20180416 10475658  #  -    					00.002.311
20180416 10475658  # SQL   					ubDBSQLite3ThreadSafe.TubSQLite3Statement(075430F0) PRAGMA foreign_keys = ON
20180416 10475658  # debug 					P1: String(9)	PROCESSED
20180416 10475658  # debug 					P2: DateTime	9999-12-31T00:00:00
20180416 10475658  # SQL   					ubDBSQLite3ThreadSafe.TubSQLite3Statement(02EBBA10) SELECT A01.code  FROM ubm_enum A01  WHERE A01.code=? AND A01.mi_deleteDate=? LIMIT 1 OFFSET 0 
20180416 10475658  #  -    				00.002.438
20180416 10475658  #  -    			00.002.482
20180416 10475658  # debug 			Query result for entity "ubm_enum" into data name "": row count=1
20180416 10475658  #  -    		00.002.500
20180416 10475658  #  -    	00.002.583
20180416 10475658  # http  	127.0.0.1 <- 200
20180416 10475658  #  -    00.002.919
20180416 10475658  $  +    ubql
20180416 10475658  $ http  	127.0.0.1 -> POST ubql
20180416 10475658  $ http  	[{"entity":"ubm_enum","method":"select","fieldList":["code"],"options":{"limit":1},"whereList":{"c1":{"expression":"[code]","condition":"equal","values":{"c1":"REJECTED"}}}}]
20180416 10475658  $ auth  	admin/149148426
20180416 10475658  $ call  	endpoint ubql
20180416 10475658  $  +    	ubMixinClasses.TubStorageMixin(02E542C0).MixinMethod
20180416 10475658  $ debug 		ubm_enum.select(TubStorageMixin)
20180416 10475658  $  +    		ubApp.TubDataStore(0D358F48).Init
20180416 10475658  $  +    			ubApp.TubApp(02E03EE0).DBExecute
20180416 10475658  $  +    				ubApp.TubApp(02E03EE0).TubApp.InternalDBExecute
20180416 10475658  $ debug 					P1: String(8)	REJECTED
20180416 10475658  $ debug 					P2: DateTime	9999-12-31T00:00:00
20180416 10475658  $ SQL   					ubDBSQLite3ThreadSafe.TubSQLite3Statement(07543150) SELECT A01.code  FROM ubm_enum A01  WHERE A01.code=? AND A01.mi_deleteDate=? LIMIT 1 OFFSET 0 
20180416 10475658  $  -    				00.000.056
20180416 10475658  $  -    			00.000.149
20180416 10475658  $ debug 			Query result for entity "ubm_enum" into data name "": row count=1
20180416 10475658  $  -    		00.000.159
20180416 10475658  $  -    	00.000.239
20180416 10475658  $ http  	127.0.0.1 <- 200
20180416 10475658  $  -    00.000.512
20180416 10475658  %  +    ubql
20180416 10475658  % http  	127.0.0.1 -> POST ubql
20180416 10475658  % http  	[{"entity":"ubm_enum","method":"select","fieldList":["code"],"options":{"limit":1},"whereList":{"c1":{"expression":"[code]","condition":"equal","values":{"c1":"CLOSED"}}}}]
20180416 10475658  % auth  	admin/149148426
20180416 10475658  % call  	endpoint ubql
20180416 10475658  %  +    	ubMixinClasses.TubStorageMixin(02E542C0).MixinMethod
20180416 10475658  % debug 		ubm_enum.select(TubStorageMixin)
20180416 10475658  %  +    		ubApp.TubDataStore(0D358EA8).Init
20180416 10475658  %  +    			ubApp.TubApp(02E03EE0).DBExecute
20180416 10475658  %  +    				ubApp.TubApp(02E03EE0).TubApp.InternalDBExecute
20180416 10475658  % debug 					P1: String(6)	CLOSED
20180416 10475658  % debug 					P2: DateTime	9999-12-31T00:00:00
20180416 10475658  % SQL   					ubDBSQLite3ThreadSafe.TubSQLite3Statement(075430F0) SELECT A01.code  FROM ubm_enum A01  WHERE A01.code=? AND A01.mi_deleteDate=? LIMIT 1 OFFSET 0 
20180416 10475658  %  -    				00.000.057
20180416 10475658  %  -    			00.000.150
20180416 10475658  % debug 			Query result for entity "ubm_enum" into data name "": row count=1
20180416 10475658  %  -    		00.000.160
20180416 10475658  %  -    	00.000.244
20180416 10475658  % http  	127.0.0.1 <- 200
20180416 10475658  %  -    00.000.512
20180416 10475658  &  +    ubql
20180416 10475658  & http  	127.0.0.1 -> POST ubql
20180416 10475658  & http  	[{"entity":"req_depart","method":"select","fieldList":["ID"],"options":{"limit":1},"whereList":{"c1":{"expression":"[name]","condition":"equal","values":{"c1":"Departments of health"}}}}]
20180416 10475658  & auth  	admin/149148426
20180416 10475658  & call  	endpoint ubql
20180416 10475658  &  +    	ubMixinClasses.TubStorageMixin(02E542C0).MixinMethod
20180416 10475658  & debug 		req_depart.select(TubStorageMixin)
20180416 10475658  &  +    		ubApp.TubDataStore(0D358F20).Init
20180416 10475658  &  +    			ubApp.TubApp(02E03EE0).DBExecute
20180416 10475658  &  +    				ubApp.TubApp(02E03EE0).TubApp.InternalDBExecute
20180416 10475658  & debug 					P1: String(21)	Departments of health
20180416 10475658  & SQL   					ubDBSQLite3ThreadSafe.TubSQLite3Statement(02EBB830) SELECT A01.ID  FROM req_depart A01  WHERE A01.name=? LIMIT 1 OFFSET 0 
20180416 10475658  &  -    				00.000.043
20180416 10475658  &  -    			00.000.160
20180416 10475658  & debug 			Query result for entity "req_depart" into data name "": row count=1
20180416 10475658  &  -    		00.000.183
20180416 10475658  &  -    	00.000.267
20180416 10475658  & http  	127.0.0.1 <- 200
20180416 10475658  &  -    00.000.532
20180416 10475658  '  +    ubql
20180416 10475658  ' http  	127.0.0.1 -> POST ubql
20180416 10475658  ' http  	[{"entity":"req_depart","method":"select","fieldList":["ID"],"options":{"limit":1},"whereList":{"c1":{"expression":"[name]","condition":"equal","values":{"c1":"Departments of education"}}}}]
20180416 10475658  ' auth  	admin/149148426
20180416 10475658  ' call  	endpoint ubql
20180416 10475658  '  +    	ubMixinClasses.TubStorageMixin(02E542C0).MixinMethod
20180416 10475658  ' debug 		req_depart.select(TubStorageMixin)
20180416 10475658  '  +    		ubApp.TubDataStore(0D358EA8).Init
20180416 10475658  '  +    			ubApp.TubApp(02E03EE0).DBExecute
20180416 10475658  '  +    				ubApp.TubApp(02E03EE0).TubApp.InternalDBExecute
20180416 10475658  ' debug 					P1: String(24)	Departments of education
20180416 10475658  ' SQL   					ubDBSQLite3ThreadSafe.TubSQLite3Statement(075431B0) SELECT A01.ID  FROM req_depart A01  WHERE A01.name=? LIMIT 1 OFFSET 0 
20180416 10475658  '  -    				00.000.054
20180416 10475658  '  -    			00.000.179
20180416 10475658  ' debug 			Query result for entity "req_depart" into data name "": row count=1
20180416 10475658  '  -    		00.000.193
20180416 10475658  '  -    	00.000.301
20180416 10475658  ' http  	127.0.0.1 <- 200
20180416 10475658  '  -    00.000.582
20180416 10475659  (  +    ubql
20180416 10475659  ( http  	127.0.0.1 -> POST ubql
20180416 10475659  ( http  	[{"entity":"uba_user","method":"select","fieldList":["ID"],"options":{"limit":1},"whereList":{"lookup":{"expression":"name","condition":"equal","values":{"code":"hd_user"}}}}]
20180416 10475659  ( auth  	admin/149148426
20180416 10475659  ( call  	endpoint ubql
20180416 10475659  (  +    	ubMixinClasses.TubStorageMixin(02E542C0).MixinMethod
20180416 10475659  ( debug 		uba_user.select(TubStorageMixin)
20180416 10475659  (  +    		ubApp.TubDataStore(0D358F20).Init
20180416 10475659  (  +    			ubApp.TubApp(02E03EE0).DBExecute
20180416 10475659  (  +    				ubApp.TubApp(02E03EE0).TubApp.InternalDBExecute
20180416 10475659  ( debug 					P1: String(7)	hd_user
20180416 10475659  ( SQL   					ubDBSQLite3ThreadSafe.TubSQLite3Statement(07543270) SELECT A01.ID  FROM uba_user A01  WHERE name=? LIMIT 1 OFFSET 0 
20180416 10475659  (  -    				00.000.049
20180416 10475659  (  -    			00.000.147
20180416 10475659  ( debug 			Query result for entity "uba_user" into data name "": row count=1
20180416 10475659  (  -    		00.000.156
20180416 10475659  (  -    	00.000.221
20180416 10475659  ( http  	127.0.0.1 <- 200
20180416 10475659  (  -    00.000.529
20180416 10475659  )  +    ubql
20180416 10475659  ) http  	127.0.0.1 -> POST ubql
20180416 10475659  ) http  	[{"entity":"uba_role","method":"select","fieldList":["ID"],"options":{"limit":1},"whereList":{"lookup":{"expression":"name","condition":"equal","values":{"name":"HealthDepartment"}}}}]
20180416 10475659  ) auth  	admin/149148426
20180416 10475659  ) call  	endpoint ubql
20180416 10475659  )  +    	ubMixinClasses.TubStorageMixin(02E542C0).MixinMethod
20180416 10475659  ) debug 		uba_role.select(TubStorageMixin)
20180416 10475659  )  +    		ubApp.TubDataStore(0D3590D8).Init
20180416 10475659  )  +    			ubApp.TubApp(02E03EE0).DBExecute
20180416 10475659  )  +    				ubApp.TubApp(02E03EE0).TubApp.InternalDBExecute
20180416 10475659  ) debug 					P1: String(16)	HealthDepartment
20180416 10475659  ) SQL   					ubDBSQLite3ThreadSafe.TubSQLite3Statement(075432D0) SELECT A01.ID  FROM uba_role A01  WHERE name=? LIMIT 1 OFFSET 0 
20180416 10475659  )  -    				00.000.093
20180416 10475659  )  -    			00.000.153
20180416 10475659  ) debug 			Query result for entity "uba_role" into data name "": row count=1
20180416 10475659  )  -    		00.000.161
20180416 10475659  )  -    	00.000.228
20180416 10475659  ) http  	127.0.0.1 <- 200
20180416 10475659  )  -    00.000.479
20180416 10475659  "  +    ubql
20180416 10475659  " http  	127.0.0.1 -> POST ubql
20180416 10475659  " http  	[{"entity":"uba_userrole","method":"select","fieldList":["ID"],"options":{"limit":1},"whereList":{"c1":{"expression":"[userID]","condition":"equal","values":{"c1":335786699489281}},"c2":{"expression":"[roleID]","condition":"equal","values":{"c2":335786699489285}}}}]
20180416 10475659  " auth  	admin/149148426
20180416 10475659  " call  	endpoint ubql
20180416 10475659  "  +    	ubMixinClasses.TubStorageMixin(02E542C0).MixinMethod
20180416 10475659  " debug 		uba_userrole.select(TubStorageMixin)
20180416 10475659  "  +    		ubApp.TubDataStore(0D35AC30).Init
20180416 10475659  "  +    			ubApp.TubApp(02E03EE0).DBExecute
20180416 10475659  "  +    				ubApp.TubApp(02E03EE0).TubApp.InternalDBExecute
20180416 10475659  " debug 					P1: Int64		335786699489281
20180416 10475659  " debug 					P2: Int64		335786699489285
20180416 10475659  " SQL   					ubDBSQLite3ThreadSafe.TubSQLite3Statement(07543390) SELECT A01.ID  FROM uba_userrole A01  WHERE A01.userID=? AND A01.roleID=? LIMIT 1 OFFSET 0 
20180416 10475659  "  -    				00.000.069
20180416 10475659  "  -    			00.000.183
20180416 10475659  " debug 			Query result for entity "uba_userrole" into data name "": row count=1
20180416 10475659  "  -    		00.000.198
20180416 10475659  "  -    	00.000.304
20180416 10475659  " http  	127.0.0.1 <- 200
20180416 10475659  "  -    00.000.902
20180416 10475659  #  +    ubql
20180416 10475659  # http  	127.0.0.1 -> POST ubql
20180416 10475659  # http  	[{"entity":"ubm_desktop_adm","method":"select","fieldList":["ID"],"options":{"limit":1},"whereList":{"c1":{"expression":"[instanceID]","condition":"equal","values":{"c1":335784125104129}},"c2":{"expression":"[admSubjID]","condition":"equal","values":{"c2":335786699489285}}}}]
20180416 10475659  # auth  	admin/149148426
20180416 10475659  # call  	endpoint ubql
20180416 10475659  #  +    	ubMixinClasses.TubStorageMixin(02E542C0).MixinMethod
20180416 10475659  # debug 		ubm_desktop_adm.select(TubStorageMixin)
20180416 10475659  #  +    		ubApp.TubDataStore(0D3590D8).Init
20180416 10475659  #  +    			ubApp.TubApp(02E03EE0).DBExecute
20180416 10475659  #  +    				ubApp.TubApp(02E03EE0).TubApp.InternalDBExecute
20180416 10475659  # debug 					P1: Int64		335784125104129
20180416 10475659  # debug 					P2: Int64		335786699489285
20180416 10475659  # SQL   					ubDBSQLite3ThreadSafe.TubSQLite3Statement(07543330) SELECT A01.ID  FROM ubm_desktop_adm A01  WHERE A01.instanceID=? AND A01.admSubjID=? LIMIT 1 OFFSET 0 
20180416 10475659  #  -    				00.000.103
20180416 10475659  #  -    			00.000.202
20180416 10475659  # debug 			Query result for entity "ubm_desktop_adm" into data name "": row count=1
20180416 10475659  #  -    		00.000.216
20180416 10475659  #  -    	00.000.349
20180416 10475659  # http  	127.0.0.1 <- 200
20180416 10475659  #  -    00.001.104
20180416 10475659  $  +    ubql
20180416 10475659  $ http  	127.0.0.1 -> POST ubql
20180416 10475659  $ http  	[{"entity":"ubm_navshortcut_adm","method":"select","fieldList":["ID"],"options":{"limit":1},"whereList":{"c1":{"expression":"[instanceID]","condition":"equal","values":{"c1":335785519153155}},"c2":{"expression":"[admSubjID]","condition":"equal","values":{"c2":335786699489285}}}}]
20180416 10475659  $ auth  	admin/149148426
20180416 10475659  $ call  	endpoint ubql
20180416 10475659  $  +    	ubMixinClasses.TubStorageMixin(02E542C0).MixinMethod
20180416 10475659  $ debug 		ubm_navshortcut_adm.select(TubStorageMixin)
20180416 10475659  $  +    		ubApp.TubDataStore(0D35C698).Init
20180416 10475659  $  +    			ubApp.TubApp(02E03EE0).DBExecute
20180416 10475659  $  +    				ubApp.TubApp(02E03EE0).TubApp.InternalDBExecute
20180416 10475659  $ debug 					P1: Int64		335785519153155
20180416 10475659  $ debug 					P2: Int64		335786699489285
20180416 10475659  $ SQL   					ubDBSQLite3ThreadSafe.TubSQLite3Statement(07543450) SELECT A01.ID  FROM ubm_navshortcut_adm A01  WHERE A01.instanceID=? AND A01.admSubjID=? LIMIT 1 OFFSET 0 
20180416 10475659  $  -    				00.000.057
20180416 10475659  $  -    			00.000.130
20180416 10475659  $ debug 			Query result for entity "ubm_navshortcut_adm" into data name "": row count=1
20180416 10475659  $  -    		00.000.180
20180416 10475659  $  -    	00.000.267
20180416 10475659  $ http  	127.0.0.1 <- 200
20180416 10475659  $  -    00.000.599
20180416 10475659  %  +    ubql
20180416 10475659  % http  	127.0.0.1 -> POST ubql
20180416 10475659  % http  	[{"entity":"uba_els","method":"select","fieldList":["ID"],"options":{"limit":1},"whereList":{"c1":{"expression":"[code]","condition":"equal","values":{"c1":"READ_UPD_REQ_HD"}}}}]
20180416 10475659  % auth  	admin/149148426
20180416 10475659  % call  	endpoint ubql
20180416 10475659  %  +    	ubMixinClasses.TubStorageMixin(02E542C0).MixinMethod
20180416 10475659  % debug 		uba_els.select(TubStorageMixin)
20180416 10475659  %  +    		ubApp.TubDataStore(0D358EA8).Init
20180416 10475659  %  +    			ubApp.TubApp(02E03EE0).DBExecute
20180416 10475659  %  +    				ubApp.TubApp(02E03EE0).TubApp.InternalDBExecute
20180416 10475659  % debug 					P1: String(15)	READ_UPD_REQ_HD
20180416 10475659  % SQL   					ubDBSQLite3ThreadSafe.TubSQLite3Statement(075434B0) SELECT A01.ID  FROM uba_els A01  WHERE A01.code=? LIMIT 1 OFFSET 0 
20180416 10475659  %  -    				00.000.046
20180416 10475659  %  -    			00.000.158
20180416 10475659  % debug 			Query result for entity "uba_els" into data name "": row count=1
20180416 10475659  %  -    		00.000.175
20180416 10475659  %  -    	00.000.256
20180416 10475659  % http  	127.0.0.1 <- 200
20180416 10475659  %  -    00.000.715
20180416 10475705  ! info  ubApp.TubApp(02E03EE0) {   "ClientsCurrent": 1,   "ClientsMax": 1,   "Invalid": 0,   "Responses": 20,   "Modified": 0,   "IncomingBytes": 10240,   "OutcomingBytes": 4523,   "OutcomingFiles": 0,   "ServiceCalls": 20,   "ProcessTime": "1.60s"  }
