c:\UnityBase\UB.exe 4.0.0.0 (2018-02-22 16:30:16)Host=WDFN34211327A User=D071860 CPU=4*9-6-19971:FFFBCBBF8373DAFEBF6F9C0000 OS=23.0=10.0.15063 Wow64=1 Freq=2437498Environment variables=ALLUSERSPROFILE=C:\ProgramData	ANSICON=121x32766 (121x26)	ANSICON_DEF=7	APPDATA=C:\Users\D071860\AppData\Roaming	CommonProgramFiles=C:\Program Files (x86)\Common Files	CommonProgramFiles(x86)=C:\Program Files (x86)\Common Files	CommonProgramW6432=C:\Program Files\Common Files	COMPUTERNAME=WDFN34211327A	ComSpec=C:\WINDOWS\system32\cmd.exe	ConEmuANSI=ON	ConEmuAnsiLog=	ConEmuArgs=	ConEmuArgs2=	ConEmuBackHWND=0x001105EE	ConEmuBaseDir=C:\Program Files\ConEmu\ConEmu	ConEmuBaseDirShort=C:\PROGRA~1\ConEmu\ConEmu	ConEmuBuild=180411	ConEmuCfgDir=	ConEmuConfig=	ConEmuDir=C:\Program Files\ConEmu	ConEmuDrawHWND=0x001B0306	ConEmuDrive=C:	ConEmuHooks=Enabled	ConEmuHWND=0x001904C6	ConEmuPalette=<ConEmu>	ConEmuPID=1208	ConEmuPrompt0=$E[m$E[32m$E]9;8;"USERNAME"$E\@$E]9;8;"COMPUTERNAME"$E\$S	ConEmuPrompt1=$E[m$E[32m$E]9;8;"USERNAME"$E\@$E]9;8;"COMPUTERNAME"$E\$S$E[92m$P$E[90m	ConEmuPrompt2=$_$E[90m$G	ConEmuPrompt3=$E[m$S$E]9;12$E\	ConEmuServerPID=5468	ConEmuTask={Shells::cmd}	ConEmuWorkDir=C:\Users\D071860	ConEmuWorkDrive=C:	DEFLOGDIR=C:\ProgramData\McAfee\Endpoint Security\Logs	HOMEDRIVE=C:	homeloc=D_WDF	HOMEPATH=\Users\D071860	KUBECONFIG=C:\Practice\kubernetes\RUSLAN-KUBECONFIG	LOCALAPPDATA=C:\Users\D071860\AppData\Local	LOGONSERVER=\\DS2WDF0004	NUMBER_OF_PROCESSORS=4	OneDrive=C:\Users\D071860\OneDrive	OS=Windows_NT	Path=C:\Program Files\ConEmu\ConEmu\Scripts;C:\Program Files\ConEmu;C:\Program Files\ConEmu\ConEmu;C:\ProgramData\Oracle\Java\javapath;C:\Program Files\Docker\Docker\Resources\bin;C:\WINDOWS\system32;C:\WINDOWS;C:\WINDOWS\System32\Wbem;C:\WINDOWS\System32\WindowsPowerShell\v1.0\;C:\Program Files\Minikube;C:\Program Files\Kubernetes;C:\Program Files (x86)\Google\Cloud SDK\google-cloud-sdk\bin;C:\Program Files\PuTTY\;C:\Program Files\nodejs\;c:\UnityBase;C:\Users\D071860\AppData\Local\Microsoft\WindowsApps;C:\Users\D071860\AppData\Roaming\npm	PATHEXT=.COM;.EXE;.BAT;.CMD;.VBS;.VBE;.JSE;.WSF;.WSH;.MSC	PROCESSOR_ARCHITECTURE=x86	PROCESSOR_ARCHITEW6432=AMD64	PROCESSOR_IDENTIFIER=Intel64 Family 6 Model 78 Stepping 3, GenuineIntel	PROCESSOR_LEVEL=6	PROCESSOR_REVISION=4e03	ProgramData=C:\ProgramData	ProgramFiles=C:\Program Files (x86)	ProgramFiles(x86)=C:\Program Files (x86)	ProgramW6432=C:\Program Files	PROMPT=$E[m$E[32m$E]9;8;"USERNAME"$E\@$E]9;8;"COMPUTERNAME"$E\$S$E[92m$P$E[90m$_$E[90m$G$E[m$S$E]9;12$E\	PSModulePath=C:\Program Files (x86)\WindowsPowerShell\Modules;C:\WINDOWS\system32\WindowsPowerShell\v1.0\Modules;C:\Program Files (x86)\Google\Cloud SDK\google-cloud-sdk\platform\PowerShell	PUBLIC=C:\Users\Public	SESSIONNAME=Console	SNC_LIB=C:\Program Files (x86)\SAP\FrontEnd\SecureLogin\lib\sapcrypto.dll	SNC_LIB_64=C:\Program Files\SAP\FrontEnd\SecureLogin\lib\sapcrypto.dll	SSF_LIBRARY_PATH=C:\Program Files (x86)\SAP\FrontEnd\SecureLogin\lib\sapcrypto.dll	SSF_LIBRARY_PATH_64=C:\Program Files\SAP\FrontEnd\SecureLogin\lib\sapcrypto.dll	SystemDrive=C:	SystemRoot=C:\WINDOWS	TEMP=C:\Users\D071860\AppData\Local\Temp	TMP=C:\Users\D071860\AppData\Local\Temp	UATDATA=C:\WINDOWS\CCM\UATData\D9F8C395-CAB8-491d-B8AC-179A1FE1BE77	UB_HOME=c:\UnityBase	USERDNSDOMAIN=GLOBAL.CORP.SAP	USERDOMAIN=GLOBAL	USERDOMAIN_ROAMINGPROFILE=GLOBAL	USERNAME=D071860	USERPROFILE=C:\Users\D071860	windir=C:\WINDOWSTubLog 1.18.3488 FTS3 2018-04-15T21:07:2120180415 21072158  ! warn  WebSocket support are disabled because WSServer.host = '' in config
20180415 21072158  !  +    ubServer.TubServer(041774E8).008863DB 
20180415 21072158  !  +    	Init app
20180415 21072158  ! srvr  		FTS is disabled
20180415 21072158  ! info  		Check blob store "avatars" folder "C:\ubProject\CityPortal\avatars\": folder exists
20180415 21072158  ! info  		Check blob store "attach" folder "C:\ubProject\CityPortal\docs\attach\": folder exists
20180415 21072158  !  -    	00.000.620
20180415 21072158  !  +    	Folder C:\ubProject\CityPortal\node_modules\@unitybase\ub\ modified
20180415 21072158  !  +    		ubCommonClasses.TubThreadSafeCache(02C3CB08).removeStartsWith
20180415 21072158  !  -    		00.000.004
20180415 21072158  !  -    	00.000.009
20180415 21072158  !  +    	Folder C:\ubProject\CityPortal\node_modules\@unitybase\uba\ modified
20180415 21072158  !  +    		ubCommonClasses.TubThreadSafeCache(02C3CB08).removeStartsWith
20180415 21072158  !  -    		00.000.000
20180415 21072158  !  -    	00.000.003
20180415 21072158  !  +    	Folder C:\ubProject\CityPortal\node_modules\@unitybase\ubs\ modified
20180415 21072158  !  +    		ubCommonClasses.TubThreadSafeCache(02C3CB08).removeStartsWith
20180415 21072158  !  -    		00.000.000
20180415 21072158  !  -    	00.000.003
20180415 21072158  !  +    	Folder C:\ubProject\CityPortal\node_modules\@unitybase\ubm\ modified
20180415 21072158  !  +    		ubCommonClasses.TubThreadSafeCache(02C3CB08).removeStartsWith
20180415 21072158  !  -    		00.000.000
20180415 21072158  !  -    	00.000.003
20180415 21072158  !  +    	Folder C:\ubProject\CityPortal\_public_only_\ modified
20180415 21072158  !  +    		ubCommonClasses.TubThreadSafeCache(02C3CB08).removeStartsWith
20180415 21072158  !  -    		00.000.000
20180415 21072158  !  -    	00.000.003
20180415 21072158  !  +    	Folder C:\ubProject\CityPortal\node_modules\@unitybase\adminui-reg\ modified
20180415 21072158  !  +    		ubCommonClasses.TubThreadSafeCache(02C3CB08).removeStartsWith
20180415 21072158  !  -    		00.000.000
20180415 21072158  !  -    	00.000.003
20180415 21072158  !  +    	Folder C:\ubProject\CityPortal\models\requests\ modified
20180415 21072158  !  +    		ubCommonClasses.TubThreadSafeCache(02C3CB08).removeStartsWith
20180415 21072158  !  -    		00.000.000
20180415 21072158  !  -    	00.000.003
20180415 21072158  !  +    	ubApp.TubApp(02BA3EE0).init
20180415 21072158  ! srvr  		Mime converters are disabled
20180415 21072158  !  -    	00.000.004
20180415 21072158  ! srvr  	Enable zip compresison
20180415 21072158  ! srvr  	Send initialization request to http://localhost:888/init
20180415 21072158  "  +    InitializationRequest
20180415 21072158  "  +    	init
20180415 21072158  " srvr  		Start application intialization...
20180415 21072158  " info  		Loading domain...
20180415 21072158  " info  		Loading model "UB" from "C:\ubProject\CityPortal\node_modules\@unitybase\ub\"
20180415 21072158  " info  		Loading model "UBA" from "C:\ubProject\CityPortal\node_modules\@unitybase\uba\"
20180415 21072160  " info  		Loading model "UBS" from "C:\ubProject\CityPortal\node_modules\@unitybase\ubs\"
20180415 21072161  " info  		Loading model "UBM" from "C:\ubProject\CityPortal\node_modules\@unitybase\ubm\"
20180415 21072162  " info  		Loading model "adminui-reg" from "C:\ubProject\CityPortal\node_modules\@unitybase\adminui-reg\"
20180415 21072162  " info  		Loading model "RequestList" from "C:\ubProject\CityPortal\models\requests\"
20180415 21072162  "  +    		ubApp.TubDataStore(0410FF98).Init
20180415 21072162  "  +    			ubApp.TubApp(02BA3EE0).DBExecute
20180415 21072162  "  +    				ubApp.TubApp(02BA3EE0).TubApp.InternalDBExecute
20180415 21072162  "  +    					00856EC2 
20180415 21072200  "  -    					00.009.664
20180415 21072200  " SQL   					ubDBSQLite3ThreadSafe.TubSQLite3Statement(02C56F10) PRAGMA foreign_keys = ON
20180415 21072200  " SQL   					ubDBSQLite3ThreadSafe.TubSQLite3Statement(02C56910) SELECT A01.ID,A01.entity,A01.state,A01.attribute,A01.roleName,A01.actions  FROM uba_als A01  ORDER BY A01.entity ASC
20180415 21072200  "  -    				00.009.872
20180415 21072200  "  -    			00.009.942
20180415 21072200  " debug 			Query result for entity "uba_als" into data name "": row count=0
20180415 21072200  "  -    		00.009.977
20180415 21072200  " srvr  		The domain loaded successfully with 3 entities
20180415 21072200  " debug 		Create new JavaScript Engine for thread 45084
20180415 21072215  "  +    		008C234A 
20180415 21072215  "  +    			ubApp.TubDataStore(07589DB8).Init
20180415 21072215  "  +    				ubApp.TubApp(02BA3EE0).DBExecute
20180415 21072215  "  +    					ubApp.TubApp(02BA3EE0).TubApp.InternalDBExecute
20180415 21072215  " SQL   						ubDBSQLite3ThreadSafe.TubSQLite3Statement(02C57270) SELECT A01.ID,A01.name,A01.sessionTimeout,A01.allowedAppMethods  FROM uba_role A01 
20180415 21072215  "  -    					00.000.048
20180415 21072215  "  -    				00.000.141
20180415 21072215  " debug 				Query result for entity "uba_role" into data name "": row count=9
20180415 21072215  "  -    			00.000.160
20180415 21072215  "  +    			ubApp.TubDataStore(07589E30).Init
20180415 21072215  "  +    				ubApp.TubApp(02BA3EE0).DBExecute
20180415 21072215  "  +    					ubApp.TubApp(02BA3EE0).TubApp.InternalDBExecute
20180415 21072215  " SQL   						ubDBSQLite3ThreadSafe.TubSQLite3Statement(02C57210) SELECT A01.ID,A01.entityMask,A01.methodMask,A01.ruleType,A01.ruleRole,A01.disabled,A01.code  FROM uba_els A01 
20180415 21072215  "  -    					00.000.054
20180415 21072215  "  -    				00.000.254
20180415 21072215  " debug 				Query result for entity "uba_els" into data name "": row count=88
20180415 21072215  "  -    			00.000.288
20180415 21072215  "  -    		00.002.949
20180415 21072215  " auth  		New session admin/99915314 created at 127.0.0.1/-648518344730737924 using Mozilla/5.0 (Windows; mORMot 1.18 TWinHTTP)
20180415 21072215  " auth  		New session anonymous/99915469 created at 127.0.0.1/-648518344730737924 using Mozilla/5.0 (Windows; mORMot 1.18 TWinHTTP)
20180415 21072215  "  +    		ubApp.TubDataStore(07589F98).Init
20180415 21072215  "  +    			ubApp.TubApp(02BA3EE0).DBExecute
20180415 21072215  "  +    				ubApp.TubApp(02BA3EE0).TubApp.InternalDBExecute
20180415 21072215  " debug 					P1: String(34)	UBA.passwordPolicy.maxDurationDays
20180415 21072215  " SQL   					ubDBSQLite3ThreadSafe.TubSQLite3Statement(02C57330) select settingValue from ubs_settings where settingKey =?
20180415 21072215  "  -    				00.000.060
20180415 21072215  "  -    			00.000.158
20180415 21072215  " debug 			Query result for entity "ubs_settings" into data name "": row count=1
20180415 21072215  "  -    		00.000.179
20180415 21072215  "  +    		ubApp.TubDataStore(07589F98).Init
20180415 21072215  "  +    			ubApp.TubApp(02BA3EE0).DBExecute
20180415 21072215  "  +    				ubApp.TubApp(02BA3EE0).TubApp.InternalDBExecute
20180415 21072215  " debug 					P1: String(37)	UBA.passwordPolicy.maxInvalidAttempts
20180415 21072215  " SQL   					ubDBSQLite3ThreadSafe.TubSQLite3Statement(02C57330) select settingValue from ubs_settings where settingKey =?
20180415 21072215  "  -    				00.000.009
20180415 21072215  "  -    			00.000.026
20180415 21072215  " debug 			Query result for entity "ubs_settings" into data name "": row count=1
20180415 21072215  "  -    		00.000.033
20180415 21072215  "  -    	00.299.851
20180415 21072215  "  -    00.299.868
20180415 21072215  ! srvr  	ubServer.TubServer(041774E8) {"THttpApiServer(02B6A990)":{"Cloned":false,"RegisteredUrl":"http://+:888/","HTTPQueueLength":1000,"MaxBandwidth":-1,"MaxConnections":-1,"APIVersion":"HTTP API 2.0","ServerName":"UnityBase","ProcessName":""}} initialized
20180415 21072215  !  -    00.310.515
20180415 21072216  "  +    getAppInfo
20180415 21072216  " http  	127.0.0.1 -> GET getAppInfo
20180415 21072216  " call  	endpoint getAppInfo
20180415 21072216  " http  	127.0.0.1 <- 200
20180415 21072216  "  -    00.000.827
20180415 21072217  #  +    auth?AUTHTYPE=UB&userName=admin
20180415 21072217  # http  	127.0.0.1 -> GET auth?AUTHTYPE=UB&userName=admin
20180415 21072217  # debug 	Create new JavaScript Engine for thread 52520
20180415 21072232  # call  	endpoint auth
20180415 21072232  # http  	127.0.0.1 <- 200
20180415 21072232  #  -    00.244.569
20180415 21072232  $  +    auth?AUTHTYPE=UB&clientNonce=ebded11e151df68d5597892ca8e5d410565b2e2f19b36eeb3f58ea4040f549f4&password=ed08cc8d1143e708df8faeebbf4ce3e542e2505854f43755f17328da8776c7e2&userName=admin
20180415 21072232  $ http  	127.0.0.1 -> GET auth?AUTHTYPE=UB&clientNonce=ebded11e151df68d5597892ca8e5d410565b2e2f19b36eeb3f58ea4040f549f4&password=ed08cc8d1143e708df8faeebbf4ce3e542e2505854f43755f17328da8776c7e2&userName=admin
20180415 21072232  $ debug 	Create new JavaScript Engine for thread 44344
20180415 21072246  $ call  	endpoint auth
20180415 21072246  $  +    	ubApp.TubDataStore(07E4ACE8).Init
20180415 21072246  $  +    		ubApp.TubApp(02BA3EE0).DBExecute
20180415 21072246  $  +    			ubApp.TubApp(02BA3EE0).TubApp.InternalDBExecute
20180415 21072246  $  +    				00856EC2 
20180415 21072246  $  -    				00.002.227
20180415 21072246  $ SQL   				ubDBSQLite3ThreadSafe.TubSQLite3Statement(02C580B0) PRAGMA foreign_keys = ON
20180415 21072246  $ debug 				P1: String(5)	admin
20180415 21072246  $ SQL   				ubDBSQLite3ThreadSafe.TubSQLite3Statement(02C57A50) select id, name, uPasswordHashHexa, uData, isPending, trustedIP from UBA_USER where name=? and disabled=0
20180415 21072246  $  -    			00.002.288
20180415 21072246  $  -    		00.002.354
20180415 21072246  $ debug 		Query result for entity "uba_user" into data name "": row count=1
20180415 21072246  $  -    	00.002.371
20180415 21072246  $  +    	ubApp.TubDataStore(07E4ACE8).Init
20180415 21072246  $  +    		ubApp.TubApp(02BA3EE0).DBExecute
20180415 21072246  $  +    			ubApp.TubApp(02BA3EE0).TubApp.InternalDBExecute
20180415 21072246  $ debug 				P1: Int64		10
20180415 21072246  $ SQL   				ubDBSQLite3ThreadSafe.TubSQLite3Statement(02C580B0) SELECT lastPasswordChangeDate FROM uba_user WHERE id=?
20180415 21072246  $  -    			00.000.024
20180415 21072246  $  -    		00.000.057
20180415 21072246  $ debug 		Query result for entity "uba_user" into data name "__expireDate": row count=1
20180415 21072246  $  -    	00.000.066
20180415 21072246  $  +    	ubApp.TubDataStore(07E4C660).Init
20180415 21072246  $  +    		ubApp.TubApp(02BA3EE0).DBExecute
20180415 21072246  $  +    			ubApp.TubApp(02BA3EE0).TubApp.InternalDBExecute
20180415 21072246  $ debug 				P1: Int64		10
20180415 21072246  $ SQL   				ubDBSQLite3ThreadSafe.TubSQLite3Statement(02C58170) SELECT A01.roleID,A02.name,A02.description  FROM uba_userrole A01  INNER JOIN uba_role A02 ON A02.ID=A01.roleID  WHERE A01.userID=?
20180415 21072246  $  -    			00.000.051
20180415 21072246  $  -    		00.000.100
20180415 21072246  $ debug 		Query result for entity "uba_userrole" into data name "": row count=1
20180415 21072246  $  -    	00.000.112
20180415 21072246  $ auth  	New session admin/99915468 created at 127.0.0.1/-648518344730737924 using Mozilla/5.0 (Windows; mORMot 1.18 TWinHTTP)
20180415 21072246  $  +    	ubMixinClasses.TubStorageMixin(02BF42C0).MixinMethod
20180415 21072246  $ debug 		uba_user.select(TubStorageMixin)
20180415 21072246  $  +    		ubApp.TubDataStore(07E4C660).Init
20180415 21072246  $  +    			ubApp.TubApp(02BA3EE0).DBExecute
20180415 21072246  $  +    				ubApp.TubApp(02BA3EE0).TubApp.InternalDBExecute
20180415 21072246  $ debug 					P1: Int64		10
20180415 21072246  $ SQL   					ubDBSQLite3ThreadSafe.TubSQLite3Statement(02C58290) SELECT A01.name  FROM uba_user A01  WHERE A01.ID=?
20180415 21072246  $  -    				00.000.037
20180415 21072246  $  -    			00.000.081
20180415 21072246  $ debug 			Query result for entity "uba_user" into data name "": row count=1
20180415 21072246  $  -    		00.000.090
20180415 21072246  $  -    	00.000.164
20180415 21072248  $  +    	ubMixinClasses.TubStorageMixin(02BF42C0).MixinMethod
20180415 21072248  $ debug 		uba_advSecurity.select(TubStorageMixin)
20180415 21072248  $  +    		ubApp.TubDataStore(07E4C660).Init
20180415 21072248  $  +    			ubApp.TubApp(02BA3EE0).DBExecute
20180415 21072248  $  +    				ubApp.TubApp(02BA3EE0).TubApp.InternalDBExecute
20180415 21072248  $ debug 					P1: Int64		10
20180415 21072248  $ SQL   					ubDBSQLite3ThreadSafe.TubSQLite3Statement(02C582F0) SELECT A01.ID,A01.allowedIP,A01.refreshIP,A01.fp,A01.refreshFp,A01.keyMediaName,A01.refreshKeyMedia,A01.mi_modifyDate  FROM uba_advSecurity A01  WHERE A01.userID=?
20180415 21072248  $  -    				00.000.068
20180415 21072248  $  -    			00.000.121
20180415 21072248  $ debug 			Query result for entity "uba_advSecurity" into data name "": row count=0
20180415 21072248  $  -    		00.000.133
20180415 21072248  $  -    	00.000.276
20180415 21072248  $  +    	ubMixinClasses.TubStorageMixin(02BF42C0).MixinMethod
20180415 21072248  $ debug 		uba_userrole.select(TubStorageMixin)
20180415 21072248  $  +    		ubApp.TubDataStore(07E4C660).Init
20180415 21072248  $  +    			ubApp.TubApp(02BA3EE0).DBExecute
20180415 21072248  $  +    				ubApp.TubApp(02BA3EE0).TubApp.InternalDBExecute
20180415 21072248  $ debug 					P1: Int64		10
20180415 21072248  $ SQL   					ubDBSQLite3ThreadSafe.TubSQLite3Statement(02C58350) SELECT A01.ID,A02.name,A01.roleID  FROM uba_userrole A01  INNER JOIN uba_role A02 ON A02.ID=A01.roleID  WHERE A01.userID=?
20180415 21072248  $  -    				00.000.072
20180415 21072249  $  -    			00.000.177
20180415 21072249  $ debug 			Query result for entity "uba_userrole" into data name "": row count=1
20180415 21072249  $  -    		00.000.189
20180415 21072249  $  -    	00.000.292
20180415 21072249  $  +    	ubMixinClasses.TubStorageMixin(02BF42C0).MixinMethod
20180415 21072249  $ debug 		uba_audit.beforeinsert(TubStorageMixin)
20180415 21072249  $  -    	00.000.008
20180415 21072249  $  +    	ubMixinClasses.TubStorageMixin(02BF42C0).MixinMethod
20180415 21072249  $ debug 		uba_audit.insert(TubStorageMixin)
20180415 21072249  $  +    		ubApp.TubDataStore(07E4AAE0).TubDataStore.ExecuteInsertFromList
20180415 21072249  $  +    			ubApp.TubDataStore(07E4AAE0).TubDataStore.ExecuteInsertFromSQL
20180415 21072249  $  +    				ubApp.TubApp(02BA3EE0).DBExecute
20180415 21072249  $  +    					ubApp.TubApp(02BA3EE0).TubApp.InternalDBExecute
20180415 21072249  $ debug 						P1: String(8)	uba_user
20180415 21072249  $ debug 						P2: Int64		10
20180415 21072249  $ debug 						P3: String(5)	LOGIN
20180415 21072249  $ debug 						P4: Int64		10
20180415 21072249  $ debug 						P5: DateTime	2018-04-15T21:07:22
20180415 21072249  $ debug 						P6: String(9)	127.0.0.1
20180415 21072249  $ debug 						P7: String(5)	admin
20180415 21072249  $ debug 						P8: String(0)	
20180415 21072249  $ debug 						P9: Int64		335787273027585
20180415 21072249  $ debug 						P10: String(313..)	Cache-Control: no-cache  Connection: Keep-Alive  Pragma: no-cache  Accept: */*  Accept-Encoding: gzi...
20180415 21072249  $ DB    						StartTransaction for connection "main"
20180415 21072249  $ SQL   						ubDBSQLite3ThreadSafe.TubSQLite3Statement(02C58410) INSERT INTO uba_audit (entity,entityinfo_id,actionType,actionUser,actionTime,remoteIP,targetUser,targetRole,ID,fromValue) VALUES (?,?,?,?,?,?,?,?,?,?)
20180415 21072249  $  -    					00.000.141
20180415 21072249  $  -    				00.000.144
20180415 21072249  $  -    			00.000.238
20180415 21072249  $  -    		00.000.251
20180415 21072249  $  -    	00.000.255
20180415 21072249  $  +    	ubMixinClasses.TubStorageMixin(02BF42C0).MixinMethod
20180415 21072249  $ debug 		uba_audit.afterinsert(TubStorageMixin)
20180415 21072249  $  -    	00.000.003
20180415 21072249  $ DB    	Commit connection "main"
20180415 21072249  $ http  	127.0.0.1 <- 200
20180415 21072249  $  -    00.266.257
20180415 21072249  %  +    ubql
20180415 21072249  % http  	127.0.0.1 -> POST ubql
20180415 21072249  % http  	[{"entity":"ubm_desktop","method":"select","fieldList":["ID"],"options":{"limit":1},"whereList":{"lookup":{"expression":"code","condition":"equal","values":{"code":"CityReq_desktop"}}}}]
20180415 21072249  % debug 	Create new JavaScript Engine for thread 52612
20180415 21072301  % auth  	admin/99915468
20180415 21072301  % call  	endpoint ubql
20180415 21072301  %  +    	ubMixinClasses.TubRLSMixin(02BF4E20).MixinMethod
20180415 21072301  % debug 		ubm_desktop.select(TubRLSMixin)
20180415 21072301  % debug 		Prepare RLS expression for ubm_desktop
20180415 21072301  %  +    		ubApp.TubDataStore(07E4F360).Init
20180415 21072301  %  +    			ubApp.TubApp(02BA3EE0).DBExecute
20180415 21072301  %  +    				ubApp.TubApp(02BA3EE0).TubApp.InternalDBExecute
20180415 21072301  %  +    					00856EC2 
20180415 21072301  %  -    					00.002.782
20180415 21072301  % SQL   					ubDBSQLite3ThreadSafe.TubSQLite3Statement(02C58E30) PRAGMA foreign_keys = ON
20180415 21072301  % SQL   					ubDBSQLite3ThreadSafe.TubSQLite3Statement(02C587D0) select ID, name FROM uba_role
20180415 21072301  %  -    				00.002.813
20180415 21072301  %  -    			00.002.854
20180415 21072301  % debug 			Query result for entity "uba_role" into data name "": row count=9
20180415 21072301  %  -    		00.002.866
20180415 21072301  %  -    	00.004.194
20180415 21072301  %  +    	ubMixinClasses.TubStorageMixin(02BF42C0).MixinMethod
20180415 21072301  % debug 		ubm_desktop.select(TubStorageMixin)
20180415 21072301  %  +    		ubApp.TubDataStore(07E4F248).Init
20180415 21072301  %  +    			ubApp.TubApp(02BA3EE0).DBExecute
20180415 21072301  %  +    				ubApp.TubApp(02BA3EE0).TubApp.InternalDBExecute
20180415 21072301  % debug 					P1: String(15)	CityReq_desktop
20180415 21072301  % debug 					P2: Int64		10
20180415 21072301  % debug 					P3: Int64		10
20180415 21072301  % debug 					P4: DateTime	9999-12-31T00:00:00
20180415 21072301  % SQL   					ubDBSQLite3ThreadSafe.TubSQLite3Statement(02C58F50) SELECT A01.ID  FROM ubm_desktop A01  WHERE code=? AND (( A01.mi_owner = ? ) OR (1=1) OR exists (select 1 from ubm_desktop_adm admsubtable where admsubtable.instanceID = A01.ID and admsubtable.admSubjID in (select ur.RoleID from uba_userrole ur where ur.UserID = ? union select 10))) AND A01.mi_deleteDate=? LIMIT 1 OFFSET 0 
20180415 21072301  %  -    				00.000.118
20180415 21072301  %  -    			00.000.204
20180415 21072301  % debug 			Query result for entity "ubm_desktop" into data name "": row count=1
20180415 21072301  %  -    		00.000.218
20180415 21072301  %  -    	00.000.355
20180415 21072301  % http  	127.0.0.1 <- 200
20180415 21072301  %  -    00.239.457
20180415 21072301  &  +    ubql
20180415 21072301  & http  	127.0.0.1 -> POST ubql
20180415 21072301  & http  	[{"entity":"ubm_navshortcut","method":"select","fieldList":["ID"],"options":{"limit":1},"whereList":{"lookup":{"expression":"code","condition":"equal","values":{"code":"req_departments_folder"}}}}]
20180415 21072301  & debug 	Create new JavaScript Engine for thread 52740
20180415 21072316  & auth  	admin/99915468
20180415 21072316  & call  	endpoint ubql
20180415 21072316  &  +    	ubMixinClasses.TubRLSMixin(02BF4E20).MixinMethod
20180415 21072316  & debug 		ubm_navshortcut.select(TubRLSMixin)
20180415 21072316  & debug 		Prepare RLS expression for ubm_navshortcut
20180415 21072316  &  +    		ubApp.TubDataStore(07E068D8).Init
20180415 21072316  &  +    			ubApp.TubApp(02BA3EE0).DBExecute
20180415 21072316  &  +    				ubApp.TubApp(02BA3EE0).TubApp.InternalDBExecute
20180415 21072316  &  +    					00856EC2 
20180415 21072316  &  -    					00.002.204
20180415 21072316  & SQL   					ubDBSQLite3ThreadSafe.TubSQLite3Statement(02C59850) PRAGMA foreign_keys = ON
20180415 21072316  & SQL   					ubDBSQLite3ThreadSafe.TubSQLite3Statement(02C591F0) select ID, name FROM uba_role
20180415 21072316  &  -    				00.002.235
20180415 21072316  &  -    			00.002.275
20180415 21072316  & debug 			Query result for entity "uba_role" into data name "": row count=9
20180415 21072316  &  -    		00.002.289
20180415 21072316  &  -    	00.003.386
20180415 21072316  &  +    	ubMixinClasses.TubStorageMixin(02BF42C0).MixinMethod
20180415 21072316  & debug 		ubm_navshortcut.select(TubStorageMixin)
20180415 21072316  &  +    		ubApp.TubDataStore(07E06810).Init
20180415 21072316  &  +    			ubApp.TubApp(02BA3EE0).DBExecute
20180415 21072316  &  +    				ubApp.TubApp(02BA3EE0).TubApp.InternalDBExecute
20180415 21072316  & debug 					P1: String(22)	req_departments_folder
20180415 21072316  & debug 					P2: Int64		10
20180415 21072316  & debug 					P3: Int64		10
20180415 21072316  & debug 					P4: DateTime	9999-12-31T00:00:00
20180415 21072316  & SQL   					ubDBSQLite3ThreadSafe.TubSQLite3Statement(02C59970) SELECT A01.ID  FROM ubm_navshortcut A01  WHERE code=? AND (( A01.mi_owner = ? ) OR                (1=1) OR                              exists (select 1 from ubm_navshortcut_adm admsubtable where admsubtable.instanceID = A01.ID and admsubtable.admSubjID in (select ur.RoleID from uba_userrole ur where ur.UserID = ? union select 10))) AND A01.mi_deleteDate=? LIMIT 1 OFFSET 0 
20180415 21072316  &  -    				00.000.095
20180415 21072316  &  -    			00.000.150
20180415 21072316  & debug 			Query result for entity "ubm_navshortcut" into data name "": row count=1
20180415 21072316  &  -    		00.000.162
20180415 21072316  &  -    	00.000.274
20180415 21072316  & http  	127.0.0.1 <- 200
20180415 21072316  &  -    00.240.652
20180415 21072316  '  +    ubql
20180415 21072316  ' http  	127.0.0.1 -> POST ubql
20180415 21072316  ' http  	[{"entity":"ubm_navshortcut","method":"select","fieldList":["ID"],"options":{"limit":1},"whereList":{"lookup":{"expression":"code","condition":"equal","values":{"code":"req_depart"}}}}]
20180415 21072316  ' debug 	Create new JavaScript Engine for thread 52172
20180415 21072331  ' auth  	admin/99915468
20180415 21072331  ' call  	endpoint ubql
20180415 21072331  '  +    	ubMixinClasses.TubRLSMixin(02BF4E20).MixinMethod
20180415 21072331  ' debug 		ubm_navshortcut.select(TubRLSMixin)
20180415 21072331  ' debug 		Prepare RLS expression for ubm_navshortcut
20180415 21072331  '  +    		ubApp.TubDataStore(07E0AC58).Init
20180415 21072331  '  +    			ubApp.TubApp(02BA3EE0).DBExecute
20180415 21072331  '  +    				ubApp.TubApp(02BA3EE0).TubApp.InternalDBExecute
20180415 21072331  '  +    					00856EC2 
20180415 21072331  '  -    					00.002.242
20180415 21072331  ' SQL   					ubDBSQLite3ThreadSafe.TubSQLite3Statement(02C5A2D0) PRAGMA foreign_keys = ON
20180415 21072331  ' SQL   					ubDBSQLite3ThreadSafe.TubSQLite3Statement(02C59C70) select ID, name FROM uba_role
20180415 21072331  '  -    				00.002.273
20180415 21072331  '  -    			00.002.312
20180415 21072331  ' debug 			Query result for entity "uba_role" into data name "": row count=9
20180415 21072331  '  -    		00.002.322
20180415 21072331  '  -    	00.003.280
20180415 21072331  '  +    	ubMixinClasses.TubStorageMixin(02BF42C0).MixinMethod
20180415 21072331  ' debug 		ubm_navshortcut.select(TubStorageMixin)
20180415 21072331  '  +    		ubApp.TubDataStore(07E0AB90).Init
20180415 21072331  '  +    			ubApp.TubApp(02BA3EE0).DBExecute
20180415 21072331  '  +    				ubApp.TubApp(02BA3EE0).TubApp.InternalDBExecute
20180415 21072331  ' debug 					P1: String(10)	req_depart
20180415 21072331  ' debug 					P2: Int64		10
20180415 21072331  ' debug 					P3: Int64		10
20180415 21072331  ' debug 					P4: DateTime	9999-12-31T00:00:00
20180415 21072331  ' SQL   					ubDBSQLite3ThreadSafe.TubSQLite3Statement(02C5A3F0) SELECT A01.ID  FROM ubm_navshortcut A01  WHERE code=? AND (( A01.mi_owner = ? ) OR                (1=1) OR                              exists (select 1 from ubm_navshortcut_adm admsubtable where admsubtable.instanceID = A01.ID and admsubtable.admSubjID in (select ur.RoleID from uba_userrole ur where ur.UserID = ? union select 10))) AND A01.mi_deleteDate=? LIMIT 1 OFFSET 0 
20180415 21072331  '  -    				00.000.098
20180415 21072331  '  -    			00.000.165
20180415 21072331  ' debug 			Query result for entity "ubm_navshortcut" into data name "": row count=1
20180415 21072331  '  -    		00.000.180
20180415 21072331  '  -    	00.000.310
20180415 21072331  ' http  	127.0.0.1 <- 200
20180415 21072331  '  -    00.238.707
20180415 21072331  (  +    ubql
20180415 21072331  ( http  	127.0.0.1 -> POST ubql
20180415 21072331  ( http  	[{"entity":"ubm_navshortcut","method":"select","fieldList":["ID"],"options":{"limit":1},"whereList":{"lookup":{"expression":"code","condition":"equal","values":{"code":"req_subDepart"}}}}]
20180415 21072331  ( debug 	Create new JavaScript Engine for thread 42628
20180415 21072346  ( auth  	admin/99915468
20180415 21072346  ( call  	endpoint ubql
20180415 21072346  (  +    	ubMixinClasses.TubRLSMixin(02BF4E20).MixinMethod
20180415 21072346  ( debug 		ubm_navshortcut.select(TubRLSMixin)
20180415 21072346  ( debug 		Prepare RLS expression for ubm_navshortcut
20180415 21072346  (  +    		ubApp.TubDataStore(07E0EFD8).Init
20180415 21072346  (  +    			ubApp.TubApp(02BA3EE0).DBExecute
20180415 21072346  (  +    				ubApp.TubApp(02BA3EE0).TubApp.InternalDBExecute
20180415 21072346  (  +    					00856EC2 
20180415 21072347  (  -    					00.002.130
20180415 21072347  ( SQL   					ubDBSQLite3ThreadSafe.TubSQLite3Statement(02C5ACF0) PRAGMA foreign_keys = ON
20180415 21072347  ( SQL   					ubDBSQLite3ThreadSafe.TubSQLite3Statement(02C5A690) select ID, name FROM uba_role
20180415 21072347  (  -    				00.002.162
20180415 21072347  (  -    			00.002.205
20180415 21072347  ( debug 			Query result for entity "uba_role" into data name "": row count=9
20180415 21072347  (  -    		00.002.216
20180415 21072347  (  -    	00.003.199
20180415 21072347  (  +    	ubMixinClasses.TubStorageMixin(02BF42C0).MixinMethod
20180415 21072347  ( debug 		ubm_navshortcut.select(TubStorageMixin)
20180415 21072347  (  +    		ubApp.TubDataStore(07E0EF10).Init
20180415 21072347  (  +    			ubApp.TubApp(02BA3EE0).DBExecute
20180415 21072347  (  +    				ubApp.TubApp(02BA3EE0).TubApp.InternalDBExecute
20180415 21072347  ( debug 					P1: String(13)	req_subDepart
20180415 21072347  ( debug 					P2: Int64		10
20180415 21072347  ( debug 					P3: Int64		10
20180415 21072347  ( debug 					P4: DateTime	9999-12-31T00:00:00
20180415 21072347  ( SQL   					ubDBSQLite3ThreadSafe.TubSQLite3Statement(02C5AE10) SELECT A01.ID  FROM ubm_navshortcut A01  WHERE code=? AND (( A01.mi_owner = ? ) OR                (1=1) OR                              exists (select 1 from ubm_navshortcut_adm admsubtable where admsubtable.instanceID = A01.ID and admsubtable.admSubjID in (select ur.RoleID from uba_userrole ur where ur.UserID = ? union select 10))) AND A01.mi_deleteDate=? LIMIT 1 OFFSET 0 
20180415 21072347  (  -    				00.000.095
20180415 21072347  (  -    			00.000.165
20180415 21072347  ( debug 			Query result for entity "ubm_navshortcut" into data name "": row count=1
20180415 21072347  (  -    		00.000.178
20180415 21072347  (  -    	00.000.289
20180415 21072347  ( http  	127.0.0.1 <- 200
20180415 21072347  (  -    00.240.447
20180415 21072347  )  +    ubql
20180415 21072347  ) http  	127.0.0.1 -> POST ubql
20180415 21072347  ) http  	[{"entity":"ubm_navshortcut","method":"select","fieldList":["ID"],"options":{"limit":1},"whereList":{"lookup":{"expression":"code","condition":"equal","values":{"code":"req_reqList"}}}}]
20180415 21072347  ) debug 	Create new JavaScript Engine for thread 53352
20180415 21072361  ) auth  	admin/99915468
20180415 21072361  ) call  	endpoint ubql
20180415 21072361  )  +    	ubMixinClasses.TubRLSMixin(02BF4E20).MixinMethod
20180415 21072361  ) debug 		ubm_navshortcut.select(TubRLSMixin)
20180415 21072361  ) debug 		Prepare RLS expression for ubm_navshortcut
20180415 21072361  )  +    		ubApp.TubDataStore(07E13358).Init
20180415 21072361  )  +    			ubApp.TubApp(02BA3EE0).DBExecute
20180415 21072361  )  +    				ubApp.TubApp(02BA3EE0).TubApp.InternalDBExecute
20180415 21072361  )  +    					00856EC2 
20180415 21072361  )  -    					00.002.976
20180415 21072361  ) SQL   					ubDBSQLite3ThreadSafe.TubSQLite3Statement(02C5B710) PRAGMA foreign_keys = ON
20180415 21072361  ) SQL   					ubDBSQLite3ThreadSafe.TubSQLite3Statement(02C5B0B0) select ID, name FROM uba_role
20180415 21072361  )  -    				00.003.040
20180415 21072361  )  -    			00.003.086
20180415 21072361  ) debug 			Query result for entity "uba_role" into data name "": row count=9
20180415 21072361  )  -    		00.003.099
20180415 21072361  )  -    	00.004.234
20180415 21072361  )  +    	ubMixinClasses.TubStorageMixin(02BF42C0).MixinMethod
20180415 21072361  ) debug 		ubm_navshortcut.select(TubStorageMixin)
20180415 21072361  )  +    		ubApp.TubDataStore(07E13290).Init
20180415 21072361  )  +    			ubApp.TubApp(02BA3EE0).DBExecute
20180415 21072361  )  +    				ubApp.TubApp(02BA3EE0).TubApp.InternalDBExecute
20180415 21072361  ) debug 					P1: String(11)	req_reqList
20180415 21072361  ) debug 					P2: Int64		10
20180415 21072361  ) debug 					P3: Int64		10
20180415 21072361  ) debug 					P4: DateTime	9999-12-31T00:00:00
20180415 21072361  ) SQL   					ubDBSQLite3ThreadSafe.TubSQLite3Statement(02C5B830) SELECT A01.ID  FROM ubm_navshortcut A01  WHERE code=? AND (( A01.mi_owner = ? ) OR                (1=1) OR                              exists (select 1 from ubm_navshortcut_adm admsubtable where admsubtable.instanceID = A01.ID and admsubtable.admSubjID in (select ur.RoleID from uba_userrole ur where ur.UserID = ? union select 10))) AND A01.mi_deleteDate=? LIMIT 1 OFFSET 0 
20180415 21072361  )  -    				00.000.121
20180415 21072361  )  -    			00.000.200
20180415 21072361  ) debug 			Query result for entity "ubm_navshortcut" into data name "": row count=1
20180415 21072361  )  -    		00.000.214
20180415 21072361  )  -    	00.000.349
20180415 21072361  ) http  	127.0.0.1 <- 200
20180415 21072361  )  -    00.233.399
20180415 21072404  "  +    ubql
20180415 21072404  " http  	127.0.0.1 -> POST ubql
20180415 21072404  " http  	[{"entity":"ubm_enum","method":"select","fieldList":["code"],"options":{"limit":1},"whereList":{"c1":{"expression":"[code]","condition":"equal","values":{"c1":"NEW"}}}}]
20180415 21072404  " auth  	admin/99915468
20180415 21072404  " call  	endpoint ubql
20180415 21072404  "  +    	ubMixinClasses.TubStorageMixin(02BF42C0).MixinMethod
20180415 21072404  " debug 		ubm_enum.select(TubStorageMixin)
20180415 21072404  "  +    		ubApp.TubDataStore(07E13308).Init
20180415 21072404  "  +    			ubApp.TubApp(02BA3EE0).DBExecute
20180415 21072404  "  +    				ubApp.TubApp(02BA3EE0).TubApp.InternalDBExecute
20180415 21072404  " debug 					P1: String(3)	NEW
20180415 21072404  " debug 					P2: DateTime	9999-12-31T00:00:00
20180415 21072404  " SQL   					ubDBSQLite3ThreadSafe.TubSQLite3Statement(02C5B8F0) SELECT A01.code  FROM ubm_enum A01  WHERE A01.code=? AND A01.mi_deleteDate=? LIMIT 1 OFFSET 0 
20180415 21072404  "  -    				00.000.071
20180415 21072404  "  -    			00.000.178
20180415 21072404  " debug 			Query result for entity "ubm_enum" into data name "": row count=1
20180415 21072404  "  -    		00.000.192
20180415 21072404  "  -    	00.000.304
20180415 21072404  " http  	127.0.0.1 <- 200
20180415 21072404  "  -    00.000.706
20180415 21072404  #  +    ubql
20180415 21072404  # http  	127.0.0.1 -> POST ubql
20180415 21072404  # http  	[{"entity":"ubm_enum","method":"select","fieldList":["code"],"options":{"limit":1},"whereList":{"c1":{"expression":"[code]","condition":"equal","values":{"c1":"PROCESSED"}}}}]
20180415 21072404  # auth  	admin/99915468
20180415 21072404  # call  	endpoint ubql
20180415 21072404  #  +    	ubMixinClasses.TubStorageMixin(02BF42C0).MixinMethod
20180415 21072404  # debug 		ubm_enum.select(TubStorageMixin)
20180415 21072404  #  +    		ubApp.TubDataStore(07E132B8).Init
20180415 21072404  #  +    			ubApp.TubApp(02BA3EE0).DBExecute
20180415 21072404  #  +    				ubApp.TubApp(02BA3EE0).TubApp.InternalDBExecute
20180415 21072404  #  +    					00856EC2 
20180415 21072404  #  -    					00.002.213
20180415 21072404  # SQL   					ubDBSQLite3ThreadSafe.TubSQLite3Statement(0D5A3E30) PRAGMA foreign_keys = ON
20180415 21072404  # debug 					P1: String(9)	PROCESSED
20180415 21072404  # debug 					P2: DateTime	9999-12-31T00:00:00
20180415 21072404  # SQL   					ubDBSQLite3ThreadSafe.TubSQLite3Statement(02C5B9B0) SELECT A01.code  FROM ubm_enum A01  WHERE A01.code=? AND A01.mi_deleteDate=? LIMIT 1 OFFSET 0 
20180415 21072404  #  -    				00.002.342
20180415 21072404  #  -    			00.002.383
20180415 21072404  # debug 			Query result for entity "ubm_enum" into data name "": row count=1
20180415 21072404  #  -    		00.002.398
20180415 21072404  #  -    	00.002.486
20180415 21072404  # http  	127.0.0.1 <- 200
20180415 21072404  #  -    00.002.858
20180415 21072404  $  +    ubql
20180415 21072404  $ http  	127.0.0.1 -> POST ubql
20180415 21072404  $ http  	[{"entity":"ubm_enum","method":"select","fieldList":["code"],"options":{"limit":1},"whereList":{"c1":{"expression":"[code]","condition":"equal","values":{"c1":"REJECTED"}}}}]
20180415 21072404  $ auth  	admin/99915468
20180415 21072404  $ call  	endpoint ubql
20180415 21072404  $  +    	ubMixinClasses.TubStorageMixin(02BF42C0).MixinMethod
20180415 21072404  $ debug 		ubm_enum.select(TubStorageMixin)
20180415 21072404  $  +    		ubApp.TubDataStore(07E13330).Init
20180415 21072404  $  +    			ubApp.TubApp(02BA3EE0).DBExecute
20180415 21072404  $  +    				ubApp.TubApp(02BA3EE0).TubApp.InternalDBExecute
20180415 21072404  $ debug 					P1: String(8)	REJECTED
20180415 21072404  $ debug 					P2: DateTime	9999-12-31T00:00:00
20180415 21072404  $ SQL   					ubDBSQLite3ThreadSafe.TubSQLite3Statement(0D50C820) SELECT A01.code  FROM ubm_enum A01  WHERE A01.code=? AND A01.mi_deleteDate=? LIMIT 1 OFFSET 0 
20180415 21072404  $  -    				00.000.087
20180415 21072404  $  -    			00.000.172
20180415 21072404  $ debug 			Query result for entity "ubm_enum" into data name "": row count=1
20180415 21072404  $  -    		00.000.185
20180415 21072404  $  -    	00.000.292
20180415 21072404  $ http  	127.0.0.1 <- 200
20180415 21072404  $  -    00.000.626
20180415 21072404  %  +    ubql
20180415 21072404  % http  	127.0.0.1 -> POST ubql
20180415 21072404  % http  	[{"entity":"ubm_enum","method":"select","fieldList":["code"],"options":{"limit":1},"whereList":{"c1":{"expression":"[code]","condition":"equal","values":{"c1":"CLOSED"}}}}]
20180415 21072404  % auth  	admin/99915468
20180415 21072404  % call  	endpoint ubql
20180415 21072404  %  +    	ubMixinClasses.TubStorageMixin(02BF42C0).MixinMethod
20180415 21072404  % debug 		ubm_enum.select(TubStorageMixin)
20180415 21072404  %  +    		ubApp.TubDataStore(07E13100).Init
20180415 21072404  %  +    			ubApp.TubApp(02BA3EE0).DBExecute
20180415 21072404  %  +    				ubApp.TubApp(02BA3EE0).TubApp.InternalDBExecute
20180415 21072404  % debug 					P1: String(6)	CLOSED
20180415 21072404  % debug 					P2: DateTime	9999-12-31T00:00:00
20180415 21072404  % SQL   					ubDBSQLite3ThreadSafe.TubSQLite3Statement(0D50C880) SELECT A01.code  FROM ubm_enum A01  WHERE A01.code=? AND A01.mi_deleteDate=? LIMIT 1 OFFSET 0 
20180415 21072404  %  -    				00.000.067
20180415 21072404  %  -    			00.000.165
20180415 21072404  % debug 			Query result for entity "ubm_enum" into data name "": row count=1
20180415 21072404  %  -    		00.000.177
20180415 21072404  %  -    	00.000.279
20180415 21072404  % http  	127.0.0.1 <- 200
20180415 21072404  %  -    00.000.594
20180415 21072405  &  +    ubql
20180415 21072405  & http  	127.0.0.1 -> POST ubql
20180415 21072405  & http  	[{"entity":"req_depart","method":"select","fieldList":["ID"],"options":{"limit":1},"whereList":{"c1":{"expression":"[name]","condition":"equal","values":{"c1":"Departments of health"}}}}]
20180415 21072405  & auth  	admin/99915468
20180415 21072405  & call  	endpoint ubql
20180415 21072405  &  +    	ubMixinClasses.TubStorageMixin(02BF42C0).MixinMethod
20180415 21072405  & debug 		req_depart.select(TubStorageMixin)
20180415 21072405  &  +    		ubApp.TubDataStore(07E131C8).Init
20180415 21072405  &  +    			ubApp.TubApp(02BA3EE0).DBExecute
20180415 21072405  &  +    				ubApp.TubApp(02BA3EE0).TubApp.InternalDBExecute
20180415 21072405  & debug 					P1: String(21)	Departments of health
20180415 21072405  & SQL   					ubDBSQLite3ThreadSafe.TubSQLite3Statement(02C5B7D0) SELECT A01.ID  FROM req_depart A01  WHERE A01.name=? LIMIT 1 OFFSET 0 
20180415 21072405  &  -    				00.000.044
20180415 21072405  &  -    			00.000.144
20180415 21072405  & debug 			Query result for entity "req_depart" into data name "": row count=1
20180415 21072405  &  -    		00.000.154
20180415 21072405  &  -    	00.000.225
20180415 21072405  & http  	127.0.0.1 <- 200
20180415 21072405  &  -    00.000.469
20180415 21072405  '  +    ubql
20180415 21072405  ' http  	127.0.0.1 -> POST ubql
20180415 21072405  ' http  	[{"entity":"req_depart","method":"select","fieldList":["ID"],"options":{"limit":1},"whereList":{"c1":{"expression":"[name]","condition":"equal","values":{"c1":"Departments of education"}}}}]
20180415 21072405  ' auth  	admin/99915468
20180415 21072405  ' call  	endpoint ubql
20180415 21072405  '  +    	ubMixinClasses.TubStorageMixin(02BF42C0).MixinMethod
20180415 21072405  ' debug 		req_depart.select(TubStorageMixin)
20180415 21072405  '  +    		ubApp.TubDataStore(07E13128).Init
20180415 21072405  '  +    			ubApp.TubApp(02BA3EE0).DBExecute
20180415 21072405  '  +    				ubApp.TubApp(02BA3EE0).TubApp.InternalDBExecute
20180415 21072405  ' debug 					P1: String(24)	Departments of education
20180415 21072405  ' SQL   					ubDBSQLite3ThreadSafe.TubSQLite3Statement(0D50C8E0) SELECT A01.ID  FROM req_depart A01  WHERE A01.name=? LIMIT 1 OFFSET 0 
20180415 21072405  '  -    				00.000.042
20180415 21072405  '  -    			00.000.118
20180415 21072405  ' debug 			Query result for entity "req_depart" into data name "": row count=1
20180415 21072405  '  -    		00.000.128
20180415 21072405  '  -    	00.000.196
20180415 21072405  ' http  	127.0.0.1 <- 200
20180415 21072405  '  -    00.000.446
20180415 21072405  (  +    ubql
20180415 21072405  ( http  	127.0.0.1 -> POST ubql
20180415 21072405  ( http  	[{"entity":"uba_user","method":"select","fieldList":["ID"],"options":{"limit":1},"whereList":{"lookup":{"expression":"name","condition":"equal","values":{"code":"hd_user"}}}}]
20180415 21072405  ( auth  	admin/99915468
20180415 21072405  ( call  	endpoint ubql
20180415 21072405  (  +    	ubMixinClasses.TubStorageMixin(02BF42C0).MixinMethod
20180415 21072405  ( debug 		uba_user.select(TubStorageMixin)
20180415 21072405  (  +    		ubApp.TubDataStore(07E12F98).Init
20180415 21072405  (  +    			ubApp.TubApp(02BA3EE0).DBExecute
20180415 21072405  (  +    				ubApp.TubApp(02BA3EE0).TubApp.InternalDBExecute
20180415 21072405  ( debug 					P1: String(7)	hd_user
20180415 21072405  ( SQL   					ubDBSQLite3ThreadSafe.TubSQLite3Statement(0D50C9A0) SELECT A01.ID  FROM uba_user A01  WHERE name=? LIMIT 1 OFFSET 0 
20180415 21072405  (  -    				00.000.059
20180415 21072405  (  -    			00.000.152
20180415 21072405  ( debug 			Query result for entity "uba_user" into data name "": row count=1
20180415 21072405  (  -    		00.000.162
20180415 21072405  (  -    	00.000.222
20180415 21072405  ( http  	127.0.0.1 <- 200
20180415 21072405  (  -    00.000.481
20180415 21072405  )  +    ubql
20180415 21072405  ) http  	127.0.0.1 -> POST ubql
20180415 21072405  ) http  	[{"entity":"uba_role","method":"select","fieldList":["ID"],"options":{"limit":1},"whereList":{"lookup":{"expression":"name","condition":"equal","values":{"name":"HealthDepartment"}}}}]
20180415 21072405  ) auth  	admin/99915468
20180415 21072405  ) call  	endpoint ubql
20180415 21072405  )  +    	ubMixinClasses.TubStorageMixin(02BF42C0).MixinMethod
20180415 21072405  ) debug 		uba_role.select(TubStorageMixin)
20180415 21072405  )  +    		ubApp.TubDataStore(07E13330).Init
20180415 21072405  )  +    			ubApp.TubApp(02BA3EE0).DBExecute
20180415 21072405  )  +    				ubApp.TubApp(02BA3EE0).TubApp.InternalDBExecute
20180415 21072405  ) debug 					P1: String(16)	HealthDepartment
20180415 21072405  ) SQL   					ubDBSQLite3ThreadSafe.TubSQLite3Statement(0D50CA00) SELECT A01.ID  FROM uba_role A01  WHERE name=? LIMIT 1 OFFSET 0 
20180415 21072405  )  -    				00.000.086
20180415 21072405  )  -    			00.000.154
20180415 21072405  ) debug 			Query result for entity "uba_role" into data name "": row count=1
20180415 21072405  )  -    		00.000.164
20180415 21072405  )  -    	00.000.223
20180415 21072405  ) http  	127.0.0.1 <- 200
20180415 21072405  )  -    00.000.485
20180415 21072405  "  +    ubql
20180415 21072405  " http  	127.0.0.1 -> POST ubql
20180415 21072405  " http  	[{"entity":"uba_userrole","method":"select","fieldList":["ID"],"options":{"limit":1},"whereList":{"c1":{"expression":"[userID]","condition":"equal","values":{"c1":335786699489281}},"c2":{"expression":"[roleID]","condition":"equal","values":{"c2":335786699489285}}}}]
20180415 21072405  " auth  	admin/99915468
20180415 21072405  " call  	endpoint ubql
20180415 21072405  "  +    	ubMixinClasses.TubStorageMixin(02BF42C0).MixinMethod
20180415 21072405  " debug 		uba_userrole.select(TubStorageMixin)
20180415 21072405  "  +    		ubApp.TubDataStore(07E133A8).Init
20180415 21072405  "  +    			ubApp.TubApp(02BA3EE0).DBExecute
20180415 21072405  "  +    				ubApp.TubApp(02BA3EE0).TubApp.InternalDBExecute
20180415 21072405  " debug 					P1: Int64		335786699489281
20180415 21072405  " debug 					P2: Int64		335786699489285
20180415 21072405  " SQL   					ubDBSQLite3ThreadSafe.TubSQLite3Statement(0D50CAC0) SELECT A01.ID  FROM uba_userrole A01  WHERE A01.userID=? AND A01.roleID=? LIMIT 1 OFFSET 0 
20180415 21072405  "  -    				00.000.048
20180415 21072405  "  -    			00.000.131
20180415 21072405  " debug 			Query result for entity "uba_userrole" into data name "": row count=1
20180415 21072405  "  -    		00.000.141
20180415 21072405  "  -    	00.000.222
20180415 21072405  " http  	127.0.0.1 <- 200
20180415 21072405  "  -    00.000.656
20180415 21072405  #  +    ubql
20180415 21072405  # http  	127.0.0.1 -> POST ubql
20180415 21072405  # http  	[{"entity":"ubm_desktop_adm","method":"select","fieldList":["ID"],"options":{"limit":1},"whereList":{"c1":{"expression":"[instanceID]","condition":"equal","values":{"c1":335784125104129}},"c2":{"expression":"[admSubjID]","condition":"equal","values":{"c2":335786699489285}}}}]
20180415 21072405  # auth  	admin/99915468
20180415 21072405  # call  	endpoint ubql
20180415 21072405  #  +    	ubMixinClasses.TubStorageMixin(02BF42C0).MixinMethod
20180415 21072405  # debug 		ubm_desktop_adm.select(TubStorageMixin)
20180415 21072405  #  +    		ubApp.TubDataStore(07E134C0).Init
20180415 21072405  #  +    			ubApp.TubApp(02BA3EE0).DBExecute
20180415 21072405  #  +    				ubApp.TubApp(02BA3EE0).TubApp.InternalDBExecute
20180415 21072405  # debug 					P1: Int64		335784125104129
20180415 21072405  # debug 					P2: Int64		335786699489285
20180415 21072405  # SQL   					ubDBSQLite3ThreadSafe.TubSQLite3Statement(0D50CA60) SELECT A01.ID  FROM ubm_desktop_adm A01  WHERE A01.instanceID=? AND A01.admSubjID=? LIMIT 1 OFFSET 0 
20180415 21072405  #  -    				00.000.049
20180415 21072405  #  -    			00.000.144
20180415 21072405  # debug 			Query result for entity "ubm_desktop_adm" into data name "": row count=1
20180415 21072405  #  -    		00.000.155
20180415 21072405  #  -    	00.000.264
20180415 21072405  # http  	127.0.0.1 <- 200
20180415 21072405  #  -    00.000.886
20180415 21072405  $  +    ubql
20180415 21072405  $ http  	127.0.0.1 -> POST ubql
20180415 21072405  $ http  	[{"entity":"ubm_navshortcut_adm","method":"select","fieldList":["ID"],"options":{"limit":1},"whereList":{"c1":{"expression":"[instanceID]","condition":"equal","values":{"c1":335785519153155}},"c2":{"expression":"[admSubjID]","condition":"equal","values":{"c2":335786699489285}}}}]
20180415 21072405  $ auth  	admin/99915468
20180415 21072405  $ call  	endpoint ubql
20180415 21072405  $  +    	ubMixinClasses.TubStorageMixin(02BF42C0).MixinMethod
20180415 21072405  $ debug 		ubm_navshortcut_adm.select(TubStorageMixin)
20180415 21072405  $  +    		ubApp.TubDataStore(07E132E0).Init
20180415 21072405  $  +    			ubApp.TubApp(02BA3EE0).DBExecute
20180415 21072405  $  +    				ubApp.TubApp(02BA3EE0).TubApp.InternalDBExecute
20180415 21072405  $ debug 					P1: Int64		335785519153155
20180415 21072405  $ debug 					P2: Int64		335786699489285
20180415 21072405  $ SQL   					ubDBSQLite3ThreadSafe.TubSQLite3Statement(0D50CB80) SELECT A01.ID  FROM ubm_navshortcut_adm A01  WHERE A01.instanceID=? AND A01.admSubjID=? LIMIT 1 OFFSET 0 
20180415 21072405  $  -    				00.000.063
20180415 21072405  $  -    			00.000.171
20180415 21072405  $ debug 			Query result for entity "ubm_navshortcut_adm" into data name "": row count=1
20180415 21072405  $  -    		00.000.248
20180415 21072405  $  -    	00.000.352
20180415 21072405  $ http  	127.0.0.1 <- 200
20180415 21072405  $  -    00.000.712
20180415 21072406  %  +    ubql
20180415 21072406  % http  	127.0.0.1 -> POST ubql
20180415 21072406  % http  	[{"entity":"uba_els","method":"select","fieldList":["ID"],"options":{"limit":1},"whereList":{"c1":{"expression":"[code]","condition":"equal","values":{"c1":"READ_UPD_REQ_HD"}}}}]
20180415 21072406  % auth  	admin/99915468
20180415 21072406  % call  	endpoint ubql
20180415 21072406  %  +    	ubMixinClasses.TubStorageMixin(02BF42C0).MixinMethod
20180415 21072406  % debug 		uba_els.select(TubStorageMixin)
20180415 21072406  %  +    		ubApp.TubDataStore(07E13268).Init
20180415 21072406  %  +    			ubApp.TubApp(02BA3EE0).DBExecute
20180415 21072406  %  +    				ubApp.TubApp(02BA3EE0).TubApp.InternalDBExecute
20180415 21072406  % debug 					P1: String(15)	READ_UPD_REQ_HD
20180415 21072406  % SQL   					ubDBSQLite3ThreadSafe.TubSQLite3Statement(0D50CBE0) SELECT A01.ID  FROM uba_els A01  WHERE A01.code=? LIMIT 1 OFFSET 0 
20180415 21072406  %  -    				00.000.073
20180415 21072406  %  -    			00.000.252
20180415 21072406  % debug 			Query result for entity "uba_els" into data name "": row count=1
20180415 21072406  %  -    		00.000.267
20180415 21072406  %  -    	00.000.378
20180415 21072406  % http  	127.0.0.1 <- 200
20180415 21072406  %  -    00.001.009
20180415 21072413  ! info  ubApp.TubApp(02BA3EE0) {   "ClientsCurrent": 1,   "ClientsMax": 1,   "Invalid": 0,   "Responses": 20,   "Modified": 0,   "IncomingBytes": 10240,   "OutcomingBytes": 4522,   "OutcomingFiles": 0,   "ServiceCalls": 20,   "ProcessTime": "1.71s"  }
