c:\UnityBase\UB.exe 4.0.0.0 (2018-02-22 16:30:16)Host=WDFN34211327A User=D071860 CPU=4*9-6-19971:FFFBCBBF8373DAFEBF6F9C0000 OS=23.0=10.0.15063 Wow64=1 Freq=2437498Environment variables=ALLUSERSPROFILE=C:\ProgramData	ANSICON=121x32766 (121x26)	ANSICON_DEF=7	APPDATA=C:\Users\D071860\AppData\Roaming	CommonProgramFiles=C:\Program Files (x86)\Common Files	CommonProgramFiles(x86)=C:\Program Files (x86)\Common Files	CommonProgramW6432=C:\Program Files\Common Files	COMPUTERNAME=WDFN34211327A	ComSpec=C:\WINDOWS\system32\cmd.exe	ConEmuANSI=ON	ConEmuAnsiLog=	ConEmuArgs=	ConEmuArgs2=	ConEmuBackHWND=0x001105EE	ConEmuBaseDir=C:\Program Files\ConEmu\ConEmu	ConEmuBaseDirShort=C:\PROGRA~1\ConEmu\ConEmu	ConEmuBuild=180411	ConEmuCfgDir=	ConEmuConfig=	ConEmuDir=C:\Program Files\ConEmu	ConEmuDrawHWND=0x001B0306	ConEmuDrive=C:	ConEmuHooks=Enabled	ConEmuHWND=0x001904C6	ConEmuPalette=<ConEmu>	ConEmuPID=1208	ConEmuPrompt0=$E[m$E[32m$E]9;8;"USERNAME"$E\@$E]9;8;"COMPUTERNAME"$E\$S	ConEmuPrompt1=$E[m$E[32m$E]9;8;"USERNAME"$E\@$E]9;8;"COMPUTERNAME"$E\$S$E[92m$P$E[90m	ConEmuPrompt2=$_$E[90m$G	ConEmuPrompt3=$E[m$S$E]9;12$E\	ConEmuServerPID=5468	ConEmuTask={Shells::cmd}	ConEmuWorkDir=C:\Users\D071860	ConEmuWorkDrive=C:	DEFLOGDIR=C:\ProgramData\McAfee\Endpoint Security\Logs	HOMEDRIVE=C:	homeloc=D_WDF	HOMEPATH=\Users\D071860	KUBECONFIG=C:\Practice\kubernetes\RUSLAN-KUBECONFIG	LOCALAPPDATA=C:\Users\D071860\AppData\Local	LOGONSERVER=\\DS2WDF0004	NUMBER_OF_PROCESSORS=4	OneDrive=C:\Users\D071860\OneDrive	OS=Windows_NT	Path=C:\Program Files\ConEmu\ConEmu\Scripts;C:\Program Files\ConEmu;C:\Program Files\ConEmu\ConEmu;C:\ProgramData\Oracle\Java\javapath;C:\Program Files\Docker\Docker\Resources\bin;C:\WINDOWS\system32;C:\WINDOWS;C:\WINDOWS\System32\Wbem;C:\WINDOWS\System32\WindowsPowerShell\v1.0\;C:\Program Files\Minikube;C:\Program Files\Kubernetes;C:\Program Files (x86)\Google\Cloud SDK\google-cloud-sdk\bin;C:\Program Files\PuTTY\;C:\Program Files\nodejs\;c:\UnityBase;C:\Users\D071860\AppData\Local\Microsoft\WindowsApps;C:\Users\D071860\AppData\Roaming\npm	PATHEXT=.COM;.EXE;.BAT;.CMD;.VBS;.VBE;.JSE;.WSF;.WSH;.MSC	PROCESSOR_ARCHITECTURE=x86	PROCESSOR_ARCHITEW6432=AMD64	PROCESSOR_IDENTIFIER=Intel64 Family 6 Model 78 Stepping 3, GenuineIntel	PROCESSOR_LEVEL=6	PROCESSOR_REVISION=4e03	ProgramData=C:\ProgramData	ProgramFiles=C:\Program Files (x86)	ProgramFiles(x86)=C:\Program Files (x86)	ProgramW6432=C:\Program Files	PROMPT=$E[m$E[32m$E]9;8;"USERNAME"$E\@$E]9;8;"COMPUTERNAME"$E\$S$E[92m$P$E[90m$_$E[90m$G$E[m$S$E]9;12$E\	PSModulePath=C:\Program Files (x86)\WindowsPowerShell\Modules;C:\WINDOWS\system32\WindowsPowerShell\v1.0\Modules;C:\Program Files (x86)\Google\Cloud SDK\google-cloud-sdk\platform\PowerShell	PUBLIC=C:\Users\Public	SESSIONNAME=Console	SNC_LIB=C:\Program Files (x86)\SAP\FrontEnd\SecureLogin\lib\sapcrypto.dll	SNC_LIB_64=C:\Program Files\SAP\FrontEnd\SecureLogin\lib\sapcrypto.dll	SSF_LIBRARY_PATH=C:\Program Files (x86)\SAP\FrontEnd\SecureLogin\lib\sapcrypto.dll	SSF_LIBRARY_PATH_64=C:\Program Files\SAP\FrontEnd\SecureLogin\lib\sapcrypto.dll	SystemDrive=C:	SystemRoot=C:\WINDOWS	TEMP=C:\Users\D071860\AppData\Local\Temp	TMP=C:\Users\D071860\AppData\Local\Temp	UATDATA=C:\WINDOWS\CCM\UATData\D9F8C395-CAB8-491d-B8AC-179A1FE1BE77	UB_HOME=c:\UnityBase	USERDNSDOMAIN=GLOBAL.CORP.SAP	USERDOMAIN=GLOBAL	USERDOMAIN_ROAMINGPROFILE=GLOBAL	USERNAME=D071860	USERPROFILE=C:\Users\D071860	windir=C:\WINDOWSTubLog 1.18.3488 FTS3 2018-04-15T20:37:4820180415 20374858  ! warn  WebSocket support are disabled because WSServer.host = '' in config
20180415 20374858  !  +    ubServer.TubServer(042B74E8).008863DB 
20180415 20374858  !  +    	Init app
20180415 20374858  ! srvr  		FTS is disabled
20180415 20374858  ! info  		Check blob store "avatars" folder "C:\ubProject\CityPortal\avatars\": folder exists
20180415 20374858  ! info  		Check blob store "attach" folder "C:\ubProject\CityPortal\docs\attach\": folder exists
20180415 20374858  !  -    	00.000.668
20180415 20374858  !  +    	Folder C:\ubProject\CityPortal\node_modules\@unitybase\ub\ modified
20180415 20374858  !  +    		ubCommonClasses.TubThreadSafeCache(02DECB08).removeStartsWith
20180415 20374858  !  -    		00.000.005
20180415 20374858  !  -    	00.000.017
20180415 20374858  !  +    	Folder C:\ubProject\CityPortal\node_modules\@unitybase\uba\ modified
20180415 20374858  !  +    		ubCommonClasses.TubThreadSafeCache(02DECB08).removeStartsWith
20180415 20374858  !  -    		00.000.000
20180415 20374858  !  -    	00.000.004
20180415 20374858  !  +    	Folder C:\ubProject\CityPortal\node_modules\@unitybase\ubs\ modified
20180415 20374858  !  +    		ubCommonClasses.TubThreadSafeCache(02DECB08).removeStartsWith
20180415 20374858  !  -    		00.000.000
20180415 20374858  !  -    	00.000.003
20180415 20374858  !  +    	Folder C:\ubProject\CityPortal\node_modules\@unitybase\ubm\ modified
20180415 20374858  !  +    		ubCommonClasses.TubThreadSafeCache(02DECB08).removeStartsWith
20180415 20374858  !  -    		00.000.000
20180415 20374858  !  -    	00.000.005
20180415 20374858  !  +    	Folder C:\ubProject\CityPortal\_public_only_\ modified
20180415 20374858  !  +    		ubCommonClasses.TubThreadSafeCache(02DECB08).removeStartsWith
20180415 20374858  !  -    		00.000.000
20180415 20374858  !  -    	00.000.004
20180415 20374858  !  +    	Folder C:\ubProject\CityPortal\node_modules\@unitybase\adminui-reg\ modified
20180415 20374858  !  +    		ubCommonClasses.TubThreadSafeCache(02DECB08).removeStartsWith
20180415 20374858  !  -    		00.000.000
20180415 20374858  !  -    	00.000.003
20180415 20374858  !  +    	Folder C:\ubProject\CityPortal\models\requests\ modified
20180415 20374858  !  +    		ubCommonClasses.TubThreadSafeCache(02DECB08).removeStartsWith
20180415 20374858  !  -    		00.000.000
20180415 20374858  !  -    	00.000.004
20180415 20374858  !  +    	ubApp.TubApp(02D53EE0).init
20180415 20374858  ! srvr  		Mime converters are disabled
20180415 20374858  !  -    	00.000.004
20180415 20374858  ! srvr  	Enable zip compresison
20180415 20374858  ! srvr  	Send initialization request to http://localhost:888/init
20180415 20374859  "  +    InitializationRequest
20180415 20374859  "  +    	init
20180415 20374859  " srvr  		Start application intialization...
20180415 20374859  " info  		Loading domain...
20180415 20374859  " info  		Loading model "UB" from "C:\ubProject\CityPortal\node_modules\@unitybase\ub\"
20180415 20374859  " info  		Loading model "UBA" from "C:\ubProject\CityPortal\node_modules\@unitybase\uba\"
20180415 20374860  " info  		Loading model "UBS" from "C:\ubProject\CityPortal\node_modules\@unitybase\ubs\"
20180415 20374861  " info  		Loading model "UBM" from "C:\ubProject\CityPortal\node_modules\@unitybase\ubm\"
20180415 20374861  " info  		Loading model "adminui-reg" from "C:\ubProject\CityPortal\node_modules\@unitybase\adminui-reg\"
20180415 20374861  " info  		Loading model "RequestList" from "C:\ubProject\CityPortal\models\requests\"
20180415 20374861  "  +    		ubApp.TubDataStore(0424FF98).Init
20180415 20374861  "  +    			ubApp.TubApp(02D53EE0).DBExecute
20180415 20374861  "  +    				ubApp.TubApp(02D53EE0).TubApp.InternalDBExecute
20180415 20374861  "  +    					00856EC2 
20180415 20374862  "  -    					00.007.252
20180415 20374862  " SQL   					ubDBSQLite3ThreadSafe.TubSQLite3Statement(02E069D0) PRAGMA foreign_keys = ON
20180415 20374862  " SQL   					ubDBSQLite3ThreadSafe.TubSQLite3Statement(02E06910) SELECT A01.ID,A01.entity,A01.state,A01.attribute,A01.roleName,A01.actions  FROM uba_als A01  ORDER BY A01.entity ASC
20180415 20374862  "  -    				00.007.376
20180415 20374862  "  -    			00.007.415
20180415 20374862  " debug 			Query result for entity "uba_als" into data name "": row count=0
20180415 20374862  "  -    		00.007.439
20180415 20374862  " srvr  		The domain loaded successfully with 3 entities
20180415 20374862  " debug 		Create new JavaScript Engine for thread 51612
20180415 20374912  "  +    		008C234A 
20180415 20374912  "  +    			ubApp.TubDataStore(06D85008).Init
20180415 20374912  "  +    				ubApp.TubApp(02D53EE0).DBExecute
20180415 20374912  "  +    					ubApp.TubApp(02D53EE0).TubApp.InternalDBExecute
20180415 20374912  " SQL   						ubDBSQLite3ThreadSafe.TubSQLite3Statement(02E06D30) SELECT A01.ID,A01.name,A01.sessionTimeout,A01.allowedAppMethods  FROM uba_role A01 
20180415 20374912  "  -    					00.000.050
20180415 20374912  "  -    				00.000.125
20180415 20374912  " debug 				Query result for entity "uba_role" into data name "": row count=7
20180415 20374912  "  -    			00.000.140
20180415 20374912  "  +    			ubApp.TubDataStore(06D85080).Init
20180415 20374912  "  +    				ubApp.TubApp(02D53EE0).DBExecute
20180415 20374912  "  +    					ubApp.TubApp(02D53EE0).TubApp.InternalDBExecute
20180415 20374912  " SQL   						ubDBSQLite3ThreadSafe.TubSQLite3Statement(02E06CD0) SELECT A01.ID,A01.entityMask,A01.methodMask,A01.ruleType,A01.ruleRole,A01.disabled,A01.code  FROM uba_els A01 
20180415 20374912  "  -    					00.000.028
20180415 20374912  "  -    				00.000.061
20180415 20374912  " debug 				Query result for entity "uba_els" into data name "": row count=1
20180415 20374912  "  -    			00.000.069
20180415 20374912  "  -    		00.000.555
20180415 20374912  " auth  		New session admin/98142458 created at 127.0.0.1/-504403148064947994 using Mozilla/5.0 (Windows; mORMot 1.18 TWinHTTP)
20180415 20374912  " auth  		New session anonymous/98142453 created at 127.0.0.1/-504403148064947994 using Mozilla/5.0 (Windows; mORMot 1.18 TWinHTTP)
20180415 20374912  "  +    		ubApp.TubDataStore(06D85288).Init
20180415 20374912  "  +    			ubApp.TubApp(02D53EE0).DBExecute
20180415 20374912  "  +    				ubApp.TubApp(02D53EE0).TubApp.InternalDBExecute
20180415 20374912  " debug 					P1: String(34)	UBA.passwordPolicy.maxDurationDays
20180415 20374912  " SQL   					ubDBSQLite3ThreadSafe.TubSQLite3Statement(02E06DF0) select settingValue from ubs_settings where settingKey =?
20180415 20374912  "  -    				00.000.029
20180415 20374912  "  -    			00.000.061
20180415 20374912  " debug 			Query result for entity "ubs_settings" into data name "": row count=0
20180415 20374912  "  -    		00.000.068
20180415 20374912  "  +    		ubApp.TubDataStore(06D85288).Init
20180415 20374912  "  +    			ubApp.TubApp(02D53EE0).DBExecute
20180415 20374912  "  +    				ubApp.TubApp(02D53EE0).TubApp.InternalDBExecute
20180415 20374912  " debug 					P1: String(37)	UBA.passwordPolicy.maxInvalidAttempts
20180415 20374912  " SQL   					ubDBSQLite3ThreadSafe.TubSQLite3Statement(02E06DF0) select settingValue from ubs_settings where settingKey =?
20180415 20374912  "  -    				00.000.007
20180415 20374912  "  -    			00.000.020
20180415 20374912  " debug 			Query result for entity "ubs_settings" into data name "": row count=0
20180415 20374912  "  -    		00.000.026
20180415 20374912  "  -    	00.253.537
20180415 20374912  "  -    00.253.554
20180415 20374912  ! srvr  	ubServer.TubServer(042B74E8) {"THttpApiServer(02D1A990)":{"Cloned":false,"RegisteredUrl":"http://+:888/","HTTPQueueLength":1000,"MaxBandwidth":-1,"MaxConnections":-1,"APIVersion":"HTTP API 2.0","ServerName":"UnityBase","ProcessName":""}} initialized
20180415 20374912  !  -    00.262.677
20180415 20374912  "  +    getAppInfo
20180415 20374912  " http  	127.0.0.1 -> GET getAppInfo
20180415 20374912  " call  	endpoint getAppInfo
20180415 20374912  " http  	127.0.0.1 <- 200
20180415 20374912  "  -    00.000.606
20180415 20374913  #  +    auth?AUTHTYPE=UB&userName=admin
20180415 20374913  # http  	127.0.0.1 -> GET auth?AUTHTYPE=UB&userName=admin
20180415 20374913  # debug 	Create new JavaScript Engine for thread 50052
20180415 20374926  # call  	endpoint auth
20180415 20374926  # http  	127.0.0.1 <- 200
20180415 20374926  #  -    00.207.958
20180415 20374926  $  +    auth?AUTHTYPE=UB&clientNonce=d09784bb86265aca89aba93c2852c2407d2edb6114d322955abe598fb2146d7d&password=9ec11c7f6bd80165af61d1459d226cb1f36cbba206db38e00ee19139d2dcc6e2&userName=admin
20180415 20374926  $ http  	127.0.0.1 -> GET auth?AUTHTYPE=UB&clientNonce=d09784bb86265aca89aba93c2852c2407d2edb6114d322955abe598fb2146d7d&password=9ec11c7f6bd80165af61d1459d226cb1f36cbba206db38e00ee19139d2dcc6e2&userName=admin
20180415 20374926  $ debug 	Create new JavaScript Engine for thread 49380
20180415 20374939  $ call  	endpoint auth
20180415 20374939  $  +    	ubApp.TubDataStore(06D8A508).Init
20180415 20374939  $  +    		ubApp.TubApp(02D53EE0).DBExecute
20180415 20374939  $  +    			ubApp.TubApp(02D53EE0).TubApp.InternalDBExecute
20180415 20374939  $  +    				00856EC2 
20180415 20374939  $  -    				00.004.652
20180415 20374939  $ SQL   				ubDBSQLite3ThreadSafe.TubSQLite3Statement(02E07630) PRAGMA foreign_keys = ON
20180415 20374939  $ debug 				P1: String(5)	admin
20180415 20374939  $ SQL   				ubDBSQLite3ThreadSafe.TubSQLite3Statement(02E07510) select id, name, uPasswordHashHexa, uData, isPending, trustedIP from UBA_USER where name=? and disabled=0
20180415 20374939  $  -    			00.004.711
20180415 20374939  $  -    		00.004.776
20180415 20374939  $ debug 		Query result for entity "uba_user" into data name "": row count=1
20180415 20374939  $  -    	00.004.802
20180415 20374939  $  +    	ubApp.TubDataStore(06D8A530).Init
20180415 20374939  $  +    		ubApp.TubApp(02D53EE0).DBExecute
20180415 20374939  $  +    			ubApp.TubApp(02D53EE0).TubApp.InternalDBExecute
20180415 20374939  $ debug 				P1: Int64		10
20180415 20374939  $ SQL   				ubDBSQLite3ThreadSafe.TubSQLite3Statement(02E07690) SELECT A01.roleID,A02.name,A02.description  FROM uba_userrole A01  INNER JOIN uba_role A02 ON A02.ID=A01.roleID  WHERE A01.userID=?
20180415 20374939  $  -    			00.000.044
20180415 20374939  $  -    		00.000.132
20180415 20374939  $ debug 		Query result for entity "uba_userrole" into data name "": row count=1
20180415 20374939  $  -    	00.000.143
20180415 20374939  $ auth  	New session admin/98142452 created at 127.0.0.1/-504403148064947994 using Mozilla/5.0 (Windows; mORMot 1.18 TWinHTTP)
20180415 20374939  $  +    	ubMixinClasses.TubStorageMixin(02DA42C0).MixinMethod
20180415 20374939  $ debug 		uba_user.select(TubStorageMixin)
20180415 20374939  $  +    		ubApp.TubDataStore(06D8A530).Init
20180415 20374939  $  +    			ubApp.TubApp(02D53EE0).DBExecute
20180415 20374939  $  +    				ubApp.TubApp(02D53EE0).TubApp.InternalDBExecute
20180415 20374939  $ debug 					P1: Int64		10
20180415 20374939  $ SQL   					ubDBSQLite3ThreadSafe.TubSQLite3Statement(02E077B0) SELECT A01.name  FROM uba_user A01  WHERE A01.ID=?
20180415 20374939  $  -    				00.000.040
20180415 20374939  $  -    			00.000.142
20180415 20374939  $ debug 			Query result for entity "uba_user" into data name "": row count=1
20180415 20374939  $  -    		00.000.152
20180415 20374939  $  -    	00.000.221
20180415 20374941  $  +    	ubMixinClasses.TubStorageMixin(02DA42C0).MixinMethod
20180415 20374941  $ debug 		uba_advSecurity.select(TubStorageMixin)
20180415 20374941  $  +    		ubApp.TubDataStore(06D8A530).Init
20180415 20374941  $  +    			ubApp.TubApp(02D53EE0).DBExecute
20180415 20374941  $  +    				ubApp.TubApp(02D53EE0).TubApp.InternalDBExecute
20180415 20374941  $ EXC   					ESQLite3Exception {"ErrorCode":1,"SQLite3ErrorCode":"ERROR","Message":"Error SQLITE_ERROR (1) [SELECT A01.ID,A01.allowedIP,A01.refreshIP,A01.fp,A01.refreshFp,A01.keyMediaName,A01.refreshKeyMedia,A01.mi_modifyDate  FROM uba_advSecurity A01  WHERE A01.userID=?] using 3.17.0 - no such table: uba_advSecurity, extended_errcode=1"} at 00625076 
20180415 20374941  $ EXC   					EMetabaseException {"errorCode":0,"Message":"Internal server error"} at 008C4B3B 
20180415 20374941  $ EXC   					EMetabaseException {"errorCode":0,"Message":"Internal server error"} at 008C4B3B 
20180415 20374941  $  -    				00.004.814
20180415 20374941  $  -    			00.004.817
20180415 20374941  $  -    		00.004.825
20180415 20374941  $  -    	00.004.945
20180415 20374941  $ warn  	Advanced security is disabled because table uba_advSecurity does not exists 
20180415 20374941  $  +    	ubMixinClasses.TubStorageMixin(02DA42C0).MixinMethod
20180415 20374941  $ debug 		uba_userrole.select(TubStorageMixin)
20180415 20374941  $  +    		ubApp.TubDataStore(06D8B138).Init
20180415 20374941  $  +    			ubApp.TubApp(02D53EE0).DBExecute
20180415 20374941  $  +    				ubApp.TubApp(02D53EE0).TubApp.InternalDBExecute
20180415 20374941  $ debug 					P1: Int64		10
20180415 20374941  $ SQL   					ubDBSQLite3ThreadSafe.TubSQLite3Statement(02E07810) SELECT A01.ID,A02.name,A01.roleID  FROM uba_userrole A01  INNER JOIN uba_role A02 ON A02.ID=A01.roleID  WHERE A01.userID=?
20180415 20374941  $  -    				00.000.064
20180415 20374941  $  -    			00.000.125
20180415 20374941  $ debug 			Query result for entity "uba_userrole" into data name "": row count=1
20180415 20374941  $  -    		00.000.135
20180415 20374941  $  -    	00.000.226
20180415 20374941  $  +    	ubMixinClasses.TubStorageMixin(02DA42C0).MixinMethod
20180415 20374941  $ debug 		uba_audit.beforeinsert(TubStorageMixin)
20180415 20374941  $  -    	00.000.013
20180415 20374941  $  +    	ubMixinClasses.TubStorageMixin(02DA42C0).MixinMethod
20180415 20374941  $ debug 		uba_audit.insert(TubStorageMixin)
20180415 20374941  $  +    		ubApp.TubDataStore(06D8A300).TubDataStore.ExecuteInsertFromList
20180415 20374941  $  +    			ubApp.TubDataStore(06D8A300).TubDataStore.ExecuteInsertFromSQL
20180415 20374941  $  +    				ubApp.TubApp(02D53EE0).DBExecute
20180415 20374941  $  +    					ubApp.TubApp(02D53EE0).TubApp.InternalDBExecute
20180415 20374941  $ debug 						P1: String(8)	uba_user
20180415 20374941  $ debug 						P2: Int64		10
20180415 20374941  $ debug 						P3: String(5)	LOGIN
20180415 20374941  $ debug 						P4: Int64		10
20180415 20374941  $ debug 						P5: DateTime	2018-04-15T20:37:49
20180415 20374941  $ debug 						P6: String(9)	127.0.0.1
20180415 20374941  $ debug 						P7: String(5)	admin
20180415 20374941  $ debug 						P8: String(0)	
20180415 20374941  $ debug 						P9: Int64		335787046043649
20180415 20374941  $ debug 						P10: String(313..)	Cache-Control: no-cache  Connection: Keep-Alive  Pragma: no-cache  Accept: */*  Accept-Encoding: gzi...
20180415 20374941  $ DB    						StartTransaction for connection "main"
20180415 20374941  $ SQL   						ubDBSQLite3ThreadSafe.TubSQLite3Statement(02E078D0) INSERT INTO uba_audit (entity,entityinfo_id,actionType,actionUser,actionTime,remoteIP,targetUser,targetRole,ID,fromValue) VALUES (?,?,?,?,?,?,?,?,?,?)
20180415 20374941  $  -    					00.000.147
20180415 20374941  $  -    				00.000.148
20180415 20374941  $  -    			00.000.284
20180415 20374941  $  -    		00.000.296
20180415 20374941  $  -    	00.000.301
20180415 20374941  $  +    	ubMixinClasses.TubStorageMixin(02DA42C0).MixinMethod
20180415 20374941  $ debug 		uba_audit.afterinsert(TubStorageMixin)
20180415 20374941  $  -    	00.000.009
20180415 20374941  $ DB    	Commit connection "main"
20180415 20374941  $ http  	127.0.0.1 <- 200
20180415 20374941  $  -    00.252.094
20180415 20374941  %  +    getDomainInfo?extended=true&userName=admin&v=4
20180415 20374941  % http  	127.0.0.1 -> GET getDomainInfo?extended=true&userName=admin&v=4
20180415 20374941  % debug 	Create new JavaScript Engine for thread 51780
20180415 20374955  % auth  	admin/98142452
20180415 20374955  % call  	endpoint getDomainInfo
20180415 20374955  % http  	127.0.0.1 <- 200
20180415 20374955  %  -    00.208.655
20180415 20374959  &  +    runSQL?CONNECTION=main
20180415 20374959  & http  	127.0.0.1 -> POST runSQL?CONNECTION=main
20180415 20374959  & http  	select name, tbl_name as caption from sqlite_master where type='table' and name not like 'sqlite_%'
20180415 20374959  & debug 	Create new JavaScript Engine for thread 49928
20180415 20375010  & auth  	admin/98142452
20180415 20375010  & call  	endpoint runSQL
20180415 20375010  &  +    	ubApp.TubApp(02D53EE0).DBExecute
20180415 20375010  &  +    		ubApp.TubApp(02D53EE0).TubApp.InternalDBExecute
20180415 20375010  &  +    			00856EC2 
20180415 20375010  &  -    			00.006.829
20180415 20375010  & SQL   			ubDBSQLite3ThreadSafe.TubSQLite3Statement(02E080B0) PRAGMA foreign_keys = ON
20180415 20375010  & SQL   			ubDBSQLite3ThreadSafe.TubSQLite3Statement(02E07F90) select name, tbl_name as caption from sqlite_master where type='table' and name not like 'sqlite_%'
20180415 20375010  &  -    		00.006.870
20180415 20375010  &  -    	00.006.906
20180415 20375010  & http  	127.0.0.1 <- 200
20180415 20375010  &  -    00.217.967
20180415 20375010  '  +    runSQL?CONNECTION=main
20180415 20375010  ' http  	127.0.0.1 -> POST runSQL?CONNECTION=main
20180415 20375010  ' http  	PRAGMA table_info('uba_user')
20180415 20375010  ' debug 	Create new JavaScript Engine for thread 50208
20180415 20375023  ' auth  	admin/98142452
20180415 20375023  ' call  	endpoint runSQL
20180415 20375023  '  +    	ubApp.TubApp(02D53EE0).DBExecute
20180415 20375023  '  +    		ubApp.TubApp(02D53EE0).TubApp.InternalDBExecute
20180415 20375023  '  +    			00856EC2 
20180415 20375023  '  -    			00.001.359
20180415 20375023  ' SQL   			ubDBSQLite3ThreadSafe.TubSQLite3Statement(02E08470) PRAGMA foreign_keys = ON
20180415 20375023  ' SQL   			ubDBSQLite3ThreadSafe.TubSQLite3Statement(02E08350) PRAGMA table_info('uba_user')
20180415 20375023  '  -    		00.001.397
20180415 20375023  '  -    	00.001.428
20180415 20375023  ' http  	127.0.0.1 <- 200
20180415 20375023  '  -    00.202.151
20180415 20375023  (  +    runSQL?CONNECTION=main
20180415 20375023  ( http  	127.0.0.1 -> POST runSQL?CONNECTION=main
20180415 20375023  ( http  	PRAGMA foreign_key_list('uba_user')
20180415 20375023  ( debug 	Create new JavaScript Engine for thread 51636
20180415 20375036  ( auth  	admin/98142452
20180415 20375036  ( call  	endpoint runSQL
20180415 20375036  (  +    	ubApp.TubApp(02D53EE0).DBExecute
20180415 20375036  (  +    		ubApp.TubApp(02D53EE0).TubApp.InternalDBExecute
20180415 20375036  (  +    			00856EC2 
20180415 20375036  (  -    			00.001.372
20180415 20375036  ( SQL   			ubDBSQLite3ThreadSafe.TubSQLite3Statement(02E08890) PRAGMA foreign_keys = ON
20180415 20375036  ( SQL   			ubDBSQLite3ThreadSafe.TubSQLite3Statement(02E08770) PRAGMA foreign_key_list('uba_user')
20180415 20375036  (  -    		00.001.404
20180415 20375036  (  -    	00.001.432
20180415 20375036  ( http  	127.0.0.1 <- 200
20180415 20375036  (  -    00.206.792
20180415 20375036  )  +    runSQL?CONNECTION=main
20180415 20375036  ) http  	127.0.0.1 -> POST runSQL?CONNECTION=main
20180415 20375036  ) http  	PRAGMA index_list('uba_user')
20180415 20375036  ) debug 	Create new JavaScript Engine for thread 51660
20180415 20375049  ) auth  	admin/98142452
20180415 20375049  ) call  	endpoint runSQL
20180415 20375049  )  +    	ubApp.TubApp(02D53EE0).DBExecute
20180415 20375049  )  +    		ubApp.TubApp(02D53EE0).TubApp.InternalDBExecute
20180415 20375049  )  +    			00856EC2 
20180415 20375049  )  -    			00.001.299
20180415 20375049  ) SQL   			ubDBSQLite3ThreadSafe.TubSQLite3Statement(02E08C50) PRAGMA foreign_keys = ON
20180415 20375049  ) SQL   			ubDBSQLite3ThreadSafe.TubSQLite3Statement(02E08B30) PRAGMA index_list('uba_user')
20180415 20375049  )  -    		00.001.319
20180415 20375049  )  -    	00.001.341
20180415 20375049  ) http  	127.0.0.1 <- 200
20180415 20375049  )  -    00.202.471
20180415 20375049  "  +    runSQL?CONNECTION=main
20180415 20375049  " http  	127.0.0.1 -> POST runSQL?CONNECTION=main
20180415 20375049  " http  	PRAGMA table_info('uba_role')
20180415 20375049  " auth  	admin/98142452
20180415 20375049  " call  	endpoint runSQL
20180415 20375049  "  +    	ubApp.TubApp(02D53EE0).DBExecute
20180415 20375049  "  +    		ubApp.TubApp(02D53EE0).TubApp.InternalDBExecute
20180415 20375049  " SQL   			ubDBSQLite3ThreadSafe.TubSQLite3Statement(02E08B30) PRAGMA table_info('uba_role')
20180415 20375049  "  -    		00.000.067
20180415 20375049  "  -    	00.000.130
20180415 20375049  " http  	127.0.0.1 <- 200
20180415 20375049  "  -    00.000.361
20180415 20375049  #  +    runSQL?CONNECTION=main
20180415 20375049  # http  	127.0.0.1 -> POST runSQL?CONNECTION=main
20180415 20375049  # http  	PRAGMA foreign_key_list('uba_role')
20180415 20375049  # auth  	admin/98142452
20180415 20375049  # call  	endpoint runSQL
20180415 20375049  #  +    	ubApp.TubApp(02D53EE0).DBExecute
20180415 20375049  #  +    		ubApp.TubApp(02D53EE0).TubApp.InternalDBExecute
20180415 20375049  #  +    			00856EC2 
20180415 20375049  #  -    			00.001.307
20180415 20375049  # SQL   			ubDBSQLite3ThreadSafe.TubSQLite3Statement(02E08D10) PRAGMA foreign_keys = ON
20180415 20375049  # SQL   			ubDBSQLite3ThreadSafe.TubSQLite3Statement(02E08B30) PRAGMA foreign_key_list('uba_role')
20180415 20375049  #  -    		00.001.330
20180415 20375049  #  -    	00.001.354
20180415 20375049  # http  	127.0.0.1 <- 200
20180415 20375049  #  -    00.001.604
20180415 20375049  $  +    runSQL?CONNECTION=main
20180415 20375049  $ http  	127.0.0.1 -> POST runSQL?CONNECTION=main
20180415 20375049  $ http  	PRAGMA index_list('uba_role')
20180415 20375049  $ auth  	admin/98142452
20180415 20375049  $ call  	endpoint runSQL
20180415 20375049  $  +    	ubApp.TubApp(02D53EE0).DBExecute
20180415 20375049  $  +    		ubApp.TubApp(02D53EE0).TubApp.InternalDBExecute
20180415 20375049  $ SQL   			ubDBSQLite3ThreadSafe.TubSQLite3Statement(02E08B30) PRAGMA index_list('uba_role')
20180415 20375049  $  -    		00.000.025
20180415 20375049  $  -    	00.000.070
20180415 20375049  $ http  	127.0.0.1 <- 200
20180415 20375049  $  -    00.000.240
20180415 20375049  %  +    runSQL?CONNECTION=main
20180415 20375049  % http  	127.0.0.1 -> POST runSQL?CONNECTION=main
20180415 20375049  % http  	CREATE TABLE req_depart (   ID BIGINT NOT NULL PRIMARY KEY,   name VARCHAR(255) NOT NULL, --Department Name   postAddr VARCHAR(255) NOT NULL, --Department Address    phoneNum VARCHAR(255) NOT NULL, --Department Phone   roleInSystem BIGINT NULL --Role in System   , CONSTRAINT FK_REQ_DEPART_ROLEINSYSTEM_REF_ROLE FOREIGN KEY (ROLEINSYSTEM) REFERENCES uba_role(ID)  )
20180415 20375049  % auth  	admin/98142452
20180415 20375049  % call  	endpoint runSQL
20180415 20375049  %  +    	ubApp.TubApp(02D53EE0).DBExecute
20180415 20375049  %  +    		ubApp.TubApp(02D53EE0).TubApp.InternalDBExecute
20180415 20375049  %  +    			00856EC2 
20180415 20375050  %  -    			00.001.449
20180415 20375050  % SQL   			ubDBSQLite3ThreadSafe.TubSQLite3Statement(02E08DD0) PRAGMA foreign_keys = ON
20180415 20375050  % DB    			StartTransaction for connection "main"
20180415 20375050  % SQL   			ubDBSQLite3ThreadSafe.TubSQLite3Statement(02E08B30) CREATE TABLE req_depart (   ID BIGINT NOT NULL PRIMARY KEY,   name VARCHAR(255) NOT NULL, --Department Name   postAddr VARCHAR(255) NOT NULL, --Department Address    phoneNum VARCHAR(255) NOT NULL, --Department Phone   roleInSystem BIGINT NULL --Role in System   , CONSTRAINT FK_REQ_DEPART_ROLEINSYSTEM_REF_ROLE FOREIGN KEY (ROLEINSYSTEM) REFERENCES uba_role(ID)  )
20180415 20375050  %  -    		00.001.601
20180415 20375050  %  -    	00.001.606
20180415 20375050  % DB    	Commit connection "main" in 143us
20180415 20375050  % http  	127.0.0.1 <- 200
20180415 20375050  %  -    00.002.013
20180415 20375050  &  +    runSQL?CONNECTION=main
20180415 20375050  & http  	127.0.0.1 -> POST runSQL?CONNECTION=main
20180415 20375050  & http  	CREATE TABLE req_reqList (   ID BIGINT NOT NULL PRIMARY KEY,   reqDate DATETIME NOT NULL, --Request Date   applicantPhone VARCHAR(255) NOT NULL, --Applicant`s phone   applicantInfo VARCHAR(255) NOT NULL, --Applicant`s contact info   department BIGINT NOT NULL, --Request department   subDepartment BIGINT NULL, --Subdepartment   reqText TEXT NOT NULL, --Text of request   reqDoc VARCHAR(4000) NULL, --doc   answer TEXT NULL, --Request answer   status VARCHAR(32) NOT NULL, --Status   mi_owner BIGINT NOT NULL, --Row owner   mi_createDate DATETIME DEFAULT (strftime('%Y-%m-%dT%H:%M:%SZ', 'now')) NOT NULL, --Creation date   mi_createUser BIGINT NOT NULL, --User who create row   mi_modifyDate DATETIME DEFAULT (strftime('%Y-%m-%dT%H:%M:%SZ', 'now')) NOT NULL, --Modification date   mi_modifyUser BIGINT NOT NULL --User who modify row   , CONSTRAINT FK_REQ_DEPARTMENT_REF_REQ_DEPART FOREIGN KEY (DEPARTMENT) REFERENCES req_depart(ID)   , CONSTRAINT FK_REQ_SUBDEPARTMENT_REF_REQ_SUBDEPART FOREIGN KEY (SUBDEPARTMENT) REFERENCES... (truncated) length=1323
20180415 20375050  & auth  	admin/98142452
20180415 20375050  & call  	endpoint runSQL
20180415 20375050  &  +    	ubApp.TubApp(02D53EE0).DBExecute
20180415 20375050  &  +    		ubApp.TubApp(02D53EE0).TubApp.InternalDBExecute
20180415 20375050  & DB    			StartTransaction for connection "main"
20180415 20375050  & SQL   			ubDBSQLite3ThreadSafe.TubSQLite3Statement(02E08B30) CREATE TABLE req_reqList (   ID BIGINT NOT NULL PRIMARY KEY,   reqDate DATETIME NOT NULL, --Request Date   applicantPhone VARCHAR(255) NOT NULL, --Applicant`s phone   applicantInfo VARCHAR(255) NOT NULL, --Applicant`s contact info   department BIGINT NOT NULL, --Request department   subDepartment BIGINT NULL, --Subdepartment   reqText TEXT NOT NULL, --Text of request   reqDoc VARCHAR(4000) NULL, --doc   answer TEXT NULL, --Request answer   status VARCHAR(32) NOT NULL, --Status   mi_owner BIGINT NOT NULL, --... (truncated) length=1323
20180415 20375050  &  -    		00.000.586
20180415 20375050  &  -    	00.000.591
20180415 20375050  & DB    	Commit connection "main" in 153us
20180415 20375050  & http  	127.0.0.1 <- 200
20180415 20375050  &  -    00.000.973
20180415 20375050  '  +    runSQL?CONNECTION=main
20180415 20375050  ' http  	127.0.0.1 -> POST runSQL?CONNECTION=main
20180415 20375050  ' http  	CREATE TABLE req_subDepart (   ID BIGINT NOT NULL PRIMARY KEY,   name VARCHAR(255) NOT NULL, --SubDepartment Name   department BIGINT NOT NULL --department   , CONSTRAINT FK_REQ_SUBDEPART_DEPARTMENT_REF_REQ_DEPART FOREIGN KEY (DEPARTMENT) REFERENCES req_depart(ID)  )
20180415 20375050  ' auth  	admin/98142452
20180415 20375050  ' call  	endpoint runSQL
20180415 20375050  '  +    	ubApp.TubApp(02D53EE0).DBExecute
20180415 20375050  '  +    		ubApp.TubApp(02D53EE0).TubApp.InternalDBExecute
20180415 20375050  ' DB    			StartTransaction for connection "main"
20180415 20375050  ' SQL   			ubDBSQLite3ThreadSafe.TubSQLite3Statement(02E08B30) CREATE TABLE req_subDepart (   ID BIGINT NOT NULL PRIMARY KEY,   name VARCHAR(255) NOT NULL, --SubDepartment Name   department BIGINT NOT NULL --department   , CONSTRAINT FK_REQ_SUBDEPART_DEPARTMENT_REF_REQ_DEPART FOREIGN KEY (DEPARTMENT) REFERENCES req_depart(ID)  )
20180415 20375050  '  -    		00.000.518
20180415 20375050  '  -    	00.000.524
20180415 20375050  ' DB    	Commit connection "main" in 253us
20180415 20375050  ' http  	127.0.0.1 <- 200
20180415 20375050  '  -    00.001.008
20180415 20375050  (  +    runSQL?CONNECTION=main
20180415 20375050  ( http  	127.0.0.1 -> POST runSQL?CONNECTION=main
20180415 20375050  ( http  	CREATE UNIQUE INDEX UIDX_REQ_DEPART_NAME ON req_depart(NAME) 
20180415 20375050  ( auth  	admin/98142452
20180415 20375050  ( call  	endpoint runSQL
20180415 20375050  (  +    	ubApp.TubApp(02D53EE0).DBExecute
20180415 20375050  (  +    		ubApp.TubApp(02D53EE0).TubApp.InternalDBExecute
20180415 20375050  ( DB    			StartTransaction for connection "main"
20180415 20375050  ( SQL   			ubDBSQLite3ThreadSafe.TubSQLite3Statement(02E08B30) CREATE UNIQUE INDEX UIDX_REQ_DEPART_NAME ON req_depart(NAME) 
20180415 20375050  (  -    		00.000.550
20180415 20375050  (  -    	00.000.554
20180415 20375050  ( DB    	Commit connection "main" in 150us
20180415 20375050  ( http  	127.0.0.1 <- 200
20180415 20375050  (  -    00.000.905
20180415 20375050  )  +    runSQL?CONNECTION=main
20180415 20375050  ) http  	127.0.0.1 -> POST runSQL?CONNECTION=main
20180415 20375050  ) http  	CREATE INDEX IDX_REQ_DEPART_ROLEINSYSTEM ON req_depart(ROLEINSYSTEM) 
20180415 20375050  ) auth  	admin/98142452
20180415 20375050  ) call  	endpoint runSQL
20180415 20375050  )  +    	ubApp.TubApp(02D53EE0).DBExecute
20180415 20375050  )  +    		ubApp.TubApp(02D53EE0).TubApp.InternalDBExecute
20180415 20375050  ) DB    			StartTransaction for connection "main"
20180415 20375050  ) SQL   			ubDBSQLite3ThreadSafe.TubSQLite3Statement(02E08B30) CREATE INDEX IDX_REQ_DEPART_ROLEINSYSTEM ON req_depart(ROLEINSYSTEM) 
20180415 20375050  )  -    		00.000.684
20180415 20375050  )  -    	00.000.694
20180415 20375050  ) DB    	Commit connection "main" in 227us
20180415 20375050  ) http  	127.0.0.1 <- 200
20180415 20375050  )  -    00.001.226
20180415 20375050  "  +    runSQL?CONNECTION=main
20180415 20375050  " http  	127.0.0.1 -> POST runSQL?CONNECTION=main
20180415 20375050  " http  	CREATE INDEX IDX_REQ_DEPARTMENT ON req_reqList(DEPARTMENT) 
20180415 20375050  " auth  	admin/98142452
20180415 20375050  " call  	endpoint runSQL
20180415 20375050  "  +    	ubApp.TubApp(02D53EE0).DBExecute
20180415 20375050  "  +    		ubApp.TubApp(02D53EE0).TubApp.InternalDBExecute
20180415 20375050  " DB    			StartTransaction for connection "main"
20180415 20375050  " SQL   			ubDBSQLite3ThreadSafe.TubSQLite3Statement(02E08B30) CREATE INDEX IDX_REQ_DEPARTMENT ON req_reqList(DEPARTMENT) 
20180415 20375050  "  -    		00.000.521
20180415 20375050  "  -    	00.000.525
20180415 20375050  " DB    	Commit connection "main" in 136us
20180415 20375050  " http  	127.0.0.1 <- 200
20180415 20375050  "  -    00.000.818
20180415 20375051  #  +    runSQL?CONNECTION=main
20180415 20375051  # http  	127.0.0.1 -> POST runSQL?CONNECTION=main
20180415 20375051  # http  	CREATE INDEX IDX_REQ_SUBDEPARTMENT ON req_reqList(SUBDEPARTMENT) 
20180415 20375051  # auth  	admin/98142452
20180415 20375051  # call  	endpoint runSQL
20180415 20375051  #  +    	ubApp.TubApp(02D53EE0).DBExecute
20180415 20375051  #  +    		ubApp.TubApp(02D53EE0).TubApp.InternalDBExecute
20180415 20375051  # DB    			StartTransaction for connection "main"
20180415 20375051  # SQL   			ubDBSQLite3ThreadSafe.TubSQLite3Statement(02E08B30) CREATE INDEX IDX_REQ_SUBDEPARTMENT ON req_reqList(SUBDEPARTMENT) 
20180415 20375051  #  -    		00.000.671
20180415 20375051  #  -    	00.000.676
20180415 20375051  # DB    	Commit connection "main" in 193us
20180415 20375051  # http  	127.0.0.1 <- 200
20180415 20375051  #  -    00.001.135
20180415 20375051  $  +    runSQL?CONNECTION=main
20180415 20375051  $ http  	127.0.0.1 -> POST runSQL?CONNECTION=main
20180415 20375051  $ http  	CREATE INDEX IDX_REQ_MI_OWNER ON req_reqList(MI_OWNER) 
20180415 20375051  $ auth  	admin/98142452
20180415 20375051  $ call  	endpoint runSQL
20180415 20375051  $  +    	ubApp.TubApp(02D53EE0).DBExecute
20180415 20375051  $  +    		ubApp.TubApp(02D53EE0).TubApp.InternalDBExecute
20180415 20375051  $ DB    			StartTransaction for connection "main"
20180415 20375051  $ SQL   			ubDBSQLite3ThreadSafe.TubSQLite3Statement(02E08B30) CREATE INDEX IDX_REQ_MI_OWNER ON req_reqList(MI_OWNER) 
20180415 20375051  $  -    		00.000.508
20180415 20375051  $  -    	00.000.512
20180415 20375051  $ DB    	Commit connection "main" in 109us
20180415 20375051  $ http  	127.0.0.1 <- 200
20180415 20375051  $  -    00.000.782
20180415 20375051  %  +    runSQL?CONNECTION=main
20180415 20375051  % http  	127.0.0.1 -> POST runSQL?CONNECTION=main
20180415 20375051  % http  	CREATE INDEX IDX_REQ_MI_CREATEUSER ON req_reqList(MI_CREATEUSER) 
20180415 20375051  % auth  	admin/98142452
20180415 20375051  % call  	endpoint runSQL
20180415 20375051  %  +    	ubApp.TubApp(02D53EE0).DBExecute
20180415 20375051  %  +    		ubApp.TubApp(02D53EE0).TubApp.InternalDBExecute
20180415 20375051  % DB    			StartTransaction for connection "main"
20180415 20375051  % SQL   			ubDBSQLite3ThreadSafe.TubSQLite3Statement(02E08B30) CREATE INDEX IDX_REQ_MI_CREATEUSER ON req_reqList(MI_CREATEUSER) 
20180415 20375051  %  -    		00.000.461
20180415 20375051  %  -    	00.000.541
20180415 20375051  % DB    	Commit connection "main" in 49us
20180415 20375051  % http  	127.0.0.1 <- 200
20180415 20375051  %  -    00.000.768
20180415 20375051  &  +    runSQL?CONNECTION=main
20180415 20375051  & http  	127.0.0.1 -> POST runSQL?CONNECTION=main
20180415 20375051  & http  	CREATE INDEX IDX_REQ_MI_MODIFYUSER ON req_reqList(MI_MODIFYUSER) 
20180415 20375051  & auth  	admin/98142452
20180415 20375051  & call  	endpoint runSQL
20180415 20375051  &  +    	ubApp.TubApp(02D53EE0).DBExecute
20180415 20375051  &  +    		ubApp.TubApp(02D53EE0).TubApp.InternalDBExecute
20180415 20375051  & DB    			StartTransaction for connection "main"
20180415 20375051  & SQL   			ubDBSQLite3ThreadSafe.TubSQLite3Statement(02E08B30) CREATE INDEX IDX_REQ_MI_MODIFYUSER ON req_reqList(MI_MODIFYUSER) 
20180415 20375051  &  -    		00.000.447
20180415 20375051  &  -    	00.000.454
20180415 20375051  & DB    	Commit connection "main" in 113us
20180415 20375051  & http  	127.0.0.1 <- 200
20180415 20375051  &  -    00.000.750
20180415 20375051  '  +    runSQL?CONNECTION=main
20180415 20375051  ' http  	127.0.0.1 -> POST runSQL?CONNECTION=main
20180415 20375051  ' http  	CREATE INDEX IDX_REQ_SUBDEPART_DEPARTMENT ON req_subDepart(DEPARTMENT) 
20180415 20375051  ' auth  	admin/98142452
20180415 20375051  ' call  	endpoint runSQL
20180415 20375051  '  +    	ubApp.TubApp(02D53EE0).DBExecute
20180415 20375051  '  +    		ubApp.TubApp(02D53EE0).TubApp.InternalDBExecute
20180415 20375051  ' DB    			StartTransaction for connection "main"
20180415 20375051  ' SQL   			ubDBSQLite3ThreadSafe.TubSQLite3Statement(02E08B30) CREATE INDEX IDX_REQ_SUBDEPART_DEPARTMENT ON req_subDepart(DEPARTMENT) 
20180415 20375051  '  -    		00.000.452
20180415 20375051  '  -    	00.000.456
20180415 20375051  ' DB    	Commit connection "main" in 200us
20180415 20375051  ' http  	127.0.0.1 <- 200
20180415 20375051  '  -    00.000.813
20180415 20375058  ! info  ubApp.TubApp(02D53EE0) {   "ClientsCurrent": 1,   "ClientsMax": 1,   "Invalid": 0,   "Responses": 22,   "Modified": 11,   "IncomingBytes": 10683,   "OutcomingBytes": 167555,   "OutcomingFiles": 0,   "ServiceCalls": 22,   "ProcessTime": "1.51s"  }
