c:\UnityBase\UB.exe 4.0.0.0 (2018-02-22 16:30:16)Host=WDFN34211327A User=D071860 CPU=4*9-6-19971:FFFBCBBF8373DAFEBF6F9C0000 OS=23.0=10.0.15063 Wow64=1 Freq=2437498Environment variables=ALLUSERSPROFILE=C:\ProgramData	ANSICON=121x32766 (121x26)	ANSICON_DEF=7	APPDATA=C:\Users\D071860\AppData\Roaming	CommonProgramFiles=C:\Program Files (x86)\Common Files	CommonProgramFiles(x86)=C:\Program Files (x86)\Common Files	CommonProgramW6432=C:\Program Files\Common Files	COMPUTERNAME=WDFN34211327A	ComSpec=C:\WINDOWS\system32\cmd.exe	ConEmuANSI=ON	ConEmuAnsiLog=	ConEmuArgs=	ConEmuArgs2=	ConEmuBackHWND=0x000B026E	ConEmuBaseDir=C:\Program Files\ConEmu\ConEmu	ConEmuBaseDirShort=C:\PROGRA~1\ConEmu\ConEmu	ConEmuBuild=180411	ConEmuCfgDir=	ConEmuConfig=	ConEmuDir=C:\Program Files\ConEmu	ConEmuDrawHWND=0x00180912	ConEmuDrive=C:	ConEmuHooks=Enabled	ConEmuHWND=0x001904C6	ConEmuPalette=<ConEmu>	ConEmuPID=1208	ConEmuPrompt0=$E[m$E[32m$E]9;8;"USERNAME"$E\@$E]9;8;"COMPUTERNAME"$E\$S	ConEmuPrompt1=$E[m$E[32m$E]9;8;"USERNAME"$E\@$E]9;8;"COMPUTERNAME"$E\$S$E[92m$P$E[90m	ConEmuPrompt2=$_$E[90m$G	ConEmuPrompt3=$E[m$S$E]9;12$E\	ConEmuServerPID=20132	ConEmuTask={Shells::cmd}	ConEmuWorkDir=C:\Users\D071860	ConEmuWorkDrive=C:	DEFLOGDIR=C:\ProgramData\McAfee\Endpoint Security\Logs	HOMEDRIVE=C:	homeloc=D_WDF	HOMEPATH=\Users\D071860	KUBECONFIG=C:\Practice\kubernetes\RUSLAN-KUBECONFIG	LOCALAPPDATA=C:\Users\D071860\AppData\Local	LOGONSERVER=\\DS2WDF0004	NUMBER_OF_PROCESSORS=4	OneDrive=C:\Users\D071860\OneDrive	OS=Windows_NT	Path=C:\Program Files\ConEmu\ConEmu\Scripts;C:\Program Files\ConEmu;C:\Program Files\ConEmu\ConEmu;C:\ProgramData\Oracle\Java\javapath;C:\Program Files\Docker\Docker\Resources\bin;C:\WINDOWS\system32;C:\WINDOWS;C:\WINDOWS\System32\Wbem;C:\WINDOWS\System32\WindowsPowerShell\v1.0\;C:\Program Files\Minikube;C:\Program Files\Kubernetes;C:\Program Files (x86)\Google\Cloud SDK\google-cloud-sdk\bin;C:\Program Files\PuTTY\;C:\Program Files\nodejs\;c:\UnityBase;C:\Users\D071860\AppData\Local\Microsoft\WindowsApps;C:\Users\D071860\AppData\Roaming\npm	PATHEXT=.COM;.EXE;.BAT;.CMD;.VBS;.VBE;.JS;.JSE;.WSF;.WSH;.MSC	PROCESSOR_ARCHITECTURE=x86	PROCESSOR_ARCHITEW6432=AMD64	PROCESSOR_IDENTIFIER=Intel64 Family 6 Model 78 Stepping 3, GenuineIntel	PROCESSOR_LEVEL=6	PROCESSOR_REVISION=4e03	ProgramData=C:\ProgramData	ProgramFiles=C:\Program Files (x86)	ProgramFiles(x86)=C:\Program Files (x86)	ProgramW6432=C:\Program Files	PROMPT=$E[m$E[32m$E]9;8;"USERNAME"$E\@$E]9;8;"COMPUTERNAME"$E\$S$E[92m$P$E[90m$_$E[90m$G$E[m$S$E]9;12$E\	PSModulePath=C:\Program Files (x86)\WindowsPowerShell\Modules;C:\WINDOWS\system32\WindowsPowerShell\v1.0\Modules;C:\Program Files (x86)\Google\Cloud SDK\google-cloud-sdk\platform\PowerShell	PUBLIC=C:\Users\Public	SESSIONNAME=Console	SNC_LIB=C:\Program Files (x86)\SAP\FrontEnd\SecureLogin\lib\sapcrypto.dll	SNC_LIB_64=C:\Program Files\SAP\FrontEnd\SecureLogin\lib\sapcrypto.dll	SSF_LIBRARY_PATH=C:\Program Files (x86)\SAP\FrontEnd\SecureLogin\lib\sapcrypto.dll	SSF_LIBRARY_PATH_64=C:\Program Files\SAP\FrontEnd\SecureLogin\lib\sapcrypto.dll	SystemDrive=C:	SystemRoot=C:\WINDOWS	TEMP=C:\Users\D071860\AppData\Local\Temp	TMP=C:\Users\D071860\AppData\Local\Temp	UATDATA=C:\WINDOWS\CCM\UATData\D9F8C395-CAB8-491d-B8AC-179A1FE1BE77	UB_HOME=c:\UnityBase	USERDNSDOMAIN=GLOBAL.CORP.SAP	USERDOMAIN=GLOBAL	USERDOMAIN_ROAMINGPROFILE=GLOBAL	USERNAME=D071860	USERPROFILE=C:\Users\D071860	windir=C:\WINDOWSTubLog 1.18.3488 FTS3 2018-04-16T11:01:3520180416 11013513  ! warn  WebSocket support are disabled because WSServer.host = '' in config
20180416 11013514  !  +    ubServer.TubServer(02A0E5E8).008863DB 
20180416 11013514  !  +    	Init app
20180416 11013514  ! srvr  		FTS is disabled
20180416 11013514  ! info  		Check blob store "avatars" folder "C:\ubProject\CityPortal\avatars\": folder exists
20180416 11013514  ! info  		Check blob store "attach" folder "C:\ubProject\CityPortal\docs\attach\": folder exists
20180416 11013514  !  -    	00.000.883
20180416 11013514  !  +    	Folder C:\ubProject\CityPortal\node_modules\@unitybase\ub\ modified
20180416 11013514  !  +    		ubCommonClasses.TubThreadSafeCache(02A0CB08).removeStartsWith
20180416 11013514  !  -    		00.000.005
20180416 11013514  !  -    	00.000.010
20180416 11013514  !  +    	Folder C:\ubProject\CityPortal\node_modules\@unitybase\uba\ modified
20180416 11013514  !  +    		ubCommonClasses.TubThreadSafeCache(02A0CB08).removeStartsWith
20180416 11013514  !  -    		00.000.000
20180416 11013514  !  -    	00.000.004
20180416 11013514  !  +    	Folder C:\ubProject\CityPortal\node_modules\@unitybase\ubs\ modified
20180416 11013514  !  +    		ubCommonClasses.TubThreadSafeCache(02A0CB08).removeStartsWith
20180416 11013514  !  -    		00.000.025
20180416 11013514  !  -    	00.000.028
20180416 11013514  !  +    	Folder C:\ubProject\CityPortal\node_modules\@unitybase\ubm\ modified
20180416 11013514  !  +    		ubCommonClasses.TubThreadSafeCache(02A0CB08).removeStartsWith
20180416 11013514  !  -    		00.000.001
20180416 11013514  !  -    	00.000.009
20180416 11013514  !  +    	Folder C:\ubProject\CityPortal\_public_only_\ modified
20180416 11013514  !  +    		ubCommonClasses.TubThreadSafeCache(02A0CB08).removeStartsWith
20180416 11013514  !  -    		00.000.002
20180416 11013514  !  -    	00.000.027
20180416 11013514  !  +    	Folder C:\ubProject\CityPortal\node_modules\@unitybase\adminui-reg\ modified
20180416 11013514  !  +    		ubCommonClasses.TubThreadSafeCache(02A0CB08).removeStartsWith
20180416 11013514  !  -    		00.000.000
20180416 11013514  !  -    	00.000.005
20180416 11013514  !  +    	Folder C:\ubProject\CityPortal\models\requests\ modified
20180416 11013514  !  +    		ubCommonClasses.TubThreadSafeCache(02A0CB08).removeStartsWith
20180416 11013514  !  -    		00.000.000
20180416 11013514  !  -    	00.000.003
20180416 11013514  !  +    	ubApp.TubApp(02973EE0).init
20180416 11013514  ! srvr  		Mime converters are disabled
20180416 11013514  !  -    	00.000.003
20180416 11013514  ! srvr  	Enable zip compresison
20180416 11013514  ! srvr  	Send initialization request to http://localhost:888/init
20180416 11013515  "  +    InitializationRequest
20180416 11013515  "  +    	init
20180416 11013515  " srvr  		Start application intialization...
20180416 11013515  " info  		Loading domain...
20180416 11013515  " info  		Loading model "UB" from "C:\ubProject\CityPortal\node_modules\@unitybase\ub\"
20180416 11013515  " info  		Loading model "UBA" from "C:\ubProject\CityPortal\node_modules\@unitybase\uba\"
20180416 11013516  " info  		Loading model "UBS" from "C:\ubProject\CityPortal\node_modules\@unitybase\ubs\"
20180416 11013517  " info  		Loading model "UBM" from "C:\ubProject\CityPortal\node_modules\@unitybase\ubm\"
20180416 11013517  " info  		Loading model "adminui-reg" from "C:\ubProject\CityPortal\node_modules\@unitybase\adminui-reg\"
20180416 11013517  " info  		Loading model "RequestList" from "C:\ubProject\CityPortal\models\requests\"
20180416 11013518  "  +    		ubApp.TubDataStore(042741B8).Init
20180416 11013518  "  +    			ubApp.TubApp(02973EE0).DBExecute
20180416 11013518  "  +    				ubApp.TubApp(02973EE0).TubApp.InternalDBExecute
20180416 11013518  "  +    					00856EC2 
20180416 11013518  "  -    					00.008.963
20180416 11013518  " SQL   					ubDBSQLite3ThreadSafe.TubSQLite3Statement(02A26EB0) PRAGMA foreign_keys = ON
20180416 11013518  " SQL   					ubDBSQLite3ThreadSafe.TubSQLite3Statement(02A268B0) SELECT A01.ID,A01.entity,A01.state,A01.attribute,A01.roleName,A01.actions  FROM uba_als A01  ORDER BY A01.entity ASC
20180416 11013518  "  -    				00.009.133
20180416 11013518  "  -    			00.009.172
20180416 11013518  " debug 			Query result for entity "uba_als" into data name "": row count=0
20180416 11013518  "  -    		00.009.202
20180416 11013518  " srvr  		The domain loaded successfully with 0 entities
20180416 11013518  " debug 		Create new JavaScript Engine for thread 66872
20180416 11013533  "  +    		008C234A 
20180416 11013533  "  +    			ubApp.TubDataStore(0570A7F8).Init
20180416 11013533  "  +    				ubApp.TubApp(02973EE0).DBExecute
20180416 11013533  "  +    					ubApp.TubApp(02973EE0).TubApp.InternalDBExecute
20180416 11013533  " SQL   						ubDBSQLite3ThreadSafe.TubSQLite3Statement(02A27210) SELECT A01.ID,A01.name,A01.sessionTimeout,A01.allowedAppMethods  FROM uba_role A01 
20180416 11013533  "  -    					00.000.056
20180416 11013533  "  -    				00.000.151
20180416 11013533  " debug 				Query result for entity "uba_role" into data name "": row count=9
20180416 11013533  "  -    			00.000.165
20180416 11013533  "  +    			ubApp.TubDataStore(0570A870).Init
20180416 11013533  "  +    				ubApp.TubApp(02973EE0).DBExecute
20180416 11013533  "  +    					ubApp.TubApp(02973EE0).TubApp.InternalDBExecute
20180416 11013533  " SQL   						ubDBSQLite3ThreadSafe.TubSQLite3Statement(02A271B0) SELECT A01.ID,A01.entityMask,A01.methodMask,A01.ruleType,A01.ruleRole,A01.disabled,A01.code  FROM uba_els A01 
20180416 11013533  "  -    					00.000.041
20180416 11013533  "  -    				00.000.206
20180416 11013533  " debug 				Query result for entity "uba_els" into data name "": row count=88
20180416 11013533  "  -    			00.000.242
20180416 11013533  "  -    		00.002.431
20180416 11013533  " auth  		New session admin/149968691 created at 127.0.0.1/-216172771913235656 using Mozilla/5.0 (Windows; mORMot 1.18 TWinHTTP)
20180416 11013533  " auth  		New session anonymous/149968690 created at 127.0.0.1/-216172771913235656 using Mozilla/5.0 (Windows; mORMot 1.18 TWinHTTP)
20180416 11013533  "  +    		ubApp.TubDataStore(0570A9D8).Init
20180416 11013533  "  +    			ubApp.TubApp(02973EE0).DBExecute
20180416 11013533  "  +    				ubApp.TubApp(02973EE0).TubApp.InternalDBExecute
20180416 11013533  " debug 					P1: String(34)	UBA.passwordPolicy.maxDurationDays
20180416 11013533  " SQL   					ubDBSQLite3ThreadSafe.TubSQLite3Statement(02A272D0) select settingValue from ubs_settings where settingKey =?
20180416 11013533  "  -    				00.000.038
20180416 11013533  "  -    			00.000.107
20180416 11013533  " debug 			Query result for entity "ubs_settings" into data name "": row count=1
20180416 11013533  "  -    		00.000.115
20180416 11013533  "  +    		ubApp.TubDataStore(0570A9D8).Init
20180416 11013533  "  +    			ubApp.TubApp(02973EE0).DBExecute
20180416 11013533  "  +    				ubApp.TubApp(02973EE0).TubApp.InternalDBExecute
20180416 11013533  " debug 					P1: String(37)	UBA.passwordPolicy.maxInvalidAttempts
20180416 11013533  " SQL   					ubDBSQLite3ThreadSafe.TubSQLite3Statement(02A272D0) select settingValue from ubs_settings where settingKey =?
20180416 11013533  "  -    				00.000.006
20180416 11013533  "  -    			00.000.020
20180416 11013533  " debug 			Query result for entity "ubs_settings" into data name "": row count=1
20180416 11013533  "  -    		00.000.025
20180416 11013533  "  -    	00.283.167
20180416 11013533  "  -    00.283.181
20180416 11013533  ! srvr  	ubServer.TubServer(02A0E5E8) {"THttpApiServer(0293A990)":{"Cloned":false,"RegisteredUrl":"http://+:888/","HTTPQueueLength":1000,"MaxBandwidth":-1,"MaxConnections":-1,"APIVersion":"HTTP API 2.0","ServerName":"UnityBase","ProcessName":""}} initialized
20180416 11013533  !  -    00.308.783
20180416 11013940  "  +    ubql
20180416 11013940  " http  	127.0.0.1 -> POST ubql
20180416 11013940  " http  	[{"fieldList":["model","report_code","name","template","code","ID","mi_modifyDate"],"entity":"ubs_report","method":"update","alsNeed":false,"execParams":{"code":"{\"store\":\"mdb\",\"fName\":\"Reqlist_HD_month.js\",\"origName\":\"Reqlist_HD_month.js\",\"relPath\":\"\",\"ct\":\"application/javascript\",\"size\":1443,\"md5\":\"6450333f75e1217d516da7f6348f4a2a\",\"revision\":1,\"isDirty\":true}","ID":1322283145,"mi_modifyDate":"2018-04-16T12:59:57.000Z"}}]
20180416 11013940  " http  	<- 401
20180416 11013940  "  -    00.000.125
20180416 11014025  #  +    auth?AUTHTYPE=UB&userName=admin
20180416 11014025  # http  	127.0.0.1 -> POST auth?AUTHTYPE=UB&userName=admin
20180416 11014025  # debug 	Create new JavaScript Engine for thread 66728
20180416 11014039  # call  	endpoint auth
20180416 11014039  # http  	127.0.0.1 <- 200
20180416 11014039  #  -    00.219.649
20180416 11014039  $  +    auth?AUTHTYPE=UB&clientNonce=c6197c82cd72671d882a8bf94e4e39aaed108997d596f58bcdd2858b5e55c8a1&password=d19edc620b735a527483268cf20c6fc43024259a438f60547f089c2dfb18a7dc&userName=admin
20180416 11014039  $ http  	127.0.0.1 -> POST auth?AUTHTYPE=UB&clientNonce=c6197c82cd72671d882a8bf94e4e39aaed108997d596f58bcdd2858b5e55c8a1&password=d19edc620b735a527483268cf20c6fc43024259a438f60547f089c2dfb18a7dc&userName=admin
20180416 11014039  $ debug 	Create new JavaScript Engine for thread 65332
20180416 11014054  $ call  	endpoint auth
20180416 11014054  $  +    	ubApp.TubDataStore(0570FC80).Init
20180416 11014054  $  +    		ubApp.TubApp(02973EE0).DBExecute
20180416 11014054  $  +    			ubApp.TubApp(02973EE0).TubApp.InternalDBExecute
20180416 11014054  $  +    				00856EC2 
20180416 11014054  $  -    				00.003.532
20180416 11014054  $ SQL   				ubDBSQLite3ThreadSafe.TubSQLite3Statement(02A28050) PRAGMA foreign_keys = ON
20180416 11014054  $ debug 				P1: String(5)	admin
20180416 11014054  $ SQL   				ubDBSQLite3ThreadSafe.TubSQLite3Statement(02A279F0) select id, name, uPasswordHashHexa, uData, isPending, trustedIP from UBA_USER where name=? and disabled=0
20180416 11014054  $  -    			00.003.584
20180416 11014054  $  -    		00.003.650
20180416 11014054  $ debug 		Query result for entity "uba_user" into data name "": row count=1
20180416 11014054  $  -    	00.003.673
20180416 11014054  $  +    	ubApp.TubDataStore(0570FC80).Init
20180416 11014054  $  +    		ubApp.TubApp(02973EE0).DBExecute
20180416 11014054  $  +    			ubApp.TubApp(02973EE0).TubApp.InternalDBExecute
20180416 11014054  $ debug 				P1: Int64		10
20180416 11014054  $ SQL   				ubDBSQLite3ThreadSafe.TubSQLite3Statement(02A28050) SELECT lastPasswordChangeDate FROM uba_user WHERE id=?
20180416 11014054  $  -    			00.000.018
20180416 11014054  $  -    		00.000.041
20180416 11014054  $ debug 		Query result for entity "uba_user" into data name "__expireDate": row count=1
20180416 11014054  $  -    	00.000.049
20180416 11014054  $  +    	ubApp.TubDataStore(056F18D0).Init
20180416 11014054  $  +    		ubApp.TubApp(02973EE0).DBExecute
20180416 11014054  $  +    			ubApp.TubApp(02973EE0).TubApp.InternalDBExecute
20180416 11014054  $ debug 				P1: Int64		10
20180416 11014054  $ SQL   				ubDBSQLite3ThreadSafe.TubSQLite3Statement(02A28110) SELECT A01.roleID,A02.name,A02.description  FROM uba_userrole A01  INNER JOIN uba_role A02 ON A02.ID=A01.roleID  WHERE A01.userID=?
20180416 11014054  $  -    			00.000.037
20180416 11014054  $  -    		00.000.080
20180416 11014054  $ debug 		Query result for entity "uba_userrole" into data name "": row count=1
20180416 11014054  $  -    	00.000.086
20180416 11014054  $ auth  	New session admin/149968845 created at 127.0.0.1/-72057583837380020 using Mozilla/5.0 (Windows NT 10.0; Win64; x64) AppleWebKit/537.36 (KHTML, like Gecko) Chrome/65.0.3325.181 Safari/537.36
20180416 11014054  $  +    	ubMixinClasses.TubStorageMixin(029C42C0).MixinMethod
20180416 11014054  $ debug 		uba_user.select(TubStorageMixin)
20180416 11014054  $  +    		ubApp.TubDataStore(056F18D0).Init
20180416 11014054  $  +    			ubApp.TubApp(02973EE0).DBExecute
20180416 11014054  $  +    				ubApp.TubApp(02973EE0).TubApp.InternalDBExecute
20180416 11014054  $ debug 					P1: Int64		10
20180416 11014054  $ SQL   					ubDBSQLite3ThreadSafe.TubSQLite3Statement(02A28230) SELECT A01.name  FROM uba_user A01  WHERE A01.ID=?
20180416 11014054  $  -    				00.000.143
20180416 11014054  $  -    			00.000.176
20180416 11014054  $ debug 			Query result for entity "uba_user" into data name "": row count=1
20180416 11014054  $  -    		00.000.185
20180416 11014054  $  -    	00.000.256
20180416 11014057  $  +    	ubMixinClasses.TubStorageMixin(029C42C0).MixinMethod
20180416 11014057  $ debug 		uba_advSecurity.select(TubStorageMixin)
20180416 11014057  $  +    		ubApp.TubDataStore(056F18D0).Init
20180416 11014057  $  +    			ubApp.TubApp(02973EE0).DBExecute
20180416 11014057  $  +    				ubApp.TubApp(02973EE0).TubApp.InternalDBExecute
20180416 11014057  $ debug 					P1: Int64		10
20180416 11014057  $ SQL   					ubDBSQLite3ThreadSafe.TubSQLite3Statement(02A28290) SELECT A01.ID,A01.allowedIP,A01.refreshIP,A01.fp,A01.refreshFp,A01.keyMediaName,A01.refreshKeyMedia,A01.mi_modifyDate  FROM uba_advSecurity A01  WHERE A01.userID=?
20180416 11014057  $  -    				00.000.070
20180416 11014057  $  -    			00.000.139
20180416 11014057  $ debug 			Query result for entity "uba_advSecurity" into data name "": row count=0
20180416 11014057  $  -    		00.000.150
20180416 11014057  $  -    	00.000.249
20180416 11014057  $  +    	ubMixinClasses.TubStorageMixin(029C42C0).MixinMethod
20180416 11014057  $ debug 		uba_userrole.select(TubStorageMixin)
20180416 11014057  $  +    		ubApp.TubDataStore(056F18D0).Init
20180416 11014057  $  +    			ubApp.TubApp(02973EE0).DBExecute
20180416 11014057  $  +    				ubApp.TubApp(02973EE0).TubApp.InternalDBExecute
20180416 11014057  $ debug 					P1: Int64		10
20180416 11014057  $ SQL   					ubDBSQLite3ThreadSafe.TubSQLite3Statement(02A282F0) SELECT A01.ID,A02.name,A01.roleID  FROM uba_userrole A01  INNER JOIN uba_role A02 ON A02.ID=A01.roleID  WHERE A01.userID=?
20180416 11014057  $  -    				00.000.058
20180416 11014057  $  -    			00.000.128
20180416 11014057  $ debug 			Query result for entity "uba_userrole" into data name "": row count=1
20180416 11014057  $  -    		00.000.137
20180416 11014057  $  -    	00.000.213
20180416 11014057  $  +    	ubMixinClasses.TubStorageMixin(029C42C0).MixinMethod
20180416 11014057  $ debug 		uba_audit.beforeinsert(TubStorageMixin)
20180416 11014057  $  -    	00.000.009
20180416 11014057  $  +    	ubMixinClasses.TubStorageMixin(029C42C0).MixinMethod
20180416 11014057  $ debug 		uba_audit.insert(TubStorageMixin)
20180416 11014057  $  +    		ubApp.TubDataStore(0570FA78).TubDataStore.ExecuteInsertFromList
20180416 11014057  $  +    			ubApp.TubDataStore(0570FA78).TubDataStore.ExecuteInsertFromSQL
20180416 11014057  $  +    				ubApp.TubApp(02973EE0).DBExecute
20180416 11014057  $  +    					ubApp.TubApp(02973EE0).TubApp.InternalDBExecute
20180416 11014057  $ debug 						P1: String(8)	uba_user
20180416 11014057  $ debug 						P2: Int64		10
20180416 11014057  $ debug 						P3: String(5)	LOGIN
20180416 11014057  $ debug 						P4: Int64		10
20180416 11014057  $ debug 						P5: DateTime	2018-04-16T11:01:40
20180416 11014057  $ debug 						P6: String(9)	127.0.0.1
20180416 11014057  $ debug 						P7: String(5)	admin
20180416 11014057  $ debug 						P8: String(0)	
20180416 11014057  $ debug 						P9: Int64		335793680449537
20180416 11014057  $ debug 						P10: String(556..)	Connection: keep-alive  Content-Length: 0  Accept: application/json, text/plain, */*  Accept-Encodin...
20180416 11014057  $ DB    						StartTransaction for connection "main"
20180416 11014057  $ SQL   						ubDBSQLite3ThreadSafe.TubSQLite3Statement(02A283B0) INSERT INTO uba_audit (entity,entityinfo_id,actionType,actionUser,actionTime,remoteIP,targetUser,targetRole,ID,fromValue) VALUES (?,?,?,?,?,?,?,?,?,?)
20180416 11014057  $  -    					00.000.251
20180416 11014057  $  -    				00.000.254
20180416 11014057  $  -    			00.000.476
20180416 11014057  $  -    		00.000.489
20180416 11014057  $  -    	00.000.494
20180416 11014057  $  +    	ubMixinClasses.TubStorageMixin(029C42C0).MixinMethod
20180416 11014057  $ debug 		uba_audit.afterinsert(TubStorageMixin)
20180416 11014057  $  -    	00.000.046
20180416 11014057  $ DB    	Commit connection "main"
20180416 11014057  $ http  	127.0.0.1 <- 200
20180416 11014057  $  -    00.274.342
20180416 11014057  %  +    ubql
20180416 11014057  % http  	127.0.0.1 -> POST ubql
20180416 11014057  % http  	[{"fieldList":["model","report_code","name","template","code","ID","mi_modifyDate"],"entity":"ubs_report","method":"update","alsNeed":false,"execParams":{"code":"{\"store\":\"mdb\",\"fName\":\"Reqlist_HD_month.js\",\"origName\":\"Reqlist_HD_month.js\",\"relPath\":\"\",\"ct\":\"application/javascript\",\"size\":1443,\"md5\":\"6450333f75e1217d516da7f6348f4a2a\",\"revision\":1,\"isDirty\":true}","ID":1322283145,"mi_modifyDate":"2018-04-16T12:59:57.000Z"}}]
20180416 11014057  % debug 	Create new JavaScript Engine for thread 66900
20180416 11014108  % auth  	admin/149968845
20180416 11014108  % call  	endpoint ubql
20180416 11014108  %  +    	ubMixinClasses.TubStorageMixin(029C42C0).MixinMethod
20180416 11014108  % debug 		ubs_report.beforeupdate(TubStorageMixin)
20180416 11014111  %  -    	00.049.681
20180416 11014113  %  +    	ubMixinClasses.TubStorageMixin(029C42C0).MixinMethod
20180416 11014113  % debug 		ubs_report.afterupdate(TubStorageMixin)
20180416 11014113  %  -    	00.008.964
20180416 11014113  %  +    	ubMixinClasses.TubAuditMixin(029C4F70).MixinMethod
20180416 11014113  % debug 		ubs_report.afterupdate(TubAuditMixin)
20180416 11014113  %  +    		ubApp.TubDataStore(06CE4B18).TubDataStore.ExecuteInsertFromSQL
20180416 11014113  %  +    			ubApp.TubApp(02973EE0).DBExecute
20180416 11014113  %  +    				ubApp.TubApp(02973EE0).TubApp.InternalDBExecute
20180416 11014113  %  +    					00856EC2 
20180416 11014113  %  -    					00.003.156
20180416 11014113  % SQL   					ubDBSQLite3ThreadSafe.TubSQLite3Statement(02A28D70) PRAGMA foreign_keys = ON
20180416 11014113  % debug 					P1: Int64		335793680482305
20180416 11014113  % debug 					P2: String(10)	ubs_report
20180416 11014113  % debug 					P3: Int64		1322283145
20180416 11014113  % debug 					P4: String(6)	UPDATE
20180416 11014113  % debug 					P5: Int64		10
20180416 11014113  % debug 					P6: DateTime	2018-04-16T11:01:40
20180416 11014113  % debug 					P7: String(9)	127.0.0.1
20180416 11014113  % debug 					P8: Int64		1322283145
20180416 11014113  % debug 					P9: String(1)	]
20180416 11014113  % debug 					P10: String(298..)	{"code":"{\"store\":\"mdb\",\"fName\":\"Reqlist_HD_month.js\",\"origName\":\"Reqlist_HD_month.js\",\...
20180416 11014113  % DB    					StartTransaction for connection "main"
20180416 11014113  % SQL   					ubDBSQLite3ThreadSafe.TubSQLite3Statement(02A28710) INSERT INTO uba_auditTrail (ID,entity,entityinfo_id,actionType,actionUser,actionTime,remoteIP,parentEntityInfo_id,fromValue,toValue) VALUES (?,?,?,?,?,?,?,?,?,?)
20180416 11014113  %  -    				00.003.320
20180416 11014113  %  -    			00.003.323
20180416 11014113  %  -    		00.003.432
20180416 11014113  %  -    	00.003.483
20180416 11014113  % DB    	Commit connection "main" in 96us
20180416 11014113  % http  	127.0.0.1 <- 200
20180416 11014113  %  -    00.301.429
20180416 11014117  &  +    getDocument?entity=ubs_report&attribute=template&ID=1322283145&origName=Reqlist_HD_month.template&filename=ubs_report1322283145template&_dc=1523876501226
20180416 11014117  & http  	127.0.0.1 -> GET getDocument?entity=ubs_report&attribute=template&ID=1322283145&origName=Reqlist_HD_month.template&filename=ubs_report1322283145template&_dc=1523876501226
20180416 11014117  & debug 	Create new JavaScript Engine for thread 67164
20180416 11014117  '  +    getDocument?entity=ubs_report&attribute=code&ID=1322283145&origName=Reqlist_HD_month.js&filename=ubs_report1322283145code&_dc=1523876501230
20180416 11014117  ' http  	127.0.0.1 -> GET getDocument?entity=ubs_report&attribute=code&ID=1322283145&origName=Reqlist_HD_month.js&filename=ubs_report1322283145code&_dc=1523876501230
20180416 11014120  ' debug 	Create new JavaScript Engine for thread 64808
20180416 11014133  & auth  	admin/149968845
20180416 11014133  & call  	endpoint getDocument
20180416 11014136  ' auth  	admin/149968845
20180416 11014136  ' call  	endpoint getDocument
20180416 11014137  & http  	127.0.0.1 <- 200
20180416 11014137  &  -    00.322.681
20180416 11014140  ' http  	127.0.0.1 <- 200
20180416 11014140  '  -    00.360.326
20180416 11014917  (  +    setDocument?ID=1322283145&attribute=code&entity=ubs_report&filename=Reqlist_HD_month.js
20180416 11014917  ( http  	127.0.0.1 -> POST setDocument?ID=1322283145&attribute=code&entity=ubs_report&filename=Reqlist_HD_month.js
20180416 11014917  ( http  	!BIN(1449)
20180416 11014917  ( debug 	Create new JavaScript Engine for thread 52800
20180416 11014931  ( auth  	admin/149968845
20180416 11014931  ( call  	endpoint setDocument
20180416 11014931  ( http  	127.0.0.1 <- 200
20180416 11014931  (  -    00.228.825
20180416 11014931  )  +    ubql
20180416 11014931  ) http  	127.0.0.1 -> POST ubql
20180416 11014931  ) http  	[{"fieldList":["model","report_code","name","template","code","ID","mi_modifyDate"],"entity":"ubs_report","method":"update","alsNeed":false,"execParams":{"code":"{\"store\":\"mdb\",\"fName\":\"Reqlist_HD_month.js\",\"origName\":\"Reqlist_HD_month.js\",\"relPath\":\"\",\"ct\":\"application/javascript\",\"size\":1449,\"md5\":\"9617da5dd04d0458a1da5b3ca0ddb57f\",\"revision\":1,\"isDirty\":true}","ID":1322283145,"mi_modifyDate":"2018-04-16T13:01:41.000Z"}}]
20180416 11014931  ) debug 	Create new JavaScript Engine for thread 68476
20180416 11014945  ) auth  	admin/149968845
20180416 11014945  ) call  	endpoint ubql
20180416 11014945  )  +    	ubMixinClasses.TubStorageMixin(029C42C0).MixinMethod
20180416 11014945  ) debug 		ubs_report.beforeupdate(TubStorageMixin)
20180416 11014948  )  -    	00.054.381
20180416 11014950  )  +    	ubMixinClasses.TubStorageMixin(029C42C0).MixinMethod
20180416 11014950  ) debug 		ubs_report.afterupdate(TubStorageMixin)
20180416 11014950  )  -    	00.010.582
20180416 11014950  )  +    	ubMixinClasses.TubAuditMixin(029C4F70).MixinMethod
20180416 11014950  ) debug 		ubs_report.afterupdate(TubAuditMixin)
20180416 11014950  )  +    		ubApp.TubDataStore(06C5A3B8).TubDataStore.ExecuteInsertFromSQL
20180416 11014950  )  +    			ubApp.TubApp(02973EE0).DBExecute
20180416 11014950  )  +    				ubApp.TubApp(02973EE0).TubApp.InternalDBExecute
20180416 11014950  )  +    					00856EC2 
20180416 11014950  )  -    					00.003.125
20180416 11014950  ) SQL   					ubDBSQLite3ThreadSafe.TubSQLite3Statement(02A2A090) PRAGMA foreign_keys = ON
20180416 11014950  ) debug 					P1: Int64		335793681596417
20180416 11014950  ) debug 					P2: String(10)	ubs_report
20180416 11014950  ) debug 					P3: Int64		1322283145
20180416 11014950  ) debug 					P4: String(6)	UPDATE
20180416 11014950  ) debug 					P5: Int64		10
20180416 11014950  ) debug 					P6: DateTime	2018-04-16T11:01:49
20180416 11014950  ) debug 					P7: String(9)	127.0.0.1
20180416 11014950  ) debug 					P8: Int64		1322283145
20180416 11014950  ) debug 					P9: String(1)	]
20180416 11014950  ) debug 					P10: String(298..)	{"code":"{\"store\":\"mdb\",\"fName\":\"Reqlist_HD_month.js\",\"origName\":\"Reqlist_HD_month.js\",\...
20180416 11014950  ) DB    					StartTransaction for connection "main"
20180416 11014950  ) SQL   					ubDBSQLite3ThreadSafe.TubSQLite3Statement(02A29A30) INSERT INTO uba_auditTrail (ID,entity,entityinfo_id,actionType,actionUser,actionTime,remoteIP,parentEntityInfo_id,fromValue,toValue) VALUES (?,?,?,?,?,?,?,?,?,?)
20180416 11014950  )  -    				00.003.315
20180416 11014950  )  -    			00.003.318
20180416 11014950  )  -    		00.003.448
20180416 11014950  )  -    	00.003.496
20180416 11014950  ) DB    	Commit connection "main" in 87us
20180416 11014950  ) http  	127.0.0.1 <- 200
20180416 11014950  )  -    00.305.814
20180416 11014954  "  +    getDocument?entity=ubs_report&attribute=template&ID=1322283145&origName=Reqlist_HD_month.template&filename=ubs_report1322283145template&_dc=1523876509821
20180416 11014954  " http  	127.0.0.1 -> GET getDocument?entity=ubs_report&attribute=template&ID=1322283145&origName=Reqlist_HD_month.template&filename=ubs_report1322283145template&_dc=1523876509821
20180416 11014954  " auth  	admin/149968845
20180416 11014954  " call  	endpoint getDocument
20180416 11014954  #  +    getDocument?entity=ubs_report&attribute=code&ID=1322283145&origName=Reqlist_HD_month.js&filename=ubs_report1322283145code&_dc=1523876509824
20180416 11014954  # http  	127.0.0.1 -> GET getDocument?entity=ubs_report&attribute=code&ID=1322283145&origName=Reqlist_HD_month.js&filename=ubs_report1322283145code&_dc=1523876509824
20180416 11014954  # auth  	admin/149968845
20180416 11014954  # call  	endpoint getDocument
20180416 11014960  # http  	127.0.0.1 <- 200
20180416 11014960  #  -    00.096.616
20180416 11014962  " http  	127.0.0.1 <- 200
20180416 11014962  "  -    00.121.751
20180416 11015109  $  +    ubql
20180416 11015109  $ http  	127.0.0.1 -> POST ubql
20180416 11015109  $ http  	[{"entity":"ubs_report","method":"select","fieldList":["ID","report_code","name","template","code","model"],"version":"-1"}]
20180416 11015109  $ auth  	admin/149968845
20180416 11015109  $ call  	endpoint ubql
20180416 11015111  $ http  	127.0.0.1 <- 200
20180416 11015111  $  -    00.021.478
20180416 11015111  %  +    getDocument?entity=ubs_report&attribute=template&ID=1322283145&origName=Reqlist_HD_month.template&dtrPrm=1523876511180
20180416 11015111  % http  	127.0.0.1 -> GET getDocument?entity=ubs_report&attribute=template&ID=1322283145&origName=Reqlist_HD_month.template&dtrPrm=1523876511180
20180416 11015111  % auth  	admin/149968845
20180416 11015111  % call  	endpoint getDocument
20180416 11015111  &  +    getDocument?entity=ubs_report&attribute=code&ID=1322283145&origName=Reqlist_HD_month.js&dtrPrm=1523876511181
20180416 11015111  & http  	127.0.0.1 -> GET getDocument?entity=ubs_report&attribute=code&ID=1322283145&origName=Reqlist_HD_month.js&dtrPrm=1523876511181
20180416 11015111  & auth  	admin/149968845
20180416 11015111  & call  	endpoint getDocument
20180416 11015111  % http  	127.0.0.1 <- 200
20180416 11015111  %  -    00.003.115
20180416 11015112  & http  	127.0.0.1 <- 200
20180416 11015112  &  -    00.011.573
20180416 11015116  '  +    ubql
20180416 11015116  ' http  	127.0.0.1 -> POST ubql
20180416 11015116  ' http  	[{"entity":"req_reqList","method":"select","fieldList":["reqDate","applicantInfo","reqText","answer","status"]}]
20180416 11015116  ' auth  	admin/149968845
20180416 11015116  ' call  	endpoint ubql
20180416 11015116  '  +    	ubMixinClasses.TubDataHistoryMixin(029C4CD0).MixinMethod
20180416 11015116  ' debug 		req_reqList.select(TubDataHistoryMixin)
20180416 11015116  '  -    	00.000.011
20180416 11015116  '  +    	ubMixinClasses.TubRLSMixin(029C4E20).MixinMethod
20180416 11015116  ' debug 		req_reqList.select(TubRLSMixin)
20180416 11015116  ' debug 		Prepare RLS expression for req_reqList
20180416 11015116  '  -    	00.000.281
20180416 11015116  '  +    	ubMixinClasses.TubStorageMixin(029C42C0).MixinMethod
20180416 11015116  ' debug 		req_reqList.select(TubStorageMixin)
20180416 11015116  '  +    		ubApp.TubDataStore(06C5C528).Init
20180416 11015116  '  +    			ubApp.TubApp(02973EE0).DBExecute
20180416 11015116  '  +    				ubApp.TubApp(02973EE0).TubApp.InternalDBExecute
20180416 11015116  '  +    					00856EC2 
20180416 11015117  '  -    					00.010.928
20180416 11015117  ' SQL   					ubDBSQLite3ThreadSafe.TubSQLite3Statement(02A2A750) PRAGMA foreign_keys = ON
20180416 11015117  ' debug 					P1: DateTime	2018-04-16T11:01:51
20180416 11015117  ' debug 					P2: Int64		10
20180416 11015117  ' SQL   					ubDBSQLite3ThreadSafe.TubSQLite3Statement(02A2A0F0) SELECT A01.reqDate,A01.applicantInfo,A01.reqText,A01.answer,A01.status  FROM req_reqList A01  INNER JOIN req_depart A02 ON A02.ID=A01.department  WHERE (? BETWEEN A01.mi_dateFrom AND A01.mi_dateTo) AND (( A01.mi_owner = ? ) OR A02.roleInSystem in (0,3,1))
20180416 11015117  '  -    				00.011.163
20180416 11015117  '  -    			00.011.333
20180416 11015117  ' debug 			Query result for entity "req_reqList" into data name "": row count=5
20180416 11015117  '  -    		00.011.362
20180416 11015117  '  -    	00.011.548
20180416 11015117  '  +    	ubMixinClasses.TubSoftLockMixin(029C50C0).MixinMethod
20180416 11015117  ' debug 		req_reqList.select(TubSoftLockMixin)
20180416 11015117  '  -    	00.000.046
20180416 11015117  ' http  	127.0.0.1 <- 200
20180416 11015117  '  -    00.012.448
20180416 11015123  (  +    clientRequire/tinymce//skins/lightgray/content.min.css
20180416 11015123  ( http  	127.0.0.1 -> GET clientRequire/tinymce//skins/lightgray/content.min.css
20180416 11015123  ( call  	endpoint clientRequire
20180416 11015123  ( info  	Call clientRequire 
20180416 11015128  ( http  	127.0.0.1 <- 200
20180416 11015128  (  -    00.084.331
20180416 11015130  )  +    models/adminui-pub/css/print-report.css
20180416 11015130  ) http  	127.0.0.1 -> GET models/adminui-pub/css/print-report.css
20180416 11015130  ) call  	endpoint models
20180416 11015130  #  +    models/adminui-pub/css/print-portrait.css
20180416 11015130  # http  	127.0.0.1 -> GET models/adminui-pub/css/print-portrait.css
20180416 11015130  # call  	endpoint models
20180416 11015130  # http  	127.0.0.1 <- 200
20180416 11015130  #  -    00.002.177
20180416 11015130  ) http  	127.0.0.1 <- 200
20180416 11015130  )  -    00.003.307
20180416 11020816  "  +    models/adminui-pub/themes/UBGrayTheme/images/menu/scroll-bottom.png
20180416 11020816  " http  	127.0.0.1 -> GET models/adminui-pub/themes/UBGrayTheme/images/menu/scroll-bottom.png
20180416 11020816  " call  	endpoint models
20180416 11020816  $  +    models/adminui-pub/themes/UBGrayTheme/images/menu/scroll-top.png
20180416 11020816  $ http  	127.0.0.1 -> GET models/adminui-pub/themes/UBGrayTheme/images/menu/scroll-top.png
20180416 11020816  $ call  	endpoint models
20180416 11020816  $ http  	127.0.0.1 <- 200
20180416 11020816  $  -    00.001.246
20180416 11020816  " http  	127.0.0.1 <- 200
20180416 11020816  "  -    00.002.011
20180416 11022359  %  +    getDocument?entity=ubs_report&attribute=template&ID=1322283145&origName=Reqlist_HD_month.template&dtrPrm=1523876543948
20180416 11022359  % http  	127.0.0.1 -> GET getDocument?entity=ubs_report&attribute=template&ID=1322283145&origName=Reqlist_HD_month.template&dtrPrm=1523876543948
20180416 11022359  % auth  	admin/149968845
20180416 11022359  % call  	endpoint getDocument
20180416 11022359  &  +    getDocument?entity=ubs_report&attribute=code&ID=1322283145&origName=Reqlist_HD_month.js&dtrPrm=1523876543948
20180416 11022359  & http  	127.0.0.1 -> GET getDocument?entity=ubs_report&attribute=code&ID=1322283145&origName=Reqlist_HD_month.js&dtrPrm=1523876543948
20180416 11022359  & auth  	admin/149968845
20180416 11022359  & call  	endpoint getDocument
20180416 11022359  % http  	127.0.0.1 <- 200
20180416 11022359  %  -    00.002.923
20180416 11022359  & http  	127.0.0.1 <- 200
20180416 11022359  &  -    00.002.918
20180416 11023840  '  +    logout
20180416 11023840  ' http  	127.0.0.1 -> POST logout
20180416 11023840  ' http  	{}
20180416 11023840  ' auth  	admin/149968845
20180416 11023840  ' call  	endpoint logout
20180416 11023840  ' auth  	Session closed admin/149968845/127.0.0.1
20180416 11023840  ' http  	127.0.0.1 <- 200
20180416 11023840  '  -    00.000.925
20180416 11023840  (  +    adm
20180416 11023840  ( http  	127.0.0.1 -> GET adm
20180416 11023840  ( call  	endpoint adm
20180416 11023841  (  +    	ubApp.TubApp(02973EE0).008CA69A 
20180416 11023841  ( debug 		FOLDER_CHECKSUM: calc folder checksum C:\ubProject\CityPortal\node_modules\@unitybase\ub\public\
20180416 11023841  ( debug 		FOLDER_CHECKSUM: put folder checksum 00157f1fae1f03ef6a703e934be7d698 to UB_STATIC.checkSum_C:\ubProject\CityPortal\node_modules\@unitybase\ub\public\
20180416 11023841  (  -    	00.005.317
20180416 11023841  (  +    	ubApp.TubApp(02973EE0).008CA69A 
20180416 11023841  ( debug 		FOLDER_CHECKSUM: calc folder checksum C:\ubProject\CityPortal\node_modules\@unitybase\uba\public\
20180416 11023842  ( debug 		FOLDER_CHECKSUM: put folder checksum a32940308a4662e5435a97adb22e235d to UB_STATIC.checkSum_C:\ubProject\CityPortal\node_modules\@unitybase\uba\public\
20180416 11023842  (  -    	00.005.466
20180416 11023842  (  +    	ubApp.TubApp(02973EE0).008CA69A 
20180416 11023842  ( debug 		FOLDER_CHECKSUM: calc folder checksum C:\ubProject\CityPortal\node_modules\@unitybase\ubs\public\
20180416 11023842  ( debug 		FOLDER_CHECKSUM: put folder checksum 9445d97a463c8080c044f9f7cf6ef346 to UB_STATIC.checkSum_C:\ubProject\CityPortal\node_modules\@unitybase\ubs\public\
20180416 11023842  (  -    	00.012.418
20180416 11023842  (  +    	ubApp.TubApp(02973EE0).008CA69A 
20180416 11023842  ( debug 		FOLDER_CHECKSUM: calc folder checksum C:\ubProject\CityPortal\node_modules\@unitybase\ubm\public\
20180416 11023843  ( debug 		FOLDER_CHECKSUM: put folder checksum bacdd89397de7f489251bac7d5d4b21d to UB_STATIC.checkSum_C:\ubProject\CityPortal\node_modules\@unitybase\ubm\public\
20180416 11023843  (  -    	00.007.044
20180416 11023843  (  +    	ubApp.TubApp(02973EE0).008CA69A 
20180416 11023843  ( debug 		FOLDER_CHECKSUM: calc folder checksum C:\ubProject\CityPortal\node_modules\@unitybase\ub-pub\
20180416 11023843  ( debug 		FOLDER_CHECKSUM: put folder checksum cbdc3e54b9e8fec97c835c258b8ab6ad to UB_STATIC.checkSum_C:\ubProject\CityPortal\node_modules\@unitybase\ub-pub\
20180416 11023843  (  -    	00.007.544
20180416 11023843  (  +    	ubApp.TubApp(02973EE0).008CA69A 
20180416 11023843  ( debug 		FOLDER_CHECKSUM: calc folder checksum C:\ubProject\CityPortal\node_modules\@unitybase\adminui-pub\
20180416 11023856  ( debug 		FOLDER_CHECKSUM: put folder checksum d8933199bb724b06e155d3bbe71a5c41 to UB_STATIC.checkSum_C:\ubProject\CityPortal\node_modules\@unitybase\adminui-pub\
20180416 11023856  (  -    	00.202.763
20180416 11023856  (  +    	ubApp.TubApp(02973EE0).008CA69A 
20180416 11023856  ( debug 		FOLDER_CHECKSUM: calc folder checksum C:\ubProject\CityPortal\node_modules\@unitybase\adminui-reg\public\
20180416 11023856  ( debug 		FOLDER_CHECKSUM: put folder checksum f1d3ff8443297732862df21dc4e57262 to UB_STATIC.checkSum_C:\ubProject\CityPortal\node_modules\@unitybase\adminui-reg\public\
20180416 11023856  (  -    	00.000.064
20180416 11023856  (  +    	ubApp.TubApp(02973EE0).008CA69A 
20180416 11023856  ( debug 		FOLDER_CHECKSUM: calc folder checksum C:\ubProject\CityPortal\models\requests\public\
20180416 11023856  ( debug 		FOLDER_CHECKSUM: put folder checksum 9aaa9527ff34e5c1427b538b594252b9 to UB_STATIC.checkSum_C:\ubProject\CityPortal\models\requests\public\
20180416 11023856  (  -    	00.002.015
20180416 11023856  (  +    	ubApp.TubApp(02973EE0).008CA69A 
20180416 11023856  ( debug 		FOLDER_CHECKSUM: calc folder checksum C:\ubProject\CityPortal\node_modules\@ub-e\ube-pub\
20180416 11023859  ( debug 		FOLDER_CHECKSUM: put folder checksum 2db818642c99b24f096f9d6210ab1680 to UB_STATIC.checkSum_C:\ubProject\CityPortal\node_modules\@ub-e\ube-pub\
20180416 11023859  (  -    	00.045.213
20180416 11023860  ( ERROR 	invalid path models/adminui-pub/themes/UBGrayTheme/UBGrayTheme-all.css 
20180416 11023860  (  +    	ubApp.TubApp(02973EE0).008CA40C 
20180416 11023860  ( debug 		STATIC_SCECKSUM: Calc file checksum 
20180416 11023860  ( debug 		STATIC_SCECKSUM: put file checksum d41d8cd98f00b204e9800998ecf8427e to UB_STATIC.checkSum_
20180416 11023860  (  -    	00.000.006
20180416 11023860  ( ERROR 	invalid path models/adminui-pub/ub-css-all.css 
20180416 11023860  ( ERROR 	invalid path models/adminui-pub/themes/UBGrayTheme/ub.css 
20180416 11023860  ( ERROR 	invalid path clientRequire/systemjs/dist/system.js 
20180416 11023860  ( ERROR 	invalid path models/adminui-pub/dist/ext-all.min.js 
20180416 11023860  ( info  	Generate index.mustache from template C:\ubProject\CityPortal\node_modules\@unitybase\adminui-pub\index.mustache 
20180416 11023860  ( http  	127.0.0.1 <- 200
20180416 11023860  (  -    00.314.977
20180416 11023903  #  +    models/adminui-pub/themes/UBGrayTheme/UBGrayTheme-all.css?ver=d41d8cd98f00b204e9800998ecf8427e
20180416 11023903  # http  	127.0.0.1 -> GET models/adminui-pub/themes/UBGrayTheme/UBGrayTheme-all.css?ver=d41d8cd98f00b204e9800998ecf8427e
20180416 11023903  # call  	endpoint models
20180416 11023903  # http  	127.0.0.1 <- 200
20180416 11023903  #  -    00.001.372
20180416 11023904  )  +    models/adminui-pub/ub-css-all.css?ver=d41d8cd98f00b204e9800998ecf8427e
20180416 11023904  ) http  	127.0.0.1 -> GET models/adminui-pub/ub-css-all.css?ver=d41d8cd98f00b204e9800998ecf8427e
20180416 11023904  ) call  	endpoint models
20180416 11023904  ) http  	127.0.0.1 <- 200
20180416 11023904  )  -    00.000.878
20180416 11023904  %  +    clientRequire/es6-promise/dist/es6-promise.auto.min.js
20180416 11023904  % http  	127.0.0.1 -> GET clientRequire/es6-promise/dist/es6-promise.auto.min.js
20180416 11023904  % call  	endpoint clientRequire
20180416 11023904  &  +    clientRequire/systemjs/dist/system.js?ver=d41d8cd98f00b204e9800998ecf8427e
20180416 11023904  & http  	127.0.0.1 -> GET clientRequire/systemjs/dist/system.js?ver=d41d8cd98f00b204e9800998ecf8427e
20180416 11023904  & call  	endpoint clientRequire
20180416 11023904  % info  	Call clientRequire 
20180416 11023904  & info  	Call clientRequire 
20180416 11023904  & http  	127.0.0.1 <- 200
20180416 11023904  &  -    00.002.585
20180416 11023904  % http  	127.0.0.1 <- 200
20180416 11023904  %  -    00.002.913
20180416 11023904  $  +    clientRequire/font-awesome/css/font-awesome.min.css
20180416 11023904  $ http  	127.0.0.1 -> GET clientRequire/font-awesome/css/font-awesome.min.css
20180416 11023904  $ call  	endpoint clientRequire
20180416 11023904  "  +    models/adminui-pub/themes/UBGrayTheme/ub.css?ver=d41d8cd98f00b204e9800998ecf8427e
20180416 11023904  " http  	127.0.0.1 -> GET models/adminui-pub/themes/UBGrayTheme/ub.css?ver=d41d8cd98f00b204e9800998ecf8427e
20180416 11023904  " call  	endpoint models
20180416 11023904  $ info  	Call clientRequire 
20180416 11023905  $ http  	127.0.0.1 <- 200
20180416 11023905  $  -    00.002.672
20180416 11023905  " http  	127.0.0.1 <- 200
20180416 11023905  "  -    00.002.623
20180416 11023905  '  +    models/adminui-pub/dist/ext-all.min.js?ver=d41d8cd98f00b204e9800998ecf8427e
20180416 11023905  ' http  	127.0.0.1 -> GET models/adminui-pub/dist/ext-all.min.js?ver=d41d8cd98f00b204e9800998ecf8427e
20180416 11023905  ' call  	endpoint models
20180416 11023906  ' http  	127.0.0.1 <- 200
20180416 11023906  '  -    00.009.074
20180416 11023921  (  +    clientRequire/font-awesome/fonts/fontawesome-webfont.woff2?v=4.7.0
20180416 11023921  ( http  	127.0.0.1 -> GET clientRequire/font-awesome/fonts/fontawesome-webfont.woff2?v=4.7.0
20180416 11023921  ( call  	endpoint clientRequire
20180416 11023921  ( info  	Call clientRequire 
20180416 11023921  ( http  	127.0.0.1 <- 200
20180416 11023921  (  -    00.002.744
20180416 11023943  )  +    clientRequire/@unitybase/adminui-pub/package.json
20180416 11023943  ) http  	127.0.0.1 -> GET clientRequire/@unitybase/adminui-pub/package.json
20180416 11023943  ) call  	endpoint clientRequire
20180416 11023943  ) info  	Call clientRequire 
20180416 11023943  ) http  	127.0.0.1 <- 200
20180416 11023943  )  -    00.002.314
20180416 11023944  %  +    clientRequire/@unitybase/adminui-pub/dist/adminui.app.min.js
20180416 11023944  % http  	127.0.0.1 -> GET clientRequire/@unitybase/adminui-pub/dist/adminui.app.min.js
20180416 11023944  % call  	endpoint clientRequire
20180416 11023944  % info  	Call clientRequire 
20180416 11023944  % http  	127.0.0.1 <- 200
20180416 11023944  %  -    00.001.965
20180416 11023948  &  +    models/UB/img/UBLogo32.png
20180416 11023948  & http  	127.0.0.1 -> GET models/UB/img/UBLogo32.png
20180416 11023948  & call  	endpoint models
20180416 11023948  & http  	127.0.0.1 <- 200
20180416 11023948  &  -    00.001.517
20180416 11023961  $  +    getAppInfo
20180416 11023961  $ http  	127.0.0.1 -> GET getAppInfo
20180416 11023961  $ call  	endpoint getAppInfo
20180416 11023961  $ http  	127.0.0.1 <- 304
20180416 11023961  $  -    00.000.861
20180416 11023961  "  +    clientRequire/@unitybase/adminui-pub/themes/UBGrayTheme/UBGrayTheme.js
20180416 11023961  " http  	127.0.0.1 -> GET clientRequire/@unitybase/adminui-pub/themes/UBGrayTheme/UBGrayTheme.js
20180416 11023961  " call  	endpoint clientRequire
20180416 11023961  " info  	Call clientRequire 
20180416 11023961  #  +    models/UB/img/UBLogo48.png
20180416 11023961  # http  	127.0.0.1 -> GET models/UB/img/UBLogo48.png
20180416 11023961  # call  	endpoint models
20180416 11023961  " http  	127.0.0.1 <- 200
20180416 11023961  "  -    00.005.313
20180416 11023961  # http  	127.0.0.1 <- 200
20180416 11023961  #  -    00.001.262
20180416 11023961  '  +    models/adminui-pub/locale/lang-en.js?ubver=d8933199bb724b06e155d3bbe71a5c41
20180416 11023961  ' http  	127.0.0.1 -> GET models/adminui-pub/locale/lang-en.js?ubver=d8933199bb724b06e155d3bbe71a5c41
20180416 11023961  ' call  	endpoint models
20180416 11023961  ' http  	127.0.0.1 <- 200
20180416 11023961  '  -    00.001.149
20180416 11024000  (  +    models/UB/img/UBLogo128.png
20180416 11024000  ( http  	127.0.0.1 -> GET models/UB/img/UBLogo128.png
20180416 11024000  ( call  	endpoint models
20180416 11024000  ( http  	127.0.0.1 <- 200
20180416 11024000  (  -    00.001.834
20180416 11024002  )  +    models/adminui-pub/themes/UBGrayTheme/images/form/exclamation.png
20180416 11024002  ) http  	127.0.0.1 -> GET models/adminui-pub/themes/UBGrayTheme/images/form/exclamation.png
20180416 11024002  ) call  	endpoint models
20180416 11024002  ) http  	127.0.0.1 <- 200
20180416 11024002  )  -    00.000.849
20180416 11024111  %  +    auth?AUTHTYPE=UB&userName=admin
20180416 11024111  % http  	127.0.0.1 -> POST auth?AUTHTYPE=UB&userName=admin
20180416 11024111  % call  	endpoint auth
20180416 11024111  % http  	127.0.0.1 <- 200
20180416 11024111  %  -    00.000.156
20180416 11024112  &  +    auth?AUTHTYPE=UB&clientNonce=a02ac28c8418388d3cfd0bd632953e8761126854a1d4a1f729ed72890b7cd7a8&password=ccf84a800654592cdda7bd446f1bc329f05d8013962ce9d5a37fb437bc62f376&userName=admin
20180416 11024112  & http  	127.0.0.1 -> POST auth?AUTHTYPE=UB&clientNonce=a02ac28c8418388d3cfd0bd632953e8761126854a1d4a1f729ed72890b7cd7a8&password=ccf84a800654592cdda7bd446f1bc329f05d8013962ce9d5a37fb437bc62f376&userName=admin
20180416 11024112  & call  	endpoint auth
20180416 11024112  &  +    	ubApp.TubDataStore(0570A910).Init
20180416 11024112  &  +    		ubApp.TubApp(02973EE0).DBExecute
20180416 11024112  &  +    			ubApp.TubApp(02973EE0).TubApp.InternalDBExecute
20180416 11024112  &  +    				00856EC2 
20180416 11024112  &  -    				00.003.633
20180416 11024112  & SQL   				ubDBSQLite3ThreadSafe.TubSQLite3Statement(02A2AE10) PRAGMA foreign_keys = ON
20180416 11024112  & debug 				P1: String(5)	admin
20180416 11024112  & SQL   				ubDBSQLite3ThreadSafe.TubSQLite3Statement(02A280B0) select id, name, uPasswordHashHexa, uData, isPending, trustedIP from UBA_USER where name=? and disabled=0
20180416 11024112  &  -    			00.003.708
20180416 11024112  &  -    		00.003.758
20180416 11024112  & debug 		Query result for entity "uba_user" into data name "": row count=1
20180416 11024112  &  -    	00.003.772
20180416 11024112  &  +    	ubApp.TubDataStore(0570A910).Init
20180416 11024112  &  +    		ubApp.TubApp(02973EE0).DBExecute
20180416 11024112  &  +    			ubApp.TubApp(02973EE0).TubApp.InternalDBExecute
20180416 11024112  & debug 				P1: Int64		10
20180416 11024112  & SQL   				ubDBSQLite3ThreadSafe.TubSQLite3Statement(02A2AE10) SELECT lastPasswordChangeDate FROM uba_user WHERE id=?
20180416 11024112  &  -    			00.000.019
20180416 11024112  &  -    		00.000.042
20180416 11024112  & debug 		Query result for entity "uba_user" into data name "__expireDate": row count=1
20180416 11024112  &  -    	00.000.050
20180416 11024112  &  +    	ubApp.TubDataStore(06C5F9D0).Init
20180416 11024112  &  +    		ubApp.TubApp(02973EE0).DBExecute
20180416 11024112  &  +    			ubApp.TubApp(02973EE0).TubApp.InternalDBExecute
20180416 11024112  & debug 				P1: Int64		10
20180416 11024112  & SQL   				ubDBSQLite3ThreadSafe.TubSQLite3Statement(02A2AED0) SELECT A01.roleID,A02.name,A02.description  FROM uba_userrole A01  INNER JOIN uba_role A02 ON A02.ID=A01.roleID  WHERE A01.userID=?
20180416 11024112  &  -    			00.000.037
20180416 11024112  &  -    		00.000.085
20180416 11024112  & debug 		Query result for entity "uba_userrole" into data name "": row count=1
20180416 11024112  &  -    	00.000.095
20180416 11024112  & auth  	New session admin/149968844 created at 127.0.0.1/-72057583837380020 using Mozilla/5.0 (Windows NT 10.0; Win64; x64) AppleWebKit/537.36 (KHTML, like Gecko) Chrome/65.0.3325.181 Safari/537.36
20180416 11024112  &  +    	ubMixinClasses.TubStorageMixin(029C42C0).MixinMethod
20180416 11024112  & debug 		uba_user.select(TubStorageMixin)
20180416 11024112  &  +    		ubApp.TubDataStore(06C5F9D0).Init
20180416 11024112  &  +    			ubApp.TubApp(02973EE0).DBExecute
20180416 11024112  &  +    				ubApp.TubApp(02973EE0).TubApp.InternalDBExecute
20180416 11024112  & debug 					P1: Int64		10
20180416 11024112  & SQL   					ubDBSQLite3ThreadSafe.TubSQLite3Statement(02A2AFF0) SELECT A01.name  FROM uba_user A01  WHERE A01.ID=?
20180416 11024112  &  -    				00.000.038
20180416 11024112  &  -    			00.000.077
20180416 11024112  & debug 			Query result for entity "uba_user" into data name "": row count=1
20180416 11024112  &  -    		00.000.085
20180416 11024112  &  -    	00.000.142
20180416 11024112  &  +    	ubMixinClasses.TubStorageMixin(029C42C0).MixinMethod
20180416 11024112  & debug 		uba_advSecurity.select(TubStorageMixin)
20180416 11024112  &  +    		ubApp.TubDataStore(06C5F9D0).Init
20180416 11024112  &  +    			ubApp.TubApp(02973EE0).DBExecute
20180416 11024112  &  +    				ubApp.TubApp(02973EE0).TubApp.InternalDBExecute
20180416 11024112  & debug 					P1: Int64		10
20180416 11024112  & SQL   					ubDBSQLite3ThreadSafe.TubSQLite3Statement(02A2B050) SELECT A01.ID,A01.allowedIP,A01.refreshIP,A01.fp,A01.refreshFp,A01.keyMediaName,A01.refreshKeyMedia,A01.mi_modifyDate  FROM uba_advSecurity A01  WHERE A01.userID=?
20180416 11024112  &  -    				00.000.042
20180416 11024112  &  -    			00.000.095
20180416 11024112  & debug 			Query result for entity "uba_advSecurity" into data name "": row count=0
20180416 11024112  &  -    		00.000.103
20180416 11024112  &  -    	00.000.197
20180416 11024112  &  +    	ubMixinClasses.TubStorageMixin(029C42C0).MixinMethod
20180416 11024112  & debug 		uba_userrole.select(TubStorageMixin)
20180416 11024112  &  +    		ubApp.TubDataStore(06C5F9D0).Init
20180416 11024112  &  +    			ubApp.TubApp(02973EE0).DBExecute
20180416 11024112  &  +    				ubApp.TubApp(02973EE0).TubApp.InternalDBExecute
20180416 11024112  & debug 					P1: Int64		10
20180416 11024112  & SQL   					ubDBSQLite3ThreadSafe.TubSQLite3Statement(02A2B0B0) SELECT A01.ID,A02.name,A01.roleID  FROM uba_userrole A01  INNER JOIN uba_role A02 ON A02.ID=A01.roleID  WHERE A01.userID=?
20180416 11024112  &  -    				00.000.128
20180416 11024112  &  -    			00.000.203
20180416 11024112  & debug 			Query result for entity "uba_userrole" into data name "": row count=1
20180416 11024112  &  -    		00.000.212
20180416 11024112  &  -    	00.000.342
20180416 11024112  &  +    	ubMixinClasses.TubStorageMixin(029C42C0).MixinMethod
20180416 11024112  & debug 		uba_audit.beforeinsert(TubStorageMixin)
20180416 11024112  &  -    	00.000.005
20180416 11024112  &  +    	ubMixinClasses.TubStorageMixin(029C42C0).MixinMethod
20180416 11024112  & debug 		uba_audit.insert(TubStorageMixin)
20180416 11024112  &  +    		ubApp.TubDataStore(06C53D10).TubDataStore.ExecuteInsertFromList
20180416 11024112  &  +    			ubApp.TubDataStore(06C53D10).TubDataStore.ExecuteInsertFromSQL
20180416 11024112  &  +    				ubApp.TubApp(02973EE0).DBExecute
20180416 11024112  &  +    					ubApp.TubApp(02973EE0).TubApp.InternalDBExecute
20180416 11024112  & debug 						P1: String(8)	uba_user
20180416 11024112  & debug 						P2: Int64		10
20180416 11024112  & debug 						P3: String(5)	LOGIN
20180416 11024112  & debug 						P4: Int64		10
20180416 11024112  & debug 						P5: DateTime	2018-04-16T11:02:41
20180416 11024112  & debug 						P6: String(9)	127.0.0.1
20180416 11024112  & debug 						P7: String(5)	admin
20180416 11024112  & debug 						P8: String(0)	
20180416 11024112  & debug 						P9: Int64		335793688182785
20180416 11024112  & debug 						P10: String(556..)	Connection: keep-alive  Content-Length: 0  Accept: application/json, text/plain, */*  Accept-Encodin...
20180416 11024112  & DB    						StartTransaction for connection "main"
20180416 11024112  & SQL   						ubDBSQLite3ThreadSafe.TubSQLite3Statement(02A2B170) INSERT INTO uba_audit (entity,entityinfo_id,actionType,actionUser,actionTime,remoteIP,targetUser,targetRole,ID,fromValue) VALUES (?,?,?,?,?,?,?,?,?,?)
20180416 11024112  &  -    					00.000.155
20180416 11024112  &  -    				00.000.157
20180416 11024112  &  -    			00.000.236
20180416 11024112  &  -    		00.000.246
20180416 11024112  &  -    	00.000.249
20180416 11024112  &  +    	ubMixinClasses.TubStorageMixin(029C42C0).MixinMethod
20180416 11024112  & debug 		uba_audit.afterinsert(TubStorageMixin)
20180416 11024112  &  -    	00.000.003
20180416 11024112  & DB    	Commit connection "main"
20180416 11024112  & http  	127.0.0.1 <- 200
20180416 11024112  &  -    00.009.764
20180416 11024113  $  +    getDomainInfo?userName=admin&v=4
20180416 11024113  $ http  	127.0.0.1 -> GET getDomainInfo?userName=admin&v=4
20180416 11024113  $ auth  	admin/149968844
20180416 11024113  $ call  	endpoint getDomainInfo
20180416 11024113  $ http  	127.0.0.1 <- 304
20180416 11024113  $  -    00.003.802
20180416 11024115  "  +    models/UB/locale/lang-en.js?ubver=00157f1fae1f03ef6a703e934be7d698
20180416 11024115  " http  	127.0.0.1 -> GET models/UB/locale/lang-en.js?ubver=00157f1fae1f03ef6a703e934be7d698
20180416 11024115  " call  	endpoint models
20180416 11024115  #  +    models/UBA/locale/lang-en.js?ubver=a32940308a4662e5435a97adb22e235d
20180416 11024115  # http  	127.0.0.1 -> GET models/UBA/locale/lang-en.js?ubver=a32940308a4662e5435a97adb22e235d
20180416 11024115  # call  	endpoint models
20180416 11024115  # http  	127.0.0.1 <- 200
20180416 11024115  #  -    00.000.962
20180416 11024115  " http  	127.0.0.1 <- 200
20180416 11024115  "  -    00.001.334
20180416 11024115  '  +    models/UBS/locale/lang-en.js?ubver=9445d97a463c8080c044f9f7cf6ef346
20180416 11024115  ' http  	127.0.0.1 -> GET models/UBS/locale/lang-en.js?ubver=9445d97a463c8080c044f9f7cf6ef346
20180416 11024115  ' call  	endpoint models
20180416 11024115  ' http  	127.0.0.1 <- 200
20180416 11024115  '  -    00.001.069
20180416 11024115  (  +    models/UBM/locale/lang-en.js?ubver=bacdd89397de7f489251bac7d5d4b21d
20180416 11024115  ( http  	127.0.0.1 -> GET models/UBM/locale/lang-en.js?ubver=bacdd89397de7f489251bac7d5d4b21d
20180416 11024115  ( call  	endpoint models
20180416 11024115  ( http  	127.0.0.1 <- 200
20180416 11024115  (  -    00.002.731
20180416 11024116  )  +    clientRequire/@unitybase/ubs/package.json
20180416 11024116  ) http  	127.0.0.1 -> GET clientRequire/@unitybase/ubs/package.json
20180416 11024116  ) call  	endpoint clientRequire
20180416 11024116  ) info  	Call clientRequire 
20180416 11024116  ) http  	127.0.0.1 <- 200
20180416 11024116  )  -    00.000.854
20180416 11024117  %  +    clientRequire/@unitybase/ubs/public/initModel.js
20180416 11024117  % http  	127.0.0.1 -> GET clientRequire/@unitybase/ubs/public/initModel.js
20180416 11024117  % call  	endpoint clientRequire
20180416 11024117  % info  	Call clientRequire 
20180416 11024117  % http  	127.0.0.1 <- 200
20180416 11024117  %  -    00.001.184
20180416 11024117  &  +    clientRequire/@unitybase/ubs/public/dist/ubs.main.min.js?ubver=2018-04-16T13:01:35
20180416 11024117  & http  	127.0.0.1 -> GET clientRequire/@unitybase/ubs/public/dist/ubs.main.min.js?ubver=2018-04-16T13:01:35
20180416 11024117  & call  	endpoint clientRequire
20180416 11024117  & info  	Call clientRequire 
20180416 11024117  & http  	127.0.0.1 <- 200
20180416 11024117  &  -    00.001.909
20180416 11024117  $  +    clientRequire/@unitybase/ubm/package.json
20180416 11024117  $ http  	127.0.0.1 -> GET clientRequire/@unitybase/ubm/package.json
20180416 11024117  $ call  	endpoint clientRequire
20180416 11024117  $ info  	Call clientRequire 
20180416 11024117  $ http  	127.0.0.1 <- 200
20180416 11024117  $  -    00.003.459
20180416 11024118  #  +    clientRequire/@unitybase/ubm/public/initModel.js
20180416 11024118  # http  	127.0.0.1 -> GET clientRequire/@unitybase/ubm/public/initModel.js
20180416 11024118  # call  	endpoint clientRequire
20180416 11024118  # info  	Call clientRequire 
20180416 11024119  # http  	127.0.0.1 <- 200
20180416 11024119  #  -    00.002.416
20180416 11024119  "  +    clientRequire/@ub-e/ube-pub/package.json
20180416 11024119  " http  	127.0.0.1 -> GET clientRequire/@ub-e/ube-pub/package.json
20180416 11024119  " call  	endpoint clientRequire
20180416 11024119  " info  	Call clientRequire 
20180416 11024119  " http  	127.0.0.1 <- 200
20180416 11024119  "  -    00.001.051
20180416 11024119  '  +    clientRequire/@ub-e/ube-pub/initModel.js
20180416 11024119  ' http  	127.0.0.1 -> GET clientRequire/@ub-e/ube-pub/initModel.js
20180416 11024119  ' call  	endpoint clientRequire
20180416 11024119  ' info  	Call clientRequire 
20180416 11024119  ' http  	127.0.0.1 <- 200
20180416 11024119  '  -    00.001.866
20180416 11024121  (  +    ubql
20180416 11024121  ( http  	127.0.0.1 -> POST ubql
20180416 11024121  ( http  	[{"entity":"ubs_settings","method":"select","fieldList":["ID","settingKey","name","description","type","settingValue","defaultValue"],"version":"1523736113"}]
20180416 11024121  ( auth  	admin/149968844
20180416 11024121  ( call  	endpoint ubql
20180416 11024121  (  +    	ubMixinClasses.TubStorageMixin(029C42C0).MixinMethod
20180416 11024121  ( debug 		ubs_settings.select(TubStorageMixin)
20180416 11024121  (  +    		ubApp.TubDataStore(06C5C6B8).Init
20180416 11024121  (  +    			ubApp.TubApp(02973EE0).DBExecute
20180416 11024121  (  +    				ubApp.TubApp(02973EE0).TubApp.InternalDBExecute
20180416 11024121  (  +    					00856EC2 
20180416 11024121  (  -    					00.002.642
20180416 11024121  ( SQL   					ubDBSQLite3ThreadSafe.TubSQLite3Statement(02A2B950) PRAGMA foreign_keys = ON
20180416 11024121  ( SQL   					ubDBSQLite3ThreadSafe.TubSQLite3Statement(02A2B2F0) SELECT ( (SELECT COALESCE(strftime('%s',  MAX(mi_modifyDate)),1) FROM ubs_settings) ) AS dataVersion
20180416 11024121  (  -    				00.002.688
20180416 11024121  (  -    			00.002.743
20180416 11024121  ( debug 			Query result for entity "ubs_settings" into data name "": row count=1
20180416 11024121  (  -    		00.002.758
20180416 11024121  (  -    	00.002.861
20180416 11024121  ( http  	127.0.0.1 <- 200
20180416 11024121  (  -    00.003.189
20180416 11024122  )  +    ubql
20180416 11024122  ) http  	127.0.0.1 -> POST ubql
20180416 11024122  ) http  	[{"entity":"ubm_desktop","method":"select","fieldList":["ID","caption","code","url","isDefault","mi_owner","mi_createDate","mi_createUser","mi_modifyDate","mi_modifyUser","mi_deleteDate","mi_deleteUser"],"version":"-1"},{"entity":"ubm_form","method":"select","fieldList":["ID","code","description","caption","formType","formDef","formCode","model","entity","isDefault","mi_owner","mi_createDate","mi_createUser","mi_modifyDate","mi_modifyUser"],"version":2110448184},{"entity":"ubm_enum","method":"select","fieldList":["ID","eGroup","code","shortName","name","sortOrder","mi_owner","mi_createDate","mi_createUser","mi_modifyDate","mi_modifyUser","mi_deleteDate","mi_deleteUser"],"version":"1523803103"}]
20180416 11024122  ) auth  	admin/149968844
20180416 11024122  ) call  	endpoint ubql
20180416 11024122  )  +    	ubMixinClasses.TubRLSMixin(029C4E20).MixinMethod
20180416 11024122  ) debug 		ubm_desktop.select(TubRLSMixin)
20180416 11024122  ) debug 		Prepare RLS expression for ubm_desktop
20180416 11024122  )  +    		ubApp.TubDataStore(06C5FCC8).Init
20180416 11024122  )  +    			ubApp.TubApp(02973EE0).DBExecute
20180416 11024122  )  +    				ubApp.TubApp(02973EE0).TubApp.InternalDBExecute
20180416 11024122  ) SQL   					ubDBSQLite3ThreadSafe.TubSQLite3Statement(02A2B230) select ID, name FROM uba_role
20180416 11024122  )  -    				00.000.055
20180416 11024122  )  -    			00.000.195
20180416 11024122  ) debug 			Query result for entity "uba_role" into data name "": row count=9
20180416 11024122  )  -    		00.000.210
20180416 11024122  )  -    	00.001.827
20180416 11024122  )  +    	ubMixinClasses.TubStorageMixin(029C42C0).MixinMethod
20180416 11024122  ) debug 		ubm_desktop.select(TubStorageMixin)
20180416 11024122  )  +    		ubApp.TubDataStore(06C5C848).Init
20180416 11024122  )  +    			ubApp.TubApp(02973EE0).DBExecute
20180416 11024122  )  +    				ubApp.TubApp(02973EE0).TubApp.InternalDBExecute
20180416 11024122  ) debug 					P1: Int64		10
20180416 11024122  ) debug 					P2: Int64		10
20180416 11024122  ) debug 					P3: DateTime	9999-12-31T00:00:00
20180416 11024122  ) SQL   					ubDBSQLite3ThreadSafe.TubSQLite3Statement(02A2BA10) SELECT A01.ID,A01.caption,A01.code,A01.url,A01.isDefault,A01.mi_owner,A01.mi_createDate,A01.mi_createUser,A01.mi_modifyDate,A01.mi_modifyUser,A01.mi_deleteDate,A01.mi_deleteUser  FROM ubm_desktop A01  WHERE (( A01.mi_owner = ? ) OR (1=1) OR exists (select 1 from ubm_desktop_adm admsubtable where admsubtable.instanceID = A01.ID and admsubtable.admSubjID in (select ur.RoleID from uba_userrole ur where ur.UserID = ? union select 10))) AND A01.mi_deleteDate=?
20180416 11024122  )  -    				00.000.188
20180416 11024122  )  -    			00.000.281
20180416 11024122  ) debug 			Query result for entity "ubm_desktop" into data name "": row count=2
20180416 11024122  )  -    		00.000.310
20180416 11024122  )  -    	00.000.613
20180416 11024124  )  +    	ubMixinClasses.TubStorageMixin(029C42C0).MixinMethod
20180416 11024124  ) debug 		ubm_enum.select(TubStorageMixin)
20180416 11024124  )  +    		ubApp.TubDataStore(06C5FE80).Init
20180416 11024124  )  +    			ubApp.TubApp(02973EE0).DBExecute
20180416 11024124  )  +    				ubApp.TubApp(02973EE0).TubApp.InternalDBExecute
20180416 11024124  ) SQL   					ubDBSQLite3ThreadSafe.TubSQLite3Statement(02A2BAD0) SELECT ( (SELECT COALESCE(strftime('%s',  MAX(mi_modifyDate)),1) FROM ubm_enum) ) AS dataVersion
20180416 11024124  )  -    				00.000.084
20180416 11024124  )  -    			00.000.175
20180416 11024124  ) debug 			Query result for entity "ubm_enum" into data name "": row count=1
20180416 11024124  )  -    		00.000.183
20180416 11024124  )  -    	00.000.302
20180416 11024124  ) http  	127.0.0.1 <- 200
20180416 11024124  )  -    00.032.702
20180416 11024127  %  +    ubql
20180416 11024127  % http  	127.0.0.1 -> POST ubql
20180416 11024127  % http  	[{"entity":"ubm_navshortcut","method":"select","fieldList":["ID","desktopID","parentID","code","isFolder","caption","inWindow","isCollapsed","displayOrder","iconCls","mi_modifyDate"],"orderList":{"0":{"expression":"desktopID","order":"asc"},"1":{"expression":"parentID","order":"asc"},"2":{"expression":"displayOrder","order":"asc"},"3":{"expression":"caption","order":"asc"}}}]
20180416 11024127  % auth  	admin/149968844
20180416 11024127  % call  	endpoint ubql
20180416 11024127  %  +    	ubMixinClasses.TubRLSMixin(029C4E20).MixinMethod
20180416 11024127  % debug 		ubm_navshortcut.select(TubRLSMixin)
20180416 11024127  % debug 		Prepare RLS expression for ubm_navshortcut
20180416 11024127  %  +    		ubApp.TubDataStore(0BE338A0).Init
20180416 11024127  %  +    			ubApp.TubApp(02973EE0).DBExecute
20180416 11024127  %  +    				ubApp.TubApp(02973EE0).TubApp.InternalDBExecute
20180416 11024127  % SQL   					ubDBSQLite3ThreadSafe.TubSQLite3Statement(02A2AF30) select ID, name FROM uba_role
20180416 11024127  %  -    				00.000.066
20180416 11024127  %  -    			00.000.217
20180416 11024127  % debug 			Query result for entity "uba_role" into data name "": row count=9
20180416 11024127  %  -    		00.000.231
20180416 11024127  %  -    	00.001.869
20180416 11024127  %  +    	ubMixinClasses.TubStorageMixin(029C42C0).MixinMethod
20180416 11024127  % debug 		ubm_navshortcut.select(TubStorageMixin)
20180416 11024127  %  +    		ubApp.TubDataStore(06C5FE58).Init
20180416 11024127  %  +    			ubApp.TubApp(02973EE0).DBExecute
20180416 11024127  %  +    				ubApp.TubApp(02973EE0).TubApp.InternalDBExecute
20180416 11024127  % debug 					P1: Int64		10
20180416 11024127  % debug 					P2: Int64		10
20180416 11024127  % debug 					P3: DateTime	9999-12-31T00:00:00
20180416 11024127  % SQL   					ubDBSQLite3ThreadSafe.TubSQLite3Statement(02A2BB90) SELECT A01.ID,A01.desktopID,A01.parentID,A01.code,A01.isFolder,A01.caption,A01.inWindow,A01.isCollapsed,A01.displayOrder,A01.iconCls,A01.mi_modifyDate  FROM ubm_navshortcut A01  WHERE (( A01.mi_owner = ? ) OR                (1=1) OR                              exists (select 1 from ubm_navshortcut_adm admsubtable where admsubtable.instanceID = A01.ID and admsubtable.admSubjID in (select ur.RoleID from uba_userrole ur where ur.UserID = ? union select 10))) AND A01.mi_deleteDate=? ORDER BY 2 ASC,3 ASC,9 ASC,... (truncated) length=517
20180416 11024127  %  -    				00.000.213
20180416 11024127  %  -    			00.000.536
20180416 11024127  % debug 			Query result for entity "ubm_navshortcut" into data name "": row count=33
20180416 11024127  %  -    		00.000.587
20180416 11024127  %  -    	00.000.838
20180416 11024127  % http  	127.0.0.1 <- 200
20180416 11024127  %  -    00.003.248
20180416 11024132  &  +    models/adminui-pub/themes/UBGrayTheme/images/toolbar/more.png
20180416 11024132  & http  	127.0.0.1 -> GET models/adminui-pub/themes/UBGrayTheme/images/toolbar/more.png
20180416 11024132  & call  	endpoint models
20180416 11024132  & http  	127.0.0.1 <- 200
20180416 11024132  &  -    00.002.953
20180416 11024132  $  +    models/adminui-pub/themes/UBGrayTheme/images/grid/hd-pop.png
20180416 11024132  #  +    models/adminui-pub/themes/UBGrayTheme/images/button/default-toolbar-small-arrow.png
20180416 11024132  $ http  	127.0.0.1 -> GET models/adminui-pub/themes/UBGrayTheme/images/grid/hd-pop.png
20180416 11024132  # http  	127.0.0.1 -> GET models/adminui-pub/themes/UBGrayTheme/images/button/default-toolbar-small-arrow.png
20180416 11024132  # call  	endpoint models
20180416 11024132  $ call  	endpoint models
20180416 11024132  # http  	127.0.0.1 <- 200
20180416 11024132  #  -    00.001.530
20180416 11024132  $ http  	127.0.0.1 <- 200
20180416 11024132  $  -    00.002.297
20180416 11024524  "  +    ubql
20180416 11024524  " http  	127.0.0.1 -> POST ubql
20180416 11024524  " http  	[{"entity":"ubm_navshortcut","method":"select","fieldList":["ID","cmdCode"],"whereList":{"c1":{"expression":"[ID]","condition":"equal","values":{"c1":335775710838895}}}}]
20180416 11024524  " auth  	admin/149968844
20180416 11024524  " call  	endpoint ubql
20180416 11024524  "  +    	ubMixinClasses.TubRLSMixin(029C4E20).MixinMethod
20180416 11024524  " debug 		ubm_navshortcut.select(TubRLSMixin)
20180416 11024524  " debug 		Prepare RLS expression for ubm_navshortcut
20180416 11024524  "  +    		ubApp.TubDataStore(0BE33B98).Init
20180416 11024524  "  +    			ubApp.TubApp(02973EE0).DBExecute
20180416 11024524  "  +    				ubApp.TubApp(02973EE0).TubApp.InternalDBExecute
20180416 11024524  " SQL   					ubDBSQLite3ThreadSafe.TubSQLite3Statement(02A2B9B0) select ID, name FROM uba_role
20180416 11024524  "  -    				00.000.052
20180416 11024524  "  -    			00.000.157
20180416 11024524  " debug 			Query result for entity "uba_role" into data name "": row count=9
20180416 11024524  "  -    		00.000.168
20180416 11024524  "  -    	00.001.257
20180416 11024524  "  +    	ubMixinClasses.TubStorageMixin(029C42C0).MixinMethod
20180416 11024524  " debug 		ubm_navshortcut.select(TubStorageMixin)
20180416 11024524  "  +    		ubApp.TubDataStore(06C5C848).Init
20180416 11024524  "  +    			ubApp.TubApp(02973EE0).DBExecute
20180416 11024524  "  +    				ubApp.TubApp(02973EE0).TubApp.InternalDBExecute
20180416 11024524  " debug 					P1: Int64		335775710838895
20180416 11024524  " debug 					P2: Int64		10
20180416 11024524  " debug 					P3: Int64		10
20180416 11024524  " debug 					P4: DateTime	9999-12-31T00:00:00
20180416 11024524  " SQL   					ubDBSQLite3ThreadSafe.TubSQLite3Statement(02A2BCB0) SELECT A01.ID,A01.cmdCode  FROM ubm_navshortcut A01  WHERE A01.ID=? AND (( A01.mi_owner = ? ) OR                (1=1) OR                              exists (select 1 from ubm_navshortcut_adm admsubtable where admsubtable.instanceID = A01.ID and admsubtable.admSubjID in (select ur.RoleID from uba_userrole ur where ur.UserID = ? union select 10))) AND A01.mi_deleteDate=?
20180416 11024524  "  -    				00.000.137
20180416 11024524  "  -    			00.000.227
20180416 11024524  " debug 			Query result for entity "ubm_navshortcut" into data name "": row count=1
20180416 11024524  "  -    		00.000.243
20180416 11024524  "  -    	00.000.374
20180416 11024524  " http  	127.0.0.1 <- 200
20180416 11024524  "  -    00.002.085
20180416 11024527  '  +    models/adminui-pub/themes/UBGrayTheme/images/tab/tab-default-close-dark.png
20180416 11024527  ' http  	127.0.0.1 -> GET models/adminui-pub/themes/UBGrayTheme/images/tab/tab-default-close-dark.png
20180416 11024527  ' call  	endpoint models
20180416 11024527  ' http  	127.0.0.1 <- 200
20180416 11024527  '  -    00.000.745
20180416 11024529  (  +    models/adminui-pub/themes/UBGrayTheme/images/loadmask/loading.gif
20180416 11024529  ( http  	127.0.0.1 -> GET models/adminui-pub/themes/UBGrayTheme/images/loadmask/loading.gif
20180416 11024529  ( call  	endpoint models
20180416 11024529  ( http  	127.0.0.1 <- 200
20180416 11024529  (  -    00.000.841
20180416 11024530  )  +    models/adminui-pub/themes/UBGrayTheme/images/form/trigger.png
20180416 11024530  ) http  	127.0.0.1 -> GET models/adminui-pub/themes/UBGrayTheme/images/form/trigger.png
20180416 11024530  ) call  	endpoint models
20180416 11024530  ) http  	127.0.0.1 <- 200
20180416 11024530  )  -    00.000.529
20180416 11024532  %  +    models/adminui-pub/themes/UBGrayTheme/ubimages/sum.png
20180416 11024532  % http  	127.0.0.1 -> GET models/adminui-pub/themes/UBGrayTheme/ubimages/sum.png
20180416 11024532  % call  	endpoint models
20180416 11024532  % http  	127.0.0.1 <- 200
20180416 11024532  %  -    00.003.372
20180416 11024532  &  +    models/adminui-pub/themes/UBGrayTheme/images/grid/page-next.png
20180416 11024532  & http  	127.0.0.1 -> GET models/adminui-pub/themes/UBGrayTheme/images/grid/page-next.png
20180416 11024532  & call  	endpoint models
20180416 11024532  & http  	127.0.0.1 <- 200
20180416 11024532  &  -    00.001.200
20180416 11024532  #  +    models/adminui-pub/themes/UBGrayTheme/images/grid/page-prev.png
20180416 11024532  # http  	127.0.0.1 -> GET models/adminui-pub/themes/UBGrayTheme/images/grid/page-prev.png
20180416 11024532  # call  	endpoint models
20180416 11024532  # http  	127.0.0.1 <- 200
20180416 11024532  #  -    00.000.976
20180416 11024537  $  +    ubql
20180416 11024537  $ http  	127.0.0.1 -> POST ubql
20180416 11024537  $ http  	[{"entity":"ubs_report","method":"select","fieldList":["ID","model","report_code","name","mi_modifyDate"],"version":"-1"}]
20180416 11024537  $ auth  	admin/149968844
20180416 11024537  $ call  	endpoint ubql
20180416 11024537  $ http  	127.0.0.1 <- 200
20180416 11024537  $  -    00.001.699
20180416 11024636  "  +    ubql
20180416 11024636  " http  	127.0.0.1 -> POST ubql
20180416 11024636  " http  	[{"entity":"ubs_report","fieldList":["model","report_code","name","template","code","ID","mi_modifyDate"],"ID":1322283145,"alsNeed":false,"method":"select"}]
20180416 11024636  " auth  	admin/149968844
20180416 11024636  " call  	endpoint ubql
20180416 11024636  " http  	127.0.0.1 <- 200
20180416 11024636  "  -    00.001.642
20180416 11024638  '  +    getDocument?entity=ubs_report&attribute=template&ID=1322283145&origName=Reqlist_HD_month.template&filename=ubs_report1322283145template&_dc=1523876566598
20180416 11024638  ' http  	127.0.0.1 -> GET getDocument?entity=ubs_report&attribute=template&ID=1322283145&origName=Reqlist_HD_month.template&filename=ubs_report1322283145template&_dc=1523876566598
20180416 11024638  ' auth  	admin/149968844
20180416 11024638  ' call  	endpoint getDocument
20180416 11024638  (  +    getDocument?entity=ubs_report&attribute=code&ID=1322283145&origName=Reqlist_HD_month.js&filename=ubs_report1322283145code&_dc=1523876566599
20180416 11024638  ( http  	127.0.0.1 -> GET getDocument?entity=ubs_report&attribute=code&ID=1322283145&origName=Reqlist_HD_month.js&filename=ubs_report1322283145code&_dc=1523876566599
20180416 11024638  ( auth  	admin/149968844
20180416 11024638  ( call  	endpoint getDocument
20180416 11024638  ' http  	127.0.0.1 <- 200
20180416 11024638  '  -    00.003.705
20180416 11024638  )  +    clientRequire/@unitybase/adminui-pub/dist/adminui.0.min.js
20180416 11024638  ) http  	127.0.0.1 -> GET clientRequire/@unitybase/adminui-pub/dist/adminui.0.min.js
20180416 11024638  ) call  	endpoint clientRequire
20180416 11024638  ) info  	Call clientRequire 
20180416 11024638  ) http  	127.0.0.1 <- 200
20180416 11024638  )  -    00.001.322
20180416 11024639  ( http  	127.0.0.1 <- 200
20180416 11024639  (  -    00.027.137
20180416 11024838  %  +    models/adminui-pub/locale/tinymce/en.js
20180416 11024838  % http  	127.0.0.1 -> GET models/adminui-pub/locale/tinymce/en.js
20180416 11024838  % call  	endpoint models
20180416 11024838  % http  	127.0.0.1 <- 200
20180416 11024838  %  -    00.001.281
20180416 11024839  &  +    clientRequire/tinymce//skins/lightgray/skin.min.css
20180416 11024839  & http  	127.0.0.1 -> GET clientRequire/tinymce//skins/lightgray/skin.min.css
20180416 11024839  & call  	endpoint clientRequire
20180416 11024839  & info  	Call clientRequire 
20180416 11024839  & http  	127.0.0.1 <- 200
20180416 11024839  &  -    00.000.984
20180416 11024847  #  +    clientRequire/tinymce//skins/lightgray/content.min.css
20180416 11024847  # http  	127.0.0.1 -> GET clientRequire/tinymce//skins/lightgray/content.min.css
20180416 11024847  # call  	endpoint clientRequire
20180416 11024847  # info  	Call clientRequire 
20180416 11024847  # http  	127.0.0.1 <- 200
20180416 11024847  #  -    00.000.365
20180416 11024849  $  +    clientRequire/tinymce//skins/lightgray/fonts/tinymce-small.woff
20180416 11024849  $ http  	127.0.0.1 -> GET clientRequire/tinymce//skins/lightgray/fonts/tinymce-small.woff
20180416 11024849  $ call  	endpoint clientRequire
20180416 11024849  $ info  	Call clientRequire 
20180416 11024849  $ http  	127.0.0.1 <- 200
20180416 11024849  $  -    00.001.327
20180416 11024851  "  +    clientRequire/tinymce/skins/lightgray/skin.min.css.map
20180416 11024851  " http  	127.0.0.1 -> GET clientRequire/tinymce/skins/lightgray/skin.min.css.map
20180416 11024851  " call  	endpoint clientRequire
20180416 11024851  " info  	Call clientRequire 
20180416 11024851  " ERROR 	Package tinymce/skins/lightgray/skin.min.css.map not found 
20180416 11024851  " ERROR 	Not found "tinymce/skins/lightgray/skin.min.css.map" 
20180416 11024851  "  -    00.004.536
20180416 11024912  '  +    clientRequire/@unitybase/adminui-pub/dist/adminui.4.min.js
20180416 11024912  ' http  	127.0.0.1 -> GET clientRequire/@unitybase/adminui-pub/dist/adminui.4.min.js
20180416 11024912  ' call  	endpoint clientRequire
20180416 11024912  ' info  	Call clientRequire 
20180416 11024913  ' http  	127.0.0.1 <- 200
20180416 11024913  '  -    00.001.664
20180416 11025560  )  +    ubql
20180416 11025560  ) http  	127.0.0.1 -> POST ubql
20180416 11025560  ) http  	[{"entity":"ubs_report","method":"select","fieldList":["ID","report_code","name","template","code","model"],"version":"-1"}]
20180416 11025560  ) auth  	admin/149968844
20180416 11025560  ) call  	endpoint ubql
20180416 11025560  ) http  	127.0.0.1 <- 200
20180416 11025560  )  -    00.000.772
20180416 11025560  (  +    getDocument?entity=ubs_report&attribute=template&ID=1322283145&origName=Reqlist_HD_month.template&dtrPrm=1523876575970
20180416 11025560  ( http  	127.0.0.1 -> GET getDocument?entity=ubs_report&attribute=template&ID=1322283145&origName=Reqlist_HD_month.template&dtrPrm=1523876575970
20180416 11025560  ( auth  	admin/149968844
20180416 11025560  ( call  	endpoint getDocument
20180416 11025560  %  +    getDocument?entity=ubs_report&attribute=code&ID=1322283145&origName=Reqlist_HD_month.js&dtrPrm=1523876575970
20180416 11025560  % http  	127.0.0.1 -> GET getDocument?entity=ubs_report&attribute=code&ID=1322283145&origName=Reqlist_HD_month.js&dtrPrm=1523876575970
20180416 11025560  % auth  	admin/149968844
20180416 11025560  % call  	endpoint getDocument
20180416 11025560  ( http  	127.0.0.1 <- 200
20180416 11025560  (  -    00.002.601
20180416 11025560  % http  	127.0.0.1 <- 200
20180416 11025560  %  -    00.002.101
20180416 11025600  &  +    models/adminui-pub/themes/UBGrayTheme/images/tools/tool-sprites.png
20180416 11025600  & http  	127.0.0.1 -> GET models/adminui-pub/themes/UBGrayTheme/images/tools/tool-sprites.png
20180416 11025600  & call  	endpoint models
20180416 11025600  & http  	127.0.0.1 <- 200
20180416 11025600  &  -    00.000.772
20180416 11025603  #  +    ubql
20180416 11025603  # http  	127.0.0.1 -> POST ubql
20180416 11025603  # http  	[{"entity":"req_reqList","method":"select","fieldList":["reqDate","applicantInfo","reqText","answer","status"]}]
20180416 11025603  # auth  	admin/149968844
20180416 11025603  # call  	endpoint ubql
20180416 11025603  #  +    	ubMixinClasses.TubDataHistoryMixin(029C4CD0).MixinMethod
20180416 11025603  # debug 		req_reqList.select(TubDataHistoryMixin)
20180416 11025603  #  -    	00.000.022
20180416 11025603  #  +    	ubMixinClasses.TubRLSMixin(029C4E20).MixinMethod
20180416 11025603  # debug 		req_reqList.select(TubRLSMixin)
20180416 11025603  # debug 		Prepare RLS expression for req_reqList
20180416 11025603  #  -    	00.000.226
20180416 11025603  #  +    	ubMixinClasses.TubStorageMixin(029C42C0).MixinMethod
20180416 11025603  # debug 		req_reqList.select(TubStorageMixin)
20180416 11025603  #  +    		ubApp.TubDataStore(06C5FB10).Init
20180416 11025603  #  +    			ubApp.TubApp(02973EE0).DBExecute
20180416 11025603  #  +    				ubApp.TubApp(02973EE0).TubApp.InternalDBExecute
20180416 11025603  #  +    					00856EC2 
20180416 11025603  #  -    					00.003.031
20180416 11025603  # SQL   					ubDBSQLite3ThreadSafe.TubSQLite3Statement(056F33F0) PRAGMA foreign_keys = ON
20180416 11025603  # debug 					P1: DateTime	2018-04-16T11:02:56
20180416 11025603  # debug 					P2: Int64		10
20180416 11025603  # SQL   					ubDBSQLite3ThreadSafe.TubSQLite3Statement(02A2BD70) SELECT A01.reqDate,A01.applicantInfo,A01.reqText,A01.answer,A01.status  FROM req_reqList A01  INNER JOIN req_depart A02 ON A02.ID=A01.department  WHERE (? BETWEEN A01.mi_dateFrom AND A01.mi_dateTo) AND (( A01.mi_owner = ? ) OR A02.roleInSystem in (0,3,1))
20180416 11025603  #  -    				00.003.191
20180416 11025603  #  -    			00.003.387
20180416 11025603  # debug 			Query result for entity "req_reqList" into data name "": row count=5
20180416 11025603  #  -    		00.003.409
20180416 11025603  #  -    	00.003.594
20180416 11025603  #  +    	ubMixinClasses.TubSoftLockMixin(029C50C0).MixinMethod
20180416 11025603  # debug 		req_reqList.select(TubSoftLockMixin)
20180416 11025603  #  -    	00.000.026
20180416 11025603  # http  	127.0.0.1 <- 200
20180416 11025603  #  -    00.004.365
20180416 11025609  $  +    clientRequire/tinymce//skins/lightgray/content.min.css
20180416 11025609  $ http  	127.0.0.1 -> GET clientRequire/tinymce//skins/lightgray/content.min.css
20180416 11025609  $ call  	endpoint clientRequire
20180416 11025609  $ info  	Call clientRequire 
20180416 11025609  $ http  	127.0.0.1 <- 200
20180416 11025609  $  -    00.000.610
20180416 11025612  "  +    models/adminui-pub/css/print-report.css
20180416 11025612  " http  	127.0.0.1 -> GET models/adminui-pub/css/print-report.css
20180416 11025612  " call  	endpoint models
20180416 11025612  " http  	127.0.0.1 <- 200
20180416 11025612  "  -    00.000.516
20180416 11025612  '  +    models/adminui-pub/css/print-portrait.css
20180416 11025612  ' http  	127.0.0.1 -> GET models/adminui-pub/css/print-portrait.css
20180416 11025612  ' call  	endpoint models
20180416 11025612  ' http  	127.0.0.1 <- 200
20180416 11025612  '  -    00.000.521
20180416 11025815  (  +    models/adminui-pub/themes/UBGrayTheme/images/sizer/se-handle.png
20180416 11025815  ( http  	127.0.0.1 -> GET models/adminui-pub/themes/UBGrayTheme/images/sizer/se-handle.png
20180416 11025815  %  +    models/adminui-pub/themes/UBGrayTheme/images/sizer/nw-handle.png
20180416 11025815  % http  	127.0.0.1 -> GET models/adminui-pub/themes/UBGrayTheme/images/sizer/nw-handle.png
20180416 11025815  % call  	endpoint models
20180416 11025815  ( call  	endpoint models
20180416 11025815  &  +    models/adminui-pub/themes/UBGrayTheme/images/sizer/ne-handle.png
20180416 11025815  & http  	127.0.0.1 -> GET models/adminui-pub/themes/UBGrayTheme/images/sizer/ne-handle.png
20180416 11025815  & call  	endpoint models
20180416 11025815  % http  	127.0.0.1 <- 200
20180416 11025815  %  -    00.000.719
20180416 11025815  $  +    models/adminui-pub/themes/UBGrayTheme/images/sizer/s-handle.png
20180416 11025815  $ http  	127.0.0.1 -> GET models/adminui-pub/themes/UBGrayTheme/images/sizer/s-handle.png
20180416 11025815  $ call  	endpoint models
20180416 11025815  & http  	127.0.0.1 <- 200
20180416 11025815  &  -    00.000.646
20180416 11025815  )  +    models/adminui-pub/themes/UBGrayTheme/images/sizer/sw-handle.png
20180416 11025815  ) http  	127.0.0.1 -> GET models/adminui-pub/themes/UBGrayTheme/images/sizer/sw-handle.png
20180416 11025815  ) call  	endpoint models
20180416 11025815  $ http  	127.0.0.1 <- 200
20180416 11025815  $  -    00.000.592
20180416 11025815  #  +    models/adminui-pub/themes/UBGrayTheme/images/sizer/e-handle.png
20180416 11025815  # http  	127.0.0.1 -> GET models/adminui-pub/themes/UBGrayTheme/images/sizer/e-handle.png
20180416 11025815  # call  	endpoint models
20180416 11025815  ) http  	127.0.0.1 <- 200
20180416 11025815  )  -    00.000.565
20180416 11025815  ( http  	127.0.0.1 <- 200
20180416 11025815  (  -    00.002.020
20180416 11025815  # http  	127.0.0.1 <- 200
20180416 11025815  #  -    00.001.037
20180416 11031303  "  +    setDocument?ID=1322283145&attribute=template&entity=ubs_report&filename=Reqlist_HD_month.template
20180416 11031303  " http  	127.0.0.1 -> POST setDocument?ID=1322283145&attribute=template&entity=ubs_report&filename=Reqlist_HD_month.template
20180416 11031303  " http  	!BIN(1003)
20180416 11031303  " auth  	admin/149968844
20180416 11031303  " call  	endpoint setDocument
20180416 11031303  '  +    setDocument?ID=1322283145&attribute=code&entity=ubs_report&filename=Reqlist_HD_month.js
20180416 11031303  ' http  	127.0.0.1 -> POST setDocument?ID=1322283145&attribute=code&entity=ubs_report&filename=Reqlist_HD_month.js
20180416 11031303  ' http  	!BIN(1472)
20180416 11031303  ' auth  	admin/149968844
20180416 11031303  ' call  	endpoint setDocument
20180416 11031304  ' http  	127.0.0.1 <- 200
20180416 11031304  '  -    00.011.139
20180416 11031304  " http  	127.0.0.1 <- 200
20180416 11031304  "  -    00.012.009
20180416 11031304  %  +    ubql
20180416 11031304  % http  	127.0.0.1 -> POST ubql
20180416 11031304  % http  	[{"fieldList":["model","report_code","name","template","code","ID","mi_modifyDate"],"entity":"ubs_report","method":"update","alsNeed":false,"execParams":{"code":"{\"store\":\"mdb\",\"fName\":\"Reqlist_HD_month.js\",\"origName\":\"Reqlist_HD_month.js\",\"relPath\":\"\",\"ct\":\"application/javascript\",\"size\":1472,\"md5\":\"559ef6686d370d3bb0be4756faddad94\",\"revision\":1,\"isDirty\":true}","template":"{\"store\":\"mdb\",\"fName\":\"Reqlist_HD_month.template\",\"origName\":\"Reqlist_HD_month.template\",\"relPath\":\"\",\"ct\":\"application/template\",\"size\":1003,\"md5\":\"157c0051f881f59a51f58e6e3d40f669\",\"revision\":1,\"isDirty\":true}","ID":1322283145,"mi_modifyDate":"2018-04-16T13:01:49.000Z"}}]
20180416 11031304  % auth  	admin/149968844
20180416 11031304  % call  	endpoint ubql
20180416 11031304  %  +    	ubMixinClasses.TubStorageMixin(029C42C0).MixinMethod
20180416 11031304  % debug 		ubs_report.beforeupdate(TubStorageMixin)
20180416 11031304  % EXC   		EMetabaseException {"errorCode":25,"Message":"Record modified by another user"} at 0094C650 
20180416 11031304  %  -    	00.001.857
20180416 11031304  % ERROR 	POST ubql ERROR=500 (Record modified by another user)
20180416 11031304  %  -    00.002.461
20180416 11031557  ! info  ubApp.TubApp(02973EE0) {   "ClientsCurrent": 1,   "ClientsMax": 1,   "Invalid": 3,   "Responses": 92,   "Modified": 0,   "IncomingBytes": 66968,   "OutcomingBytes": 34029,   "OutcomingFiles": 69,   "ServiceCalls": 93,   "ProcessTime": "2.91s"  }
