c:\UnityBase\UB.exe 4.0.0.0 (2018-02-22 16:30:16)Host=WDFN34211327A User=D071860 CPU=4*9-6-19971:FFFBCBBF8373DAFEBF6F9C0000 OS=23.0=10.0.15063 Wow64=1 Freq=2437498Environment variables=ALLUSERSPROFILE=C:\ProgramData	ANSICON=121x32766 (121x26)	ANSICON_DEF=7	APPDATA=C:\Users\D071860\AppData\Roaming	CommonProgramFiles=C:\Program Files (x86)\Common Files	CommonProgramFiles(x86)=C:\Program Files (x86)\Common Files	CommonProgramW6432=C:\Program Files\Common Files	COMPUTERNAME=WDFN34211327A	ComSpec=C:\WINDOWS\system32\cmd.exe	ConEmuANSI=ON	ConEmuAnsiLog=	ConEmuArgs=	ConEmuArgs2=	ConEmuBackHWND=0x001105EE	ConEmuBaseDir=C:\Program Files\ConEmu\ConEmu	ConEmuBaseDirShort=C:\PROGRA~1\ConEmu\ConEmu	ConEmuBuild=180411	ConEmuCfgDir=	ConEmuConfig=	ConEmuDir=C:\Program Files\ConEmu	ConEmuDrawHWND=0x001B0306	ConEmuDrive=C:	ConEmuHooks=Enabled	ConEmuHWND=0x001904C6	ConEmuPalette=<ConEmu>	ConEmuPID=1208	ConEmuPrompt0=$E[m$E[32m$E]9;8;"USERNAME"$E\@$E]9;8;"COMPUTERNAME"$E\$S	ConEmuPrompt1=$E[m$E[32m$E]9;8;"USERNAME"$E\@$E]9;8;"COMPUTERNAME"$E\$S$E[92m$P$E[90m	ConEmuPrompt2=$_$E[90m$G	ConEmuPrompt3=$E[m$S$E]9;12$E\	ConEmuServerPID=5468	ConEmuTask={Shells::cmd}	ConEmuWorkDir=C:\Users\D071860	ConEmuWorkDrive=C:	DEFLOGDIR=C:\ProgramData\McAfee\Endpoint Security\Logs	HOMEDRIVE=C:	homeloc=D_WDF	HOMEPATH=\Users\D071860	KUBECONFIG=C:\Practice\kubernetes\RUSLAN-KUBECONFIG	LOCALAPPDATA=C:\Users\D071860\AppData\Local	LOGONSERVER=\\DS2WDF0004	NUMBER_OF_PROCESSORS=4	OneDrive=C:\Users\D071860\OneDrive	OS=Windows_NT	Path=C:\Program Files\ConEmu\ConEmu\Scripts;C:\Program Files\ConEmu;C:\Program Files\ConEmu\ConEmu;C:\ProgramData\Oracle\Java\javapath;C:\Program Files\Docker\Docker\Resources\bin;C:\WINDOWS\system32;C:\WINDOWS;C:\WINDOWS\System32\Wbem;C:\WINDOWS\System32\WindowsPowerShell\v1.0\;C:\Program Files\Minikube;C:\Program Files\Kubernetes;C:\Program Files (x86)\Google\Cloud SDK\google-cloud-sdk\bin;C:\Program Files\PuTTY\;C:\Program Files\nodejs\;c:\UnityBase;C:\Users\D071860\AppData\Local\Microsoft\WindowsApps;C:\Users\D071860\AppData\Roaming\npm	PATHEXT=.COM;.EXE;.BAT;.CMD;.VBS;.VBE;.JSE;.WSF;.WSH;.MSC	PROCESSOR_ARCHITECTURE=x86	PROCESSOR_ARCHITEW6432=AMD64	PROCESSOR_IDENTIFIER=Intel64 Family 6 Model 78 Stepping 3, GenuineIntel	PROCESSOR_LEVEL=6	PROCESSOR_REVISION=4e03	ProgramData=C:\ProgramData	ProgramFiles=C:\Program Files (x86)	ProgramFiles(x86)=C:\Program Files (x86)	ProgramW6432=C:\Program Files	PROMPT=$E[m$E[32m$E]9;8;"USERNAME"$E\@$E]9;8;"COMPUTERNAME"$E\$S$E[92m$P$E[90m$_$E[90m$G$E[m$S$E]9;12$E\	PSModulePath=C:\Program Files (x86)\WindowsPowerShell\Modules;C:\WINDOWS\system32\WindowsPowerShell\v1.0\Modules;C:\Program Files (x86)\Google\Cloud SDK\google-cloud-sdk\platform\PowerShell	PUBLIC=C:\Users\Public	SESSIONNAME=Console	SNC_LIB=C:\Program Files (x86)\SAP\FrontEnd\SecureLogin\lib\sapcrypto.dll	SNC_LIB_64=C:\Program Files\SAP\FrontEnd\SecureLogin\lib\sapcrypto.dll	SSF_LIBRARY_PATH=C:\Program Files (x86)\SAP\FrontEnd\SecureLogin\lib\sapcrypto.dll	SSF_LIBRARY_PATH_64=C:\Program Files\SAP\FrontEnd\SecureLogin\lib\sapcrypto.dll	SystemDrive=C:	SystemRoot=C:\WINDOWS	TEMP=C:\Users\D071860\AppData\Local\Temp	TMP=C:\Users\D071860\AppData\Local\Temp	UATDATA=C:\WINDOWS\CCM\UATData\D9F8C395-CAB8-491d-B8AC-179A1FE1BE77	UB_HOME=c:\UnityBase	USERDNSDOMAIN=GLOBAL.CORP.SAP	USERDOMAIN=GLOBAL	USERDOMAIN_ROAMINGPROFILE=GLOBAL	USERNAME=D071860	USERPROFILE=C:\Users\D071860	windir=C:\WINDOWSTubLog 1.18.3488 FTS3 2018-04-15T20:36:4920180415 20364949  ! warn  WebSocket support are disabled because WSServer.host = '' in config
20180415 20364949  !  +    ubServer.TubServer(04244D18).008863DB 
20180415 20364949  !  +    	Init app
20180415 20364949  ! srvr  		FTS is disabled
20180415 20364949  ! info  		Check blob store "avatars" folder "C:\ubProject\CityPortal\avatars\": folder exists
20180415 20364949  ! info  		Check blob store "attach" folder "C:\ubProject\CityPortal\docs\attach\": folder exists
20180415 20364949  !  -    	00.000.661
20180415 20364949  !  +    	Folder C:\ubProject\CityPortal\node_modules\@unitybase\ub\ modified
20180415 20364949  !  +    		ubCommonClasses.TubThreadSafeCache(02D6CB08).removeStartsWith
20180415 20364949  !  -    		00.000.004
20180415 20364949  !  -    	00.000.009
20180415 20364949  !  +    	ubApp.TubApp(02CD3EE0).init
20180415 20364949  ! srvr  		Mime converters are disabled
20180415 20364949  !  -    	00.000.002
20180415 20364949  ! srvr  	Enable zip compresison
20180415 20364949  ! srvr  	Send initialization request to http://localhost:888/init
20180415 20364949  "  +    InitializationRequest
20180415 20364949  "  +    	init
20180415 20364949  " srvr  		Start application intialization...
20180415 20364949  " info  		Loading domain...
20180415 20364949  " info  		Loading model "UB" from "C:\ubProject\CityPortal\node_modules\@unitybase\ub\"
20180415 20364949  " srvr  		The domain loaded successfully with 0 entities
20180415 20364949  " debug 		Create new JavaScript Engine for thread 51556
20180415 20364960  "  +    		008C234A 
20180415 20364960  " warn  			All API method are allowed for Everyone, because "uba_els" entity not found in domain
20180415 20364960  " warn  			ELS: rule "ALLOW_ALL_NO_ELS_ENTITY" does not match any method. Ignored
20180415 20364960  "  -    		00.001.430
20180415 20364960  " warn  		Method changePassword not found in application but set in allowedAppMethods for user
20180415 20364960  " auth  		New session admin/98083326 created at 127.0.0.1/-144115173580340535 using Mozilla/5.0 (Windows; mORMot 1.18 TWinHTTP)
20180415 20364960  " auth  		New session anonymous/98083321 created at 127.0.0.1/-144115173580340535 using Mozilla/5.0 (Windows; mORMot 1.18 TWinHTTP)
20180415 20364960  "  -    	00.163.049
20180415 20364960  "  -    00.163.062
20180415 20364960  ! srvr  	ubServer.TubServer(04244D18) {"THttpApiServer(02C9A990)":{"Cloned":false,"RegisteredUrl":"http://+:888/","HTTPQueueLength":1000,"MaxBandwidth":-1,"MaxConnections":-1,"APIVersion":"HTTP API 2.0","ServerName":"UnityBase","ProcessName":""}} initialized
20180415 20364960  !  -    00.171.113
20180415 20364961  "  +    getAppInfo
20180415 20364961  " http  	127.0.0.1 -> GET getAppInfo
20180415 20364961  " call  	endpoint getAppInfo
20180415 20364961  " http  	127.0.0.1 <- 200
20180415 20364961  "  -    00.000.523
20180415 20364962  ! info  ubApp.TubApp(02CD3EE0) {   "ClientsCurrent": 0,   "ClientsMax": 0,   "Invalid": 0,   "Responses": 1,   "Modified": 0,   "IncomingBytes": 338,   "OutcomingBytes": 397,   "OutcomingFiles": 0,   "ServiceCalls": 1,   "ProcessTime": "543us"  }
20180415 20365006  ! warn  WebSocket support are disabled because WSServer.host = '' in config
20180415 20365006  !  +    ubServer.TubServer(04244CF0).008863DB 
20180415 20365006  !  +    	Init app
20180415 20365006  ! srvr  		FTS is disabled
20180415 20365006  ! info  		Check blob store "avatars" folder "C:\ubProject\CityPortal\avatars\": folder exists
20180415 20365006  ! info  		Check blob store "attach" folder "C:\ubProject\CityPortal\docs\attach\": folder exists
20180415 20365006  !  -    	00.000.983
20180415 20365006  !  +    	Folder C:\ubProject\CityPortal\node_modules\@unitybase\ub\ modified
20180415 20365006  !  +    		ubCommonClasses.TubThreadSafeCache(02D6CB08).removeStartsWith
20180415 20365006  !  -    		00.000.002
20180415 20365006  !  -    	00.000.013
20180415 20365006  !  +    	ubApp.TubApp(02CD3EE0).init
20180415 20365006  ! srvr  		Mime converters are disabled
20180415 20365006  !  -    	00.000.006
20180415 20365006  ! srvr  	Enable zip compresison
20180415 20365006  ! srvr  	Send initialization request to http://localhost:888/init
20180415 20365006  #  +    InitializationRequest
20180415 20365006  #  +    	init
20180415 20365006  # srvr  		Start application intialization...
20180415 20365006  # info  		Loading domain...
20180415 20365006  # info  		Loading model "UB" from "C:\ubProject\CityPortal\node_modules\@unitybase\ub\"
20180415 20365006  # srvr  		The domain loaded successfully with 0 entities
20180415 20365006  # debug 		Create new JavaScript Engine for thread 51600
20180415 20365017  #  +    		008C234A 
20180415 20365017  # warn  			All API method are allowed for Everyone, because "uba_els" entity not found in domain
20180415 20365017  # warn  			ELS: rule "ALLOW_ALL_NO_ELS_ENTITY" does not match any method. Ignored
20180415 20365017  #  -    		00.002.164
20180415 20365017  # warn  		Method changePassword not found in application but set in allowedAppMethods for user
20180415 20365017  # auth  		New session admin/98083494 created at 127.0.0.1/-648518340435771046 using Mozilla/5.0 (Windows; mORMot 1.18 TWinHTTP)
20180415 20365017  # auth  		New session anonymous/98083489 created at 127.0.0.1/-648518340435771046 using Mozilla/5.0 (Windows; mORMot 1.18 TWinHTTP)
20180415 20365017  #  -    	00.169.955
20180415 20365017  #  -    00.169.968
20180415 20365017  ! srvr  	ubServer.TubServer(04244CF0) {"THttpApiServer(02C9A990)":{"Cloned":false,"RegisteredUrl":"http://+:888/","HTTPQueueLength":1000,"MaxBandwidth":-1,"MaxConnections":-1,"APIVersion":"HTTP API 2.0","ServerName":"UnityBase","ProcessName":""}} initialized
20180415 20365017  !  -    00.178.963
20180415 20365017  #  +    runSQL?CONNECTION=main
20180415 20365017  # http  	127.0.0.1 -> POST runSQL?CONNECTION=main
20180415 20365017  # http  	create table seq_ubmain (client_num INTEGER) /* generateID = clientNum+currentTimeUnixEpoch*100 + 1...99 */
20180415 20365017  # call  	endpoint runSQL
20180415 20365017  #  +    	ubApp.TubApp(02CD3EE0).DBExecute
20180415 20365017  #  +    		ubApp.TubApp(02CD3EE0).TubApp.InternalDBExecute
20180415 20365017  #  +    			00856EC2 
20180415 20365019  #  -    			00.016.854
20180415 20365019  # SQL   			ubDBSQLite3ThreadSafe.TubSQLite3Statement(02D85F50) PRAGMA foreign_keys = ON
20180415 20365019  # DB    			StartTransaction for connection "main"
20180415 20365019  # SQL   			ubDBSQLite3ThreadSafe.TubSQLite3Statement(02D85E30) create table seq_ubmain (client_num INTEGER) /* generateID = clientNum+currentTimeUnixEpoch*100 + 1...99 */
20180415 20365019  #  -    		00.023.650
20180415 20365019  #  -    	00.023.659
20180415 20365019  # DB    	Commit connection "main" in 685us
20180415 20365019  # http  	127.0.0.1 <- 200
20180415 20365019  #  -    00.024.717
20180415 20365019  #  +    runSQL?CONNECTION=main
20180415 20365019  # http  	127.0.0.1 -> POST runSQL?CONNECTION=main
20180415 20365019  # http  	insert into seq_ubmain (client_num) values(30000000000)
20180415 20365019  # call  	endpoint runSQL
20180415 20365019  #  +    	ubApp.TubApp(02CD3EE0).DBExecute
20180415 20365019  #  +    		ubApp.TubApp(02CD3EE0).TubApp.InternalDBExecute
20180415 20365019  # DB    			StartTransaction for connection "main"
20180415 20365019  # SQL   			ubDBSQLite3ThreadSafe.TubSQLite3Statement(02D85E30) insert into seq_ubmain (client_num) values(30000000000)
20180415 20365019  #  -    		00.000.070
20180415 20365019  #  -    	00.000.074
20180415 20365019  # DB    	Commit connection "main" in 43us
20180415 20365019  # http  	127.0.0.1 <- 200
20180415 20365019  #  -    00.000.274
20180415 20365019  #  +    runSQL?CONNECTION=main
20180415 20365019  # http  	127.0.0.1 -> POST runSQL?CONNECTION=main
20180415 20365019  # http  	create table uba_user (   ID BIGINT not null PRIMARY KEY,   name VARCHAR(128) not null,   description VARCHAR(255) null,   uPasswordHashHexa VARCHAR(64) null,   disabled SMALLINT default 0 not null,   isPending SMALLINT default 0 not null,   trustedIP VARCHAR(255) null,   uData VARCHAR(2000) null,   lastPasswordChangeDate DATETIME default (strftime('%Y-%m-%dT%H:%M:%SZ', 'now')) not null,   mi_owner bigint NOT NULL, -- Row owner      mi_createdate DATETIME NOT NULL, -- Creation date      mi_createuser bigint NOT NULL, -- User who create row      mi_modifydate DATETIME NOT NULL, -- Modification date      mi_modifyuser bigint NOT NULL, -- User who modify row      FOREIGN KEY(mi_owner) REFERENCES uba_user,      FOREIGN KEY(mi_createuser) REFERENCES uba_user,      FOREIGN KEY(mi_modifyuser) REFERENCES uba_user  );  
20180415 20365019  # call  	endpoint runSQL
20180415 20365019  #  +    	ubApp.TubApp(02CD3EE0).DBExecute
20180415 20365019  #  +    		ubApp.TubApp(02CD3EE0).TubApp.InternalDBExecute
20180415 20365019  # DB    			StartTransaction for connection "main"
20180415 20365019  # SQL   			ubDBSQLite3ThreadSafe.TubSQLite3Statement(02D85E30) create table uba_user (   ID BIGINT not null PRIMARY KEY,   name VARCHAR(128) not null,   description VARCHAR(255) null,   uPasswordHashHexa VARCHAR(64) null,   disabled SMALLINT default 0 not null,   isPending SMALLINT default 0 not null,   trustedIP VARCHAR(255) null,   uData VARCHAR(2000) null,   lastPasswordChangeDate DATETIME default (strftime('%Y-%m-%dT%H:%M:%SZ', 'now')) not null,   mi_owner bigint NOT NULL, -- Row owner      mi_createdate DATETIME NOT NULL, -- Creation date      mi_createuser bigint... (truncated) length=822
20180415 20365019  #  -    		00.000.211
20180415 20365019  #  -    	00.000.215
20180415 20365019  # DB    	Commit connection "main" in 153us
20180415 20365019  # http  	127.0.0.1 <- 200
20180415 20365019  #  -    00.000.561
20180415 20365019  #  +    runSQL?CONNECTION=main
20180415 20365019  # http  	127.0.0.1 -> POST runSQL?CONNECTION=main
20180415 20365019  # http  	create table uba_role (   ID BIGINT not null PRIMARY KEY,   name VARCHAR(128) not null, -- Role   description VARCHAR(256) not null, -- Description   sessionTimeout INTEGER default 30 not null, -- Time after which the session is deleted by timeout (in minutes)   allowedAppMethods VARCHAR(2000) null,  -- Which application level methods are allowed (comma separated list)      mi_owner bigint NOT NULL, -- Row owner      mi_createdate DATETIME NOT NULL, -- Creation date      mi_createuser bigint NOT NULL, -- User who create row      mi_modifydate DATETIME NOT NULL, -- Modification date      mi_modifyuser bigint NOT NULL, -- User who modify row      FOREIGN KEY(mi_owner) REFERENCES uba_user,      FOREIGN KEY(mi_createuser) REFERENCES uba_user,      FOREIGN KEY(mi_modifyuser) REFERENCES uba_user  );  
20180415 20365019  # call  	endpoint runSQL
20180415 20365019  #  +    	ubApp.TubApp(02CD3EE0).DBExecute
20180415 20365019  #  +    		ubApp.TubApp(02CD3EE0).TubApp.InternalDBExecute
20180415 20365019  # DB    			StartTransaction for connection "main"
20180415 20365019  # SQL   			ubDBSQLite3ThreadSafe.TubSQLite3Statement(02D85E30) create table uba_role (   ID BIGINT not null PRIMARY KEY,   name VARCHAR(128) not null, -- Role   description VARCHAR(256) not null, -- Description   sessionTimeout INTEGER default 30 not null, -- Time after which the session is deleted by timeout (in minutes)   allowedAppMethods VARCHAR(2000) null,  -- Which application level methods are allowed (comma separated list)      mi_owner bigint NOT NULL, -- Row owner      mi_createdate DATETIME NOT NULL, -- Creation date      mi_createuser bigint NOT NULL, -- Us... (truncated) length=806
20180415 20365019  #  -    		00.000.186
20180415 20365019  #  -    	00.000.190
20180415 20365019  # DB    	Commit connection "main" in 160us
20180415 20365019  # http  	127.0.0.1 <- 200
20180415 20365019  #  -    00.000.532
20180415 20365019  #  +    runSQL?CONNECTION=main
20180415 20365019  # http  	127.0.0.1 -> POST runSQL?CONNECTION=main
20180415 20365019  # http  	create table uba_els (   ID BIGINT not null PRIMARY KEY,   code VARCHAR(32) null, -- Code for ELS rule   description VARCHAR(255) not null, -- Rule description   disabled SMALLINT default 0 not null, -- Rule is disabled   entityMask VARCHAR(128) not null, -- Entity mask   methodMask VARCHAR(128) not null, -- Method mask   ruleType VARCHAR(32) default 'A' not null, -- Is this ALLOW rule(A) or DENY rule(D) or Complements(C) rule   ruleRole BIGINT not null, -- Role for which the rule applies      mi_owner bigint NOT NULL, -- Row owner      mi_createdate DATETIME NOT NULL, -- Creation date      mi_createuser bigint NOT NULL, -- User who create row      mi_modifydate DATETIME NOT NULL, -- Modification date      mi_modifyuser bigint NOT NULL, -- User who modify row      CONSTRAINT FK_ELS_MI_OWNER_REF_USR FOREIGN KEY(mi_owner) REFERENCES uba_user,      CONSTRAINT FK_ELS_MI_CREATEUSER_REF_USR FOREIGN KEY(mi_createuser) REFERENCES uba_user,      CONSTRAINT FK_ELS_MI_MODIFYUSER_REF_USR FOREIGN KEY(mi_modifyuser) REFERE... (truncated) length=1043
20180415 20365019  # call  	endpoint runSQL
20180415 20365019  #  +    	ubApp.TubApp(02CD3EE0).DBExecute
20180415 20365019  #  +    		ubApp.TubApp(02CD3EE0).TubApp.InternalDBExecute
20180415 20365019  # DB    			StartTransaction for connection "main"
20180415 20365019  # SQL   			ubDBSQLite3ThreadSafe.TubSQLite3Statement(02D85E30) create table uba_els (   ID BIGINT not null PRIMARY KEY,   code VARCHAR(32) null, -- Code for ELS rule   description VARCHAR(255) not null, -- Rule description   disabled SMALLINT default 0 not null, -- Rule is disabled   entityMask VARCHAR(128) not null, -- Entity mask   methodMask VARCHAR(128) not null, -- Method mask   ruleType VARCHAR(32) default 'A' not null, -- Is this ALLOW rule(A) or DENY rule(D) or Complements(C) rule   ruleRole BIGINT not null, -- Role for which the rule applies      mi_owner bigi... (truncated) length=1043
20180415 20365019  #  -    		00.000.215
20180415 20365019  #  -    	00.000.219
20180415 20365019  # DB    	Commit connection "main" in 72us
20180415 20365019  # http  	127.0.0.1 <- 200
20180415 20365019  #  -    00.000.768
20180415 20365020  #  +    runSQL?CONNECTION=main
20180415 20365020  # http  	127.0.0.1 -> POST runSQL?CONNECTION=main
20180415 20365020  # http  	create table uba_subject (   ID BIGINT not null PRIMARY KEY,   code VARCHAR(128) not null, -- Code   name VARCHAR(128) not null, -- Login   sType VARCHAR(1) not null, -- Subject type   mi_unityEntity VARCHAR(64) not null  );  
20180415 20365020  # call  	endpoint runSQL
20180415 20365020  #  +    	ubApp.TubApp(02CD3EE0).DBExecute
20180415 20365020  #  +    		ubApp.TubApp(02CD3EE0).TubApp.InternalDBExecute
20180415 20365020  # DB    			StartTransaction for connection "main"
20180415 20365020  # SQL   			ubDBSQLite3ThreadSafe.TubSQLite3Statement(02D85E30) create table uba_subject (   ID BIGINT not null PRIMARY KEY,   code VARCHAR(128) not null, -- Code   name VARCHAR(128) not null, -- Login   sType VARCHAR(1) not null, -- Subject type   mi_unityEntity VARCHAR(64) not null  );  
20180415 20365020  #  -    		00.000.181
20180415 20365020  #  -    	00.000.186
20180415 20365020  # DB    	Commit connection "main" in 81us
20180415 20365020  # http  	127.0.0.1 <- 200
20180415 20365020  #  -    00.000.525
20180415 20365020  #  +    runSQL?CONNECTION=main
20180415 20365020  # http  	127.0.0.1 -> POST runSQL?CONNECTION=main
20180415 20365020  # http  	create table uba_userrole (   ID BIGINT not null PRIMARY KEY,   userID BIGINT not null, -- User   roleID BIGINT not null, -- Role      mi_owner bigint NOT NULL, -- Row owner      mi_createdate DATETIME NOT NULL, -- Creation date      mi_createuser bigint NOT NULL, -- User who create row      mi_modifydate DATETIME NOT NULL, -- Modification date      mi_modifyuser bigint NOT NULL, -- User who modify row      FOREIGN KEY(userID) REFERENCES uba_user,      FOREIGN KEY(roleID) REFERENCES uba_role,      FOREIGN KEY(mi_owner) REFERENCES uba_user,      FOREIGN KEY(mi_createuser) REFERENCES uba_user,      FOREIGN KEY(mi_modifyuser) REFERENCES uba_user  );  
20180415 20365020  # call  	endpoint runSQL
20180415 20365020  #  +    	ubApp.TubApp(02CD3EE0).DBExecute
20180415 20365020  #  +    		ubApp.TubApp(02CD3EE0).TubApp.InternalDBExecute
20180415 20365020  # DB    			StartTransaction for connection "main"
20180415 20365020  # SQL   			ubDBSQLite3ThreadSafe.TubSQLite3Statement(02D85E30) create table uba_userrole (   ID BIGINT not null PRIMARY KEY,   userID BIGINT not null, -- User   roleID BIGINT not null, -- Role      mi_owner bigint NOT NULL, -- Row owner      mi_createdate DATETIME NOT NULL, -- Creation date      mi_createuser bigint NOT NULL, -- User who create row      mi_modifydate DATETIME NOT NULL, -- Modification date      mi_modifyuser bigint NOT NULL, -- User who modify row      FOREIGN KEY(userID) REFERENCES uba_user,      FOREIGN KEY(roleID) REFERENCES uba_role,      FOREIGN K... (truncated) length=656
20180415 20365020  #  -    		00.000.364
20180415 20365020  #  -    	00.000.368
20180415 20365020  # DB    	Commit connection "main" in 87us
20180415 20365020  # http  	127.0.0.1 <- 200
20180415 20365020  #  -    00.000.596
20180415 20365020  #  +    runSQL?CONNECTION=main
20180415 20365020  # http  	127.0.0.1 -> POST runSQL?CONNECTION=main
20180415 20365020  # http  	create table uba_als (   ID BIGINT not null PRIMARY KEY,   entity VARCHAR(64) not null, -- Entity   attribute VARCHAR(32) not null, -- Attribute   state VARCHAR(32) not null, -- State code   roleName VARCHAR(32) not null, -- Role name   actions INTEGER not null -- Allow actions  );  
20180415 20365020  # call  	endpoint runSQL
20180415 20365020  #  +    	ubApp.TubApp(02CD3EE0).DBExecute
20180415 20365020  #  +    		ubApp.TubApp(02CD3EE0).TubApp.InternalDBExecute
20180415 20365020  # DB    			StartTransaction for connection "main"
20180415 20365020  # SQL   			ubDBSQLite3ThreadSafe.TubSQLite3Statement(02D85E30) create table uba_als (   ID BIGINT not null PRIMARY KEY,   entity VARCHAR(64) not null, -- Entity   attribute VARCHAR(32) not null, -- Attribute   state VARCHAR(32) not null, -- State code   roleName VARCHAR(32) not null, -- Role name   actions INTEGER not null -- Allow actions  );  
20180415 20365020  #  -    		00.000.169
20180415 20365020  #  -    	00.000.173
20180415 20365020  # DB    	Commit connection "main" in 79us
20180415 20365020  # http  	127.0.0.1 <- 200
20180415 20365020  #  -    00.000.395
20180415 20365020  #  +    runSQL?CONNECTION=main
20180415 20365020  # http  	127.0.0.1 -> POST runSQL?CONNECTION=main
20180415 20365020  # http  	create table uba_audit (   ID BIGINT not null PRIMARY KEY,   entity VARCHAR(32) not null, -- Entity code   entityinfo_id BIGINT not null, -- Instance ID   actionType VARCHAR(32) not null, -- Action   actionUser VARCHAR(128) not null, -- User, who perform the action   actionTime DATETIME not null, -- Action time   remoteIP VARCHAR(40) null, -- Caller remote IP address. NULL in case of localhost   targetUser VARCHAR(128) null, -- The user name for which the data has changed   targetRole VARCHAR(128) null, -- The role name for which the data has changed   fromValue TEXT null, -- Old values   toValue TEXT null -- New values  );  
20180415 20365020  # call  	endpoint runSQL
20180415 20365020  #  +    	ubApp.TubApp(02CD3EE0).DBExecute
20180415 20365020  #  +    		ubApp.TubApp(02CD3EE0).TubApp.InternalDBExecute
20180415 20365020  # DB    			StartTransaction for connection "main"
20180415 20365020  # SQL   			ubDBSQLite3ThreadSafe.TubSQLite3Statement(02D85E30) create table uba_audit (   ID BIGINT not null PRIMARY KEY,   entity VARCHAR(32) not null, -- Entity code   entityinfo_id BIGINT not null, -- Instance ID   actionType VARCHAR(32) not null, -- Action   actionUser VARCHAR(128) not null, -- User, who perform the action   actionTime DATETIME not null, -- Action time   remoteIP VARCHAR(40) null, -- Caller remote IP address. NULL in case of localhost   targetUser VARCHAR(128) null, -- The user name for which the data has changed   targetRole VARCHAR(128) null, -- ... (truncated) length=633
20180415 20365020  #  -    		00.000.182
20180415 20365020  #  -    	00.000.186
20180415 20365020  # DB    	Commit connection "main" in 68us
20180415 20365020  # http  	127.0.0.1 <- 200
20180415 20365020  #  -    00.000.422
20180415 20365020  #  +    runSQL?CONNECTION=main
20180415 20365020  # http  	127.0.0.1 -> POST runSQL?CONNECTION=main
20180415 20365020  # http  	create table ubs_settings (   ID BIGINT not null PRIMARY KEY,   settingKey VARCHAR(150) not null, -- Setting key. To prevent key conflicts key name must start with a model code where key is used. `ubs.numcounter.autoRegWithDeletedNumber`   name VARCHAR(150) not null, -- Setting name   description VARCHAR(1024) null, -- Description   type VARCHAR(32) null, -- Value type   settingValue VARCHAR(2000) null, -- Value   defaultValue VARCHAR(150) null, -- Default value (setted by developer)      mi_owner bigint NOT NULL, -- Row owner      mi_createdate DATETIME NOT NULL, -- Creation date      mi_createuser bigint NOT NULL, -- User who create row      mi_modifydate DATETIME NOT NULL, -- Modification date      mi_modifyuser bigint NOT NULL, -- User who modify row      FOREIGN KEY(mi_owner) REFERENCES uba_user,      FOREIGN KEY(mi_createuser) REFERENCES uba_user,      FOREIGN KEY(mi_modifyuser) REFERENCES uba_user  );
20180415 20365020  # call  	endpoint runSQL
20180415 20365020  #  +    	ubApp.TubApp(02CD3EE0).DBExecute
20180415 20365020  #  +    		ubApp.TubApp(02CD3EE0).TubApp.InternalDBExecute
20180415 20365020  # DB    			StartTransaction for connection "main"
20180415 20365020  # SQL   			ubDBSQLite3ThreadSafe.TubSQLite3Statement(02D85E30) create table ubs_settings (   ID BIGINT not null PRIMARY KEY,   settingKey VARCHAR(150) not null, -- Setting key. To prevent key conflicts key name must start with a model code where key is used. `ubs.numcounter.autoRegWithDeletedNumber`   name VARCHAR(150) not null, -- Setting name   description VARCHAR(1024) null, -- Description   type VARCHAR(32) null, -- Value type   settingValue VARCHAR(2000) null, -- Value   defaultValue VARCHAR(150) null, -- Default value (setted by developer)      mi_owner bigint NO... (truncated) length=920
20180415 20365020  #  -    		00.000.204
20180415 20365020  #  -    	00.000.208
20180415 20365020  # DB    	Commit connection "main" in 169us
20180415 20365020  # http  	127.0.0.1 <- 200
20180415 20365020  #  -    00.000.550
20180415 20365020  #  +    runSQL?CONNECTION=main
20180415 20365020  # http  	127.0.0.1 -> POST runSQL?CONNECTION=main
20180415 20365020  # http  	PRAGMA foreign_keys = OFF
20180415 20365020  # call  	endpoint runSQL
20180415 20365020  #  +    	ubApp.TubApp(02CD3EE0).DBExecute
20180415 20365020  #  +    		ubApp.TubApp(02CD3EE0).TubApp.InternalDBExecute
20180415 20365020  # SQL   			ubDBSQLite3ThreadSafe.TubSQLite3Statement(02D85E30) PRAGMA foreign_keys = OFF
20180415 20365020  #  -    		00.000.017
20180415 20365020  #  -    	00.000.026
20180415 20365020  # http  	127.0.0.1 <- 200
20180415 20365020  #  -    00.000.150
20180415 20365020  #  +    runSQL?CONNECTION=main
20180415 20365020  # http  	127.0.0.1 -> POST runSQL?CONNECTION=main
20180415 20365020  # http  	insert into uba_subject (ID,code,name,sType,mi_unityentity) values(0, 'Everyone', 'Everyone build-in role', 'R', 'UBA_SUBJECT')
20180415 20365020  # call  	endpoint runSQL
20180415 20365020  #  +    	ubApp.TubApp(02CD3EE0).DBExecute
20180415 20365020  #  +    		ubApp.TubApp(02CD3EE0).TubApp.InternalDBExecute
20180415 20365020  # DB    			StartTransaction for connection "main"
20180415 20365020  # SQL   			ubDBSQLite3ThreadSafe.TubSQLite3Statement(02D85E30) insert into uba_subject (ID,code,name,sType,mi_unityentity) values(0, 'Everyone', 'Everyone build-in role', 'R', 'UBA_SUBJECT')
20180415 20365020  #  -    		00.000.089
20180415 20365020  #  -    	00.000.092
20180415 20365020  # DB    	Commit connection "main" in 52us
20180415 20365020  # http  	127.0.0.1 <- 200
20180415 20365020  #  -    00.000.281
20180415 20365021  #  +    runSQL?CONNECTION=main
20180415 20365021  # http  	127.0.0.1 -> POST runSQL?CONNECTION=main
20180415 20365021  # http  	insert into uba_role (ID,name,description,sessionTimeout,allowedAppMethods,mi_owner,mi_createdate,mi_createuser,mi_modifydate,mi_modifyuser)          values(0,'Everyone','Everyone build-in role',1000,'auth,timeStamp,statics,getAppInfo,models,getDomainInfo,ubql,rest',10,'2018-04-15T20:36:50Z',10,'2018-04-15T20:36:50Z',10)
20180415 20365021  # call  	endpoint runSQL
20180415 20365021  #  +    	ubApp.TubApp(02CD3EE0).DBExecute
20180415 20365021  #  +    		ubApp.TubApp(02CD3EE0).TubApp.InternalDBExecute
20180415 20365021  # DB    			StartTransaction for connection "main"
20180415 20365021  # SQL   			ubDBSQLite3ThreadSafe.TubSQLite3Statement(02D85E30) insert into uba_role (ID,name,description,sessionTimeout,allowedAppMethods,mi_owner,mi_createdate,mi_createuser,mi_modifydate,mi_modifyuser)          values(0,'Everyone','Everyone build-in role',1000,'auth,timeStamp,statics,getAppInfo,models,getDomainInfo,ubql,rest',10,'2018-04-15T20:36:50Z',10,'2018-04-15T20:36:50Z',10)
20180415 20365021  #  -    		00.000.079
20180415 20365021  #  -    	00.000.083
20180415 20365021  # DB    	Commit connection "main" in 41us
20180415 20365021  # http  	127.0.0.1 <- 200
20180415 20365021  #  -    00.000.320
20180415 20365021  #  +    runSQL?CONNECTION=main
20180415 20365021  # http  	127.0.0.1 -> POST runSQL?CONNECTION=main
20180415 20365021  # http  	insert into uba_subject (ID,code,name,sType,mi_unityentity) values(1, 'Admin', 'Admin build-in role', 'R', 'UBA_SUBJECT')
20180415 20365021  # call  	endpoint runSQL
20180415 20365021  #  +    	ubApp.TubApp(02CD3EE0).DBExecute
20180415 20365021  #  +    		ubApp.TubApp(02CD3EE0).TubApp.InternalDBExecute
20180415 20365021  # DB    			StartTransaction for connection "main"
20180415 20365021  # SQL   			ubDBSQLite3ThreadSafe.TubSQLite3Statement(02D85E30) insert into uba_subject (ID,code,name,sType,mi_unityentity) values(1, 'Admin', 'Admin build-in role', 'R', 'UBA_SUBJECT')
20180415 20365021  #  -    		00.000.078
20180415 20365021  #  -    	00.000.082
20180415 20365021  # DB    	Commit connection "main" in 51us
20180415 20365021  # http  	127.0.0.1 <- 200
20180415 20365021  #  -    00.000.300
20180415 20365021  #  +    runSQL?CONNECTION=main
20180415 20365021  # http  	127.0.0.1 -> POST runSQL?CONNECTION=main
20180415 20365021  # http  	insert into uba_role (ID,name,description,sessionTimeout,allowedAppMethods,mi_owner,mi_createdate,mi_createuser,mi_modifydate,mi_modifyuser)          values(1,'Admin','Admin build-in role',10,'*',10,'2018-04-15T20:36:50Z',10,'2018-04-15T20:36:50Z',10)
20180415 20365021  # call  	endpoint runSQL
20180415 20365021  #  +    	ubApp.TubApp(02CD3EE0).DBExecute
20180415 20365021  #  +    		ubApp.TubApp(02CD3EE0).TubApp.InternalDBExecute
20180415 20365021  # DB    			StartTransaction for connection "main"
20180415 20365021  # SQL   			ubDBSQLite3ThreadSafe.TubSQLite3Statement(02D85E30) insert into uba_role (ID,name,description,sessionTimeout,allowedAppMethods,mi_owner,mi_createdate,mi_createuser,mi_modifydate,mi_modifyuser)          values(1,'Admin','Admin build-in role',10,'*',10,'2018-04-15T20:36:50Z',10,'2018-04-15T20:36:50Z',10)
20180415 20365021  #  -    		00.000.089
20180415 20365021  #  -    	00.000.093
20180415 20365021  # DB    	Commit connection "main" in 64us
20180415 20365021  # http  	127.0.0.1 <- 200
20180415 20365021  #  -    00.000.314
20180415 20365021  #  +    runSQL?CONNECTION=main
20180415 20365021  # http  	127.0.0.1 -> POST runSQL?CONNECTION=main
20180415 20365021  # http  	insert into uba_subject (ID,code,name,sType,mi_unityentity) values(2, 'Anonymous', 'Anonymous build-in role', 'R', 'UBA_SUBJECT')
20180415 20365021  # call  	endpoint runSQL
20180415 20365021  #  +    	ubApp.TubApp(02CD3EE0).DBExecute
20180415 20365021  #  +    		ubApp.TubApp(02CD3EE0).TubApp.InternalDBExecute
20180415 20365021  # DB    			StartTransaction for connection "main"
20180415 20365021  # SQL   			ubDBSQLite3ThreadSafe.TubSQLite3Statement(02D85E30) insert into uba_subject (ID,code,name,sType,mi_unityentity) values(2, 'Anonymous', 'Anonymous build-in role', 'R', 'UBA_SUBJECT')
20180415 20365021  #  -    		00.000.089
20180415 20365021  #  -    	00.000.093
20180415 20365021  # DB    	Commit connection "main" in 78us
20180415 20365021  # http  	127.0.0.1 <- 200
20180415 20365021  #  -    00.000.346
20180415 20365021  #  +    runSQL?CONNECTION=main
20180415 20365021  # http  	127.0.0.1 -> POST runSQL?CONNECTION=main
20180415 20365021  # http  	insert into uba_role (ID,name,description,sessionTimeout,allowedAppMethods,mi_owner,mi_createdate,mi_createuser,mi_modifydate,mi_modifyuser)          values(2,'Anonymous','Anonymous build-in role',1000,'',10,'2018-04-15T20:36:50Z',10,'2018-04-15T20:36:50Z',10)
20180415 20365021  # call  	endpoint runSQL
20180415 20365021  #  +    	ubApp.TubApp(02CD3EE0).DBExecute
20180415 20365021  #  +    		ubApp.TubApp(02CD3EE0).TubApp.InternalDBExecute
20180415 20365021  # DB    			StartTransaction for connection "main"
20180415 20365021  # SQL   			ubDBSQLite3ThreadSafe.TubSQLite3Statement(02D85E30) insert into uba_role (ID,name,description,sessionTimeout,allowedAppMethods,mi_owner,mi_createdate,mi_createuser,mi_modifydate,mi_modifyuser)          values(2,'Anonymous','Anonymous build-in role',1000,'',10,'2018-04-15T20:36:50Z',10,'2018-04-15T20:36:50Z',10)
20180415 20365021  #  -    		00.000.114
20180415 20365021  #  -    	00.000.118
20180415 20365021  # DB    	Commit connection "main" in 80us
20180415 20365021  # http  	127.0.0.1 <- 200
20180415 20365021  #  -    00.000.388
20180415 20365021  #  +    runSQL?CONNECTION=main
20180415 20365021  # http  	127.0.0.1 -> POST runSQL?CONNECTION=main
20180415 20365021  # http  	insert into uba_subject (ID,code,name,sType,mi_unityentity) values(3, 'User', 'User build-in role', 'R', 'UBA_SUBJECT')
20180415 20365021  # call  	endpoint runSQL
20180415 20365021  #  +    	ubApp.TubApp(02CD3EE0).DBExecute
20180415 20365021  #  +    		ubApp.TubApp(02CD3EE0).TubApp.InternalDBExecute
20180415 20365021  # DB    			StartTransaction for connection "main"
20180415 20365021  # SQL   			ubDBSQLite3ThreadSafe.TubSQLite3Statement(02D85E30) insert into uba_subject (ID,code,name,sType,mi_unityentity) values(3, 'User', 'User build-in role', 'R', 'UBA_SUBJECT')
20180415 20365021  #  -    		00.000.082
20180415 20365021  #  -    	00.000.085
20180415 20365021  # DB    	Commit connection "main" in 80us
20180415 20365021  # http  	127.0.0.1 <- 200
20180415 20365021  #  -    00.000.312
20180415 20365021  #  +    runSQL?CONNECTION=main
20180415 20365021  # http  	127.0.0.1 -> POST runSQL?CONNECTION=main
20180415 20365021  # http  	insert into uba_role (ID,name,description,sessionTimeout,allowedAppMethods,mi_owner,mi_createdate,mi_createuser,mi_modifydate,mi_modifyuser)          values(3,'User','User build-in role',30,'logout,changePassword,setDocument,getDocument',10,'2018-04-15T20:36:50Z',10,'2018-04-15T20:36:50Z',10)
20180415 20365021  # call  	endpoint runSQL
20180415 20365021  #  +    	ubApp.TubApp(02CD3EE0).DBExecute
20180415 20365021  #  +    		ubApp.TubApp(02CD3EE0).TubApp.InternalDBExecute
20180415 20365021  # DB    			StartTransaction for connection "main"
20180415 20365021  # SQL   			ubDBSQLite3ThreadSafe.TubSQLite3Statement(02D85E30) insert into uba_role (ID,name,description,sessionTimeout,allowedAppMethods,mi_owner,mi_createdate,mi_createuser,mi_modifydate,mi_modifyuser)          values(3,'User','User build-in role',30,'logout,changePassword,setDocument,getDocument',10,'2018-04-15T20:36:50Z',10,'2018-04-15T20:36:50Z',10)
20180415 20365021  #  -    		00.000.145
20180415 20365021  #  -    	00.000.151
20180415 20365021  # DB    	Commit connection "main" in 180us
20180415 20365021  # http  	127.0.0.1 <- 200
20180415 20365021  #  -    00.000.664
20180415 20365021  #  +    runSQL?CONNECTION=main
20180415 20365021  # http  	127.0.0.1 -> POST runSQL?CONNECTION=main
20180415 20365021  # http  	insert into uba_subject (ID,code,name,sType,mi_unityentity) values(4, 'Supervisor', 'Supervisor build-in role', 'R', 'UBA_SUBJECT')
20180415 20365021  # call  	endpoint runSQL
20180415 20365021  #  +    	ubApp.TubApp(02CD3EE0).DBExecute
20180415 20365021  #  +    		ubApp.TubApp(02CD3EE0).TubApp.InternalDBExecute
20180415 20365021  # DB    			StartTransaction for connection "main"
20180415 20365021  # SQL   			ubDBSQLite3ThreadSafe.TubSQLite3Statement(02D85E30) insert into uba_subject (ID,code,name,sType,mi_unityentity) values(4, 'Supervisor', 'Supervisor build-in role', 'R', 'UBA_SUBJECT')
20180415 20365021  #  -    		00.000.196
20180415 20365021  #  -    	00.000.200
20180415 20365021  # DB    	Commit connection "main" in 79us
20180415 20365021  # http  	127.0.0.1 <- 200
20180415 20365021  #  -    00.000.556
20180415 20365022  #  +    runSQL?CONNECTION=main
20180415 20365022  # http  	127.0.0.1 -> POST runSQL?CONNECTION=main
20180415 20365022  # http  	insert into uba_role (ID,name,description,sessionTimeout,allowedAppMethods,mi_owner,mi_createdate,mi_createuser,mi_modifydate,mi_modifyuser)          values(4,'Supervisor','Supervisor build-in role',10,'',10,'2018-04-15T20:36:50Z',10,'2018-04-15T20:36:50Z',10)
20180415 20365022  # call  	endpoint runSQL
20180415 20365022  #  +    	ubApp.TubApp(02CD3EE0).DBExecute
20180415 20365022  #  +    		ubApp.TubApp(02CD3EE0).TubApp.InternalDBExecute
20180415 20365022  # DB    			StartTransaction for connection "main"
20180415 20365022  # SQL   			ubDBSQLite3ThreadSafe.TubSQLite3Statement(02D85E30) insert into uba_role (ID,name,description,sessionTimeout,allowedAppMethods,mi_owner,mi_createdate,mi_createuser,mi_modifydate,mi_modifyuser)          values(4,'Supervisor','Supervisor build-in role',10,'',10,'2018-04-15T20:36:50Z',10,'2018-04-15T20:36:50Z',10)
20180415 20365022  #  -    		00.000.099
20180415 20365022  #  -    	00.000.102
20180415 20365022  # DB    	Commit connection "main" in 52us
20180415 20365022  # http  	127.0.0.1 <- 200
20180415 20365022  #  -    00.000.276
20180415 20365022  #  +    runSQL?CONNECTION=main
20180415 20365022  # http  	127.0.0.1 -> POST runSQL?CONNECTION=main
20180415 20365022  # http  	insert into uba_subject (ID,code,name,sType,mi_unityentity) values(5, 'Developer', 'Developer build-in role', 'R', 'UBA_SUBJECT')
20180415 20365022  # call  	endpoint runSQL
20180415 20365022  #  +    	ubApp.TubApp(02CD3EE0).DBExecute
20180415 20365022  #  +    		ubApp.TubApp(02CD3EE0).TubApp.InternalDBExecute
20180415 20365022  # DB    			StartTransaction for connection "main"
20180415 20365022  # SQL   			ubDBSQLite3ThreadSafe.TubSQLite3Statement(02D85E30) insert into uba_subject (ID,code,name,sType,mi_unityentity) values(5, 'Developer', 'Developer build-in role', 'R', 'UBA_SUBJECT')
20180415 20365022  #  -    		00.000.094
20180415 20365022  #  -    	00.000.098
20180415 20365022  # DB    	Commit connection "main" in 52us
20180415 20365022  # http  	127.0.0.1 <- 200
20180415 20365022  #  -    00.000.287
20180415 20365022  #  +    runSQL?CONNECTION=main
20180415 20365022  # http  	127.0.0.1 -> POST runSQL?CONNECTION=main
20180415 20365022  # http  	insert into uba_role (ID,name,description,sessionTimeout,allowedAppMethods,mi_owner,mi_createdate,mi_createuser,mi_modifydate,mi_modifyuser)          values(5,'Developer','Developer build-in role',10,'',10,'2018-04-15T20:36:50Z',10,'2018-04-15T20:36:50Z',10)
20180415 20365022  # call  	endpoint runSQL
20180415 20365022  #  +    	ubApp.TubApp(02CD3EE0).DBExecute
20180415 20365022  #  +    		ubApp.TubApp(02CD3EE0).TubApp.InternalDBExecute
20180415 20365022  # DB    			StartTransaction for connection "main"
20180415 20365022  # SQL   			ubDBSQLite3ThreadSafe.TubSQLite3Statement(02D85E30) insert into uba_role (ID,name,description,sessionTimeout,allowedAppMethods,mi_owner,mi_createdate,mi_createuser,mi_modifydate,mi_modifyuser)          values(5,'Developer','Developer build-in role',10,'',10,'2018-04-15T20:36:50Z',10,'2018-04-15T20:36:50Z',10)
20180415 20365022  #  -    		00.000.102
20180415 20365022  #  -    	00.000.105
20180415 20365022  # DB    	Commit connection "main" in 51us
20180415 20365022  # http  	127.0.0.1 <- 200
20180415 20365022  #  -    00.000.292
20180415 20365022  #  +    runSQL?CONNECTION=main
20180415 20365022  # http  	127.0.0.1 -> POST runSQL?CONNECTION=main
20180415 20365022  # http  	insert into uba_subject (ID,code,name,sType,mi_unityentity) values(6, 'Monitor', 'Monitor build-in role', 'R', 'UBA_SUBJECT')
20180415 20365022  # call  	endpoint runSQL
20180415 20365022  #  +    	ubApp.TubApp(02CD3EE0).DBExecute
20180415 20365022  #  +    		ubApp.TubApp(02CD3EE0).TubApp.InternalDBExecute
20180415 20365022  # DB    			StartTransaction for connection "main"
20180415 20365022  # SQL   			ubDBSQLite3ThreadSafe.TubSQLite3Statement(02D85E30) insert into uba_subject (ID,code,name,sType,mi_unityentity) values(6, 'Monitor', 'Monitor build-in role', 'R', 'UBA_SUBJECT')
20180415 20365022  #  -    		00.000.085
20180415 20365022  #  -    	00.000.088
20180415 20365022  # DB    	Commit connection "main" in 38us
20180415 20365022  # http  	127.0.0.1 <- 200
20180415 20365022  #  -    00.000.294
20180415 20365022  #  +    runSQL?CONNECTION=main
20180415 20365022  # http  	127.0.0.1 -> POST runSQL?CONNECTION=main
20180415 20365022  # http  	insert into uba_role (ID,name,description,sessionTimeout,allowedAppMethods,mi_owner,mi_createdate,mi_createuser,mi_modifydate,mi_modifyuser)          values(6,'Monitor','Monitor build-in role',100,'stat',10,'2018-04-15T20:36:50Z',10,'2018-04-15T20:36:50Z',10)
20180415 20365022  # call  	endpoint runSQL
20180415 20365022  #  +    	ubApp.TubApp(02CD3EE0).DBExecute
20180415 20365022  #  +    		ubApp.TubApp(02CD3EE0).TubApp.InternalDBExecute
20180415 20365022  # DB    			StartTransaction for connection "main"
20180415 20365022  # SQL   			ubDBSQLite3ThreadSafe.TubSQLite3Statement(02D85E30) insert into uba_role (ID,name,description,sessionTimeout,allowedAppMethods,mi_owner,mi_createdate,mi_createuser,mi_modifydate,mi_modifyuser)          values(6,'Monitor','Monitor build-in role',100,'stat',10,'2018-04-15T20:36:50Z',10,'2018-04-15T20:36:50Z',10)
20180415 20365022  #  -    		00.000.103
20180415 20365022  #  -    	00.000.107
20180415 20365022  # DB    	Commit connection "main" in 103us
20180415 20365022  # http  	127.0.0.1 <- 200
20180415 20365022  #  -    00.000.340
20180415 20365022  #  +    runSQL?CONNECTION=main
20180415 20365022  # http  	127.0.0.1 -> POST runSQL?CONNECTION=main
20180415 20365022  # http  	insert into uba_subject (ID,code,name,sType,mi_unityentity) values(10, 'admin', 'admin', 'U', 'UBA_USER')
20180415 20365022  # call  	endpoint runSQL
20180415 20365022  #  +    	ubApp.TubApp(02CD3EE0).DBExecute
20180415 20365022  #  +    		ubApp.TubApp(02CD3EE0).TubApp.InternalDBExecute
20180415 20365022  # DB    			StartTransaction for connection "main"
20180415 20365022  # SQL   			ubDBSQLite3ThreadSafe.TubSQLite3Statement(02D85E30) insert into uba_subject (ID,code,name,sType,mi_unityentity) values(10, 'admin', 'admin', 'U', 'UBA_USER')
20180415 20365022  #  -    		00.000.078
20180415 20365022  #  -    	00.000.082
20180415 20365022  # DB    	Commit connection "main" in 78us
20180415 20365022  # http  	127.0.0.1 <- 200
20180415 20365022  #  -    00.000.299
20180415 20365022  #  +    runSQL?CONNECTION=main
20180415 20365022  # http  	127.0.0.1 -> POST runSQL?CONNECTION=main
20180415 20365022  # http  	insert into uba_user (ID, name, description, upasswordhashhexa, disabled, udata,mi_owner,mi_createdate,mi_createuser,mi_modifydate,mi_modifyuser)          values (10, 'admin', 'admin', '2bb7998496899acdd8137fad3a44faf96a84a03d7f230ce42e97cd17c7ae429e', 0, '',10,'2018-04-15T20:36:50Z',10,'2018-04-15T20:36:50Z',10)
20180415 20365022  # call  	endpoint runSQL
20180415 20365022  #  +    	ubApp.TubApp(02CD3EE0).DBExecute
20180415 20365022  #  +    		ubApp.TubApp(02CD3EE0).TubApp.InternalDBExecute
20180415 20365022  # DB    			StartTransaction for connection "main"
20180415 20365022  # SQL   			ubDBSQLite3ThreadSafe.TubSQLite3Statement(02D85E30) insert into uba_user (ID, name, description, upasswordhashhexa, disabled, udata,mi_owner,mi_createdate,mi_createuser,mi_modifydate,mi_modifyuser)          values (10, 'admin', 'admin', '2bb7998496899acdd8137fad3a44faf96a84a03d7f230ce42e97cd17c7ae429e', 0, '',10,'2018-04-15T20:36:50Z',10,'2018-04-15T20:36:50Z',10)
20180415 20365022  #  -    		00.000.136
20180415 20365022  #  -    	00.000.141
20180415 20365022  # DB    	Commit connection "main" in 109us
20180415 20365022  # http  	127.0.0.1 <- 200
20180415 20365022  #  -    00.000.422
20180415 20365022  #  +    runSQL?CONNECTION=main
20180415 20365022  # http  	127.0.0.1 -> POST runSQL?CONNECTION=main
20180415 20365022  # http  	insert into uba_subject (ID,code,name,sType,mi_unityentity) values(20, 'anonymous', 'anonymous', 'U', 'UBA_USER')
20180415 20365022  # call  	endpoint runSQL
20180415 20365022  #  +    	ubApp.TubApp(02CD3EE0).DBExecute
20180415 20365022  #  +    		ubApp.TubApp(02CD3EE0).TubApp.InternalDBExecute
20180415 20365022  # DB    			StartTransaction for connection "main"
20180415 20365022  # SQL   			ubDBSQLite3ThreadSafe.TubSQLite3Statement(02D85E30) insert into uba_subject (ID,code,name,sType,mi_unityentity) values(20, 'anonymous', 'anonymous', 'U', 'UBA_USER')
20180415 20365022  #  -    		00.000.102
20180415 20365022  #  -    	00.000.134
20180415 20365022  # DB    	Commit connection "main" in 64us
20180415 20365022  # http  	127.0.0.1 <- 200
20180415 20365022  #  -    00.000.329
20180415 20365022  #  +    runSQL?CONNECTION=main
20180415 20365022  # http  	127.0.0.1 -> POST runSQL?CONNECTION=main
20180415 20365022  # http  	insert into uba_user (ID, name, description, upasswordhashhexa, disabled, udata,mi_owner,mi_createdate,mi_createuser,mi_modifydate,mi_modifyuser)          values (20, 'anonymous', 'anonymous', '-', 0, '',10,'2018-04-15T20:36:50Z',10,'2018-04-15T20:36:50Z',10)
20180415 20365022  # call  	endpoint runSQL
20180415 20365022  #  +    	ubApp.TubApp(02CD3EE0).DBExecute
20180415 20365022  #  +    		ubApp.TubApp(02CD3EE0).TubApp.InternalDBExecute
20180415 20365022  # DB    			StartTransaction for connection "main"
20180415 20365022  # SQL   			ubDBSQLite3ThreadSafe.TubSQLite3Statement(02D85E30) insert into uba_user (ID, name, description, upasswordhashhexa, disabled, udata,mi_owner,mi_createdate,mi_createuser,mi_modifydate,mi_modifyuser)          values (20, 'anonymous', 'anonymous', '-', 0, '',10,'2018-04-15T20:36:50Z',10,'2018-04-15T20:36:50Z',10)
20180415 20365022  #  -    		00.000.148
20180415 20365022  #  -    	00.000.154
20180415 20365022  # DB    	Commit connection "main" in 73us
20180415 20365022  # http  	127.0.0.1 <- 200
20180415 20365022  #  -    00.000.484
20180415 20365023  #  +    runSQL?CONNECTION=main
20180415 20365023  # http  	127.0.0.1 -> POST runSQL?CONNECTION=main
20180415 20365023  # http  	insert into uba_els (ID,code,description,disabled,entityMask,methodMask,ruleType,ruleRole,mi_owner,mi_createdate,mi_createuser,mi_modifydate,mi_modifyuser)        VALUES (200, 'UBA_ADMIN_ALL', 'Admins - enable all',0,'*','*','A',1,10,'2018-04-15T20:36:50Z',10,'2018-04-15T20:36:50Z',10)
20180415 20365023  # call  	endpoint runSQL
20180415 20365023  #  +    	ubApp.TubApp(02CD3EE0).DBExecute
20180415 20365023  #  +    		ubApp.TubApp(02CD3EE0).TubApp.InternalDBExecute
20180415 20365023  # DB    			StartTransaction for connection "main"
20180415 20365023  # SQL   			ubDBSQLite3ThreadSafe.TubSQLite3Statement(02D85E30) insert into uba_els (ID,code,description,disabled,entityMask,methodMask,ruleType,ruleRole,mi_owner,mi_createdate,mi_createuser,mi_modifydate,mi_modifyuser)        VALUES (200, 'UBA_ADMIN_ALL', 'Admins - enable all',0,'*','*','A',1,10,'2018-04-15T20:36:50Z',10,'2018-04-15T20:36:50Z',10)
20180415 20365023  #  -    		00.000.113
20180415 20365023  #  -    	00.000.116
20180415 20365023  # DB    	Commit connection "main" in 52us
20180415 20365023  # http  	127.0.0.1 <- 200
20180415 20365023  #  -    00.000.320
20180415 20365023  #  +    runSQL?CONNECTION=main
20180415 20365023  # http  	127.0.0.1 -> POST runSQL?CONNECTION=main
20180415 20365023  # http  	insert into uba_userrole (ID,userID, roleID,mi_owner,mi_createdate,mi_createuser,mi_modifydate,mi_modifyuser) values(800,10,1,10,'2018-04-15T20:36:50Z',10,'2018-04-15T20:36:50Z',10)
20180415 20365023  # call  	endpoint runSQL
20180415 20365023  #  +    	ubApp.TubApp(02CD3EE0).DBExecute
20180415 20365023  #  +    		ubApp.TubApp(02CD3EE0).TubApp.InternalDBExecute
20180415 20365023  # DB    			StartTransaction for connection "main"
20180415 20365023  # SQL   			ubDBSQLite3ThreadSafe.TubSQLite3Statement(02D85E30) insert into uba_userrole (ID,userID, roleID,mi_owner,mi_createdate,mi_createuser,mi_modifydate,mi_modifyuser) values(800,10,1,10,'2018-04-15T20:36:50Z',10,'2018-04-15T20:36:50Z',10)
20180415 20365023  #  -    		00.000.088
20180415 20365023  #  -    	00.000.092
20180415 20365023  # DB    	Commit connection "main" in 39us
20180415 20365023  # http  	127.0.0.1 <- 200
20180415 20365023  #  -    00.000.329
20180415 20365023  #  +    runSQL?CONNECTION=main
20180415 20365023  # http  	127.0.0.1 -> POST runSQL?CONNECTION=main
20180415 20365023  # http  	insert into uba_userrole (ID,userID, roleID,mi_owner,mi_createdate,mi_createuser,mi_modifydate,mi_modifyuser) values(900,20,2,10,'2018-04-15T20:36:50Z',10,'2018-04-15T20:36:50Z',10)
20180415 20365023  # call  	endpoint runSQL
20180415 20365023  #  +    	ubApp.TubApp(02CD3EE0).DBExecute
20180415 20365023  #  +    		ubApp.TubApp(02CD3EE0).TubApp.InternalDBExecute
20180415 20365023  # DB    			StartTransaction for connection "main"
20180415 20365023  # SQL   			ubDBSQLite3ThreadSafe.TubSQLite3Statement(02D85E30) insert into uba_userrole (ID,userID, roleID,mi_owner,mi_createdate,mi_createuser,mi_modifydate,mi_modifyuser) values(900,20,2,10,'2018-04-15T20:36:50Z',10,'2018-04-15T20:36:50Z',10)
20180415 20365023  #  -    		00.000.096
20180415 20365023  #  -    	00.000.099
20180415 20365023  # DB    	Commit connection "main" in 51us
20180415 20365023  # http  	127.0.0.1 <- 200
20180415 20365023  #  -    00.000.280
20180415 20365023  #  +    runSQL?CONNECTION=main
20180415 20365023  # http  	127.0.0.1 -> POST runSQL?CONNECTION=main
20180415 20365023  # http  	PRAGMA foreign_keys = ON
20180415 20365023  # call  	endpoint runSQL
20180415 20365023  #  +    	ubApp.TubApp(02CD3EE0).DBExecute
20180415 20365023  #  +    		ubApp.TubApp(02CD3EE0).TubApp.InternalDBExecute
20180415 20365023  # SQL   			ubDBSQLite3ThreadSafe.TubSQLite3Statement(02D85E30) PRAGMA foreign_keys = ON
20180415 20365023  #  -    		00.000.017
20180415 20365023  #  -    	00.000.025
20180415 20365023  # http  	127.0.0.1 <- 200
20180415 20365023  #  -    00.000.154
20180415 20365025  ! info  ubApp.TubApp(02CD3EE0) {   "ClientsCurrent": 0,   "ClientsMax": 0,   "Invalid": 0,   "Responses": 33,   "Modified": 31,   "IncomingBytes": 19954,   "OutcomingBytes": 2017,   "OutcomingFiles": 0,   "ServiceCalls": 33,   "ProcessTime": "37.33ms"  }
