c:\UnityBase\UB.exe 4.0.0.0 (2018-02-22 16:30:16)Host=WDFN34211327A User=D071860 CPU=4*9-6-19971:FFFBCBBF8373DAFEBF6F9C0000 OS=23.0=10.0.15063 Wow64=1 Freq=2437498Environment variables=ALLUSERSPROFILE=C:\ProgramData	ANSICON=121x32766 (121x26)	ANSICON_DEF=7	APPDATA=C:\Users\D071860\AppData\Roaming	CommonProgramFiles=C:\Program Files (x86)\Common Files	CommonProgramFiles(x86)=C:\Program Files (x86)\Common Files	CommonProgramW6432=C:\Program Files\Common Files	COMPUTERNAME=WDFN34211327A	ComSpec=C:\WINDOWS\system32\cmd.exe	ConEmuANSI=ON	ConEmuAnsiLog=	ConEmuArgs=	ConEmuArgs2=	ConEmuBackHWND=0x000B026E	ConEmuBaseDir=C:\Program Files\ConEmu\ConEmu	ConEmuBaseDirShort=C:\PROGRA~1\ConEmu\ConEmu	ConEmuBuild=180411	ConEmuCfgDir=	ConEmuConfig=	ConEmuDir=C:\Program Files\ConEmu	ConEmuDrawHWND=0x00180912	ConEmuDrive=C:	ConEmuHooks=Enabled	ConEmuHWND=0x001904C6	ConEmuPalette=<ConEmu>	ConEmuPID=1208	ConEmuPrompt0=$E[m$E[32m$E]9;8;"USERNAME"$E\@$E]9;8;"COMPUTERNAME"$E\$S	ConEmuPrompt1=$E[m$E[32m$E]9;8;"USERNAME"$E\@$E]9;8;"COMPUTERNAME"$E\$S$E[92m$P$E[90m	ConEmuPrompt2=$_$E[90m$G	ConEmuPrompt3=$E[m$S$E]9;12$E\	ConEmuServerPID=20132	ConEmuTask={Shells::cmd}	ConEmuWorkDir=C:\Users\D071860	ConEmuWorkDrive=C:	DEFLOGDIR=C:\ProgramData\McAfee\Endpoint Security\Logs	HOMEDRIVE=C:	homeloc=D_WDF	HOMEPATH=\Users\D071860	KUBECONFIG=C:\Practice\kubernetes\RUSLAN-KUBECONFIG	LOCALAPPDATA=C:\Users\D071860\AppData\Local	LOGONSERVER=\\DS2WDF0004	NUMBER_OF_PROCESSORS=4	OneDrive=C:\Users\D071860\OneDrive	OS=Windows_NT	Path=C:\Program Files\ConEmu\ConEmu\Scripts;C:\Program Files\ConEmu;C:\Program Files\ConEmu\ConEmu;C:\ProgramData\Oracle\Java\javapath;C:\Program Files\Docker\Docker\Resources\bin;C:\WINDOWS\system32;C:\WINDOWS;C:\WINDOWS\System32\Wbem;C:\WINDOWS\System32\WindowsPowerShell\v1.0\;C:\Program Files\Minikube;C:\Program Files\Kubernetes;C:\Program Files (x86)\Google\Cloud SDK\google-cloud-sdk\bin;C:\Program Files\PuTTY\;C:\Program Files\nodejs\;c:\UnityBase;C:\Users\D071860\AppData\Local\Microsoft\WindowsApps;C:\Users\D071860\AppData\Roaming\npm	PATHEXT=.COM;.EXE;.BAT;.CMD;.VBS;.VBE;.JS;.JSE;.WSF;.WSH;.MSC	PROCESSOR_ARCHITECTURE=x86	PROCESSOR_ARCHITEW6432=AMD64	PROCESSOR_IDENTIFIER=Intel64 Family 6 Model 78 Stepping 3, GenuineIntel	PROCESSOR_LEVEL=6	PROCESSOR_REVISION=4e03	ProgramData=C:\ProgramData	ProgramFiles=C:\Program Files (x86)	ProgramFiles(x86)=C:\Program Files (x86)	ProgramW6432=C:\Program Files	PROMPT=$E[m$E[32m$E]9;8;"USERNAME"$E\@$E]9;8;"COMPUTERNAME"$E\$S$E[92m$P$E[90m$_$E[90m$G$E[m$S$E]9;12$E\	PSModulePath=C:\Program Files (x86)\WindowsPowerShell\Modules;C:\WINDOWS\system32\WindowsPowerShell\v1.0\Modules;C:\Program Files (x86)\Google\Cloud SDK\google-cloud-sdk\platform\PowerShell	PUBLIC=C:\Users\Public	SESSIONNAME=Console	SNC_LIB=C:\Program Files (x86)\SAP\FrontEnd\SecureLogin\lib\sapcrypto.dll	SNC_LIB_64=C:\Program Files\SAP\FrontEnd\SecureLogin\lib\sapcrypto.dll	SSF_LIBRARY_PATH=C:\Program Files (x86)\SAP\FrontEnd\SecureLogin\lib\sapcrypto.dll	SSF_LIBRARY_PATH_64=C:\Program Files\SAP\FrontEnd\SecureLogin\lib\sapcrypto.dll	SystemDrive=C:	SystemRoot=C:\WINDOWS	TEMP=C:\Users\D071860\AppData\Local\Temp	TMP=C:\Users\D071860\AppData\Local\Temp	UATDATA=C:\WINDOWS\CCM\UATData\D9F8C395-CAB8-491d-B8AC-179A1FE1BE77	UB_HOME=c:\UnityBase	USERDNSDOMAIN=GLOBAL.CORP.SAP	USERDOMAIN=GLOBAL	USERDOMAIN_ROAMINGPROFILE=GLOBAL	USERNAME=D071860	USERPROFILE=C:\Users\D071860	windir=C:\WINDOWSTubLog 1.18.3488 FTS3 2018-04-16T10:47:0720180416 10470738  ! warn  WebSocket support are disabled because WSServer.host = '' in config
20180416 10470739  !  +    ubServer.TubServer(02DCE5E8).008863DB 
20180416 10470739  !  +    	Init app
20180416 10470739  ! srvr  		FTS is disabled
20180416 10470739  ! info  		Check blob store "avatars" folder "C:\ubProject\CityPortal\avatars\": folder exists
20180416 10470739  ! info  		Check blob store "attach" folder "C:\ubProject\CityPortal\docs\attach\": folder exists
20180416 10470739  !  -    	00.000.448
20180416 10470739  !  +    	Folder C:\ubProject\CityPortal\node_modules\@unitybase\ub\ modified
20180416 10470739  !  +    		ubCommonClasses.TubThreadSafeCache(02DCCB08).removeStartsWith
20180416 10470739  !  -    		00.000.004
20180416 10470739  !  -    	00.000.013
20180416 10470739  !  +    	Folder C:\ubProject\CityPortal\node_modules\@unitybase\uba\ modified
20180416 10470739  !  +    		ubCommonClasses.TubThreadSafeCache(02DCCB08).removeStartsWith
20180416 10470739  !  -    		00.000.000
20180416 10470739  !  -    	00.000.004
20180416 10470739  !  +    	Folder C:\ubProject\CityPortal\node_modules\@unitybase\ubs\ modified
20180416 10470739  !  +    		ubCommonClasses.TubThreadSafeCache(02DCCB08).removeStartsWith
20180416 10470739  !  -    		00.000.000
20180416 10470739  !  -    	00.000.004
20180416 10470739  !  +    	Folder C:\ubProject\CityPortal\node_modules\@unitybase\ubm\ modified
20180416 10470739  !  +    		ubCommonClasses.TubThreadSafeCache(02DCCB08).removeStartsWith
20180416 10470739  !  -    		00.000.000
20180416 10470739  !  -    	00.000.004
20180416 10470739  !  +    	Folder C:\ubProject\CityPortal\_public_only_\ modified
20180416 10470739  !  +    		ubCommonClasses.TubThreadSafeCache(02DCCB08).removeStartsWith
20180416 10470739  !  -    		00.000.000
20180416 10470739  !  -    	00.000.003
20180416 10470739  !  +    	Folder C:\ubProject\CityPortal\node_modules\@unitybase\adminui-reg\ modified
20180416 10470739  !  +    		ubCommonClasses.TubThreadSafeCache(02DCCB08).removeStartsWith
20180416 10470739  !  -    		00.000.001
20180416 10470739  !  -    	00.000.022
20180416 10470739  !  +    	Folder C:\ubProject\CityPortal\models\requests\ modified
20180416 10470739  !  +    		ubCommonClasses.TubThreadSafeCache(02DCCB08).removeStartsWith
20180416 10470739  !  -    		00.000.000
20180416 10470739  !  -    	00.000.006
20180416 10470739  !  +    	ubApp.TubApp(02D33EE0).init
20180416 10470739  ! srvr  		Mime converters are disabled
20180416 10470739  !  -    	00.000.003
20180416 10470739  ! srvr  	Enable zip compresison
20180416 10470739  ! srvr  	Send initialization request to http://localhost:888/init
20180416 10470740  "  +    InitializationRequest
20180416 10470740  "  +    	init
20180416 10470740  " srvr  		Start application intialization...
20180416 10470740  " info  		Loading domain...
20180416 10470740  " info  		Loading model "UB" from "C:\ubProject\CityPortal\node_modules\@unitybase\ub\"
20180416 10470740  " info  		Loading model "UBA" from "C:\ubProject\CityPortal\node_modules\@unitybase\uba\"
20180416 10470741  " info  		Loading model "UBS" from "C:\ubProject\CityPortal\node_modules\@unitybase\ubs\"
20180416 10470742  " info  		Loading model "UBM" from "C:\ubProject\CityPortal\node_modules\@unitybase\ubm\"
20180416 10470743  " info  		Loading model "adminui-reg" from "C:\ubProject\CityPortal\node_modules\@unitybase\adminui-reg\"
20180416 10470743  " info  		Loading model "RequestList" from "C:\ubProject\CityPortal\models\requests\"
20180416 10470743  "  +    		ubApp.TubDataStore(042341B8).Init
20180416 10470743  "  +    			ubApp.TubApp(02D33EE0).DBExecute
20180416 10470743  "  +    				ubApp.TubApp(02D33EE0).TubApp.InternalDBExecute
20180416 10470743  "  +    					00856EC2 
20180416 10470743  "  -    					00.002.686
20180416 10470743  " SQL   					ubDBSQLite3ThreadSafe.TubSQLite3Statement(02DE6EB0) PRAGMA foreign_keys = ON
20180416 10470743  " SQL   					ubDBSQLite3ThreadSafe.TubSQLite3Statement(02DE68B0) SELECT A01.ID,A01.entity,A01.state,A01.attribute,A01.roleName,A01.actions  FROM uba_als A01  ORDER BY A01.entity ASC
20180416 10470743  "  -    				00.002.803
20180416 10470743  "  -    			00.002.860
20180416 10470743  " debug 			Query result for entity "uba_als" into data name "": row count=0
20180416 10470743  "  -    		00.002.901
20180416 10470743  " srvr  		The domain loaded successfully with 0 entities
20180416 10470743  " debug 		Create new JavaScript Engine for thread 67552
20180416 10470756  "  +    		008C234A 
20180416 10470756  "  +    			ubApp.TubDataStore(0570A7F8).Init
20180416 10470756  "  +    				ubApp.TubApp(02D33EE0).DBExecute
20180416 10470756  "  +    					ubApp.TubApp(02D33EE0).TubApp.InternalDBExecute
20180416 10470756  " SQL   						ubDBSQLite3ThreadSafe.TubSQLite3Statement(02DE7210) SELECT A01.ID,A01.name,A01.sessionTimeout,A01.allowedAppMethods  FROM uba_role A01 
20180416 10470756  "  -    					00.000.059
20180416 10470756  "  -    				00.000.136
20180416 10470756  " debug 				Query result for entity "uba_role" into data name "": row count=9
20180416 10470756  "  -    			00.000.147
20180416 10470756  "  +    			ubApp.TubDataStore(0570A870).Init
20180416 10470756  "  +    				ubApp.TubApp(02D33EE0).DBExecute
20180416 10470756  "  +    					ubApp.TubApp(02D33EE0).TubApp.InternalDBExecute
20180416 10470756  " SQL   						ubDBSQLite3ThreadSafe.TubSQLite3Statement(02DE71B0) SELECT A01.ID,A01.entityMask,A01.methodMask,A01.ruleType,A01.ruleRole,A01.disabled,A01.code  FROM uba_els A01 
20180416 10470756  "  -    					00.000.029
20180416 10470756  "  -    				00.000.209
20180416 10470756  " debug 				Query result for entity "uba_els" into data name "": row count=88
20180416 10470756  "  -    			00.000.236
20180416 10470756  "  -    		00.002.169
20180416 10470756  " auth  		New session admin/149101113 created at 127.0.0.1/-216172767618268974 using Mozilla/5.0 (Windows; mORMot 1.18 TWinHTTP)
20180416 10470756  " auth  		New session anonymous/149101112 created at 127.0.0.1/-216172767618268974 using Mozilla/5.0 (Windows; mORMot 1.18 TWinHTTP)
20180416 10470756  "  +    		ubApp.TubDataStore(0570A9D8).Init
20180416 10470756  "  +    			ubApp.TubApp(02D33EE0).DBExecute
20180416 10470756  "  +    				ubApp.TubApp(02D33EE0).TubApp.InternalDBExecute
20180416 10470756  " debug 					P1: String(34)	UBA.passwordPolicy.maxDurationDays
20180416 10470756  " SQL   					ubDBSQLite3ThreadSafe.TubSQLite3Statement(02DE72D0) select settingValue from ubs_settings where settingKey =?
20180416 10470756  "  -    				00.000.038
20180416 10470756  "  -    			00.000.078
20180416 10470756  " debug 			Query result for entity "ubs_settings" into data name "": row count=1
20180416 10470756  "  -    		00.000.086
20180416 10470756  "  +    		ubApp.TubDataStore(0570A9D8).Init
20180416 10470756  "  +    			ubApp.TubApp(02D33EE0).DBExecute
20180416 10470756  "  +    				ubApp.TubApp(02D33EE0).TubApp.InternalDBExecute
20180416 10470756  " debug 					P1: String(37)	UBA.passwordPolicy.maxInvalidAttempts
20180416 10470756  " SQL   					ubDBSQLite3ThreadSafe.TubSQLite3Statement(02DE72D0) select settingValue from ubs_settings where settingKey =?
20180416 10470756  "  -    				00.000.006
20180416 10470756  "  -    			00.000.020
20180416 10470756  " debug 			Query result for entity "ubs_settings" into data name "": row count=1
20180416 10470756  "  -    		00.000.029
20180416 10470756  "  -    	00.261.614
20180416 10470756  "  -    00.261.632
20180416 10470756  ! srvr  	ubServer.TubServer(02DCE5E8) {"THttpApiServer(02CFA990)":{"Cloned":false,"RegisteredUrl":"http://+:888/","HTTPQueueLength":1000,"MaxBandwidth":-1,"MaxConnections":-1,"APIVersion":"HTTP API 2.0","ServerName":"UnityBase","ProcessName":""}} initialized
20180416 10470756  !  -    00.286.005
20180416 10471044  "  +    logout
20180416 10471044  " http  	127.0.0.1 -> POST logout
20180416 10471044  " http  	{}
20180416 10471044  " http  	<- 401
20180416 10471044  "  -    00.000.032
20180416 10471045  #  +    adm
20180416 10471045  # http  	127.0.0.1 -> GET adm
20180416 10471045  # debug 	Create new JavaScript Engine for thread 66616
20180416 10471059  # call  	endpoint adm
20180416 10471059  #  +    	ubApp.TubApp(02D33EE0).008CA69A 
20180416 10471059  # debug 		FOLDER_CHECKSUM: calc folder checksum C:\ubProject\CityPortal\node_modules\@unitybase\ub\public\
20180416 10471059  # debug 		FOLDER_CHECKSUM: put folder checksum 00157f1fae1f03ef6a703e934be7d698 to UB_STATIC.checkSum_C:\ubProject\CityPortal\node_modules\@unitybase\ub\public\
20180416 10471059  #  -    	00.004.613
20180416 10471059  #  +    	ubApp.TubApp(02D33EE0).008CA69A 
20180416 10471059  # debug 		FOLDER_CHECKSUM: calc folder checksum C:\ubProject\CityPortal\node_modules\@unitybase\uba\public\
20180416 10471059  # debug 		FOLDER_CHECKSUM: put folder checksum a32940308a4662e5435a97adb22e235d to UB_STATIC.checkSum_C:\ubProject\CityPortal\node_modules\@unitybase\uba\public\
20180416 10471059  #  -    	00.005.081
20180416 10471059  #  +    	ubApp.TubApp(02D33EE0).008CA69A 
20180416 10471059  # debug 		FOLDER_CHECKSUM: calc folder checksum C:\ubProject\CityPortal\node_modules\@unitybase\ubs\public\
20180416 10471061  # debug 		FOLDER_CHECKSUM: put folder checksum 9445d97a463c8080c044f9f7cf6ef346 to UB_STATIC.checkSum_C:\ubProject\CityPortal\node_modules\@unitybase\ubs\public\
20180416 10471061  #  -    	00.010.594
20180416 10471061  #  +    	ubApp.TubApp(02D33EE0).008CA69A 
20180416 10471061  # debug 		FOLDER_CHECKSUM: calc folder checksum C:\ubProject\CityPortal\node_modules\@unitybase\ubm\public\
20180416 10471061  # debug 		FOLDER_CHECKSUM: put folder checksum bacdd89397de7f489251bac7d5d4b21d to UB_STATIC.checkSum_C:\ubProject\CityPortal\node_modules\@unitybase\ubm\public\
20180416 10471061  #  -    	00.013.375
20180416 10471061  #  +    	ubApp.TubApp(02D33EE0).008CA69A 
20180416 10471061  # debug 		FOLDER_CHECKSUM: calc folder checksum C:\ubProject\CityPortal\node_modules\@unitybase\ub-pub\
20180416 10471061  # debug 		FOLDER_CHECKSUM: put folder checksum cbdc3e54b9e8fec97c835c258b8ab6ad to UB_STATIC.checkSum_C:\ubProject\CityPortal\node_modules\@unitybase\ub-pub\
20180416 10471061  #  -    	00.005.186
20180416 10471061  #  +    	ubApp.TubApp(02D33EE0).008CA69A 
20180416 10471061  # debug 		FOLDER_CHECKSUM: calc folder checksum C:\ubProject\CityPortal\node_modules\@unitybase\adminui-pub\
20180416 10471113  # debug 		FOLDER_CHECKSUM: put folder checksum d8933199bb724b06e155d3bbe71a5c41 to UB_STATIC.checkSum_C:\ubProject\CityPortal\node_modules\@unitybase\adminui-pub\
20180416 10471113  #  -    	00.214.796
20180416 10471113  #  +    	ubApp.TubApp(02D33EE0).008CA69A 
20180416 10471113  # debug 		FOLDER_CHECKSUM: calc folder checksum C:\ubProject\CityPortal\node_modules\@unitybase\adminui-reg\public\
20180416 10471113  # debug 		FOLDER_CHECKSUM: put folder checksum f1d3ff8443297732862df21dc4e57262 to UB_STATIC.checkSum_C:\ubProject\CityPortal\node_modules\@unitybase\adminui-reg\public\
20180416 10471113  #  -    	00.000.064
20180416 10471113  #  +    	ubApp.TubApp(02D33EE0).008CA69A 
20180416 10471113  # debug 		FOLDER_CHECKSUM: calc folder checksum C:\ubProject\CityPortal\models\requests\public\
20180416 10471113  # debug 		FOLDER_CHECKSUM: put folder checksum 1a2c43f9467ec93625d63e40bf0b138b to UB_STATIC.checkSum_C:\ubProject\CityPortal\models\requests\public\
20180416 10471113  #  -    	00.002.225
20180416 10471113  #  +    	ubApp.TubApp(02D33EE0).008CA69A 
20180416 10471113  # debug 		FOLDER_CHECKSUM: calc folder checksum C:\ubProject\CityPortal\node_modules\@ub-e\ube-pub\
20180416 10471116  # debug 		FOLDER_CHECKSUM: put folder checksum 2db818642c99b24f096f9d6210ab1680 to UB_STATIC.checkSum_C:\ubProject\CityPortal\node_modules\@ub-e\ube-pub\
20180416 10471116  #  -    	00.051.274
20180416 10471117  # ERROR 	invalid path models/adminui-pub/themes/UBGrayTheme/UBGrayTheme-all.css 
20180416 10471117  #  +    	ubApp.TubApp(02D33EE0).008CA40C 
20180416 10471117  # debug 		STATIC_SCECKSUM: Calc file checksum 
20180416 10471117  # debug 		STATIC_SCECKSUM: put file checksum d41d8cd98f00b204e9800998ecf8427e to UB_STATIC.checkSum_
20180416 10471117  #  -    	00.000.059
20180416 10471117  # ERROR 	invalid path models/adminui-pub/ub-css-all.css 
20180416 10471117  # ERROR 	invalid path models/adminui-pub/themes/UBGrayTheme/ub.css 
20180416 10471117  # ERROR 	invalid path clientRequire/systemjs/dist/system.js 
20180416 10471117  # ERROR 	invalid path models/adminui-pub/dist/ext-all.min.js 
20180416 10471117  # info  	Generate index.mustache from template C:\ubProject\CityPortal\node_modules\@unitybase\adminui-pub\index.mustache 
20180416 10471117  # http  	127.0.0.1 <- 200
20180416 10471117  #  -    00.558.954
20180416 10471123  $  +    models/adminui-pub/themes/UBGrayTheme/UBGrayTheme-all.css?ver=d41d8cd98f00b204e9800998ecf8427e
20180416 10471123  $ http  	127.0.0.1 -> GET models/adminui-pub/themes/UBGrayTheme/UBGrayTheme-all.css?ver=d41d8cd98f00b204e9800998ecf8427e
20180416 10471123  $ debug 	Create new JavaScript Engine for thread 66592
20180416 10471123  %  +    models/adminui-pub/ub-css-all.css?ver=d41d8cd98f00b204e9800998ecf8427e
20180416 10471123  % http  	127.0.0.1 -> GET models/adminui-pub/ub-css-all.css?ver=d41d8cd98f00b204e9800998ecf8427e
20180416 10471123  &  +    clientRequire/font-awesome/css/font-awesome.min.css
20180416 10471123  & http  	127.0.0.1 -> GET clientRequire/font-awesome/css/font-awesome.min.css
20180416 10471123  '  +    models/adminui-pub/themes/UBGrayTheme/ub.css?ver=d41d8cd98f00b204e9800998ecf8427e
20180416 10471123  ' http  	127.0.0.1 -> GET models/adminui-pub/themes/UBGrayTheme/ub.css?ver=d41d8cd98f00b204e9800998ecf8427e
20180416 10471123  (  +    clientRequire/es6-promise/dist/es6-promise.auto.min.js
20180416 10471123  ( http  	127.0.0.1 -> GET clientRequire/es6-promise/dist/es6-promise.auto.min.js
20180416 10471123  )  +    clientRequire/systemjs/dist/system.js?ver=d41d8cd98f00b204e9800998ecf8427e
20180416 10471123  ) http  	127.0.0.1 -> GET clientRequire/systemjs/dist/system.js?ver=d41d8cd98f00b204e9800998ecf8427e
20180416 10471128  % debug 	Create new JavaScript Engine for thread 66620
20180416 10471132  & debug 	Create new JavaScript Engine for thread 66632
20180416 10471137  ' debug 	Create new JavaScript Engine for thread 66628
20180416 10471142  ( debug 	Create new JavaScript Engine for thread 66624
20180416 10471148  ) debug 	Create new JavaScript Engine for thread 66644
20180416 10471155  % call  	endpoint models
20180416 10471157  $ call  	endpoint models
20180416 10471160  % http  	127.0.0.1 <- 200
20180416 10471160  %  -    00.599.278
20180416 10471202  "  +    models/adminui-pub/dist/ext-all.min.js?ver=d41d8cd98f00b204e9800998ecf8427e
20180416 10471202  " http  	127.0.0.1 -> GET models/adminui-pub/dist/ext-all.min.js?ver=d41d8cd98f00b204e9800998ecf8427e
20180416 10471202  " call  	endpoint models
20180416 10471203  $ http  	127.0.0.1 <- 200
20180416 10471203  $  -    00.682.194
20180416 10471204  & call  	endpoint clientRequire
20180416 10471204  & info  	Call clientRequire 
20180416 10471209  ' call  	endpoint models
20180416 10471212  " http  	127.0.0.1 <- 200
20180416 10471212  "  -    00.153.262
20180416 10471214  ( call  	endpoint clientRequire
20180416 10471214  ( info  	Call clientRequire 
20180416 10471215  ' http  	127.0.0.1 <- 200
20180416 10471215  '  -    00.870.718
20180416 10471215  & http  	127.0.0.1 <- 200
20180416 10471215  &  -    00.875.257
20180416 10471217  ) call  	endpoint clientRequire
20180416 10471217  ) info  	Call clientRequire 
20180416 10471219  ( http  	127.0.0.1 <- 200
20180416 10471219  (  -    00.938.236
20180416 10471220  #  +    clientRequire/font-awesome/fonts/fontawesome-webfont.woff2?v=4.7.0
20180416 10471220  # http  	127.0.0.1 -> GET clientRequire/font-awesome/fonts/fontawesome-webfont.woff2?v=4.7.0
20180416 10471220  # call  	endpoint clientRequire
20180416 10471220  # info  	Call clientRequire 
20180416 10471222  ) http  	127.0.0.1 <- 200
20180416 10471222  )  -    00.981.833
20180416 10471225  # http  	127.0.0.1 <- 200
20180416 10471225  #  -    00.078.642
20180416 10471242  %  +    clientRequire/@unitybase/adminui-pub/package.json
20180416 10471242  % http  	127.0.0.1 -> GET clientRequire/@unitybase/adminui-pub/package.json
20180416 10471242  % call  	endpoint clientRequire
20180416 10471242  % info  	Call clientRequire 
20180416 10471242  % http  	127.0.0.1 <- 200
20180416 10471242  %  -    00.002.404
20180416 10471243  $  +    clientRequire/@unitybase/adminui-pub/dist/adminui.app.min.js
20180416 10471243  $ http  	127.0.0.1 -> GET clientRequire/@unitybase/adminui-pub/dist/adminui.app.min.js
20180416 10471243  $ call  	endpoint clientRequire
20180416 10471243  $ info  	Call clientRequire 
20180416 10471243  $ http  	127.0.0.1 <- 200
20180416 10471243  $  -    00.003.334
20180416 10471247  &  +    models/UB/img/UBLogo32.png
20180416 10471247  & http  	127.0.0.1 -> GET models/UB/img/UBLogo32.png
20180416 10471247  & call  	endpoint models
20180416 10471247  & http  	127.0.0.1 <- 200
20180416 10471247  &  -    00.001.915
20180416 10471248  '  +    models/UB/img/UBLogo48.png
20180416 10471248  ' http  	127.0.0.1 -> GET models/UB/img/UBLogo48.png
20180416 10471248  ' call  	endpoint models
20180416 10471248  ' http  	127.0.0.1 <- 200
20180416 10471248  '  -    00.000.710
20180416 10471259  "  +    getAppInfo
20180416 10471259  " http  	127.0.0.1 -> GET getAppInfo
20180416 10471259  " call  	endpoint getAppInfo
20180416 10471259  " http  	127.0.0.1 <- 304
20180416 10471259  "  -    00.000.754
20180416 10471259  (  +    clientRequire/@unitybase/adminui-pub/themes/UBGrayTheme/UBGrayTheme.js
20180416 10471259  ( http  	127.0.0.1 -> GET clientRequire/@unitybase/adminui-pub/themes/UBGrayTheme/UBGrayTheme.js
20180416 10471259  ( call  	endpoint clientRequire
20180416 10471259  ( info  	Call clientRequire 
20180416 10471259  ( http  	127.0.0.1 <- 200
20180416 10471259  (  -    00.003.147
20180416 10471259  )  +    models/UB/img/UBLogo128.png
20180416 10471259  ) http  	127.0.0.1 -> GET models/UB/img/UBLogo128.png
20180416 10471259  ) call  	endpoint models
20180416 10471259  ) http  	127.0.0.1 <- 200
20180416 10471259  )  -    00.003.218
20180416 10471259  #  +    models/adminui-pub/locale/lang-en.js?ubver=d8933199bb724b06e155d3bbe71a5c41
20180416 10471259  # http  	127.0.0.1 -> GET models/adminui-pub/locale/lang-en.js?ubver=d8933199bb724b06e155d3bbe71a5c41
20180416 10471259  # call  	endpoint models
20180416 10471259  # http  	127.0.0.1 <- 200
20180416 10471259  #  -    00.001.425
20180416 10471300  %  +    models/adminui-pub/themes/UBGrayTheme/images/form/exclamation.png
20180416 10471300  % http  	127.0.0.1 -> GET models/adminui-pub/themes/UBGrayTheme/images/form/exclamation.png
20180416 10471300  % call  	endpoint models
20180416 10471300  % http  	127.0.0.1 <- 200
20180416 10471300  %  -    00.000.802
20180416 10471926  $  +    auth?AUTHTYPE=UB&userName=ed_user
20180416 10471926  $ http  	127.0.0.1 -> POST auth?AUTHTYPE=UB&userName=ed_user
20180416 10471926  $ call  	endpoint auth
20180416 10471926  $ http  	127.0.0.1 <- 200
20180416 10471926  $  -    00.004.092
20180416 10471926  &  +    auth?AUTHTYPE=UB&clientNonce=934fd7b94041b05c87bb45b1fa37cf813fecadb86dcf5a2f361e832a85809af4&password=68cae430d7c53cbc6161ad4763994d3fd586513d52989a7093056d4a0d91cfed&userName=ed_user
20180416 10471926  & http  	127.0.0.1 -> POST auth?AUTHTYPE=UB&clientNonce=934fd7b94041b05c87bb45b1fa37cf813fecadb86dcf5a2f361e832a85809af4&password=68cae430d7c53cbc6161ad4763994d3fd586513d52989a7093056d4a0d91cfed&userName=ed_user
20180416 10471926  & call  	endpoint auth
20180416 10471926  &  +    	ubApp.TubDataStore(0570DC28).Init
20180416 10471926  &  +    		ubApp.TubApp(02D33EE0).DBExecute
20180416 10471926  &  +    			ubApp.TubApp(02D33EE0).TubApp.InternalDBExecute
20180416 10471926  &  +    				00856EC2 
20180416 10471926  &  -    				00.002.244
20180416 10471926  & SQL   				ubDBSQLite3ThreadSafe.TubSQLite3Statement(02DE9130) PRAGMA foreign_keys = ON
20180416 10471926  & debug 				P1: String(7)	ed_user
20180416 10471926  & SQL   				ubDBSQLite3ThreadSafe.TubSQLite3Statement(02DE76F0) select id, name, uPasswordHashHexa, uData, isPending, trustedIP from UBA_USER where name=? and disabled=0
20180416 10471926  &  -    			00.002.290
20180416 10471926  &  -    		00.002.336
20180416 10471926  & debug 		Query result for entity "uba_user" into data name "": row count=1
20180416 10471926  &  -    	00.002.353
20180416 10471926  &  +    	ubApp.TubDataStore(0570DC28).Init
20180416 10471926  &  +    		ubApp.TubApp(02D33EE0).DBExecute
20180416 10471926  &  +    			ubApp.TubApp(02D33EE0).TubApp.InternalDBExecute
20180416 10471926  & debug 				P1: Int64		335786442293249
20180416 10471926  & SQL   				ubDBSQLite3ThreadSafe.TubSQLite3Statement(02DE91F0) SELECT lastPasswordChangeDate FROM uba_user WHERE id=?
20180416 10471926  &  -    			00.000.019
20180416 10471926  &  -    		00.000.043
20180416 10471926  & debug 		Query result for entity "uba_user" into data name "__expireDate": row count=1
20180416 10471926  &  -    	00.000.050
20180416 10471926  &  +    	ubApp.TubDataStore(06CA6C20).Init
20180416 10471926  &  +    		ubApp.TubApp(02D33EE0).DBExecute
20180416 10471926  &  +    			ubApp.TubApp(02D33EE0).TubApp.InternalDBExecute
20180416 10471926  & debug 				P1: Int64		335786442293249
20180416 10471926  & SQL   				ubDBSQLite3ThreadSafe.TubSQLite3Statement(02DE92B0) SELECT A01.roleID,A02.name,A02.description  FROM uba_userrole A01  INNER JOIN uba_role A02 ON A02.ID=A01.roleID  WHERE A01.userID=?
20180416 10471926  &  -    			00.000.038
20180416 10471926  &  -    		00.000.076
20180416 10471926  & debug 		Query result for entity "uba_userrole" into data name "": row count=1
20180416 10471926  &  -    	00.000.083
20180416 10471926  & auth  	New session ed_user/149101115 created at 127.0.0.1/-72057588132347037 using Mozilla/5.0 (Windows NT 10.0; Win64; x64) AppleWebKit/537.36 (KHTML, like Gecko) Chrome/65.0.3325.181 Safari/537.36
20180416 10471926  &  +    	ubMixinClasses.TubStorageMixin(02D842C0).MixinMethod
20180416 10471926  & debug 		uba_user.select(TubStorageMixin)
20180416 10471926  &  +    		ubApp.TubDataStore(06CA6C20).Init
20180416 10471926  &  +    			ubApp.TubApp(02D33EE0).DBExecute
20180416 10471926  &  +    				ubApp.TubApp(02D33EE0).TubApp.InternalDBExecute
20180416 10471926  & debug 					P1: Int64		335786442293249
20180416 10471926  & SQL   					ubDBSQLite3ThreadSafe.TubSQLite3Statement(02DE93D0) SELECT A01.name  FROM uba_user A01  WHERE A01.ID=?
20180416 10471926  &  -    				00.000.052
20180416 10471926  &  -    			00.000.098
20180416 10471926  & debug 			Query result for entity "uba_user" into data name "": row count=1
20180416 10471926  &  -    		00.000.108
20180416 10471926  &  -    	00.000.170
20180416 10471926  &  +    	ubMixinClasses.TubStorageMixin(02D842C0).MixinMethod
20180416 10471926  & debug 		uba_advSecurity.select(TubStorageMixin)
20180416 10471926  &  +    		ubApp.TubDataStore(06CA6C20).Init
20180416 10471926  &  +    			ubApp.TubApp(02D33EE0).DBExecute
20180416 10471926  &  +    				ubApp.TubApp(02D33EE0).TubApp.InternalDBExecute
20180416 10471926  & debug 					P1: Int64		335786442293249
20180416 10471926  & SQL   					ubDBSQLite3ThreadSafe.TubSQLite3Statement(02DE9430) SELECT A01.ID,A01.allowedIP,A01.refreshIP,A01.fp,A01.refreshFp,A01.keyMediaName,A01.refreshKeyMedia,A01.mi_modifyDate  FROM uba_advSecurity A01  WHERE A01.userID=?
20180416 10471926  &  -    				00.000.082
20180416 10471926  &  -    			00.000.148
20180416 10471926  & debug 			Query result for entity "uba_advSecurity" into data name "": row count=0
20180416 10471926  &  -    		00.000.161
20180416 10471926  &  -    	00.000.352
20180416 10471926  &  +    	ubMixinClasses.TubStorageMixin(02D842C0).MixinMethod
20180416 10471926  & debug 		uba_userrole.select(TubStorageMixin)
20180416 10471926  &  +    		ubApp.TubDataStore(06CA6C20).Init
20180416 10471926  &  +    			ubApp.TubApp(02D33EE0).DBExecute
20180416 10471926  &  +    				ubApp.TubApp(02D33EE0).TubApp.InternalDBExecute
20180416 10471926  & debug 					P1: Int64		335786442293249
20180416 10471926  & SQL   					ubDBSQLite3ThreadSafe.TubSQLite3Statement(02DE9490) SELECT A01.ID,A02.name,A01.roleID  FROM uba_userrole A01  INNER JOIN uba_role A02 ON A02.ID=A01.roleID  WHERE A01.userID=?
20180416 10471926  &  -    				00.000.064
20180416 10471926  &  -    			00.000.140
20180416 10471926  & debug 			Query result for entity "uba_userrole" into data name "": row count=1
20180416 10471926  &  -    		00.000.150
20180416 10471926  &  -    	00.000.300
20180416 10471926  &  +    	ubMixinClasses.TubStorageMixin(02D842C0).MixinMethod
20180416 10471926  & debug 		uba_audit.beforeinsert(TubStorageMixin)
20180416 10471926  &  -    	00.000.009
20180416 10471926  &  +    	ubMixinClasses.TubStorageMixin(02D842C0).MixinMethod
20180416 10471926  & debug 		uba_audit.insert(TubStorageMixin)
20180416 10471926  &  +    		ubApp.TubDataStore(06C9C658).TubDataStore.ExecuteInsertFromList
20180416 10471926  &  +    			ubApp.TubDataStore(06C9C658).TubDataStore.ExecuteInsertFromSQL
20180416 10471926  &  +    				ubApp.TubApp(02D33EE0).DBExecute
20180416 10471926  &  +    					ubApp.TubApp(02D33EE0).TubApp.InternalDBExecute
20180416 10471926  & debug 						P1: String(8)	uba_user
20180416 10471926  & debug 						P2: Int64		335786442293249
20180416 10471926  & debug 						P3: String(5)	LOGIN
20180416 10471926  & debug 						P4: Int64		335786442293249
20180416 10471926  & debug 						P5: DateTime	2018-04-16T10:47:19
20180416 10471926  & debug 						P6: String(9)	127.0.0.1
20180416 10471926  & debug 						P7: String(7)	ed_user
20180416 10471926  & debug 						P8: String(0)	
20180416 10471926  & debug 						P9: Int64		335793570185217
20180416 10471926  & debug 						P10: String(556..)	Connection: keep-alive  Content-Length: 0  Accept: application/json, text/plain, */*  Accept-Encodin...
20180416 10471926  & DB    						StartTransaction for connection "main"
20180416 10471926  & SQL   						ubDBSQLite3ThreadSafe.TubSQLite3Statement(02DE9550) INSERT INTO uba_audit (entity,entityinfo_id,actionType,actionUser,actionTime,remoteIP,targetUser,targetRole,ID,fromValue) VALUES (?,?,?,?,?,?,?,?,?,?)
20180416 10471926  &  -    					00.000.153
20180416 10471926  &  -    				00.000.156
20180416 10471926  &  -    			00.000.247
20180416 10471926  &  -    		00.000.257
20180416 10471926  &  -    	00.000.260
20180416 10471926  &  +    	ubMixinClasses.TubStorageMixin(02D842C0).MixinMethod
20180416 10471926  & debug 		uba_audit.afterinsert(TubStorageMixin)
20180416 10471926  &  -    	00.000.003
20180416 10471926  & DB    	Commit connection "main"
20180416 10471926  & http  	127.0.0.1 <- 200
20180416 10471926  &  -    00.009.735
20180416 10471927  '  +    getDomainInfo?userName=ed_user&v=4
20180416 10471927  ' http  	127.0.0.1 -> GET getDomainInfo?userName=ed_user&v=4
20180416 10471927  ' auth  	ed_user/149101115
20180416 10471927  ' call  	endpoint getDomainInfo
20180416 10471927  ' http  	127.0.0.1 <- 200
20180416 10471927  '  -    00.001.563
20180416 10471929  "  +    models/UB/locale/lang-en.js?ubver=00157f1fae1f03ef6a703e934be7d698
20180416 10471929  " http  	127.0.0.1 -> GET models/UB/locale/lang-en.js?ubver=00157f1fae1f03ef6a703e934be7d698
20180416 10471929  " call  	endpoint models
20180416 10471929  (  +    models/UBA/locale/lang-en.js?ubver=a32940308a4662e5435a97adb22e235d
20180416 10471929  ( http  	127.0.0.1 -> GET models/UBA/locale/lang-en.js?ubver=a32940308a4662e5435a97adb22e235d
20180416 10471929  ( call  	endpoint models
20180416 10471929  " http  	127.0.0.1 <- 200
20180416 10471929  "  -    00.001.057
20180416 10471929  )  +    models/UBS/locale/lang-en.js?ubver=9445d97a463c8080c044f9f7cf6ef346
20180416 10471929  ) http  	127.0.0.1 -> GET models/UBS/locale/lang-en.js?ubver=9445d97a463c8080c044f9f7cf6ef346
20180416 10471929  ) call  	endpoint models
20180416 10471929  #  +    models/UBM/locale/lang-en.js?ubver=bacdd89397de7f489251bac7d5d4b21d
20180416 10471929  # http  	127.0.0.1 -> GET models/UBM/locale/lang-en.js?ubver=bacdd89397de7f489251bac7d5d4b21d
20180416 10471929  # call  	endpoint models
20180416 10471929  ) http  	127.0.0.1 <- 200
20180416 10471929  )  -    00.000.956
20180416 10471929  # http  	127.0.0.1 <- 200
20180416 10471929  #  -    00.002.427
20180416 10471929  ( http  	127.0.0.1 <- 200
20180416 10471929  (  -    00.005.005
20180416 10471929  %  +    clientRequire/@unitybase/ubs/package.json
20180416 10471929  % http  	127.0.0.1 -> GET clientRequire/@unitybase/ubs/package.json
20180416 10471929  % call  	endpoint clientRequire
20180416 10471929  % info  	Call clientRequire 
20180416 10471929  % http  	127.0.0.1 <- 200
20180416 10471929  %  -    00.001.031
20180416 10471929  $  +    clientRequire/@unitybase/ubs/public/initModel.js
20180416 10471929  $ http  	127.0.0.1 -> GET clientRequire/@unitybase/ubs/public/initModel.js
20180416 10471929  $ call  	endpoint clientRequire
20180416 10471929  $ info  	Call clientRequire 
20180416 10471930  $ http  	127.0.0.1 <- 200
20180416 10471930  $  -    00.001.652
20180416 10471930  &  +    clientRequire/@unitybase/ubs/public/dist/ubs.main.min.js?ubver=2018-04-16T12:47:07
20180416 10471930  & http  	127.0.0.1 -> GET clientRequire/@unitybase/ubs/public/dist/ubs.main.min.js?ubver=2018-04-16T12:47:07
20180416 10471930  & call  	endpoint clientRequire
20180416 10471930  & info  	Call clientRequire 
20180416 10471930  '  +    clientRequire/@unitybase/ubm/package.json
20180416 10471930  ' http  	127.0.0.1 -> GET clientRequire/@unitybase/ubm/package.json
20180416 10471930  ' call  	endpoint clientRequire
20180416 10471930  & http  	127.0.0.1 <- 200
20180416 10471930  &  -    00.001.645
20180416 10471930  ' info  	Call clientRequire 
20180416 10471930  ' http  	127.0.0.1 <- 200
20180416 10471930  '  -    00.002.116
20180416 10471932  "  +    clientRequire/@unitybase/ubm/public/initModel.js
20180416 10471932  " http  	127.0.0.1 -> GET clientRequire/@unitybase/ubm/public/initModel.js
20180416 10471932  " call  	endpoint clientRequire
20180416 10471932  " info  	Call clientRequire 
20180416 10471932  " http  	127.0.0.1 <- 200
20180416 10471932  "  -    00.001.708
20180416 10471932  )  +    clientRequire/@ub-e/ube-pub/package.json
20180416 10471932  ) http  	127.0.0.1 -> GET clientRequire/@ub-e/ube-pub/package.json
20180416 10471932  ) call  	endpoint clientRequire
20180416 10471932  ) info  	Call clientRequire 
20180416 10471932  ) http  	127.0.0.1 <- 200
20180416 10471932  )  -    00.001.028
20180416 10471932  #  +    clientRequire/@ub-e/ube-pub/initModel.js
20180416 10471932  # http  	127.0.0.1 -> GET clientRequire/@ub-e/ube-pub/initModel.js
20180416 10471932  # call  	endpoint clientRequire
20180416 10471932  # info  	Call clientRequire 
20180416 10471932  # http  	127.0.0.1 <- 200
20180416 10471932  #  -    00.001.732
20180416 10471933  (  +    ubql
20180416 10471933  ( http  	127.0.0.1 -> POST ubql
20180416 10471933  ( http  	[{"entity":"ubs_settings","method":"select","fieldList":["ID","settingKey","name","description","type","settingValue","defaultValue"],"version":"1523736113"}]
20180416 10471933  ( auth  	ed_user/149101115
20180416 10471933  ( call  	endpoint ubql
20180416 10471933  (  +    	ubMixinClasses.TubStorageMixin(02D842C0).MixinMethod
20180416 10471933  ( debug 		ubs_settings.select(TubStorageMixin)
20180416 10471933  (  +    		ubApp.TubDataStore(06CA5370).Init
20180416 10471933  (  +    			ubApp.TubApp(02D33EE0).DBExecute
20180416 10471933  (  +    				ubApp.TubApp(02D33EE0).TubApp.InternalDBExecute
20180416 10471933  (  +    					00856EC2 
20180416 10471933  (  -    					00.003.587
20180416 10471933  ( SQL   					ubDBSQLite3ThreadSafe.TubSQLite3Statement(02DE9C70) PRAGMA foreign_keys = ON
20180416 10471933  ( SQL   					ubDBSQLite3ThreadSafe.TubSQLite3Statement(02DE9610) SELECT ( (SELECT COALESCE(strftime('%s',  MAX(mi_modifyDate)),1) FROM ubs_settings) ) AS dataVersion
20180416 10471933  (  -    				00.003.656
20180416 10471933  (  -    			00.003.728
20180416 10471933  ( debug 			Query result for entity "ubs_settings" into data name "": row count=1
20180416 10471933  (  -    		00.003.739
20180416 10471933  (  -    	00.003.853
20180416 10471933  ( http  	127.0.0.1 <- 200
20180416 10471933  (  -    00.004.722
20180416 10471935  %  +    ubql
20180416 10471935  % http  	127.0.0.1 -> POST ubql
20180416 10471935  % http  	[{"entity":"ubm_desktop","method":"select","fieldList":["ID","caption","code","url","isDefault","mi_owner","mi_createDate","mi_createUser","mi_modifyDate","mi_modifyUser","mi_deleteDate","mi_deleteUser"],"version":"-1"},{"entity":"ubm_form","method":"select","fieldList":["ID","code","description","caption","formType","formDef","formCode","model","entity","isDefault","mi_owner","mi_createDate","mi_createUser","mi_modifyDate","mi_modifyUser"],"version":2110448184},{"entity":"ubm_enum","method":"select","fieldList":["ID","eGroup","code","shortName","name","sortOrder","mi_owner","mi_createDate","mi_createUser","mi_modifyDate","mi_modifyUser","mi_deleteDate","mi_deleteUser"],"version":"1523803103"}]
20180416 10471935  % auth  	ed_user/149101115
20180416 10471935  % call  	endpoint ubql
20180416 10471935  %  +    	ubMixinClasses.TubRLSMixin(02D84E20).MixinMethod
20180416 10471935  % debug 		ubm_desktop.select(TubRLSMixin)
20180416 10471935  % debug 		Prepare RLS expression for ubm_desktop
20180416 10471935  %  +    		ubApp.TubDataStore(06CA6F40).Init
20180416 10471935  %  +    			ubApp.TubApp(02D33EE0).DBExecute
20180416 10471935  %  +    				ubApp.TubApp(02D33EE0).TubApp.InternalDBExecute
20180416 10471935  %  +    					00856EC2 
20180416 10471935  %  -    					00.002.346
20180416 10471935  % SQL   					ubDBSQLite3ThreadSafe.TubSQLite3Statement(02DEA210) PRAGMA foreign_keys = ON
20180416 10471935  % SQL   					ubDBSQLite3ThreadSafe.TubSQLite3Statement(02DE9370) select ID, name FROM uba_role
20180416 10471935  %  -    				00.002.376
20180416 10471935  %  -    			00.002.414
20180416 10471935  % debug 			Query result for entity "uba_role" into data name "": row count=9
20180416 10471935  %  -    		00.002.425
20180416 10471935  %  -    	00.003.490
20180416 10471935  %  +    	ubMixinClasses.TubStorageMixin(02D842C0).MixinMethod
20180416 10471935  % debug 		ubm_desktop.select(TubStorageMixin)
20180416 10471935  %  +    		ubApp.TubDataStore(06CA5370).Init
20180416 10471935  %  +    			ubApp.TubApp(02D33EE0).DBExecute
20180416 10471935  %  +    				ubApp.TubApp(02D33EE0).TubApp.InternalDBExecute
20180416 10471935  % debug 					P1: Int64		335786442293249
20180416 10471935  % debug 					P2: Int64		335786442293249
20180416 10471935  % debug 					P3: DateTime	9999-12-31T00:00:00
20180416 10471935  % SQL   					ubDBSQLite3ThreadSafe.TubSQLite3Statement(02DEA330) SELECT A01.ID,A01.caption,A01.code,A01.url,A01.isDefault,A01.mi_owner,A01.mi_createDate,A01.mi_createUser,A01.mi_modifyDate,A01.mi_modifyUser,A01.mi_deleteDate,A01.mi_deleteUser  FROM ubm_desktop A01  WHERE (( A01.mi_owner = ? ) OR (0=1) OR exists (select 1 from ubm_desktop_adm admsubtable where admsubtable.instanceID = A01.ID and admsubtable.admSubjID in (select ur.RoleID from uba_userrole ur where ur.UserID = ? union select 335786442293249))) AND A01.mi_deleteDate=?
20180416 10471935  %  -    				00.000.160
20180416 10471935  %  -    			00.000.288
20180416 10471935  % debug 			Query result for entity "ubm_desktop" into data name "": row count=1
20180416 10471935  %  -    		00.000.301
20180416 10471935  %  -    	00.000.476
20180416 10471938  %  +    	ubMixinClasses.TubStorageMixin(02D842C0).MixinMethod
20180416 10471938  % debug 		ubm_enum.select(TubStorageMixin)
20180416 10471938  %  +    		ubApp.TubDataStore(1060D6A0).Init
20180416 10471938  %  +    			ubApp.TubApp(02D33EE0).DBExecute
20180416 10471938  %  +    				ubApp.TubApp(02D33EE0).TubApp.InternalDBExecute
20180416 10471938  % SQL   					ubDBSQLite3ThreadSafe.TubSQLite3Statement(02DEA3F0) SELECT ( (SELECT COALESCE(strftime('%s',  MAX(mi_modifyDate)),1) FROM ubm_enum) ) AS dataVersion
20180416 10471938  %  -    				00.000.054
20180416 10471938  %  -    			00.000.139
20180416 10471938  % debug 			Query result for entity "ubm_enum" into data name "": row count=1
20180416 10471938  %  -    		00.000.147
20180416 10471938  %  -    	00.000.264
20180416 10471938  % http  	127.0.0.1 <- 200
20180416 10471938  %  -    00.040.795
20180416 10471940  $  +    ubql
20180416 10471940  $ http  	127.0.0.1 -> POST ubql
20180416 10471940  $ http  	[{"entity":"ubm_navshortcut","method":"select","fieldList":["ID","desktopID","parentID","code","isFolder","caption","inWindow","isCollapsed","displayOrder","iconCls","mi_modifyDate"],"orderList":{"0":{"expression":"desktopID","order":"asc"},"1":{"expression":"parentID","order":"asc"},"2":{"expression":"displayOrder","order":"asc"},"3":{"expression":"caption","order":"asc"}}}]
20180416 10471940  $ auth  	ed_user/149101115
20180416 10471940  $ call  	endpoint ubql
20180416 10471940  $  +    	ubMixinClasses.TubRLSMixin(02D84E20).MixinMethod
20180416 10471940  $ debug 		ubm_navshortcut.select(TubRLSMixin)
20180416 10471940  $ debug 		Prepare RLS expression for ubm_navshortcut
20180416 10471940  $  +    		ubApp.TubDataStore(1060D6C8).Init
20180416 10471940  $  +    			ubApp.TubApp(02D33EE0).DBExecute
20180416 10471940  $  +    				ubApp.TubApp(02D33EE0).TubApp.InternalDBExecute
20180416 10471940  $  +    					00856EC2 
20180416 10471940  $  -    					00.002.220
20180416 10471940  $ SQL   					ubDBSQLite3ThreadSafe.TubSQLite3Statement(02DEA990) PRAGMA foreign_keys = ON
20180416 10471940  $ SQL   					ubDBSQLite3ThreadSafe.TubSQLite3Statement(02DEA270) select ID, name FROM uba_role
20180416 10471940  $  -    				00.002.250
20180416 10471940  $  -    			00.002.286
20180416 10471940  $ debug 			Query result for entity "uba_role" into data name "": row count=9
20180416 10471941  $  -    		00.002.302
20180416 10471941  $  -    	00.003.336
20180416 10471941  $  +    	ubMixinClasses.TubStorageMixin(02D842C0).MixinMethod
20180416 10471941  $ debug 		ubm_navshortcut.select(TubStorageMixin)
20180416 10471941  $  +    		ubApp.TubDataStore(06CA7120).Init
20180416 10471941  $  +    			ubApp.TubApp(02D33EE0).DBExecute
20180416 10471941  $  +    				ubApp.TubApp(02D33EE0).TubApp.InternalDBExecute
20180416 10471941  $ debug 					P1: Int64		335786442293249
20180416 10471941  $ debug 					P2: Int64		335786442293249
20180416 10471941  $ debug 					P3: DateTime	9999-12-31T00:00:00
20180416 10471941  $ SQL   					ubDBSQLite3ThreadSafe.TubSQLite3Statement(02DEAAB0) SELECT A01.ID,A01.desktopID,A01.parentID,A01.code,A01.isFolder,A01.caption,A01.inWindow,A01.isCollapsed,A01.displayOrder,A01.iconCls,A01.mi_modifyDate  FROM ubm_navshortcut A01  WHERE (( A01.mi_owner = ? ) OR                (0=1) OR                              exists (select 1 from ubm_navshortcut_adm admsubtable where admsubtable.instanceID = A01.ID and admsubtable.admSubjID in (select ur.RoleID from uba_userrole ur where ur.UserID = ? union select 335786442293249))) AND A01.mi_deleteDate=? ORDER BY 2 ASC... (truncated) length=530
20180416 10471941  $  -    				00.000.157
20180416 10471941  $  -    			00.000.389
20180416 10471941  $ debug 			Query result for entity "ubm_navshortcut" into data name "": row count=1
20180416 10471941  $  -    		00.000.403
20180416 10471941  $  -    	00.000.554
20180416 10471941  $ http  	127.0.0.1 <- 200
20180416 10471941  $  -    00.004.429
20180416 10471945  &  +    models/adminui-pub/themes/UBGrayTheme/images/toolbar/more.png
20180416 10471945  & http  	127.0.0.1 -> GET models/adminui-pub/themes/UBGrayTheme/images/toolbar/more.png
20180416 10471945  & call  	endpoint models
20180416 10471945  '  +    models/adminui-pub/themes/UBGrayTheme/images/grid/hd-pop.png
20180416 10471945  ' http  	127.0.0.1 -> GET models/adminui-pub/themes/UBGrayTheme/images/grid/hd-pop.png
20180416 10471945  ' call  	endpoint models
20180416 10471945  ' http  	127.0.0.1 <- 200
20180416 10471945  '  -    00.000.953
20180416 10471945  & http  	127.0.0.1 <- 200
20180416 10471945  &  -    00.002.527
20180416 10471945  "  +    models/adminui-pub/themes/UBGrayTheme/images/button/default-toolbar-small-arrow.png
20180416 10471945  " http  	127.0.0.1 -> GET models/adminui-pub/themes/UBGrayTheme/images/button/default-toolbar-small-arrow.png
20180416 10471945  " call  	endpoint models
20180416 10471945  " http  	127.0.0.1 <- 200
20180416 10471945  "  -    00.001.177
20180416 10472519  )  +    models/adminui-pub/themes/UBGrayTheme/images/menu/scroll-bottom.png
20180416 10472519  ) http  	127.0.0.1 -> GET models/adminui-pub/themes/UBGrayTheme/images/menu/scroll-bottom.png
20180416 10472519  ) call  	endpoint models
20180416 10472519  #  +    models/adminui-pub/themes/UBGrayTheme/images/menu/menu-parent.png
20180416 10472519  # http  	127.0.0.1 -> GET models/adminui-pub/themes/UBGrayTheme/images/menu/menu-parent.png
20180416 10472519  # call  	endpoint models
20180416 10472519  ) http  	127.0.0.1 <- 200
20180416 10472519  )  -    00.001.458
20180416 10472519  (  +    models/adminui-pub/themes/UBGrayTheme/images/menu/scroll-top.png
20180416 10472519  ( http  	127.0.0.1 -> GET models/adminui-pub/themes/UBGrayTheme/images/menu/scroll-top.png
20180416 10472519  ( call  	endpoint models
20180416 10472519  # http  	127.0.0.1 <- 200
20180416 10472519  #  -    00.001.665
20180416 10472519  ( http  	127.0.0.1 <- 200
20180416 10472519  (  -    00.002.230
20180416 10472605  %  +    logout
20180416 10472605  % http  	127.0.0.1 -> POST logout
20180416 10472605  % http  	{}
20180416 10472605  % auth  	ed_user/149101115
20180416 10472605  % call  	endpoint logout
20180416 10472605  % auth  	Session closed ed_user/149101115/127.0.0.1
20180416 10472605  % http  	127.0.0.1 <- 200
20180416 10472605  %  -    00.000.177
20180416 10472606  $  +    adm
20180416 10472606  $ http  	127.0.0.1 -> GET adm
20180416 10472606  $ call  	endpoint adm
20180416 10472606  $ http  	127.0.0.1 <- 200
20180416 10472606  $  -    00.002.840
20180416 10472608  &  +    models/adminui-pub/ub-css-all.css?ver=d41d8cd98f00b204e9800998ecf8427e
20180416 10472608  & http  	127.0.0.1 -> GET models/adminui-pub/ub-css-all.css?ver=d41d8cd98f00b204e9800998ecf8427e
20180416 10472608  "  +    clientRequire/font-awesome/css/font-awesome.min.css
20180416 10472608  " http  	127.0.0.1 -> GET clientRequire/font-awesome/css/font-awesome.min.css
20180416 10472608  & call  	endpoint models
20180416 10472608  " call  	endpoint clientRequire
20180416 10472608  " info  	Call clientRequire 
20180416 10472608  " http  	127.0.0.1 <- 200
20180416 10472608  & http  	127.0.0.1 <- 200
20180416 10472608  "  -    00.000.577
20180416 10472608  &  -    00.000.634
20180416 10472608  #  +    clientRequire/es6-promise/dist/es6-promise.auto.min.js
20180416 10472608  # http  	127.0.0.1 -> GET clientRequire/es6-promise/dist/es6-promise.auto.min.js
20180416 10472608  # call  	endpoint clientRequire
20180416 10472608  # info  	Call clientRequire 
20180416 10472608  # http  	127.0.0.1 <- 200
20180416 10472608  #  -    00.000.656
20180416 10472608  (  +    clientRequire/systemjs/dist/system.js?ver=d41d8cd98f00b204e9800998ecf8427e
20180416 10472608  ( http  	127.0.0.1 -> GET clientRequire/systemjs/dist/system.js?ver=d41d8cd98f00b204e9800998ecf8427e
20180416 10472608  ( call  	endpoint clientRequire
20180416 10472608  '  +    models/adminui-pub/themes/UBGrayTheme/UBGrayTheme-all.css?ver=d41d8cd98f00b204e9800998ecf8427e
20180416 10472608  ' http  	127.0.0.1 -> GET models/adminui-pub/themes/UBGrayTheme/UBGrayTheme-all.css?ver=d41d8cd98f00b204e9800998ecf8427e
20180416 10472608  ( info  	Call clientRequire 
20180416 10472608  ' call  	endpoint models
20180416 10472608  ( http  	127.0.0.1 <- 200
20180416 10472608  (  -    00.000.455
20180416 10472608  ' http  	127.0.0.1 <- 200
20180416 10472608  '  -    00.000.349
20180416 10472608  )  +    models/adminui-pub/themes/UBGrayTheme/ub.css?ver=d41d8cd98f00b204e9800998ecf8427e
20180416 10472608  ) http  	127.0.0.1 -> GET models/adminui-pub/themes/UBGrayTheme/ub.css?ver=d41d8cd98f00b204e9800998ecf8427e
20180416 10472608  ) call  	endpoint models
20180416 10472608  ) http  	127.0.0.1 <- 200
20180416 10472608  )  -    00.000.348
20180416 10472609  %  +    models/adminui-pub/dist/ext-all.min.js?ver=d41d8cd98f00b204e9800998ecf8427e
20180416 10472609  % http  	127.0.0.1 -> GET models/adminui-pub/dist/ext-all.min.js?ver=d41d8cd98f00b204e9800998ecf8427e
20180416 10472609  % call  	endpoint models
20180416 10472609  % http  	127.0.0.1 <- 200
20180416 10472609  %  -    00.000.996
20180416 10472619  $  +    clientRequire/font-awesome/fonts/fontawesome-webfont.woff2?v=4.7.0
20180416 10472619  $ http  	127.0.0.1 -> GET clientRequire/font-awesome/fonts/fontawesome-webfont.woff2?v=4.7.0
20180416 10472619  $ call  	endpoint clientRequire
20180416 10472619  $ info  	Call clientRequire 
20180416 10472619  $ http  	127.0.0.1 <- 200
20180416 10472619  $  -    00.000.488
20180416 10472640  "  +    clientRequire/@unitybase/adminui-pub/package.json
20180416 10472640  " http  	127.0.0.1 -> GET clientRequire/@unitybase/adminui-pub/package.json
20180416 10472640  " call  	endpoint clientRequire
20180416 10472640  " info  	Call clientRequire 
20180416 10472640  " http  	127.0.0.1 <- 200
20180416 10472640  "  -    00.000.385
20180416 10472641  (  +    clientRequire/@unitybase/adminui-pub/dist/adminui.app.min.js
20180416 10472641  ( http  	127.0.0.1 -> GET clientRequire/@unitybase/adminui-pub/dist/adminui.app.min.js
20180416 10472641  ( call  	endpoint clientRequire
20180416 10472641  ( info  	Call clientRequire 
20180416 10472641  ( http  	127.0.0.1 <- 200
20180416 10472641  (  -    00.000.756
20180416 10472644  &  +    models/UB/img/UBLogo32.png
20180416 10472644  & http  	127.0.0.1 -> GET models/UB/img/UBLogo32.png
20180416 10472644  & call  	endpoint models
20180416 10472644  & http  	127.0.0.1 <- 200
20180416 10472644  &  -    00.000.631
20180416 10472645  #  +    models/UB/img/UBLogo48.png
20180416 10472645  # http  	127.0.0.1 -> GET models/UB/img/UBLogo48.png
20180416 10472645  # call  	endpoint models
20180416 10472645  # http  	127.0.0.1 <- 200
20180416 10472645  #  -    00.000.762
20180416 10472656  )  +    getAppInfo
20180416 10472656  ) http  	127.0.0.1 -> GET getAppInfo
20180416 10472656  ) call  	endpoint getAppInfo
20180416 10472656  ) http  	127.0.0.1 <- 304
20180416 10472656  )  -    00.000.451
20180416 10472656  '  +    clientRequire/@unitybase/adminui-pub/themes/UBGrayTheme/UBGrayTheme.js
20180416 10472656  ' http  	127.0.0.1 -> GET clientRequire/@unitybase/adminui-pub/themes/UBGrayTheme/UBGrayTheme.js
20180416 10472656  ' call  	endpoint clientRequire
20180416 10472656  ' info  	Call clientRequire 
20180416 10472656  ' http  	127.0.0.1 <- 200
20180416 10472656  '  -    00.001.684
20180416 10472656  %  +    models/UB/img/UBLogo128.png
20180416 10472656  % http  	127.0.0.1 -> GET models/UB/img/UBLogo128.png
20180416 10472656  % call  	endpoint models
20180416 10472656  % http  	127.0.0.1 <- 200
20180416 10472656  %  -    00.000.557
20180416 10472656  $  +    models/adminui-pub/locale/lang-en.js?ubver=d8933199bb724b06e155d3bbe71a5c41
20180416 10472656  $ http  	127.0.0.1 -> GET models/adminui-pub/locale/lang-en.js?ubver=d8933199bb724b06e155d3bbe71a5c41
20180416 10472656  $ call  	endpoint models
20180416 10472656  $ http  	127.0.0.1 <- 200
20180416 10472656  $  -    00.000.382
20180416 10472660  "  +    models/adminui-pub/themes/UBGrayTheme/images/form/exclamation.png
20180416 10472660  " http  	127.0.0.1 -> GET models/adminui-pub/themes/UBGrayTheme/images/form/exclamation.png
20180416 10472660  " call  	endpoint models
20180416 10472660  " http  	127.0.0.1 <- 200
20180416 10472660  "  -    00.000.537
20180416 10473211  (  +    auth?AUTHTYPE=UB&userName=hd_user
20180416 10473211  ( http  	127.0.0.1 -> POST auth?AUTHTYPE=UB&userName=hd_user
20180416 10473211  ( call  	endpoint auth
20180416 10473211  ( http  	127.0.0.1 <- 200
20180416 10473211  (  -    00.000.167
20180416 10473212  &  +    auth?AUTHTYPE=UB&clientNonce=934fd7b94041b05c87bb45b1fa37cf813fecadb86dcf5a2f361e832a85809af4&password=8ccdfeb33d4efdb454298c6dd3c1b6fb1942b9ba1460810161af0b023ec26654&userName=hd_user
20180416 10473212  & http  	127.0.0.1 -> POST auth?AUTHTYPE=UB&clientNonce=934fd7b94041b05c87bb45b1fa37cf813fecadb86dcf5a2f361e832a85809af4&password=8ccdfeb33d4efdb454298c6dd3c1b6fb1942b9ba1460810161af0b023ec26654&userName=hd_user
20180416 10473212  & call  	endpoint auth
20180416 10473212  &  +    	ubApp.TubDataStore(06C9C748).Init
20180416 10473212  &  +    		ubApp.TubApp(02D33EE0).DBExecute
20180416 10473212  &  +    			ubApp.TubApp(02D33EE0).TubApp.InternalDBExecute
20180416 10473212  & debug 				P1: String(7)	hd_user
20180416 10473212  & SQL   				ubDBSQLite3ThreadSafe.TubSQLite3Statement(02DEA9F0) select id, name, uPasswordHashHexa, uData, isPending, trustedIP from UBA_USER where name=? and disabled=0
20180416 10473212  &  -    			00.000.064
20180416 10473212  &  -    		00.000.126
20180416 10473212  & debug 		Query result for entity "uba_user" into data name "": row count=1
20180416 10473212  &  -    	00.000.139
20180416 10473212  &  +    	ubApp.TubDataStore(06C9C748).Init
20180416 10473212  &  +    		ubApp.TubApp(02D33EE0).DBExecute
20180416 10473212  &  +    			ubApp.TubApp(02D33EE0).TubApp.InternalDBExecute
20180416 10473212  & debug 				P1: Int64		335786699489281
20180416 10473212  & SQL   				ubDBSQLite3ThreadSafe.TubSQLite3Statement(02DE91F0) SELECT lastPasswordChangeDate FROM uba_user WHERE id=?
20180416 10473212  &  -    			00.000.005
20180416 10473212  &  -    		00.000.020
20180416 10473212  & debug 		Query result for entity "uba_user" into data name "__expireDate": row count=1
20180416 10473212  &  -    	00.000.025
20180416 10473212  &  +    	ubApp.TubDataStore(0570DC78).Init
20180416 10473212  &  +    		ubApp.TubApp(02D33EE0).DBExecute
20180416 10473212  &  +    			ubApp.TubApp(02D33EE0).TubApp.InternalDBExecute
20180416 10473212  & debug 				P1: Int64		335786699489281
20180416 10473212  & SQL   				ubDBSQLite3ThreadSafe.TubSQLite3Statement(02DE92B0) SELECT A01.roleID,A02.name,A02.description  FROM uba_userrole A01  INNER JOIN uba_role A02 ON A02.ID=A01.roleID  WHERE A01.userID=?
20180416 10473212  &  -    			00.000.006
20180416 10473212  &  -    		00.000.027
20180416 10473212  & debug 		Query result for entity "uba_userrole" into data name "": row count=1
20180416 10473212  &  -    	00.000.034
20180416 10473212  & auth  	New session hd_user/149101114 created at 127.0.0.1/-648518344730737374 using Mozilla/5.0 (Windows NT 10.0; Win64; x64) AppleWebKit/537.36 (KHTML, like Gecko) Chrome/65.0.3325.181 Safari/537.36
20180416 10473212  &  +    	ubMixinClasses.TubStorageMixin(02D842C0).MixinMethod
20180416 10473212  & debug 		uba_user.select(TubStorageMixin)
20180416 10473212  &  +    		ubApp.TubDataStore(0570DC78).Init
20180416 10473212  &  +    			ubApp.TubApp(02D33EE0).DBExecute
20180416 10473212  &  +    				ubApp.TubApp(02D33EE0).TubApp.InternalDBExecute
20180416 10473212  & debug 					P1: Int64		335786699489281
20180416 10473212  & SQL   					ubDBSQLite3ThreadSafe.TubSQLite3Statement(02DE93D0) SELECT A01.name  FROM uba_user A01  WHERE A01.ID=?
20180416 10473212  &  -    				00.000.011
20180416 10473212  &  -    			00.000.052
20180416 10473212  & debug 			Query result for entity "uba_user" into data name "": row count=1
20180416 10473212  &  -    		00.000.059
20180416 10473212  &  -    	00.000.124
20180416 10473212  &  +    	ubMixinClasses.TubStorageMixin(02D842C0).MixinMethod
20180416 10473212  & debug 		uba_advSecurity.select(TubStorageMixin)
20180416 10473212  &  +    		ubApp.TubDataStore(0570DC78).Init
20180416 10473212  &  +    			ubApp.TubApp(02D33EE0).DBExecute
20180416 10473212  &  +    				ubApp.TubApp(02D33EE0).TubApp.InternalDBExecute
20180416 10473212  & debug 					P1: Int64		335786699489281
20180416 10473212  & SQL   					ubDBSQLite3ThreadSafe.TubSQLite3Statement(02DE9430) SELECT A01.ID,A01.allowedIP,A01.refreshIP,A01.fp,A01.refreshFp,A01.keyMediaName,A01.refreshKeyMedia,A01.mi_modifyDate  FROM uba_advSecurity A01  WHERE A01.userID=?
20180416 10473212  &  -    				00.000.016
20180416 10473212  &  -    			00.000.102
20180416 10473212  & debug 			Query result for entity "uba_advSecurity" into data name "": row count=0
20180416 10473212  &  -    		00.000.112
20180416 10473212  &  -    	00.000.214
20180416 10473212  &  +    	ubMixinClasses.TubStorageMixin(02D842C0).MixinMethod
20180416 10473212  & debug 		uba_userrole.select(TubStorageMixin)
20180416 10473212  &  +    		ubApp.TubDataStore(0570DC78).Init
20180416 10473212  &  +    			ubApp.TubApp(02D33EE0).DBExecute
20180416 10473212  &  +    				ubApp.TubApp(02D33EE0).TubApp.InternalDBExecute
20180416 10473212  & debug 					P1: Int64		335786699489281
20180416 10473212  & SQL   					ubDBSQLite3ThreadSafe.TubSQLite3Statement(02DE9490) SELECT A01.ID,A02.name,A01.roleID  FROM uba_userrole A01  INNER JOIN uba_role A02 ON A02.ID=A01.roleID  WHERE A01.userID=?
20180416 10473212  &  -    				00.000.019
20180416 10473212  &  -    			00.000.099
20180416 10473212  & debug 			Query result for entity "uba_userrole" into data name "": row count=1
20180416 10473212  &  -    		00.000.112
20180416 10473212  &  -    	00.000.215
20180416 10473212  &  +    	ubMixinClasses.TubStorageMixin(02D842C0).MixinMethod
20180416 10473212  & debug 		uba_audit.beforeinsert(TubStorageMixin)
20180416 10473212  &  -    	00.000.009
20180416 10473212  &  +    	ubMixinClasses.TubStorageMixin(02D842C0).MixinMethod
20180416 10473212  & debug 		uba_audit.insert(TubStorageMixin)
20180416 10473212  &  +    		ubApp.TubDataStore(06C9C658).TubDataStore.ExecuteInsertFromList
20180416 10473212  &  +    			ubApp.TubDataStore(06C9C658).TubDataStore.ExecuteInsertFromSQL
20180416 10473212  &  +    				ubApp.TubApp(02D33EE0).DBExecute
20180416 10473212  &  +    					ubApp.TubApp(02D33EE0).TubApp.InternalDBExecute
20180416 10473212  & debug 						P1: String(8)	uba_user
20180416 10473212  & debug 						P2: Int64		335786699489281
20180416 10473212  & debug 						P3: String(5)	LOGIN
20180416 10473212  & debug 						P4: Int64		335786699489281
20180416 10473212  & debug 						P5: DateTime	2018-04-16T10:47:32
20180416 10473212  & debug 						P6: String(9)	127.0.0.1
20180416 10473212  & debug 						P7: String(7)	hd_user
20180416 10473212  & debug 						P8: String(0)	
20180416 10473212  & debug 						P9: Int64		335793571823617
20180416 10473212  & debug 						P10: String(556..)	Connection: keep-alive  Content-Length: 0  Accept: application/json, text/plain, */*  Accept-Encodin...
20180416 10473212  & DB    						StartTransaction for connection "main"
20180416 10473212  & SQL   						ubDBSQLite3ThreadSafe.TubSQLite3Statement(02DE9550) INSERT INTO uba_audit (entity,entityinfo_id,actionType,actionUser,actionTime,remoteIP,targetUser,targetRole,ID,fromValue) VALUES (?,?,?,?,?,?,?,?,?,?)
20180416 10473212  &  -    					00.000.098
20180416 10473212  &  -    				00.000.102
20180416 10473212  &  -    			00.000.223
20180416 10473212  &  -    		00.000.243
20180416 10473212  &  -    	00.000.249
20180416 10473212  &  +    	ubMixinClasses.TubStorageMixin(02D842C0).MixinMethod
20180416 10473212  & debug 		uba_audit.afterinsert(TubStorageMixin)
20180416 10473212  &  -    	00.000.008
20180416 10473212  & DB    	Commit connection "main"
20180416 10473212  & http  	127.0.0.1 <- 200
20180416 10473212  &  -    00.006.620
20180416 10473213  #  +    getDomainInfo?userName=hd_user&v=4
20180416 10473213  # http  	127.0.0.1 -> GET getDomainInfo?userName=hd_user&v=4
20180416 10473213  # auth  	hd_user/149101114
20180416 10473213  # call  	endpoint getDomainInfo
20180416 10473213  # http  	127.0.0.1 <- 200
20180416 10473213  #  -    00.001.684
20180416 10473214  )  +    models/UB/locale/lang-en.js?ubver=00157f1fae1f03ef6a703e934be7d698
20180416 10473214  ) http  	127.0.0.1 -> GET models/UB/locale/lang-en.js?ubver=00157f1fae1f03ef6a703e934be7d698
20180416 10473214  ) call  	endpoint models
20180416 10473214  ) http  	127.0.0.1 <- 200
20180416 10473214  )  -    00.000.556
20180416 10473214  '  +    models/UBA/locale/lang-en.js?ubver=a32940308a4662e5435a97adb22e235d
20180416 10473214  ' http  	127.0.0.1 -> GET models/UBA/locale/lang-en.js?ubver=a32940308a4662e5435a97adb22e235d
20180416 10473214  ' call  	endpoint models
20180416 10473214  %  +    models/UBS/locale/lang-en.js?ubver=9445d97a463c8080c044f9f7cf6ef346
20180416 10473214  % http  	127.0.0.1 -> GET models/UBS/locale/lang-en.js?ubver=9445d97a463c8080c044f9f7cf6ef346
20180416 10473214  % call  	endpoint models
20180416 10473214  ' http  	127.0.0.1 <- 200
20180416 10473214  '  -    00.000.900
20180416 10473214  % http  	127.0.0.1 <- 200
20180416 10473214  %  -    00.000.296
20180416 10473214  $  +    models/UBM/locale/lang-en.js?ubver=bacdd89397de7f489251bac7d5d4b21d
20180416 10473214  $ http  	127.0.0.1 -> GET models/UBM/locale/lang-en.js?ubver=bacdd89397de7f489251bac7d5d4b21d
20180416 10473214  $ call  	endpoint models
20180416 10473214  $ http  	127.0.0.1 <- 200
20180416 10473214  $  -    00.000.582
20180416 10473215  "  +    clientRequire/@unitybase/ubs/package.json
20180416 10473215  " http  	127.0.0.1 -> GET clientRequire/@unitybase/ubs/package.json
20180416 10473215  " call  	endpoint clientRequire
20180416 10473215  " info  	Call clientRequire 
20180416 10473215  " http  	127.0.0.1 <- 200
20180416 10473215  "  -    00.000.322
20180416 10473215  (  +    clientRequire/@unitybase/ubs/public/initModel.js
20180416 10473215  ( http  	127.0.0.1 -> GET clientRequire/@unitybase/ubs/public/initModel.js
20180416 10473215  ( call  	endpoint clientRequire
20180416 10473215  ( info  	Call clientRequire 
20180416 10473215  ( http  	127.0.0.1 <- 200
20180416 10473215  (  -    00.000.391
20180416 10473215  &  +    clientRequire/@unitybase/ubs/public/dist/ubs.main.min.js?ubver=2018-04-16T12:47:07
20180416 10473215  & http  	127.0.0.1 -> GET clientRequire/@unitybase/ubs/public/dist/ubs.main.min.js?ubver=2018-04-16T12:47:07
20180416 10473215  & call  	endpoint clientRequire
20180416 10473215  & info  	Call clientRequire 
20180416 10473215  & http  	127.0.0.1 <- 200
20180416 10473215  &  -    00.000.632
20180416 10473215  #  +    clientRequire/@unitybase/ubm/package.json
20180416 10473215  # http  	127.0.0.1 -> GET clientRequire/@unitybase/ubm/package.json
20180416 10473215  # call  	endpoint clientRequire
20180416 10473215  # info  	Call clientRequire 
20180416 10473215  # http  	127.0.0.1 <- 200
20180416 10473215  #  -    00.000.404
20180416 10473215  )  +    clientRequire/@unitybase/ubm/public/initModel.js
20180416 10473215  ) http  	127.0.0.1 -> GET clientRequire/@unitybase/ubm/public/initModel.js
20180416 10473215  ) call  	endpoint clientRequire
20180416 10473215  ) info  	Call clientRequire 
20180416 10473215  ) http  	127.0.0.1 <- 200
20180416 10473215  )  -    00.000.452
20180416 10473217  '  +    clientRequire/@ub-e/ube-pub/package.json
20180416 10473217  ' http  	127.0.0.1 -> GET clientRequire/@ub-e/ube-pub/package.json
20180416 10473217  ' call  	endpoint clientRequire
20180416 10473217  ' info  	Call clientRequire 
20180416 10473217  ' http  	127.0.0.1 <- 200
20180416 10473217  '  -    00.000.322
20180416 10473217  %  +    clientRequire/@ub-e/ube-pub/initModel.js
20180416 10473217  % http  	127.0.0.1 -> GET clientRequire/@ub-e/ube-pub/initModel.js
20180416 10473217  % call  	endpoint clientRequire
20180416 10473217  % info  	Call clientRequire 
20180416 10473217  % http  	127.0.0.1 <- 200
20180416 10473217  %  -    00.000.497
20180416 10473218  $  +    ubql
20180416 10473218  $ http  	127.0.0.1 -> POST ubql
20180416 10473218  $ http  	[{"entity":"ubs_settings","method":"select","fieldList":["ID","settingKey","name","description","type","settingValue","defaultValue"],"version":"1523736113"}]
20180416 10473218  $ auth  	hd_user/149101114
20180416 10473218  $ call  	endpoint ubql
20180416 10473218  $  +    	ubMixinClasses.TubStorageMixin(02D842C0).MixinMethod
20180416 10473218  $ debug 		ubs_settings.select(TubStorageMixin)
20180416 10473218  $  +    		ubApp.TubDataStore(06CA7198).Init
20180416 10473218  $  +    			ubApp.TubApp(02D33EE0).DBExecute
20180416 10473218  $  +    				ubApp.TubApp(02D33EE0).TubApp.InternalDBExecute
20180416 10473218  $ SQL   					ubDBSQLite3ThreadSafe.TubSQLite3Statement(02DE9250) SELECT ( (SELECT COALESCE(strftime('%s',  MAX(mi_modifyDate)),1) FROM ubs_settings) ) AS dataVersion
20180416 10473218  $  -    				00.000.058
20180416 10473218  $  -    			00.000.166
20180416 10473218  $ debug 			Query result for entity "ubs_settings" into data name "": row count=1
20180416 10473218  $  -    		00.000.174
20180416 10473218  $  -    	00.000.268
20180416 10473218  $ http  	127.0.0.1 <- 200
20180416 10473218  $  -    00.000.581
20180416 10473219  "  +    ubql
20180416 10473219  " http  	127.0.0.1 -> POST ubql
20180416 10473219  " http  	[{"entity":"ubm_desktop","method":"select","fieldList":["ID","caption","code","url","isDefault","mi_owner","mi_createDate","mi_createUser","mi_modifyDate","mi_modifyUser","mi_deleteDate","mi_deleteUser"],"version":"-1"},{"entity":"ubm_form","method":"select","fieldList":["ID","code","description","caption","formType","formDef","formCode","model","entity","isDefault","mi_owner","mi_createDate","mi_createUser","mi_modifyDate","mi_modifyUser"],"version":2794319675},{"entity":"ubm_enum","method":"select","fieldList":["ID","eGroup","code","shortName","name","sortOrder","mi_owner","mi_createDate","mi_createUser","mi_modifyDate","mi_modifyUser","mi_deleteDate","mi_deleteUser"],"version":"1523803103"}]
20180416 10473219  " auth  	hd_user/149101114
20180416 10473219  " call  	endpoint ubql
20180416 10473219  "  +    	ubMixinClasses.TubRLSMixin(02D84E20).MixinMethod
20180416 10473219  " debug 		ubm_desktop.select(TubRLSMixin)
20180416 10473219  " debug 		Prepare RLS expression for ubm_desktop
20180416 10473219  "  +    		ubApp.TubDataStore(06CA5370).Init
20180416 10473219  "  +    			ubApp.TubApp(02D33EE0).DBExecute
20180416 10473219  "  +    				ubApp.TubApp(02D33EE0).TubApp.InternalDBExecute
20180416 10473219  " SQL   					ubDBSQLite3ThreadSafe.TubSQLite3Statement(02DEABD0) select ID, name FROM uba_role
20180416 10473219  "  -    				00.000.039
20180416 10473219  "  -    			00.000.137
20180416 10473219  " debug 			Query result for entity "uba_role" into data name "": row count=9
20180416 10473219  "  -    		00.000.145
20180416 10473219  "  -    	00.001.119
20180416 10473219  "  +    	ubMixinClasses.TubStorageMixin(02D842C0).MixinMethod
20180416 10473219  " debug 		ubm_desktop.select(TubStorageMixin)
20180416 10473219  "  +    		ubApp.TubDataStore(06CA7198).Init
20180416 10473219  "  +    			ubApp.TubApp(02D33EE0).DBExecute
20180416 10473219  "  +    				ubApp.TubApp(02D33EE0).TubApp.InternalDBExecute
20180416 10473219  " debug 					P1: Int64		335786699489281
20180416 10473219  " debug 					P2: Int64		335786699489281
20180416 10473219  " debug 					P3: DateTime	9999-12-31T00:00:00
20180416 10473219  " SQL   					ubDBSQLite3ThreadSafe.TubSQLite3Statement(02DEADB0) SELECT A01.ID,A01.caption,A01.code,A01.url,A01.isDefault,A01.mi_owner,A01.mi_createDate,A01.mi_createUser,A01.mi_modifyDate,A01.mi_modifyUser,A01.mi_deleteDate,A01.mi_deleteUser  FROM ubm_desktop A01  WHERE (( A01.mi_owner = ? ) OR (0=1) OR exists (select 1 from ubm_desktop_adm admsubtable where admsubtable.instanceID = A01.ID and admsubtable.admSubjID in (select ur.RoleID from uba_userrole ur where ur.UserID = ? union select 335786699489281))) AND A01.mi_deleteDate=?
20180416 10473219  "  -    				00.000.116
20180416 10473219  "  -    			00.000.264
20180416 10473219  " debug 			Query result for entity "ubm_desktop" into data name "": row count=1
20180416 10473219  "  -    		00.000.277
20180416 10473219  "  -    	00.000.443
20180416 10473222  "  +    	ubMixinClasses.TubStorageMixin(02D842C0).MixinMethod
20180416 10473222  " debug 		ubm_enum.select(TubStorageMixin)
20180416 10473222  "  +    		ubApp.TubDataStore(1060F630).Init
20180416 10473222  "  +    			ubApp.TubApp(02D33EE0).DBExecute
20180416 10473222  "  +    				ubApp.TubApp(02D33EE0).TubApp.InternalDBExecute
20180416 10473222  " SQL   					ubDBSQLite3ThreadSafe.TubSQLite3Statement(02DEAF30) SELECT ( (SELECT COALESCE(strftime('%s',  MAX(mi_modifyDate)),1) FROM ubm_enum) ) AS dataVersion
20180416 10473222  "  -    				00.000.058
20180416 10473222  "  -    			00.000.148
20180416 10473222  " debug 			Query result for entity "ubm_enum" into data name "": row count=1
20180416 10473222  "  -    		00.000.182
20180416 10473222  "  -    	00.000.315
20180416 10473222  " http  	127.0.0.1 <- 200
20180416 10473222  "  -    00.038.929
20180416 10473224  (  +    ubql
20180416 10473224  ( http  	127.0.0.1 -> POST ubql
20180416 10473224  ( http  	[{"entity":"ubm_navshortcut","method":"select","fieldList":["ID","desktopID","parentID","code","isFolder","caption","inWindow","isCollapsed","displayOrder","iconCls","mi_modifyDate"],"orderList":{"0":{"expression":"desktopID","order":"asc"},"1":{"expression":"parentID","order":"asc"},"2":{"expression":"displayOrder","order":"asc"},"3":{"expression":"caption","order":"asc"}}}]
20180416 10473224  ( auth  	hd_user/149101114
20180416 10473224  ( call  	endpoint ubql
20180416 10473224  (  +    	ubMixinClasses.TubRLSMixin(02D84E20).MixinMethod
20180416 10473224  ( debug 		ubm_navshortcut.select(TubRLSMixin)
20180416 10473224  ( debug 		Prepare RLS expression for ubm_navshortcut
20180416 10473224  (  +    		ubApp.TubDataStore(1060D650).Init
20180416 10473224  (  +    			ubApp.TubApp(02D33EE0).DBExecute
20180416 10473224  (  +    				ubApp.TubApp(02D33EE0).TubApp.InternalDBExecute
20180416 10473224  ( SQL   					ubDBSQLite3ThreadSafe.TubSQLite3Statement(02DEAA50) select ID, name FROM uba_role
20180416 10473224  (  -    				00.000.050
20180416 10473224  (  -    			00.000.171
20180416 10473224  ( debug 			Query result for entity "uba_role" into data name "": row count=9
20180416 10473224  (  -    		00.000.183
20180416 10473224  (  -    	00.001.394
20180416 10473224  (  +    	ubMixinClasses.TubStorageMixin(02D842C0).MixinMethod
20180416 10473224  ( debug 		ubm_navshortcut.select(TubStorageMixin)
20180416 10473224  (  +    		ubApp.TubDataStore(06CA6C48).Init
20180416 10473224  (  +    			ubApp.TubApp(02D33EE0).DBExecute
20180416 10473224  (  +    				ubApp.TubApp(02D33EE0).TubApp.InternalDBExecute
20180416 10473224  ( debug 					P1: Int64		335786699489281
20180416 10473224  ( debug 					P2: Int64		335786699489281
20180416 10473224  ( debug 					P3: DateTime	9999-12-31T00:00:00
20180416 10473224  ( SQL   					ubDBSQLite3ThreadSafe.TubSQLite3Statement(02DEAED0) SELECT A01.ID,A01.desktopID,A01.parentID,A01.code,A01.isFolder,A01.caption,A01.inWindow,A01.isCollapsed,A01.displayOrder,A01.iconCls,A01.mi_modifyDate  FROM ubm_navshortcut A01  WHERE (( A01.mi_owner = ? ) OR                (0=1) OR                              exists (select 1 from ubm_navshortcut_adm admsubtable where admsubtable.instanceID = A01.ID and admsubtable.admSubjID in (select ur.RoleID from uba_userrole ur where ur.UserID = ? union select 335786699489281))) AND A01.mi_deleteDate=? ORDER BY 2 ASC... (truncated) length=530
20180416 10473224  (  -    				00.000.125
20180416 10473224  (  -    			00.000.291
20180416 10473224  ( debug 			Query result for entity "ubm_navshortcut" into data name "": row count=1
20180416 10473224  (  -    		00.000.305
20180416 10473224  (  -    	00.000.475
20180416 10473224  ( http  	127.0.0.1 <- 200
20180416 10473224  (  -    00.002.264
20180416 10473229  &  +    models/adminui-pub/themes/UBGrayTheme/images/toolbar/more.png
20180416 10473229  & http  	127.0.0.1 -> GET models/adminui-pub/themes/UBGrayTheme/images/toolbar/more.png
20180416 10473229  & call  	endpoint models
20180416 10473229  & http  	127.0.0.1 <- 200
20180416 10473229  &  -    00.000.573
20180416 10473229  #  +    models/adminui-pub/themes/UBGrayTheme/images/grid/hd-pop.png
20180416 10473229  # http  	127.0.0.1 -> GET models/adminui-pub/themes/UBGrayTheme/images/grid/hd-pop.png
20180416 10473229  # call  	endpoint models
20180416 10473229  )  +    models/adminui-pub/themes/UBGrayTheme/images/button/default-toolbar-small-arrow.png
20180416 10473229  ) http  	127.0.0.1 -> GET models/adminui-pub/themes/UBGrayTheme/images/button/default-toolbar-small-arrow.png
20180416 10473229  ) call  	endpoint models
20180416 10473229  ) http  	127.0.0.1 <- 200
20180416 10473229  )  -    00.000.374
20180416 10473229  # http  	127.0.0.1 <- 200
20180416 10473229  #  -    00.000.501
20180416 10473412  '  +    models/adminui-pub/themes/UBGrayTheme/images/menu/scroll-bottom.png
20180416 10473412  ' http  	127.0.0.1 -> GET models/adminui-pub/themes/UBGrayTheme/images/menu/scroll-bottom.png
20180416 10473412  %  +    models/adminui-pub/themes/UBGrayTheme/images/menu/menu-parent.png
20180416 10473412  % http  	127.0.0.1 -> GET models/adminui-pub/themes/UBGrayTheme/images/menu/menu-parent.png
20180416 10473412  ' call  	endpoint models
20180416 10473412  % call  	endpoint models
20180416 10473412  % http  	127.0.0.1 <- 200
20180416 10473412  %  -    00.000.390
20180416 10473412  ' http  	127.0.0.1 <- 200
20180416 10473412  '  -    00.000.512
20180416 10473412  $  +    models/adminui-pub/themes/UBGrayTheme/images/menu/scroll-top.png
20180416 10473412  $ http  	127.0.0.1 -> GET models/adminui-pub/themes/UBGrayTheme/images/menu/scroll-top.png
20180416 10473412  $ call  	endpoint models
20180416 10473412  $ http  	127.0.0.1 <- 200
20180416 10473412  $  -    00.000.493
20180416 10473450  "  +    logout
20180416 10473450  " http  	127.0.0.1 -> POST logout
20180416 10473450  " http  	{}
20180416 10473450  " auth  	hd_user/149101114
20180416 10473450  " call  	endpoint logout
20180416 10473450  " auth  	Session closed hd_user/149101114/127.0.0.1
20180416 10473450  " http  	127.0.0.1 <- 200
20180416 10473450  "  -    00.000.441
20180416 10473451  (  +    adm
20180416 10473451  ( http  	127.0.0.1 -> GET adm
20180416 10473451  ( call  	endpoint adm
20180416 10473451  ( http  	127.0.0.1 <- 200
20180416 10473451  (  -    00.001.695
20180416 10473453  #  +    models/adminui-pub/themes/UBGrayTheme/UBGrayTheme-all.css?ver=d41d8cd98f00b204e9800998ecf8427e
20180416 10473453  # http  	127.0.0.1 -> GET models/adminui-pub/themes/UBGrayTheme/UBGrayTheme-all.css?ver=d41d8cd98f00b204e9800998ecf8427e
20180416 10473453  # call  	endpoint models
20180416 10473453  &  +    models/adminui-pub/ub-css-all.css?ver=d41d8cd98f00b204e9800998ecf8427e
20180416 10473453  & http  	127.0.0.1 -> GET models/adminui-pub/ub-css-all.css?ver=d41d8cd98f00b204e9800998ecf8427e
20180416 10473453  # http  	127.0.0.1 <- 200
20180416 10473453  #  -    00.001.533
20180416 10473453  & call  	endpoint models
20180416 10473453  & http  	127.0.0.1 <- 200
20180416 10473453  &  -    00.000.443
20180416 10473453  )  +    clientRequire/font-awesome/css/font-awesome.min.css
20180416 10473453  ) http  	127.0.0.1 -> GET clientRequire/font-awesome/css/font-awesome.min.css
20180416 10473453  %  +    models/adminui-pub/themes/UBGrayTheme/ub.css?ver=d41d8cd98f00b204e9800998ecf8427e
20180416 10473453  % http  	127.0.0.1 -> GET models/adminui-pub/themes/UBGrayTheme/ub.css?ver=d41d8cd98f00b204e9800998ecf8427e
20180416 10473453  ) call  	endpoint clientRequire
20180416 10473453  % call  	endpoint models
20180416 10473453  ) info  	Call clientRequire 
20180416 10473453  % http  	127.0.0.1 <- 200
20180416 10473453  %  -    00.000.381
20180416 10473453  ) http  	127.0.0.1 <- 200
20180416 10473453  )  -    00.000.811
20180416 10473453  '  +    clientRequire/es6-promise/dist/es6-promise.auto.min.js
20180416 10473453  ' http  	127.0.0.1 -> GET clientRequire/es6-promise/dist/es6-promise.auto.min.js
20180416 10473453  ' call  	endpoint clientRequire
20180416 10473453  $  +    clientRequire/systemjs/dist/system.js?ver=d41d8cd98f00b204e9800998ecf8427e
20180416 10473453  $ http  	127.0.0.1 -> GET clientRequire/systemjs/dist/system.js?ver=d41d8cd98f00b204e9800998ecf8427e
20180416 10473453  $ call  	endpoint clientRequire
20180416 10473453  ' info  	Call clientRequire 
20180416 10473453  $ info  	Call clientRequire 
20180416 10473453  ' http  	127.0.0.1 <- 200
20180416 10473453  '  -    00.001.673
20180416 10473453  $ http  	127.0.0.1 <- 200
20180416 10473453  $  -    00.001.369
20180416 10473455  "  +    models/adminui-pub/dist/ext-all.min.js?ver=d41d8cd98f00b204e9800998ecf8427e
20180416 10473455  " http  	127.0.0.1 -> GET models/adminui-pub/dist/ext-all.min.js?ver=d41d8cd98f00b204e9800998ecf8427e
20180416 10473455  " call  	endpoint models
20180416 10473455  " http  	127.0.0.1 <- 200
20180416 10473455  "  -    00.000.435
20180416 10473501  (  +    clientRequire/font-awesome/fonts/fontawesome-webfont.woff2?v=4.7.0
20180416 10473501  ( http  	127.0.0.1 -> GET clientRequire/font-awesome/fonts/fontawesome-webfont.woff2?v=4.7.0
20180416 10473501  ( call  	endpoint clientRequire
20180416 10473501  ( info  	Call clientRequire 
20180416 10473501  ( http  	127.0.0.1 <- 200
20180416 10473501  (  -    00.000.513
20180416 10473523  '  +    clientRequire/@unitybase/adminui-pub/package.json
20180416 10473523  ' http  	127.0.0.1 -> GET clientRequire/@unitybase/adminui-pub/package.json
20180416 10473523  ' call  	endpoint clientRequire
20180416 10473523  ' info  	Call clientRequire 
20180416 10473523  ' http  	127.0.0.1 <- 200
20180416 10473523  '  -    00.000.715
20180416 10473524  %  +    clientRequire/@unitybase/adminui-pub/dist/adminui.app.min.js
20180416 10473524  % http  	127.0.0.1 -> GET clientRequire/@unitybase/adminui-pub/dist/adminui.app.min.js
20180416 10473524  % call  	endpoint clientRequire
20180416 10473524  % info  	Call clientRequire 
20180416 10473524  % http  	127.0.0.1 <- 200
20180416 10473524  %  -    00.000.697
20180416 10473526  &  +    models/UB/img/UBLogo32.png
20180416 10473526  & http  	127.0.0.1 -> GET models/UB/img/UBLogo32.png
20180416 10473526  & call  	endpoint models
20180416 10473526  & http  	127.0.0.1 <- 200
20180416 10473526  &  -    00.001.481
20180416 10473533  $  +    getAppInfo
20180416 10473533  )  +    clientRequire/@unitybase/adminui-pub/themes/UBGrayTheme/UBGrayTheme.js
20180416 10473533  ) http  	127.0.0.1 -> GET clientRequire/@unitybase/adminui-pub/themes/UBGrayTheme/UBGrayTheme.js
20180416 10473533  $ http  	127.0.0.1 -> GET getAppInfo
20180416 10473533  ) call  	endpoint clientRequire
20180416 10473533  $ call  	endpoint getAppInfo
20180416 10473533  ) info  	Call clientRequire 
20180416 10473533  #  +    models/UB/img/UBLogo48.png
20180416 10473533  # http  	127.0.0.1 -> GET models/UB/img/UBLogo48.png
20180416 10473533  # call  	endpoint models
20180416 10473533  $ http  	127.0.0.1 <- 304
20180416 10473533  $  -    00.000.549
20180416 10473533  ) http  	127.0.0.1 <- 200
20180416 10473533  )  -    00.000.622
20180416 10473533  # http  	127.0.0.1 <- 200
20180416 10473533  #  -    00.000.294
20180416 10473533  "  +    models/adminui-pub/locale/lang-en.js?ubver=d8933199bb724b06e155d3bbe71a5c41
20180416 10473533  " http  	127.0.0.1 -> GET models/adminui-pub/locale/lang-en.js?ubver=d8933199bb724b06e155d3bbe71a5c41
20180416 10473533  " call  	endpoint models
20180416 10473533  " http  	127.0.0.1 <- 200
20180416 10473533  "  -    00.000.470
20180416 10473533  (  +    models/UB/img/UBLogo128.png
20180416 10473533  ( http  	127.0.0.1 -> GET models/UB/img/UBLogo128.png
20180416 10473533  ( call  	endpoint models
20180416 10473533  ( http  	127.0.0.1 <- 200
20180416 10473533  (  -    00.000.409
20180416 10473535  '  +    models/adminui-pub/themes/UBGrayTheme/images/form/exclamation.png
20180416 10473535  ' http  	127.0.0.1 -> GET models/adminui-pub/themes/UBGrayTheme/images/form/exclamation.png
20180416 10473535  ' call  	endpoint models
20180416 10473535  ' http  	127.0.0.1 <- 200
20180416 10473535  '  -    00.000.340
20180416 10474025  ! info  ubApp.TubApp(02D33EE0) {   "ClientsCurrent": 0,   "ClientsMax": 1,   "Invalid": 1,   "Responses": 102,   "Modified": 0,   "IncomingBytes": 61377,   "OutcomingBytes": 134759,   "OutcomingFiles": 82,   "ServiceCalls": 102,   "ProcessTime": "5.94s"  }
