c:\UnityBase\UB.exe 4.0.0.0 (2018-02-22 16:30:16)Host=WDFN34211327A User=D071860 CPU=4*9-6-19971:FFFBCBBF8373DAFEBF6F9C0000 OS=23.0=10.0.15063 Wow64=1 Freq=2437498Environment variables=ALLUSERSPROFILE=C:\ProgramData	ANSICON=121x32766 (121x26)	ANSICON_DEF=7	APPDATA=C:\Users\D071860\AppData\Roaming	CommonProgramFiles=C:\Program Files (x86)\Common Files	CommonProgramFiles(x86)=C:\Program Files (x86)\Common Files	CommonProgramW6432=C:\Program Files\Common Files	COMPUTERNAME=WDFN34211327A	ComSpec=C:\WINDOWS\system32\cmd.exe	ConEmuANSI=ON	ConEmuAnsiLog=	ConEmuArgs=	ConEmuArgs2=	ConEmuBackHWND=0x000B026E	ConEmuBaseDir=C:\Program Files\ConEmu\ConEmu	ConEmuBaseDirShort=C:\PROGRA~1\ConEmu\ConEmu	ConEmuBuild=180411	ConEmuCfgDir=	ConEmuConfig=	ConEmuDir=C:\Program Files\ConEmu	ConEmuDrawHWND=0x00180912	ConEmuDrive=C:	ConEmuHooks=Enabled	ConEmuHWND=0x001904C6	ConEmuPalette=<ConEmu>	ConEmuPID=1208	ConEmuPrompt0=$E[m$E[32m$E]9;8;"USERNAME"$E\@$E]9;8;"COMPUTERNAME"$E\$S	ConEmuPrompt1=$E[m$E[32m$E]9;8;"USERNAME"$E\@$E]9;8;"COMPUTERNAME"$E\$S$E[92m$P$E[90m	ConEmuPrompt2=$_$E[90m$G	ConEmuPrompt3=$E[m$S$E]9;12$E\	ConEmuServerPID=20132	ConEmuTask={Shells::cmd}	ConEmuWorkDir=C:\Users\D071860	ConEmuWorkDrive=C:	DEFLOGDIR=C:\ProgramData\McAfee\Endpoint Security\Logs	HOMEDRIVE=C:	homeloc=D_WDF	HOMEPATH=\Users\D071860	KUBECONFIG=C:\Practice\kubernetes\RUSLAN-KUBECONFIG	LOCALAPPDATA=C:\Users\D071860\AppData\Local	LOGONSERVER=\\DS2WDF0004	NUMBER_OF_PROCESSORS=4	OneDrive=C:\Users\D071860\OneDrive	OS=Windows_NT	Path=C:\Program Files\ConEmu\ConEmu\Scripts;C:\Program Files\ConEmu;C:\Program Files\ConEmu\ConEmu;C:\ProgramData\Oracle\Java\javapath;C:\Program Files\Docker\Docker\Resources\bin;C:\WINDOWS\system32;C:\WINDOWS;C:\WINDOWS\System32\Wbem;C:\WINDOWS\System32\WindowsPowerShell\v1.0\;C:\Program Files\Minikube;C:\Program Files\Kubernetes;C:\Program Files (x86)\Google\Cloud SDK\google-cloud-sdk\bin;C:\Program Files\PuTTY\;C:\Program Files\nodejs\;c:\UnityBase;C:\Users\D071860\AppData\Local\Microsoft\WindowsApps;C:\Users\D071860\AppData\Roaming\npm	PATHEXT=.COM;.EXE;.BAT;.CMD;.VBS;.VBE;.JS;.JSE;.WSF;.WSH;.MSC	PROCESSOR_ARCHITECTURE=x86	PROCESSOR_ARCHITEW6432=AMD64	PROCESSOR_IDENTIFIER=Intel64 Family 6 Model 78 Stepping 3, GenuineIntel	PROCESSOR_LEVEL=6	PROCESSOR_REVISION=4e03	ProgramData=C:\ProgramData	ProgramFiles=C:\Program Files (x86)	ProgramFiles(x86)=C:\Program Files (x86)	ProgramW6432=C:\Program Files	PROMPT=$E[m$E[32m$E]9;8;"USERNAME"$E\@$E]9;8;"COMPUTERNAME"$E\$S$E[92m$P$E[90m$_$E[90m$G$E[m$S$E]9;12$E\	PSModulePath=C:\Program Files (x86)\WindowsPowerShell\Modules;C:\WINDOWS\system32\WindowsPowerShell\v1.0\Modules;C:\Program Files (x86)\Google\Cloud SDK\google-cloud-sdk\platform\PowerShell	PUBLIC=C:\Users\Public	SESSIONNAME=Console	SNC_LIB=C:\Program Files (x86)\SAP\FrontEnd\SecureLogin\lib\sapcrypto.dll	SNC_LIB_64=C:\Program Files\SAP\FrontEnd\SecureLogin\lib\sapcrypto.dll	SSF_LIBRARY_PATH=C:\Program Files (x86)\SAP\FrontEnd\SecureLogin\lib\sapcrypto.dll	SSF_LIBRARY_PATH_64=C:\Program Files\SAP\FrontEnd\SecureLogin\lib\sapcrypto.dll	SystemDrive=C:	SystemRoot=C:\WINDOWS	TEMP=C:\Users\D071860\AppData\Local\Temp	TMP=C:\Users\D071860\AppData\Local\Temp	UATDATA=C:\WINDOWS\CCM\UATData\D9F8C395-CAB8-491d-B8AC-179A1FE1BE77	UB_HOME=c:\UnityBase	USERDNSDOMAIN=GLOBAL.CORP.SAP	USERDOMAIN=GLOBAL	USERDOMAIN_ROAMINGPROFILE=GLOBAL	USERNAME=D071860	USERPROFILE=C:\Users\D071860	windir=C:\WINDOWSTubLog 1.18.3488 FTS3 2018-04-16T10:52:0620180416 10520605  ! warn  WebSocket support are disabled because WSServer.host = '' in config
20180416 10520606  !  +    ubServer.TubServer(02E5E5E8).008863DB 
20180416 10520606  !  +    	Init app
20180416 10520606  ! srvr  		FTS is disabled
20180416 10520606  ! info  		Check blob store "avatars" folder "C:\ubProject\CityPortal\avatars\": folder exists
20180416 10520606  ! info  		Check blob store "attach" folder "C:\ubProject\CityPortal\docs\attach\": folder exists
20180416 10520606  !  -    	00.000.592
20180416 10520606  !  +    	Folder C:\ubProject\CityPortal\node_modules\@unitybase\ub\ modified
20180416 10520606  !  +    		ubCommonClasses.TubThreadSafeCache(02E5CB08).removeStartsWith
20180416 10520606  !  -    		00.000.004
20180416 10520606  !  -    	00.000.010
20180416 10520606  !  +    	Folder C:\ubProject\CityPortal\node_modules\@unitybase\uba\ modified
20180416 10520606  !  +    		ubCommonClasses.TubThreadSafeCache(02E5CB08).removeStartsWith
20180416 10520606  !  -    		00.000.003
20180416 10520606  !  -    	00.000.010
20180416 10520606  !  +    	Folder C:\ubProject\CityPortal\node_modules\@unitybase\ubs\ modified
20180416 10520606  !  +    		ubCommonClasses.TubThreadSafeCache(02E5CB08).removeStartsWith
20180416 10520606  !  -    		00.000.000
20180416 10520606  !  -    	00.000.004
20180416 10520606  !  +    	Folder C:\ubProject\CityPortal\node_modules\@unitybase\ubm\ modified
20180416 10520606  !  +    		ubCommonClasses.TubThreadSafeCache(02E5CB08).removeStartsWith
20180416 10520606  !  -    		00.000.000
20180416 10520606  !  -    	00.000.004
20180416 10520606  !  +    	Folder C:\ubProject\CityPortal\_public_only_\ modified
20180416 10520606  !  +    		ubCommonClasses.TubThreadSafeCache(02E5CB08).removeStartsWith
20180416 10520606  !  -    		00.000.000
20180416 10520606  !  -    	00.000.003
20180416 10520606  !  +    	Folder C:\ubProject\CityPortal\node_modules\@unitybase\adminui-reg\ modified
20180416 10520606  !  +    		ubCommonClasses.TubThreadSafeCache(02E5CB08).removeStartsWith
20180416 10520606  !  -    		00.000.000
20180416 10520606  !  -    	00.000.003
20180416 10520606  !  +    	Folder C:\ubProject\CityPortal\models\requests\ modified
20180416 10520606  !  +    		ubCommonClasses.TubThreadSafeCache(02E5CB08).removeStartsWith
20180416 10520606  !  -    		00.000.000
20180416 10520606  !  -    	00.000.004
20180416 10520606  !  +    	ubApp.TubApp(02DC3EE0).init
20180416 10520606  ! srvr  		Mime converters are disabled
20180416 10520606  !  -    	00.000.003
20180416 10520606  ! srvr  	Enable zip compresison
20180416 10520606  ! srvr  	Send initialization request to http://localhost:888/init
20180416 10520607  "  +    InitializationRequest
20180416 10520607  "  +    	init
20180416 10520607  " srvr  		Start application intialization...
20180416 10520607  " info  		Loading domain...
20180416 10520607  " info  		Loading model "UB" from "C:\ubProject\CityPortal\node_modules\@unitybase\ub\"
20180416 10520607  " info  		Loading model "UBA" from "C:\ubProject\CityPortal\node_modules\@unitybase\uba\"
20180416 10520609  " info  		Loading model "UBS" from "C:\ubProject\CityPortal\node_modules\@unitybase\ubs\"
20180416 10520609  " info  		Loading model "UBM" from "C:\ubProject\CityPortal\node_modules\@unitybase\ubm\"
20180416 10520610  " info  		Loading model "adminui-reg" from "C:\ubProject\CityPortal\node_modules\@unitybase\adminui-reg\"
20180416 10520610  " info  		Loading model "RequestList" from "C:\ubProject\CityPortal\models\requests\"
20180416 10520610  "  +    		ubApp.TubDataStore(042C41B8).Init
20180416 10520610  "  +    			ubApp.TubApp(02DC3EE0).DBExecute
20180416 10520610  "  +    				ubApp.TubApp(02DC3EE0).TubApp.InternalDBExecute
20180416 10520610  "  +    					00856EC2 
20180416 10520610  "  -    					00.002.684
20180416 10520610  " SQL   					ubDBSQLite3ThreadSafe.TubSQLite3Statement(02E76EB0) PRAGMA foreign_keys = ON
20180416 10520610  " SQL   					ubDBSQLite3ThreadSafe.TubSQLite3Statement(02E768B0) SELECT A01.ID,A01.entity,A01.state,A01.attribute,A01.roleName,A01.actions  FROM uba_als A01  ORDER BY A01.entity ASC
20180416 10520610  "  -    				00.002.848
20180416 10520610  "  -    			00.002.881
20180416 10520610  " debug 			Query result for entity "uba_als" into data name "": row count=0
20180416 10520610  "  -    		00.002.902
20180416 10520610  " srvr  		The domain loaded successfully with 0 entities
20180416 10520610  " debug 		Create new JavaScript Engine for thread 68268
20180416 10520624  "  +    		008C234A 
20180416 10520624  "  +    			ubApp.TubDataStore(0585A7F8).Init
20180416 10520624  "  +    				ubApp.TubApp(02DC3EE0).DBExecute
20180416 10520624  "  +    					ubApp.TubApp(02DC3EE0).TubApp.InternalDBExecute
20180416 10520624  " SQL   						ubDBSQLite3ThreadSafe.TubSQLite3Statement(02E77210) SELECT A01.ID,A01.name,A01.sessionTimeout,A01.allowedAppMethods  FROM uba_role A01 
20180416 10520624  "  -    					00.000.127
20180416 10520624  "  -    				00.000.232
20180416 10520624  " debug 				Query result for entity "uba_role" into data name "": row count=9
20180416 10520624  "  -    			00.000.245
20180416 10520624  "  +    			ubApp.TubDataStore(0585A870).Init
20180416 10520624  "  +    				ubApp.TubApp(02DC3EE0).DBExecute
20180416 10520624  "  +    					ubApp.TubApp(02DC3EE0).TubApp.InternalDBExecute
20180416 10520624  " SQL   						ubDBSQLite3ThreadSafe.TubSQLite3Statement(02E771B0) SELECT A01.ID,A01.entityMask,A01.methodMask,A01.ruleType,A01.ruleRole,A01.disabled,A01.code  FROM uba_els A01 
20180416 10520624  "  -    					00.000.038
20180416 10520624  "  -    				00.000.251
20180416 10520624  " debug 				Query result for entity "uba_els" into data name "": row count=88
20180416 10520624  "  -    			00.000.289
20180416 10520624  "  -    		00.005.115
20180416 10520624  " auth  		New session admin/149399572 created at 127.0.0.1/-216172771913235670 using Mozilla/5.0 (Windows; mORMot 1.18 TWinHTTP)
20180416 10520624  " auth  		New session anonymous/149399575 created at 127.0.0.1/-216172771913235670 using Mozilla/5.0 (Windows; mORMot 1.18 TWinHTTP)
20180416 10520624  "  +    		ubApp.TubDataStore(0585A9D8).Init
20180416 10520624  "  +    			ubApp.TubApp(02DC3EE0).DBExecute
20180416 10520624  "  +    				ubApp.TubApp(02DC3EE0).TubApp.InternalDBExecute
20180416 10520624  " debug 					P1: String(34)	UBA.passwordPolicy.maxDurationDays
20180416 10520624  " SQL   					ubDBSQLite3ThreadSafe.TubSQLite3Statement(02E772D0) select settingValue from ubs_settings where settingKey =?
20180416 10520624  "  -    				00.000.151
20180416 10520624  "  -    			00.000.370
20180416 10520624  " debug 			Query result for entity "ubs_settings" into data name "": row count=1
20180416 10520624  "  -    		00.000.412
20180416 10520624  "  +    		ubApp.TubDataStore(0585A9D8).Init
20180416 10520624  "  +    			ubApp.TubApp(02DC3EE0).DBExecute
20180416 10520624  "  +    				ubApp.TubApp(02DC3EE0).TubApp.InternalDBExecute
20180416 10520624  " debug 					P1: String(37)	UBA.passwordPolicy.maxInvalidAttempts
20180416 10520624  " SQL   					ubDBSQLite3ThreadSafe.TubSQLite3Statement(02E772D0) select settingValue from ubs_settings where settingKey =?
20180416 10520624  "  -    				00.000.034
20180416 10520624  "  -    			00.000.102
20180416 10520624  " debug 			Query result for entity "ubs_settings" into data name "": row count=1
20180416 10520624  "  -    		00.000.118
20180416 10520624  "  -    	00.264.387
20180416 10520624  "  -    00.264.636
20180416 10520624  ! srvr  	ubServer.TubServer(02E5E5E8) {"THttpApiServer(02D8A990)":{"Cloned":false,"RegisteredUrl":"http://+:888/","HTTPQueueLength":1000,"MaxBandwidth":-1,"MaxConnections":-1,"APIVersion":"HTTP API 2.0","ServerName":"UnityBase","ProcessName":""}} initialized
20180416 10520624  !  -    00.289.141
20180416 10520742  "  +    ubql
20180416 10520742  " http  	127.0.0.1 -> POST ubql
20180416 10520742  " http  	[{"fieldList":["model","report_code","name","template","code","ID","mi_modifyDate"],"entity":"ubs_report","method":"update","alsNeed":false,"execParams":{"code":"{\"store\":\"mdb\",\"fName\":\"Reqlist_HD_month.js\",\"origName\":\"Reqlist_HD_month.js\",\"relPath\":\"\",\"ct\":\"application/javascript\",\"size\":1417,\"md5\":\"8ce5f38f2be6867cc048aeba7bc811d8\",\"revision\":1,\"isDirty\":true}","template":"{\"store\":\"mdb\",\"fName\":\"Reqlist_HD_month.template\",\"origName\":\"Reqlist_HD_month.template\",\"relPath\":\"\",\"ct\":\"application/template\",\"size\":986,\"md5\":\"39b9cc3e0110c59d6e05179b80be3754\",\"revision\":1,\"isDirty\":true}","ID":1322283145,"mi_modifyDate":"2018-04-16T12:23:22.000Z"}}]
20180416 10520742  " http  	<- 401
20180416 10520742  "  -    00.000.133
20180416 10520852  #  +    auth?AUTHTYPE=UB&userName=admin
20180416 10520852  # http  	127.0.0.1 -> POST auth?AUTHTYPE=UB&userName=admin
20180416 10520852  # debug 	Create new JavaScript Engine for thread 68320
20180416 10520903  # call  	endpoint auth
20180416 10520903  # http  	127.0.0.1 <- 200
20180416 10520903  #  -    00.222.852
20180416 10520903  $  +    auth?AUTHTYPE=UB&clientNonce=ae0f57b188b28392e812c590e535c86536e46332a09c94965498b9dd3520eef3&password=3c4947b9da7543180b7e2cfc53f210e45388974108b9d8118560dd18b43d7ee5&userName=admin
20180416 10520903  $ http  	127.0.0.1 -> POST auth?AUTHTYPE=UB&clientNonce=ae0f57b188b28392e812c590e535c86536e46332a09c94965498b9dd3520eef3&password=3c4947b9da7543180b7e2cfc53f210e45388974108b9d8118560dd18b43d7ee5&userName=admin
20180416 10520903  $ debug 	Create new JavaScript Engine for thread 68324
20180416 10520917  $ call  	endpoint auth
20180416 10520917  $  +    	ubApp.TubDataStore(0585FC80).Init
20180416 10520917  $  +    		ubApp.TubApp(02DC3EE0).DBExecute
20180416 10520917  $  +    			ubApp.TubApp(02DC3EE0).TubApp.InternalDBExecute
20180416 10520917  $  +    				00856EC2 
20180416 10520917  $  -    				00.002.877
20180416 10520917  $ SQL   				ubDBSQLite3ThreadSafe.TubSQLite3Statement(02E78050) PRAGMA foreign_keys = ON
20180416 10520917  $ debug 				P1: String(5)	admin
20180416 10520917  $ SQL   				ubDBSQLite3ThreadSafe.TubSQLite3Statement(02E779F0) select id, name, uPasswordHashHexa, uData, isPending, trustedIP from UBA_USER where name=? and disabled=0
20180416 10520917  $  -    			00.002.928
20180416 10520917  $  -    		00.002.974
20180416 10520917  $ debug 		Query result for entity "uba_user" into data name "": row count=1
20180416 10520917  $  -    	00.003.012
20180416 10520917  $  +    	ubApp.TubDataStore(0585FC80).Init
20180416 10520917  $  +    		ubApp.TubApp(02DC3EE0).DBExecute
20180416 10520917  $  +    			ubApp.TubApp(02DC3EE0).TubApp.InternalDBExecute
20180416 10520917  $ debug 				P1: Int64		10
20180416 10520917  $ SQL   				ubDBSQLite3ThreadSafe.TubSQLite3Statement(02E78050) SELECT lastPasswordChangeDate FROM uba_user WHERE id=?
20180416 10520917  $  -    			00.000.034
20180416 10520917  $  -    		00.000.059
20180416 10520917  $ debug 		Query result for entity "uba_user" into data name "__expireDate": row count=1
20180416 10520917  $  -    	00.000.067
20180416 10520917  $  +    	ubApp.TubDataStore(058418D0).Init
20180416 10520917  $  +    		ubApp.TubApp(02DC3EE0).DBExecute
20180416 10520917  $  +    			ubApp.TubApp(02DC3EE0).TubApp.InternalDBExecute
20180416 10520917  $ debug 				P1: Int64		10
20180416 10520917  $ SQL   				ubDBSQLite3ThreadSafe.TubSQLite3Statement(02E78110) SELECT A01.roleID,A02.name,A02.description  FROM uba_userrole A01  INNER JOIN uba_role A02 ON A02.ID=A01.roleID  WHERE A01.userID=?
20180416 10520917  $  -    			00.000.037
20180416 10520917  $  -    		00.000.074
20180416 10520917  $ debug 		Query result for entity "uba_userrole" into data name "": row count=1
20180416 10520917  $  -    	00.000.082
20180416 10520917  $ auth  	New session admin/149399574 created at 127.0.0.1/-864691126844522430 using Mozilla/5.0 (Windows NT 10.0; Win64; x64) AppleWebKit/537.36 (KHTML, like Gecko) Chrome/65.0.3325.181 Safari/537.36
20180416 10520917  $  +    	ubMixinClasses.TubStorageMixin(02E142C0).MixinMethod
20180416 10520917  $ debug 		uba_user.select(TubStorageMixin)
20180416 10520917  $  +    		ubApp.TubDataStore(058418D0).Init
20180416 10520917  $  +    			ubApp.TubApp(02DC3EE0).DBExecute
20180416 10520917  $  +    				ubApp.TubApp(02DC3EE0).TubApp.InternalDBExecute
20180416 10520917  $ debug 					P1: Int64		10
20180416 10520917  $ SQL   					ubDBSQLite3ThreadSafe.TubSQLite3Statement(02E78230) SELECT A01.name  FROM uba_user A01  WHERE A01.ID=?
20180416 10520917  $  -    				00.000.040
20180416 10520917  $  -    			00.000.080
20180416 10520917  $ debug 			Query result for entity "uba_user" into data name "": row count=1
20180416 10520917  $  -    		00.000.090
20180416 10520917  $  -    	00.000.219
20180416 10520920  $  +    	ubMixinClasses.TubStorageMixin(02E142C0).MixinMethod
20180416 10520920  $ debug 		uba_advSecurity.select(TubStorageMixin)
20180416 10520920  $  +    		ubApp.TubDataStore(058418D0).Init
20180416 10520920  $  +    			ubApp.TubApp(02DC3EE0).DBExecute
20180416 10520920  $  +    				ubApp.TubApp(02DC3EE0).TubApp.InternalDBExecute
20180416 10520920  $ debug 					P1: Int64		10
20180416 10520920  $ SQL   					ubDBSQLite3ThreadSafe.TubSQLite3Statement(02E78290) SELECT A01.ID,A01.allowedIP,A01.refreshIP,A01.fp,A01.refreshFp,A01.keyMediaName,A01.refreshKeyMedia,A01.mi_modifyDate  FROM uba_advSecurity A01  WHERE A01.userID=?
20180416 10520920  $  -    				00.000.060
20180416 10520920  $  -    			00.000.129
20180416 10520920  $ debug 			Query result for entity "uba_advSecurity" into data name "": row count=0
20180416 10520920  $  -    		00.000.139
20180416 10520920  $  -    	00.000.247
20180416 10520920  $  +    	ubMixinClasses.TubStorageMixin(02E142C0).MixinMethod
20180416 10520920  $ debug 		uba_userrole.select(TubStorageMixin)
20180416 10520920  $  +    		ubApp.TubDataStore(058418D0).Init
20180416 10520920  $  +    			ubApp.TubApp(02DC3EE0).DBExecute
20180416 10520920  $  +    				ubApp.TubApp(02DC3EE0).TubApp.InternalDBExecute
20180416 10520920  $ debug 					P1: Int64		10
20180416 10520920  $ SQL   					ubDBSQLite3ThreadSafe.TubSQLite3Statement(02E782F0) SELECT A01.ID,A02.name,A01.roleID  FROM uba_userrole A01  INNER JOIN uba_role A02 ON A02.ID=A01.roleID  WHERE A01.userID=?
20180416 10520920  $  -    				00.000.065
20180416 10520920  $  -    			00.000.139
20180416 10520920  $ debug 			Query result for entity "uba_userrole" into data name "": row count=1
20180416 10520920  $  -    		00.000.148
20180416 10520920  $  -    	00.000.225
20180416 10520920  $  +    	ubMixinClasses.TubStorageMixin(02E142C0).MixinMethod
20180416 10520920  $ debug 		uba_audit.beforeinsert(TubStorageMixin)
20180416 10520920  $  -    	00.000.009
20180416 10520920  $  +    	ubMixinClasses.TubStorageMixin(02E142C0).MixinMethod
20180416 10520920  $ debug 		uba_audit.insert(TubStorageMixin)
20180416 10520920  $  +    		ubApp.TubDataStore(0585FA78).TubDataStore.ExecuteInsertFromList
20180416 10520920  $  +    			ubApp.TubDataStore(0585FA78).TubDataStore.ExecuteInsertFromSQL
20180416 10520920  $  +    				ubApp.TubApp(02DC3EE0).DBExecute
20180416 10520920  $  +    					ubApp.TubApp(02DC3EE0).TubApp.InternalDBExecute
20180416 10520920  $ debug 						P1: String(8)	uba_user
20180416 10520920  $ debug 						P2: Int64		10
20180416 10520920  $ debug 						P3: String(5)	LOGIN
20180416 10520920  $ debug 						P4: Int64		10
20180416 10520920  $ debug 						P5: DateTime	2018-04-16T10:52:09
20180416 10520920  $ debug 						P6: String(9)	127.0.0.1
20180416 10520920  $ debug 						P7: String(5)	admin
20180416 10520920  $ debug 						P8: String(0)	
20180416 10520920  $ debug 						P9: Int64		335793607278593
20180416 10520920  $ debug 						P10: String(556..)	Connection: keep-alive  Content-Length: 0  Accept: application/json, text/plain, */*  Accept-Encodin...
20180416 10520920  $ DB    						StartTransaction for connection "main"
20180416 10520920  $ SQL   						ubDBSQLite3ThreadSafe.TubSQLite3Statement(02E783B0) INSERT INTO uba_audit (entity,entityinfo_id,actionType,actionUser,actionTime,remoteIP,targetUser,targetRole,ID,fromValue) VALUES (?,?,?,?,?,?,?,?,?,?)
20180416 10520920  $  -    					00.000.169
20180416 10520920  $  -    				00.000.191
20180416 10520920  $  -    			00.000.282
20180416 10520920  $  -    		00.000.295
20180416 10520920  $  -    	00.000.299
20180416 10520920  $  +    	ubMixinClasses.TubStorageMixin(02E142C0).MixinMethod
20180416 10520920  $ debug 		uba_audit.afterinsert(TubStorageMixin)
20180416 10520920  $  -    	00.000.003
20180416 10520920  $ DB    	Commit connection "main"
20180416 10520920  $ http  	127.0.0.1 <- 200
20180416 10520920  $  -    00.265.549
20180416 10520920  %  +    ubql
20180416 10520920  % http  	127.0.0.1 -> POST ubql
20180416 10520920  % http  	[{"fieldList":["model","report_code","name","template","code","ID","mi_modifyDate"],"entity":"ubs_report","method":"update","alsNeed":false,"execParams":{"code":"{\"store\":\"mdb\",\"fName\":\"Reqlist_HD_month.js\",\"origName\":\"Reqlist_HD_month.js\",\"relPath\":\"\",\"ct\":\"application/javascript\",\"size\":1417,\"md5\":\"8ce5f38f2be6867cc048aeba7bc811d8\",\"revision\":1,\"isDirty\":true}","template":"{\"store\":\"mdb\",\"fName\":\"Reqlist_HD_month.template\",\"origName\":\"Reqlist_HD_month.template\",\"relPath\":\"\",\"ct\":\"application/template\",\"size\":986,\"md5\":\"39b9cc3e0110c59d6e05179b80be3754\",\"revision\":1,\"isDirty\":true}","ID":1322283145,"mi_modifyDate":"2018-04-16T12:23:22.000Z"}}]
20180416 10520920  % debug 	Create new JavaScript Engine for thread 68328
20180416 10520934  % auth  	admin/149399574
20180416 10520934  % call  	endpoint ubql
20180416 10520934  %  +    	ubMixinClasses.TubStorageMixin(02E142C0).MixinMethod
20180416 10520934  % debug 		ubs_report.beforeupdate(TubStorageMixin)
20180416 10520937  % EXC   		EMetabaseException {"errorCode":25,"Message":"Record modified by another user"} at 0094C650 
20180416 10520937  %  -    	00.058.046
20180416 10520937  % ERROR 	POST ubql ERROR=500 (Record modified by another user)
20180416 10520937  %  -    00.278.555
20180416 10521515  ! info  ubApp.TubApp(02DC3EE0) {   "ClientsCurrent": 1,   "ClientsMax": 1,   "Invalid": 2,   "Responses": 2,   "Modified": 0,   "IncomingBytes": 4121,   "OutcomingBytes": 497,   "OutcomingFiles": 0,   "ServiceCalls": 2,   "ProcessTime": "766.98ms"  }
