c:\UnityBase\UB.exe 4.0.0.0 (2018-02-22 16:30:16)Host=WDFN34211327A User=D071860 CPU=4*9-6-19971:FFFBCBBF8373DAFEBF6F9C0000 OS=23.0=10.0.15063 Wow64=1 Freq=2437498Environment variables=ALLUSERSPROFILE=C:\ProgramData	ANSICON=121x32766 (121x26)	ANSICON_DEF=7	APPDATA=C:\Users\D071860\AppData\Roaming	CommonProgramFiles=C:\Program Files (x86)\Common Files	CommonProgramFiles(x86)=C:\Program Files (x86)\Common Files	CommonProgramW6432=C:\Program Files\Common Files	COMPUTERNAME=WDFN34211327A	ComSpec=C:\WINDOWS\system32\cmd.exe	ConEmuANSI=ON	ConEmuAnsiLog=	ConEmuArgs=	ConEmuArgs2=	ConEmuBackHWND=0x000B026E	ConEmuBaseDir=C:\Program Files\ConEmu\ConEmu	ConEmuBaseDirShort=C:\PROGRA~1\ConEmu\ConEmu	ConEmuBuild=180411	ConEmuCfgDir=	ConEmuConfig=	ConEmuDir=C:\Program Files\ConEmu	ConEmuDrawHWND=0x00180912	ConEmuDrive=C:	ConEmuHooks=Enabled	ConEmuHWND=0x001904C6	ConEmuPalette=<ConEmu>	ConEmuPID=1208	ConEmuPrompt0=$E[m$E[32m$E]9;8;"USERNAME"$E\@$E]9;8;"COMPUTERNAME"$E\$S	ConEmuPrompt1=$E[m$E[32m$E]9;8;"USERNAME"$E\@$E]9;8;"COMPUTERNAME"$E\$S$E[92m$P$E[90m	ConEmuPrompt2=$_$E[90m$G	ConEmuPrompt3=$E[m$S$E]9;12$E\	ConEmuServerPID=20132	ConEmuTask={Shells::cmd}	ConEmuWorkDir=C:\Users\D071860	ConEmuWorkDrive=C:	DEFLOGDIR=C:\ProgramData\McAfee\Endpoint Security\Logs	HOMEDRIVE=C:	homeloc=D_WDF	HOMEPATH=\Users\D071860	KUBECONFIG=C:\Practice\kubernetes\RUSLAN-KUBECONFIG	LOCALAPPDATA=C:\Users\D071860\AppData\Local	LOGONSERVER=\\DS2WDF0004	NUMBER_OF_PROCESSORS=4	OneDrive=C:\Users\D071860\OneDrive	OS=Windows_NT	Path=C:\Program Files\ConEmu\ConEmu\Scripts;C:\Program Files\ConEmu;C:\Program Files\ConEmu\ConEmu;C:\ProgramData\Oracle\Java\javapath;C:\Program Files\Docker\Docker\Resources\bin;C:\WINDOWS\system32;C:\WINDOWS;C:\WINDOWS\System32\Wbem;C:\WINDOWS\System32\WindowsPowerShell\v1.0\;C:\Program Files\Minikube;C:\Program Files\Kubernetes;C:\Program Files (x86)\Google\Cloud SDK\google-cloud-sdk\bin;C:\Program Files\PuTTY\;C:\Program Files\nodejs\;c:\UnityBase;C:\Users\D071860\AppData\Local\Microsoft\WindowsApps;C:\Users\D071860\AppData\Roaming\npm	PATHEXT=.COM;.EXE;.BAT;.CMD;.VBS;.VBE;.JS;.JSE;.WSF;.WSH;.MSC	PROCESSOR_ARCHITECTURE=x86	PROCESSOR_ARCHITEW6432=AMD64	PROCESSOR_IDENTIFIER=Intel64 Family 6 Model 78 Stepping 3, GenuineIntel	PROCESSOR_LEVEL=6	PROCESSOR_REVISION=4e03	ProgramData=C:\ProgramData	ProgramFiles=C:\Program Files (x86)	ProgramFiles(x86)=C:\Program Files (x86)	ProgramW6432=C:\Program Files	PROMPT=$E[m$E[32m$E]9;8;"USERNAME"$E\@$E]9;8;"COMPUTERNAME"$E\$S$E[92m$P$E[90m$_$E[90m$G$E[m$S$E]9;12$E\	PSModulePath=C:\Program Files (x86)\WindowsPowerShell\Modules;C:\WINDOWS\system32\WindowsPowerShell\v1.0\Modules;C:\Program Files (x86)\Google\Cloud SDK\google-cloud-sdk\platform\PowerShell	PUBLIC=C:\Users\Public	SESSIONNAME=Console	SNC_LIB=C:\Program Files (x86)\SAP\FrontEnd\SecureLogin\lib\sapcrypto.dll	SNC_LIB_64=C:\Program Files\SAP\FrontEnd\SecureLogin\lib\sapcrypto.dll	SSF_LIBRARY_PATH=C:\Program Files (x86)\SAP\FrontEnd\SecureLogin\lib\sapcrypto.dll	SSF_LIBRARY_PATH_64=C:\Program Files\SAP\FrontEnd\SecureLogin\lib\sapcrypto.dll	SystemDrive=C:	SystemRoot=C:\WINDOWS	TEMP=C:\Users\D071860\AppData\Local\Temp	TMP=C:\Users\D071860\AppData\Local\Temp	UATDATA=C:\WINDOWS\CCM\UATData\D9F8C395-CAB8-491d-B8AC-179A1FE1BE77	UB_HOME=c:\UnityBase	USERDNSDOMAIN=GLOBAL.CORP.SAP	USERDOMAIN=GLOBAL	USERDOMAIN_ROAMINGPROFILE=GLOBAL	USERNAME=D071860	USERPROFILE=C:\Users\D071860	windir=C:\WINDOWSTubLog 1.18.3488 FTS3 2018-04-16T12:07:3620180416 12073606  ! warn  WebSocket support are disabled because WSServer.host = '' in config
20180416 12073607  !  +    ubServer.TubServer(02A3E5E8).008863DB 
20180416 12073607  !  +    	Init app
20180416 12073607  ! srvr  		FTS is disabled
20180416 12073607  ! info  		Check blob store "avatars" folder "C:\ubProject\CityPortal\avatars\": folder exists
20180416 12073607  ! info  		Check blob store "attach" folder "C:\ubProject\CityPortal\docs\attach\": folder exists
20180416 12073607  !  -    	00.000.435
20180416 12073607  !  +    	Folder C:\ubProject\CityPortal\node_modules\@unitybase\ub\ modified
20180416 12073607  !  +    		ubCommonClasses.TubThreadSafeCache(02A3CB08).removeStartsWith
20180416 12073607  !  -    		00.000.004
20180416 12073607  !  -    	00.000.009
20180416 12073607  !  +    	Folder C:\ubProject\CityPortal\node_modules\@unitybase\uba\ modified
20180416 12073607  !  +    		ubCommonClasses.TubThreadSafeCache(02A3CB08).removeStartsWith
20180416 12073607  !  -    		00.000.001
20180416 12073607  !  -    	00.000.004
20180416 12073607  !  +    	Folder C:\ubProject\CityPortal\node_modules\@unitybase\ubs\ modified
20180416 12073607  !  +    		ubCommonClasses.TubThreadSafeCache(02A3CB08).removeStartsWith
20180416 12073607  !  -    		00.000.000
20180416 12073607  !  -    	00.000.003
20180416 12073607  !  +    	Folder C:\ubProject\CityPortal\node_modules\@unitybase\ubm\ modified
20180416 12073607  !  +    		ubCommonClasses.TubThreadSafeCache(02A3CB08).removeStartsWith
20180416 12073607  !  -    		00.000.000
20180416 12073607  !  -    	00.000.003
20180416 12073607  !  +    	Folder C:\ubProject\CityPortal\_public_only_\ modified
20180416 12073607  !  +    		ubCommonClasses.TubThreadSafeCache(02A3CB08).removeStartsWith
20180416 12073607  !  -    		00.000.000
20180416 12073607  !  -    	00.000.004
20180416 12073607  !  +    	Folder C:\ubProject\CityPortal\node_modules\@unitybase\adminui-reg\ modified
20180416 12073607  !  +    		ubCommonClasses.TubThreadSafeCache(02A3CB08).removeStartsWith
20180416 12073607  !  -    		00.000.000
20180416 12073607  !  -    	00.000.004
20180416 12073607  !  +    	Folder C:\ubProject\CityPortal\models\requests\ modified
20180416 12073607  !  +    		ubCommonClasses.TubThreadSafeCache(02A3CB08).removeStartsWith
20180416 12073607  !  -    		00.000.000
20180416 12073607  !  -    	00.000.003
20180416 12073607  !  +    	ubApp.TubApp(029A3EE0).init
20180416 12073607  ! srvr  		Mime converters are disabled
20180416 12073607  !  -    	00.000.003
20180416 12073607  ! srvr  	Enable zip compresison
20180416 12073607  ! srvr  	Send initialization request to http://localhost:888/init
20180416 12073608  "  +    InitializationRequest
20180416 12073608  "  +    	init
20180416 12073608  " srvr  		Start application intialization...
20180416 12073608  " info  		Loading domain...
20180416 12073608  " info  		Loading model "UB" from "C:\ubProject\CityPortal\node_modules\@unitybase\ub\"
20180416 12073608  " info  		Loading model "UBA" from "C:\ubProject\CityPortal\node_modules\@unitybase\uba\"
20180416 12073610  " info  		Loading model "UBS" from "C:\ubProject\CityPortal\node_modules\@unitybase\ubs\"
20180416 12073611  " info  		Loading model "UBM" from "C:\ubProject\CityPortal\node_modules\@unitybase\ubm\"
20180416 12073611  " info  		Loading model "adminui-reg" from "C:\ubProject\CityPortal\node_modules\@unitybase\adminui-reg\"
20180416 12073611  " info  		Loading model "RequestList" from "C:\ubProject\CityPortal\models\requests\"
20180416 12073611  "  +    		ubApp.TubDataStore(042841B8).Init
20180416 12073611  "  +    			ubApp.TubApp(029A3EE0).DBExecute
20180416 12073611  "  +    				ubApp.TubApp(029A3EE0).TubApp.InternalDBExecute
20180416 12073611  "  +    					00856EC2 
20180416 12073612  "  -    					00.008.682
20180416 12073612  " SQL   					ubDBSQLite3ThreadSafe.TubSQLite3Statement(02A56EB0) PRAGMA foreign_keys = ON
20180416 12073612  " SQL   					ubDBSQLite3ThreadSafe.TubSQLite3Statement(02A568B0) SELECT A01.ID,A01.entity,A01.state,A01.attribute,A01.roleName,A01.actions  FROM uba_als A01  ORDER BY A01.entity ASC
20180416 12073612  "  -    				00.008.811
20180416 12073612  "  -    			00.008.842
20180416 12073612  " debug 			Query result for entity "uba_als" into data name "": row count=0
20180416 12073612  "  -    		00.008.863
20180416 12073612  " srvr  		The domain loaded successfully with 0 entities
20180416 12073612  " debug 		Create new JavaScript Engine for thread 68192
20180416 12073626  "  +    		008C234A 
20180416 12073626  "  +    			ubApp.TubDataStore(05855CC8).Init
20180416 12073626  "  +    				ubApp.TubApp(029A3EE0).DBExecute
20180416 12073626  "  +    					ubApp.TubApp(029A3EE0).TubApp.InternalDBExecute
20180416 12073626  " SQL   						ubDBSQLite3ThreadSafe.TubSQLite3Statement(02A57210) SELECT A01.ID,A01.name,A01.sessionTimeout,A01.allowedAppMethods  FROM uba_role A01 
20180416 12073626  "  -    					00.000.045
20180416 12073626  "  -    				00.000.105
20180416 12073626  " debug 				Query result for entity "uba_role" into data name "": row count=9
20180416 12073626  "  -    			00.000.123
20180416 12073626  "  +    			ubApp.TubDataStore(05855D40).Init
20180416 12073626  "  +    				ubApp.TubApp(029A3EE0).DBExecute
20180416 12073626  "  +    					ubApp.TubApp(029A3EE0).TubApp.InternalDBExecute
20180416 12073626  " SQL   						ubDBSQLite3ThreadSafe.TubSQLite3Statement(02A571B0) SELECT A01.ID,A01.entityMask,A01.methodMask,A01.ruleType,A01.ruleRole,A01.disabled,A01.code  FROM uba_els A01 
20180416 12073626  "  -    					00.000.028
20180416 12073626  "  -    				00.000.154
20180416 12073626  " debug 				Query result for entity "uba_els" into data name "": row count=88
20180416 12073626  "  -    			00.000.178
20180416 12073626  "  -    		00.002.326
20180416 12073626  " auth  		New session admin/153929621 created at 127.0.0.1/-360287968579026318 using Mozilla/5.0 (Windows; mORMot 1.18 TWinHTTP)
20180416 12073626  " auth  		New session anonymous/153929620 created at 127.0.0.1/-360287968579026318 using Mozilla/5.0 (Windows; mORMot 1.18 TWinHTTP)
20180416 12073626  "  +    		ubApp.TubDataStore(05855EA8).Init
20180416 12073626  "  +    			ubApp.TubApp(029A3EE0).DBExecute
20180416 12073626  "  +    				ubApp.TubApp(029A3EE0).TubApp.InternalDBExecute
20180416 12073626  " debug 					P1: String(34)	UBA.passwordPolicy.maxDurationDays
20180416 12073626  " SQL   					ubDBSQLite3ThreadSafe.TubSQLite3Statement(02A572D0) select settingValue from ubs_settings where settingKey =?
20180416 12073626  "  -    				00.000.118
20180416 12073626  "  -    			00.000.256
20180416 12073626  " debug 			Query result for entity "ubs_settings" into data name "": row count=1
20180416 12073626  "  -    		00.000.269
20180416 12073626  "  +    		ubApp.TubDataStore(05855EA8).Init
20180416 12073626  "  +    			ubApp.TubApp(029A3EE0).DBExecute
20180416 12073626  "  +    				ubApp.TubApp(029A3EE0).TubApp.InternalDBExecute
20180416 12073626  " debug 					P1: String(37)	UBA.passwordPolicy.maxInvalidAttempts
20180416 12073626  " SQL   					ubDBSQLite3ThreadSafe.TubSQLite3Statement(02A572D0) select settingValue from ubs_settings where settingKey =?
20180416 12073626  "  -    				00.000.009
20180416 12073626  "  -    			00.000.023
20180416 12073626  " debug 			Query result for entity "ubs_settings" into data name "": row count=1
20180416 12073626  "  -    		00.000.029
20180416 12073626  "  -    	00.276.892
20180416 12073626  "  -    00.276.908
20180416 12073626  ! srvr  	ubServer.TubServer(02A3E5E8) {"THttpApiServer(0296A990)":{"Cloned":false,"RegisteredUrl":"http://+:888/","HTTPQueueLength":1000,"MaxBandwidth":-1,"MaxConnections":-1,"APIVersion":"HTTP API 2.0","ServerName":"UnityBase","ProcessName":""}} initialized
20180416 12073626  !  -    00.301.172
20180416 12073740  "  +    ubql
20180416 12073740  " http  	127.0.0.1 -> POST ubql
20180416 12073740  " http  	[{"fieldList":["model","report_code","name","template","code","ID","mi_modifyDate"],"entity":"ubs_report","method":"update","alsNeed":false,"execParams":{"template":"{\"store\":\"mdb\",\"fName\":\"xlsxExample.template\",\"origName\":\"xlsxExample.template\",\"relPath\":\"\",\"ct\":\"application/template\",\"size\":4622,\"md5\":\"52deb7352ea80d80c140b54f9426d571\",\"revision\":1,\"isDirty\":true}","code":"{\"store\":\"mdb\",\"fName\":\"xlsxExample.js\",\"origName\":\"xlsxExample.js\",\"relPath\":\"\",\"ct\":\"application/javascript\",\"size\":2624,\"md5\":\"b8c0c0df7ddaeae177a6c493996bc5b6\",\"revision\":1,\"isDirty\":true}","ID":1847324396,"mi_modifyDate":"2018-04-16T14:06:04.000Z"}}]
20180416 12073740  " http  	<- 401
20180416 12073740  "  -    00.000.076
20180416 12073857  #  +    auth?AUTHTYPE=UB&userName=admin
20180416 12073857  # http  	127.0.0.1 -> POST auth?AUTHTYPE=UB&userName=admin
20180416 12073857  # debug 	Create new JavaScript Engine for thread 68644
20180416 12073909  # call  	endpoint auth
20180416 12073910  # http  	127.0.0.1 <- 200
20180416 12073910  #  -    00.238.316
20180416 12073910  $  +    auth?AUTHTYPE=UB&clientNonce=74c6190f4e803879a7d5ac5e5d881d8501c89c754ee9f49043e44836680cc2d2&password=da6fdf58f51a72614b88ef1076709e0aa1a0caefb38e65380b75db60351a968e&userName=admin
20180416 12073910  $ http  	127.0.0.1 -> POST auth?AUTHTYPE=UB&clientNonce=74c6190f4e803879a7d5ac5e5d881d8501c89c754ee9f49043e44836680cc2d2&password=da6fdf58f51a72614b88ef1076709e0aa1a0caefb38e65380b75db60351a968e&userName=admin
20180416 12073910  $ debug 	Create new JavaScript Engine for thread 68984
20180416 12073924  $ call  	endpoint auth
20180416 12073924  $  +    	ubApp.TubDataStore(0585B150).Init
20180416 12073924  $  +    		ubApp.TubApp(029A3EE0).DBExecute
20180416 12073924  $  +    			ubApp.TubApp(029A3EE0).TubApp.InternalDBExecute
20180416 12073924  $  +    				00856EC2 
20180416 12073924  $  -    				00.002.398
20180416 12073924  $ SQL   				ubDBSQLite3ThreadSafe.TubSQLite3Statement(02A58050) PRAGMA foreign_keys = ON
20180416 12073924  $ debug 				P1: String(5)	admin
20180416 12073924  $ SQL   				ubDBSQLite3ThreadSafe.TubSQLite3Statement(02A579F0) select id, name, uPasswordHashHexa, uData, isPending, trustedIP from UBA_USER where name=? and disabled=0
20180416 12073924  $  -    			00.002.449
20180416 12073924  $  -    		00.002.516
20180416 12073924  $ debug 		Query result for entity "uba_user" into data name "": row count=1
20180416 12073924  $  -    	00.002.545
20180416 12073924  $  +    	ubApp.TubDataStore(0585B150).Init
20180416 12073924  $  +    		ubApp.TubApp(029A3EE0).DBExecute
20180416 12073924  $  +    			ubApp.TubApp(029A3EE0).TubApp.InternalDBExecute
20180416 12073924  $ debug 				P1: Int64		10
20180416 12073924  $ SQL   				ubDBSQLite3ThreadSafe.TubSQLite3Statement(02A58050) SELECT lastPasswordChangeDate FROM uba_user WHERE id=?
20180416 12073924  $  -    			00.000.018
20180416 12073924  $  -    		00.000.042
20180416 12073924  $ debug 		Query result for entity "uba_user" into data name "__expireDate": row count=1
20180416 12073924  $  -    	00.000.050
20180416 12073924  $  +    	ubApp.TubDataStore(06E36D70).Init
20180416 12073924  $  +    		ubApp.TubApp(029A3EE0).DBExecute
20180416 12073924  $  +    			ubApp.TubApp(029A3EE0).TubApp.InternalDBExecute
20180416 12073924  $ debug 				P1: Int64		10
20180416 12073924  $ SQL   				ubDBSQLite3ThreadSafe.TubSQLite3Statement(02A58110) SELECT A01.roleID,A02.name,A02.description  FROM uba_userrole A01  INNER JOIN uba_role A02 ON A02.ID=A01.roleID  WHERE A01.userID=?
20180416 12073924  $  -    			00.000.040
20180416 12073924  $  -    		00.000.077
20180416 12073924  $ debug 		Query result for entity "uba_userrole" into data name "": row count=1
20180416 12073924  $  -    	00.000.084
20180416 12073924  $ auth  	New session admin/153929623 created at 127.0.0.1/-72057583837379909 using Mozilla/5.0 (Windows NT 10.0; Win64; x64) AppleWebKit/537.36 (KHTML, like Gecko) Chrome/65.0.3325.181 Safari/537.36
20180416 12073924  $  +    	ubMixinClasses.TubStorageMixin(029F42C0).MixinMethod
20180416 12073924  $ debug 		uba_user.select(TubStorageMixin)
20180416 12073924  $  +    		ubApp.TubDataStore(06E36D70).Init
20180416 12073924  $  +    			ubApp.TubApp(029A3EE0).DBExecute
20180416 12073924  $  +    				ubApp.TubApp(029A3EE0).TubApp.InternalDBExecute
20180416 12073924  $ debug 					P1: Int64		10
20180416 12073924  $ SQL   					ubDBSQLite3ThreadSafe.TubSQLite3Statement(02A58230) SELECT A01.name  FROM uba_user A01  WHERE A01.ID=?
20180416 12073924  $  -    				00.000.041
20180416 12073924  $  -    			00.000.080
20180416 12073924  $ debug 			Query result for entity "uba_user" into data name "": row count=1
20180416 12073924  $  -    		00.000.130
20180416 12073924  $  -    	00.000.205
20180416 12073927  $  +    	ubMixinClasses.TubStorageMixin(029F42C0).MixinMethod
20180416 12073927  $ debug 		uba_advSecurity.select(TubStorageMixin)
20180416 12073927  $  +    		ubApp.TubDataStore(06E36D70).Init
20180416 12073927  $  +    			ubApp.TubApp(029A3EE0).DBExecute
20180416 12073927  $  +    				ubApp.TubApp(029A3EE0).TubApp.InternalDBExecute
20180416 12073927  $ debug 					P1: Int64		10
20180416 12073927  $ SQL   					ubDBSQLite3ThreadSafe.TubSQLite3Statement(02A58290) SELECT A01.ID,A01.allowedIP,A01.refreshIP,A01.fp,A01.refreshFp,A01.keyMediaName,A01.refreshKeyMedia,A01.mi_modifyDate  FROM uba_advSecurity A01  WHERE A01.userID=?
20180416 12073927  $  -    				00.000.073
20180416 12073927  $  -    			00.000.178
20180416 12073927  $ debug 			Query result for entity "uba_advSecurity" into data name "": row count=0
20180416 12073927  $  -    		00.000.192
20180416 12073927  $  -    	00.000.344
20180416 12073927  $  +    	ubMixinClasses.TubStorageMixin(029F42C0).MixinMethod
20180416 12073927  $ debug 		uba_userrole.select(TubStorageMixin)
20180416 12073927  $  +    		ubApp.TubDataStore(06E36D70).Init
20180416 12073927  $  +    			ubApp.TubApp(029A3EE0).DBExecute
20180416 12073927  $  +    				ubApp.TubApp(029A3EE0).TubApp.InternalDBExecute
20180416 12073927  $ debug 					P1: Int64		10
20180416 12073927  $ SQL   					ubDBSQLite3ThreadSafe.TubSQLite3Statement(02A582F0) SELECT A01.ID,A02.name,A01.roleID  FROM uba_userrole A01  INNER JOIN uba_role A02 ON A02.ID=A01.roleID  WHERE A01.userID=?
20180416 12073927  $  -    				00.000.080
20180416 12073927  $  -    			00.000.161
20180416 12073927  $ debug 			Query result for entity "uba_userrole" into data name "": row count=1
20180416 12073927  $  -    		00.000.172
20180416 12073927  $  -    	00.000.261
20180416 12073927  $  +    	ubMixinClasses.TubStorageMixin(029F42C0).MixinMethod
20180416 12073927  $ debug 		uba_audit.beforeinsert(TubStorageMixin)
20180416 12073927  $  -    	00.000.010
20180416 12073927  $  +    	ubMixinClasses.TubStorageMixin(029F42C0).MixinMethod
20180416 12073927  $ debug 		uba_audit.insert(TubStorageMixin)
20180416 12073927  $  +    		ubApp.TubDataStore(0585AF48).TubDataStore.ExecuteInsertFromList
20180416 12073927  $  +    			ubApp.TubDataStore(0585AF48).TubDataStore.ExecuteInsertFromSQL
20180416 12073927  $  +    				ubApp.TubApp(029A3EE0).DBExecute
20180416 12073927  $  +    					ubApp.TubApp(029A3EE0).TubApp.InternalDBExecute
20180416 12073927  $ debug 						P1: String(8)	uba_user
20180416 12073927  $ debug 						P2: Int64		10
20180416 12073927  $ debug 						P3: String(5)	LOGIN
20180416 12073927  $ debug 						P4: Int64		10
20180416 12073927  $ debug 						P5: DateTime	2018-04-16T12:07:39
20180416 12073927  $ debug 						P6: String(9)	127.0.0.1
20180416 12073927  $ debug 						P7: String(5)	admin
20180416 12073927  $ debug 						P8: String(0)	
20180416 12073927  $ debug 						P9: Int64		335794187141121
20180416 12073927  $ debug 						P10: String(556..)	Connection: keep-alive  Content-Length: 0  Accept: application/json, text/plain, */*  Accept-Encodin...
20180416 12073927  $ DB    						StartTransaction for connection "main"
20180416 12073927  $ SQL   						ubDBSQLite3ThreadSafe.TubSQLite3Statement(02A583B0) INSERT INTO uba_audit (entity,entityinfo_id,actionType,actionUser,actionTime,remoteIP,targetUser,targetRole,ID,fromValue) VALUES (?,?,?,?,?,?,?,?,?,?)
20180416 12073927  $  -    					00.000.160
20180416 12073927  $  -    				00.000.225
20180416 12073927  $  -    			00.000.319
20180416 12073927  $  -    		00.000.332
20180416 12073927  $  -    	00.000.336
20180416 12073927  $  +    	ubMixinClasses.TubStorageMixin(029F42C0).MixinMethod
20180416 12073927  $ debug 		uba_audit.afterinsert(TubStorageMixin)
20180416 12073927  $  -    	00.000.003
20180416 12073927  $ DB    	Commit connection "main"
20180416 12073927  $ http  	127.0.0.1 <- 200
20180416 12073927  $  -    00.283.428
20180416 12073928  %  +    ubql
20180416 12073928  % http  	127.0.0.1 -> POST ubql
20180416 12073928  % http  	[{"fieldList":["model","report_code","name","template","code","ID","mi_modifyDate"],"entity":"ubs_report","method":"update","alsNeed":false,"execParams":{"template":"{\"store\":\"mdb\",\"fName\":\"xlsxExample.template\",\"origName\":\"xlsxExample.template\",\"relPath\":\"\",\"ct\":\"application/template\",\"size\":4622,\"md5\":\"52deb7352ea80d80c140b54f9426d571\",\"revision\":1,\"isDirty\":true}","code":"{\"store\":\"mdb\",\"fName\":\"xlsxExample.js\",\"origName\":\"xlsxExample.js\",\"relPath\":\"\",\"ct\":\"application/javascript\",\"size\":2624,\"md5\":\"b8c0c0df7ddaeae177a6c493996bc5b6\",\"revision\":1,\"isDirty\":true}","ID":1847324396,"mi_modifyDate":"2018-04-16T14:06:04.000Z"}}]
20180416 12073928  % debug 	Create new JavaScript Engine for thread 68796
20180416 12073944  % auth  	admin/153929623
20180416 12073944  % call  	endpoint ubql
20180416 12073944  %  +    	ubMixinClasses.TubStorageMixin(029F42C0).MixinMethod
20180416 12073944  % debug 		ubs_report.beforeupdate(TubStorageMixin)
20180416 12073947  %  -    	00.046.922
20180416 12073947  %  +    	ubMixinClasses.TubStorageMixin(029F42C0).MixinMethod
20180416 12073947  % debug 		ubs_report.afterupdate(TubStorageMixin)
20180416 12073948  %  -    	00.010.111
20180416 12073948  %  +    	ubMixinClasses.TubAuditMixin(029F4F70).MixinMethod
20180416 12073948  % debug 		ubs_report.afterupdate(TubAuditMixin)
20180416 12073948  %  +    		ubApp.TubDataStore(06E3A4C0).TubDataStore.ExecuteInsertFromSQL
20180416 12073948  %  +    			ubApp.TubApp(029A3EE0).DBExecute
20180416 12073948  %  +    				ubApp.TubApp(029A3EE0).TubApp.InternalDBExecute
20180416 12073948  %  +    					00856EC2 
20180416 12073948  %  -    					00.003.054
20180416 12073948  % SQL   					ubDBSQLite3ThreadSafe.TubSQLite3Statement(02A58D70) PRAGMA foreign_keys = ON
20180416 12073948  % debug 					P1: Int64		335794187206657
20180416 12073948  % debug 					P2: String(10)	ubs_report
20180416 12073948  % debug 					P3: Int64		1847324396
20180416 12073948  % debug 					P4: String(6)	UPDATE
20180416 12073948  % debug 					P5: Int64		10
20180416 12073948  % debug 					P6: DateTime	2018-04-16T12:07:39
20180416 12073948  % debug 					P7: String(9)	127.0.0.1
20180416 12073948  % debug 					P8: Int64		1847324396
20180416 12073948  % debug 					P9: String(1)	]
20180416 12073948  % debug 					P10: String(534..)	{"template":"{\"store\":\"mdb\",\"fName\":\"xlsxExample.template\",\"origName\":\"xlsxExample.templa...
20180416 12073948  % DB    					StartTransaction for connection "main"
20180416 12073948  % SQL   					ubDBSQLite3ThreadSafe.TubSQLite3Statement(02A58710) INSERT INTO uba_auditTrail (ID,entity,entityinfo_id,actionType,actionUser,actionTime,remoteIP,parentEntityInfo_id,fromValue,toValue) VALUES (?,?,?,?,?,?,?,?,?,?)
20180416 12073948  %  -    				00.003.210
20180416 12073948  %  -    			00.003.213
20180416 12073948  %  -    		00.003.352
20180416 12073948  %  -    	00.003.432
20180416 12073948  % DB    	Commit connection "main" in 89us
20180416 12073948  % http  	127.0.0.1 <- 200
20180416 12073948  %  -    00.323.484
20180416 12073952  &  +    getDocument?entity=ubs_report&attribute=template&ID=1847324396&origName=xlsxExample.template&filename=ubs_report1847324396template&_dc=1523880459785
20180416 12073952  & http  	127.0.0.1 -> GET getDocument?entity=ubs_report&attribute=template&ID=1847324396&origName=xlsxExample.template&filename=ubs_report1847324396template&_dc=1523880459785
20180416 12073952  & debug 	Create new JavaScript Engine for thread 64912
20180416 12073952  '  +    getDocument?entity=ubs_report&attribute=code&ID=1847324396&origName=xlsxExample.js&filename=ubs_report1847324396code&_dc=1523880459788
20180416 12073952  ' http  	127.0.0.1 -> GET getDocument?entity=ubs_report&attribute=code&ID=1847324396&origName=xlsxExample.js&filename=ubs_report1847324396code&_dc=1523880459788
20180416 12073955  ' debug 	Create new JavaScript Engine for thread 69144
20180416 12074005  & auth  	admin/153929623
20180416 12074005  & call  	endpoint getDocument
20180416 12074009  ' auth  	admin/153929623
20180416 12074009  ' call  	endpoint getDocument
20180416 12074009  & http  	127.0.0.1 <- 200
20180416 12074009  &  -    00.318.363
20180416 12074012  ' http  	127.0.0.1 <- 200
20180416 12074012  '  -    00.361.990
20180416 12074043  (  +    ubql
20180416 12074043  ( http  	127.0.0.1 -> POST ubql
20180416 12074043  ( http  	[{"entity":"ubs_report","method":"select","fieldList":["ID","report_code","name","template","code","model"],"version":"-1"}]
20180416 12074043  ( debug 	Create new JavaScript Engine for thread 68820
20180416 12074056  ( auth  	admin/153929623
20180416 12074056  ( call  	endpoint ubql
20180416 12074060  ( http  	127.0.0.1 <- 200
20180416 12074060  (  -    00.275.418
20180416 12074060  )  +    getDocument?entity=ubs_report&attribute=template&ID=1847324396&origName=xlsxExample.template&dtrPrm=1523880460972
20180416 12074060  ) http  	127.0.0.1 -> GET getDocument?entity=ubs_report&attribute=template&ID=1847324396&origName=xlsxExample.template&dtrPrm=1523880460972
20180416 12074060  ) debug 	Create new JavaScript Engine for thread 69196
20180416 12074060  "  +    getDocument?entity=ubs_report&attribute=code&ID=1847324396&origName=xlsxExample.js&dtrPrm=1523880460972
20180416 12074060  " http  	127.0.0.1 -> GET getDocument?entity=ubs_report&attribute=code&ID=1847324396&origName=xlsxExample.js&dtrPrm=1523880460972
20180416 12074100  " auth  	admin/153929623
20180416 12074100  " call  	endpoint getDocument
20180416 12074105  " http  	127.0.0.1 <- 200
20180416 12074105  "  -    00.105.350
20180416 12074112  ) auth  	admin/153929623
20180416 12074112  ) call  	endpoint getDocument
20180416 12074115  ) http  	127.0.0.1 <- 200
20180416 12074115  )  -    00.271.550
20180416 12074128  #  +    clientRequire/tinymce//skins/lightgray/content.min.css
20180416 12074128  # http  	127.0.0.1 -> GET clientRequire/tinymce//skins/lightgray/content.min.css
20180416 12074128  # call  	endpoint clientRequire
20180416 12074128  # info  	Call clientRequire 
20180416 12074133  # http  	127.0.0.1 <- 200
20180416 12074133  #  -    00.078.654
20180416 12074135  $  +    models/adminui-pub/css/print-report.css
20180416 12074135  $ http  	127.0.0.1 -> GET models/adminui-pub/css/print-report.css
20180416 12074135  %  +    models/adminui-pub/css/print-portrait.css
20180416 12074135  % http  	127.0.0.1 -> GET models/adminui-pub/css/print-portrait.css
20180416 12074135  $ call  	endpoint models
20180416 12074135  % call  	endpoint models
20180416 12074135  % http  	127.0.0.1 <- 200
20180416 12074135  %  -    00.002.488
20180416 12074135  $ http  	127.0.0.1 <- 200
20180416 12074135  $  -    00.004.708
20180416 12090021  &  +    setDocument?ID=1847324396&attribute=code&entity=ubs_report&filename=xlsxExample.js
20180416 12090021  & http  	127.0.0.1 -> POST setDocument?ID=1847324396&attribute=code&entity=ubs_report&filename=xlsxExample.js
20180416 12090021  & http  	!BIN(2082)
20180416 12090021  & auth  	admin/153929623
20180416 12090021  & call  	endpoint setDocument
20180416 12090022  & http  	127.0.0.1 <- 200
20180416 12090022  &  -    00.012.861
20180416 12090022  '  +    ubql
20180416 12090022  ' http  	127.0.0.1 -> POST ubql
20180416 12090022  ' http  	[{"fieldList":["model","report_code","name","template","code","ID","mi_modifyDate"],"entity":"ubs_report","method":"update","alsNeed":false,"execParams":{"code":"{\"store\":\"mdb\",\"fName\":\"xlsxExample.js\",\"origName\":\"xlsxExample.js\",\"relPath\":\"\",\"ct\":\"application/javascript\",\"size\":2082,\"md5\":\"ee5b9def104ccd15199eb396486c1ea1\",\"revision\":1,\"isDirty\":true}","ID":1847324396,"mi_modifyDate":"2018-04-16T14:07:39.000Z"}}]
20180416 12090022  ' auth  	admin/153929623
20180416 12090022  ' call  	endpoint ubql
20180416 12090022  '  +    	ubMixinClasses.TubStorageMixin(029F42C0).MixinMethod
20180416 12090022  ' debug 		ubs_report.beforeupdate(TubStorageMixin)
20180416 12090022  '  -    	00.001.632
20180416 12090024  '  +    	ubMixinClasses.TubStorageMixin(029F42C0).MixinMethod
20180416 12090024  ' debug 		ubs_report.afterupdate(TubStorageMixin)
20180416 12090025  '  -    	00.009.059
20180416 12090025  '  +    	ubMixinClasses.TubAuditMixin(029F4F70).MixinMethod
20180416 12090025  ' debug 		ubs_report.afterupdate(TubAuditMixin)
20180416 12090025  '  +    		ubApp.TubDataStore(06D62DF0).TubDataStore.ExecuteInsertFromSQL
20180416 12090025  '  +    			ubApp.TubApp(029A3EE0).DBExecute
20180416 12090025  '  +    				ubApp.TubApp(029A3EE0).TubApp.InternalDBExecute
20180416 12090025  '  +    					00856EC2 
20180416 12090025  '  -    					00.008.365
20180416 12090025  ' SQL   					ubDBSQLite3ThreadSafe.TubSQLite3Statement(02A5A090) PRAGMA foreign_keys = ON
20180416 12090025  ' debug 					P1: Int64		335794197495809
20180416 12090025  ' debug 					P2: String(10)	ubs_report
20180416 12090025  ' debug 					P3: Int64		1847324396
20180416 12090025  ' debug 					P4: String(6)	UPDATE
20180416 12090025  ' debug 					P5: Int64		10
20180416 12090025  ' debug 					P6: DateTime	2018-04-16T12:09:00
20180416 12090025  ' debug 					P7: String(9)	127.0.0.1
20180416 12090025  ' debug 					P8: Int64		1847324396
20180416 12090025  ' debug 					P9: String(1)	]
20180416 12090025  ' debug 					P10: String(288..)	{"code":"{\"store\":\"mdb\",\"fName\":\"xlsxExample.js\",\"origName\":\"xlsxExample.js\",\"relPath\"...
20180416 12090025  ' DB    					StartTransaction for connection "main"
20180416 12090025  ' SQL   					ubDBSQLite3ThreadSafe.TubSQLite3Statement(02A599D0) INSERT INTO uba_auditTrail (ID,entity,entityinfo_id,actionType,actionUser,actionTime,remoteIP,parentEntityInfo_id,fromValue,toValue) VALUES (?,?,?,?,?,?,?,?,?,?)
20180416 12090025  '  -    				00.008.510
20180416 12090025  '  -    			00.008.513
20180416 12090025  '  -    		00.008.611
20180416 12090025  '  -    	00.008.662
20180416 12090025  ' DB    	Commit connection "main" in 80us
20180416 12090025  ' http  	127.0.0.1 <- 200
20180416 12090025  '  -    00.044.486
20180416 12090029  (  +    getDocument?entity=ubs_report&attribute=template&ID=1847324396&origName=xlsxExample.template&filename=ubs_report1847324396template&_dc=1523880540419
20180416 12090029  ( http  	127.0.0.1 -> GET getDocument?entity=ubs_report&attribute=template&ID=1847324396&origName=xlsxExample.template&filename=ubs_report1847324396template&_dc=1523880540419
20180416 12090029  ( auth  	admin/153929623
20180416 12090029  ( call  	endpoint getDocument
20180416 12090029  "  +    getDocument?entity=ubs_report&attribute=code&ID=1847324396&origName=xlsxExample.js&filename=ubs_report1847324396code&_dc=1523880540422
20180416 12090029  " http  	127.0.0.1 -> GET getDocument?entity=ubs_report&attribute=code&ID=1847324396&origName=xlsxExample.js&filename=ubs_report1847324396code&_dc=1523880540422
20180416 12090029  " auth  	admin/153929623
20180416 12090029  " call  	endpoint getDocument
20180416 12090029  ( http  	127.0.0.1 <- 200
20180416 12090029  (  -    00.005.645
20180416 12090029  " http  	127.0.0.1 <- 200
20180416 12090029  "  -    00.002.957
20180416 12101211  )  +    setDocument?ID=1847324396&attribute=template&entity=ubs_report&filename=xlsxExample.template
20180416 12101211  ) http  	127.0.0.1 -> POST setDocument?ID=1847324396&attribute=template&entity=ubs_report&filename=xlsxExample.template
20180416 12101211  ) http  	!BIN(1500)
20180416 12101211  ) auth  	admin/153929623
20180416 12101211  ) call  	endpoint setDocument
20180416 12101212  ) http  	127.0.0.1 <- 200
20180416 12101212  )  -    00.010.917
20180416 12101212  #  +    ubql
20180416 12101212  # http  	127.0.0.1 -> POST ubql
20180416 12101212  # http  	[{"fieldList":["model","report_code","name","template","code","ID","mi_modifyDate"],"entity":"ubs_report","method":"update","alsNeed":false,"execParams":{"template":"{\"store\":\"mdb\",\"fName\":\"xlsxExample.template\",\"origName\":\"xlsxExample.template\",\"relPath\":\"\",\"ct\":\"application/template\",\"size\":1500,\"md5\":\"a10aac303849cd2ff0d6cc3b0e5490dd\",\"revision\":1,\"isDirty\":true}","ID":1847324396,"mi_modifyDate":"2018-04-16T14:09:00.000Z"}}]
20180416 12101212  # auth  	admin/153929623
20180416 12101212  # call  	endpoint ubql
20180416 12101212  #  +    	ubMixinClasses.TubStorageMixin(029F42C0).MixinMethod
20180416 12101212  # debug 		ubs_report.beforeupdate(TubStorageMixin)
20180416 12101215  #  -    	00.036.557
20180416 12101217  #  +    	ubMixinClasses.TubStorageMixin(029F42C0).MixinMethod
20180416 12101217  # debug 		ubs_report.afterupdate(TubStorageMixin)
20180416 12101217  #  -    	00.008.158
20180416 12101217  #  +    	ubMixinClasses.TubAuditMixin(029F4F70).MixinMethod
20180416 12101217  # debug 		ubs_report.afterupdate(TubAuditMixin)
20180416 12101217  #  +    		ubApp.TubDataStore(06D64F88).TubDataStore.ExecuteInsertFromSQL
20180416 12101217  #  +    			ubApp.TubApp(029A3EE0).DBExecute
20180416 12101217  #  +    				ubApp.TubApp(029A3EE0).TubApp.InternalDBExecute
20180416 12101217  #  +    					00856EC2 
20180416 12101218  #  -    					00.009.522
20180416 12101218  # SQL   					ubDBSQLite3ThreadSafe.TubSQLite3Statement(02A5A750) PRAGMA foreign_keys = ON
20180416 12101218  # debug 					P1: Int64		335794206703617
20180416 12101218  # debug 					P2: String(10)	ubs_report
20180416 12101218  # debug 					P3: Int64		1847324396
20180416 12101218  # debug 					P4: String(6)	UPDATE
20180416 12101218  # debug 					P5: Int64		10
20180416 12101218  # debug 					P6: DateTime	2018-04-16T12:10:12
20180416 12101218  # debug 					P7: String(9)	127.0.0.1
20180416 12101218  # debug 					P8: Int64		1847324396
20180416 12101218  # debug 					P9: String(1)	]
20180416 12101218  # debug 					P10: String(302..)	{"template":"{\"store\":\"mdb\",\"fName\":\"xlsxExample.template\",\"origName\":\"xlsxExample.templa...
20180416 12101218  # DB    					StartTransaction for connection "main"
20180416 12101218  # SQL   					ubDBSQLite3ThreadSafe.TubSQLite3Statement(02A5A0F0) INSERT INTO uba_auditTrail (ID,entity,entityinfo_id,actionType,actionUser,actionTime,remoteIP,parentEntityInfo_id,fromValue,toValue) VALUES (?,?,?,?,?,?,?,?,?,?)
20180416 12101218  #  -    				00.009.714
20180416 12101218  #  -    			00.009.716
20180416 12101218  #  -    		00.009.822
20180416 12101218  #  -    	00.009.870
20180416 12101218  # DB    	Commit connection "main" in 107us
20180416 12101218  # http  	127.0.0.1 <- 200
20180416 12101218  #  -    00.087.182
20180416 12101223  %  +    getDocument?entity=ubs_report&attribute=template&ID=1847324396&origName=xlsxExample.template&filename=ubs_report1847324396template&_dc=1523880612297
20180416 12101223  % http  	127.0.0.1 -> GET getDocument?entity=ubs_report&attribute=template&ID=1847324396&origName=xlsxExample.template&filename=ubs_report1847324396template&_dc=1523880612297
20180416 12101223  % auth  	admin/153929623
20180416 12101223  % call  	endpoint getDocument
20180416 12101223  $  +    getDocument?entity=ubs_report&attribute=code&ID=1847324396&origName=xlsxExample.js&filename=ubs_report1847324396code&_dc=1523880612300
20180416 12101223  $ http  	127.0.0.1 -> GET getDocument?entity=ubs_report&attribute=code&ID=1847324396&origName=xlsxExample.js&filename=ubs_report1847324396code&_dc=1523880612300
20180416 12101223  $ auth  	admin/153929623
20180416 12101223  $ call  	endpoint getDocument
20180416 12101223  % http  	127.0.0.1 <- 200
20180416 12101223  %  -    00.004.829
20180416 12101224  $ http  	127.0.0.1 <- 200
20180416 12101224  $  -    00.022.141
20180416 12101314  &  +    ubql
20180416 12101314  & http  	127.0.0.1 -> POST ubql
20180416 12101314  & http  	[{"entity":"ubs_report","method":"select","fieldList":["ID","report_code","name","template","code","model"],"version":"-1"}]
20180416 12101314  & auth  	admin/153929623
20180416 12101314  & call  	endpoint ubql
20180416 12101314  & http  	127.0.0.1 <- 200
20180416 12101314  &  -    00.001.330
20180416 12101314  '  +    getDocument?entity=ubs_report&attribute=template&ID=1847324396&origName=xlsxExample.template&dtrPrm=1523880613243
20180416 12101314  ' http  	127.0.0.1 -> GET getDocument?entity=ubs_report&attribute=template&ID=1847324396&origName=xlsxExample.template&dtrPrm=1523880613243
20180416 12101314  ' auth  	admin/153929623
20180416 12101314  ' call  	endpoint getDocument
20180416 12101314  "  +    getDocument?entity=ubs_report&attribute=code&ID=1847324396&origName=xlsxExample.js&dtrPrm=1523880613244
20180416 12101314  " http  	127.0.0.1 -> GET getDocument?entity=ubs_report&attribute=code&ID=1847324396&origName=xlsxExample.js&dtrPrm=1523880613244
20180416 12101314  " auth  	admin/153929623
20180416 12101314  " call  	endpoint getDocument
20180416 12101316  " http  	127.0.0.1 <- 200
20180416 12101316  ' http  	127.0.0.1 <- 200
20180416 12101316  "  -    00.009.094
20180416 12101316  '  -    00.010.283
20180416 12101320  (  +    ubql
20180416 12101320  ( http  	127.0.0.1 -> POST ubql
20180416 12101320  ( http  	[{"entity":"req_reqList","method":"select","fieldList":["reqDate","applicantInfo","reqText","answer"],"whereList":{"c1":{"expression":"[department]","condition":"equal","values":{"c1":335784175468545}},"c2":{"expression":"[reqDate]","condition":"moreEqual","values":{"c2":"2018-03-31T22:00:00.000Z"}},"c3":{"expression":"[reqDate]","condition":"less","values":{"c3":"2018-04-30T22:00:00.000Z"}}}}]
20180416 12101320  ( auth  	admin/153929623
20180416 12101320  ( call  	endpoint ubql
20180416 12101320  (  +    	ubMixinClasses.TubDataHistoryMixin(029F4CD0).MixinMethod
20180416 12101320  ( debug 		req_reqList.select(TubDataHistoryMixin)
20180416 12101320  (  -    	00.000.013
20180416 12101320  (  +    	ubMixinClasses.TubRLSMixin(029F4E20).MixinMethod
20180416 12101320  ( debug 		req_reqList.select(TubRLSMixin)
20180416 12101320  ( debug 		Prepare RLS expression for req_reqList
20180416 12101320  (  -    	00.000.205
20180416 12101320  (  +    	ubMixinClasses.TubStorageMixin(029F42C0).MixinMethod
20180416 12101320  ( debug 		req_reqList.select(TubStorageMixin)
20180416 12101320  (  +    		ubApp.TubDataStore(06D66D10).Init
20180416 12101320  (  +    			ubApp.TubApp(029A3EE0).DBExecute
20180416 12101320  (  +    				ubApp.TubApp(029A3EE0).TubApp.InternalDBExecute
20180416 12101320  (  +    					00856EC2 
20180416 12101321  (  -    					00.015.908
20180416 12101321  ( SQL   					ubDBSQLite3ThreadSafe.TubSQLite3Statement(02A5ADB0) PRAGMA foreign_keys = ON
20180416 12101321  ( debug 					P1: Int64		335784175468545
20180416 12101321  ( debug 					P2: DateTime	2018-03-31T22:00:00
20180416 12101321  ( debug 					P3: DateTime	2018-04-30T22:00:00
20180416 12101321  ( debug 					P4: DateTime	2018-04-16T12:10:13
20180416 12101321  ( debug 					P5: Int64		10
20180416 12101321  ( SQL   					ubDBSQLite3ThreadSafe.TubSQLite3Statement(02A5A750) SELECT A01.reqDate,A01.applicantInfo,A01.reqText,A01.answer  FROM req_reqList A01  INNER JOIN req_depart A02 ON A02.ID=A01.department  WHERE A01.department=? AND A01.reqDate>=? AND A01.reqDate<? AND (? BETWEEN A01.mi_dateFrom AND A01.mi_dateTo) AND (( A01.mi_owner = ? ) OR A02.roleInSystem in (0,3,1))
20180416 12101321  (  -    				00.016.083
20180416 12101321  (  -    			00.016.194
20180416 12101321  ( debug 			Query result for entity "req_reqList" into data name "": row count=2
20180416 12101321  (  -    		00.016.212
20180416 12101321  (  -    	00.016.382
20180416 12101321  (  +    	ubMixinClasses.TubSoftLockMixin(029F50C0).MixinMethod
20180416 12101321  ( debug 		req_reqList.select(TubSoftLockMixin)
20180416 12101321  (  -    	00.000.011
20180416 12101321  ( http  	127.0.0.1 <- 200
20180416 12101321  (  -    00.017.192
20180416 12101327  )  +    clientRequire/tinymce//skins/lightgray/content.min.css
20180416 12101327  ) http  	127.0.0.1 -> GET clientRequire/tinymce//skins/lightgray/content.min.css
20180416 12101327  ) call  	endpoint clientRequire
20180416 12101327  ) info  	Call clientRequire 
20180416 12101327  ) http  	127.0.0.1 <- 200
20180416 12101327  )  -    00.001.528
20180416 12101330  #  +    models/adminui-pub/css/print-report.css
20180416 12101330  # http  	127.0.0.1 -> GET models/adminui-pub/css/print-report.css
20180416 12101330  # call  	endpoint models
20180416 12101330  # http  	127.0.0.1 <- 200
20180416 12101330  #  -    00.000.761
20180416 12101330  %  +    models/adminui-pub/css/print-portrait.css
20180416 12101330  % http  	127.0.0.1 -> GET models/adminui-pub/css/print-portrait.css
20180416 12101330  % call  	endpoint models
20180416 12101330  % http  	127.0.0.1 <- 200
20180416 12101330  %  -    00.000.380
20180416 12104505  $  +    setDocument?ID=1322283145&attribute=code&entity=ubs_report&filename=Reqlist_HD_month.js
20180416 12104505  $ http  	127.0.0.1 -> POST setDocument?ID=1322283145&attribute=code&entity=ubs_report&filename=Reqlist_HD_month.js
20180416 12104505  $ http  	!BIN(1438)
20180416 12104505  $ auth  	admin/153929623
20180416 12104505  $ call  	endpoint setDocument
20180416 12104505  $ http  	127.0.0.1 <- 200
20180416 12104505  $  -    00.009.161
20180416 12104506  &  +    ubql
20180416 12104506  & http  	127.0.0.1 -> POST ubql
20180416 12104506  & http  	[{"fieldList":["model","report_code","name","template","code","ID","mi_modifyDate"],"entity":"ubs_report","method":"update","alsNeed":false,"execParams":{"code":"{\"store\":\"mdb\",\"fName\":\"Reqlist_HD_month.js\",\"origName\":\"Reqlist_HD_month.js\",\"relPath\":\"\",\"ct\":\"application/javascript\",\"size\":1438,\"md5\":\"3f28fc7b6a1aafd6e784a9eede41b9f5\",\"revision\":1,\"isDirty\":true}","ID":1322283145,"mi_modifyDate":"2018-04-16T14:02:09.000Z"}}]
20180416 12104506  & auth  	admin/153929623
20180416 12104506  & call  	endpoint ubql
20180416 12104506  &  +    	ubMixinClasses.TubStorageMixin(029F42C0).MixinMethod
20180416 12104506  & debug 		ubs_report.beforeupdate(TubStorageMixin)
20180416 12104506  &  -    	00.000.948
20180416 12104508  &  +    	ubMixinClasses.TubStorageMixin(029F42C0).MixinMethod
20180416 12104508  & debug 		ubs_report.afterupdate(TubStorageMixin)
20180416 12104508  &  -    	00.009.643
20180416 12104508  &  +    	ubMixinClasses.TubAuditMixin(029F4F70).MixinMethod
20180416 12104508  & debug 		ubs_report.afterupdate(TubAuditMixin)
20180416 12104508  &  +    		ubApp.TubDataStore(06D66D88).TubDataStore.ExecuteInsertFromSQL
20180416 12104508  &  +    			ubApp.TubApp(029A3EE0).DBExecute
20180416 12104508  &  +    				ubApp.TubApp(029A3EE0).TubApp.InternalDBExecute
20180416 12104508  &  +    					00856EC2 
20180416 12104508  &  -    					00.002.873
20180416 12104508  & SQL   					ubDBSQLite3ThreadSafe.TubSQLite3Statement(02A5B410) PRAGMA foreign_keys = ON
20180416 12104508  & debug 					P1: Int64		335794210930689
20180416 12104508  & debug 					P2: String(10)	ubs_report
20180416 12104508  & debug 					P3: Int64		1322283145
20180416 12104508  & debug 					P4: String(6)	UPDATE
20180416 12104508  & debug 					P5: Int64		10
20180416 12104508  & debug 					P6: DateTime	2018-04-16T12:10:45
20180416 12104508  & debug 					P7: String(9)	127.0.0.1
20180416 12104508  & debug 					P8: Int64		1322283145
20180416 12104508  & debug 					P9: String(1)	]
20180416 12104508  & debug 					P10: String(298..)	{"code":"{\"store\":\"mdb\",\"fName\":\"Reqlist_HD_month.js\",\"origName\":\"Reqlist_HD_month.js\",\...
20180416 12104508  & DB    					StartTransaction for connection "main"
20180416 12104508  & SQL   					ubDBSQLite3ThreadSafe.TubSQLite3Statement(02A5AE10) INSERT INTO uba_auditTrail (ID,entity,entityinfo_id,actionType,actionUser,actionTime,remoteIP,parentEntityInfo_id,fromValue,toValue) VALUES (?,?,?,?,?,?,?,?,?,?)
20180416 12104508  &  -    				00.003.019
20180416 12104508  &  -    			00.003.022
20180416 12104508  &  -    		00.003.173
20180416 12104508  &  -    	00.003.236
20180416 12104508  & DB    	Commit connection "main" in 152us
20180416 12104508  & http  	127.0.0.1 <- 200
20180416 12104508  &  -    00.039.325
20180416 12104512  "  +    getDocument?entity=ubs_report&attribute=template&ID=1322283145&origName=Reqlist_HD_month.template&filename=ubs_report1322283145template&_dc=1523880645147
20180416 12104512  " http  	127.0.0.1 -> GET getDocument?entity=ubs_report&attribute=template&ID=1322283145&origName=Reqlist_HD_month.template&filename=ubs_report1322283145template&_dc=1523880645147
20180416 12104512  " auth  	admin/153929623
20180416 12104512  " call  	endpoint getDocument
20180416 12104512  '  +    getDocument?entity=ubs_report&attribute=code&ID=1322283145&origName=Reqlist_HD_month.js&filename=ubs_report1322283145code&_dc=1523880645150
20180416 12104512  ' http  	127.0.0.1 -> GET getDocument?entity=ubs_report&attribute=code&ID=1322283145&origName=Reqlist_HD_month.js&filename=ubs_report1322283145code&_dc=1523880645150
20180416 12104512  ' auth  	admin/153929623
20180416 12104512  ' call  	endpoint getDocument
20180416 12104512  " http  	127.0.0.1 <- 200
20180416 12104512  "  -    00.003.377
20180416 12104512  ' http  	127.0.0.1 <- 200
20180416 12104512  '  -    00.002.702
20180416 12104706  (  +    ubql
20180416 12104706  ( http  	127.0.0.1 -> POST ubql
20180416 12104706  ( http  	[{"entity":"ubs_report","method":"select","fieldList":["ID","report_code","name","template","code","model"],"version":"-1"}]
20180416 12104706  ( auth  	admin/153929623
20180416 12104706  ( call  	endpoint ubql
20180416 12104706  ( http  	127.0.0.1 <- 200
20180416 12104706  (  -    00.001.235
20180416 12104707  )  +    getDocument?entity=ubs_report&attribute=template&ID=1322283145&origName=Reqlist_HD_month.template&dtrPrm=1523880647114
20180416 12104707  ) http  	127.0.0.1 -> GET getDocument?entity=ubs_report&attribute=template&ID=1322283145&origName=Reqlist_HD_month.template&dtrPrm=1523880647114
20180416 12104707  ) auth  	admin/153929623
20180416 12104707  ) call  	endpoint getDocument
20180416 12104707  #  +    getDocument?entity=ubs_report&attribute=code&ID=1322283145&origName=Reqlist_HD_month.js&dtrPrm=1523880647114
20180416 12104707  # http  	127.0.0.1 -> GET getDocument?entity=ubs_report&attribute=code&ID=1322283145&origName=Reqlist_HD_month.js&dtrPrm=1523880647114
20180416 12104707  # auth  	admin/153929623
20180416 12104707  # call  	endpoint getDocument
20180416 12104708  # http  	127.0.0.1 <- 200
20180416 12104708  #  -    00.012.418
20180416 12104708  ) http  	127.0.0.1 <- 200
20180416 12104708  )  -    00.013.785
20180416 12104712  %  +    ubql
20180416 12104712  % http  	127.0.0.1 -> POST ubql
20180416 12104712  % http  	[{"entity":"req_reqList","method":"select","fieldList":["reqDate","applicantInfo","reqText","answer"],"whereList":{"c1":{"expression":"[department]","condition":"equal","values":{"c1":335784175468545}},"c2":{"expression":"[reqDate]","condition":"moreEqual","values":{"c2":"2018-03-31T22:00:00.000Z"}},"c3":{"expression":"[reqDate]","condition":"less","values":{"c3":"2018-04-30T22:00:00.000Z"}}}}]
20180416 12104712  % auth  	admin/153929623
20180416 12104712  % call  	endpoint ubql
20180416 12104712  %  +    	ubMixinClasses.TubDataHistoryMixin(029F4CD0).MixinMethod
20180416 12104712  % debug 		req_reqList.select(TubDataHistoryMixin)
20180416 12104712  %  -    	00.000.012
20180416 12104712  %  +    	ubMixinClasses.TubRLSMixin(029F4E20).MixinMethod
20180416 12104712  % debug 		req_reqList.select(TubRLSMixin)
20180416 12104712  % debug 		Prepare RLS expression for req_reqList
20180416 12104712  %  -    	00.000.210
20180416 12104712  %  +    	ubMixinClasses.TubStorageMixin(029F42C0).MixinMethod
20180416 12104712  % debug 		req_reqList.select(TubStorageMixin)
20180416 12104712  %  +    		ubApp.TubDataStore(06D66E78).Init
20180416 12104712  %  +    			ubApp.TubApp(029A3EE0).DBExecute
20180416 12104712  %  +    				ubApp.TubApp(029A3EE0).TubApp.InternalDBExecute
20180416 12104712  % debug 					P1: Int64		335784175468545
20180416 12104712  % debug 					P2: DateTime	2018-03-31T22:00:00
20180416 12104712  % debug 					P3: DateTime	2018-04-30T22:00:00
20180416 12104712  % debug 					P4: DateTime	2018-04-16T12:10:47
20180416 12104712  % debug 					P5: Int64		10
20180416 12104712  % SQL   					ubDBSQLite3ThreadSafe.TubSQLite3Statement(02A5B410) SELECT A01.reqDate,A01.applicantInfo,A01.reqText,A01.answer  FROM req_reqList A01  INNER JOIN req_depart A02 ON A02.ID=A01.department  WHERE A01.department=? AND A01.reqDate>=? AND A01.reqDate<? AND (? BETWEEN A01.mi_dateFrom AND A01.mi_dateTo) AND (( A01.mi_owner = ? ) OR A02.roleInSystem in (0,3,1))
20180416 12104712  %  -    				00.000.152
20180416 12104712  %  -    			00.000.308
20180416 12104712  % debug 			Query result for entity "req_reqList" into data name "": row count=2
20180416 12104712  %  -    		00.000.326
20180416 12104712  %  -    	00.000.624
20180416 12104712  %  +    	ubMixinClasses.TubSoftLockMixin(029F50C0).MixinMethod
20180416 12104712  % debug 		req_reqList.select(TubSoftLockMixin)
20180416 12104712  %  -    	00.000.004
20180416 12104712  % http  	127.0.0.1 <- 200
20180416 12104712  %  -    00.001.330
20180416 12104720  $  +    clientRequire/tinymce//skins/lightgray/content.min.css
20180416 12104720  $ http  	127.0.0.1 -> GET clientRequire/tinymce//skins/lightgray/content.min.css
20180416 12104720  $ call  	endpoint clientRequire
20180416 12104720  $ info  	Call clientRequire 
20180416 12104720  $ http  	127.0.0.1 <- 200
20180416 12104720  $  -    00.001.280
20180416 12104722  "  +    models/adminui-pub/css/print-portrait.css
20180416 12104722  " http  	127.0.0.1 -> GET models/adminui-pub/css/print-portrait.css
20180416 12104722  " call  	endpoint models
20180416 12104722  &  +    models/adminui-pub/css/print-report.css
20180416 12104722  & http  	127.0.0.1 -> GET models/adminui-pub/css/print-report.css
20180416 12104722  & call  	endpoint models
20180416 12104722  " http  	127.0.0.1 <- 200
20180416 12104722  "  -    00.001.178
20180416 12104722  & http  	127.0.0.1 <- 200
20180416 12104722  &  -    00.000.734
20180416 12111159  '  +    setDocument?ID=1847324396&attribute=code&entity=ubs_report&filename=xlsxExample.js
20180416 12111159  ' http  	127.0.0.1 -> POST setDocument?ID=1847324396&attribute=code&entity=ubs_report&filename=xlsxExample.js
20180416 12111159  ' http  	!BIN(2270)
20180416 12111159  ' auth  	admin/153929623
20180416 12111159  ' call  	endpoint setDocument
20180416 12111159  ' http  	127.0.0.1 <- 200
20180416 12111159  '  -    00.009.413
20180416 12111160  (  +    ubql
20180416 12111160  ( http  	127.0.0.1 -> POST ubql
20180416 12111160  ( http  	[{"fieldList":["model","report_code","name","template","code","ID","mi_modifyDate"],"entity":"ubs_report","method":"update","alsNeed":false,"execParams":{"code":"{\"store\":\"mdb\",\"fName\":\"xlsxExample.js\",\"origName\":\"xlsxExample.js\",\"relPath\":\"\",\"ct\":\"application/javascript\",\"size\":2270,\"md5\":\"7911c095f9329786f8463c046490befe\",\"revision\":1,\"isDirty\":true}","ID":1847324396,"mi_modifyDate":"2018-04-16T14:10:12.000Z"}}]
20180416 12111160  ( auth  	admin/153929623
20180416 12111160  ( call  	endpoint ubql
20180416 12111160  (  +    	ubMixinClasses.TubStorageMixin(029F42C0).MixinMethod
20180416 12111160  ( debug 		ubs_report.beforeupdate(TubStorageMixin)
20180416 12111160  ( EXC   		EMetabaseException {"errorCode":25,"Message":"Record modified by another user"} at 0094C650 
20180416 12111160  (  -    	00.004.488
20180416 12111160  ( ERROR 	POST ubql ERROR=500 (Record modified by another user)
20180416 12111160  (  -    00.005.816
20180416 12111415  ! info  ubApp.TubApp(029A3EE0) {   "ClientsCurrent": 1,   "ClientsMax": 1,   "Invalid": 2,   "Responses": 38,   "Modified": 0,   "IncomingBytes": 38027,   "OutcomingBytes": 17320,   "OutcomingFiles": 23,   "ServiceCalls": 38,   "ProcessTime": "2.59s"  }
