c:\UnityBase\UB.exe 4.0.0.0 (2018-02-22 16:30:16)Host=WDFN34211327A User=D071860 CPU=4*9-6-19971:FFFBCBBF8373DAFEBF6F9C0000 OS=23.0=10.0.15063 Wow64=1 Freq=2437498Environment variables=ALLUSERSPROFILE=C:\ProgramData	ANSICON=121x32766 (121x26)	ANSICON_DEF=7	APPDATA=C:\Users\D071860\AppData\Roaming	CommonProgramFiles=C:\Program Files (x86)\Common Files	CommonProgramFiles(x86)=C:\Program Files (x86)\Common Files	CommonProgramW6432=C:\Program Files\Common Files	COMPUTERNAME=WDFN34211327A	ComSpec=C:\WINDOWS\system32\cmd.exe	ConEmuANSI=ON	ConEmuAnsiLog=	ConEmuArgs=	ConEmuArgs2=	ConEmuBackHWND=0x000B026E	ConEmuBaseDir=C:\Program Files\ConEmu\ConEmu	ConEmuBaseDirShort=C:\PROGRA~1\ConEmu\ConEmu	ConEmuBuild=180411	ConEmuCfgDir=	ConEmuConfig=	ConEmuDir=C:\Program Files\ConEmu	ConEmuDrawHWND=0x00180912	ConEmuDrive=C:	ConEmuHooks=Enabled	ConEmuHWND=0x001904C6	ConEmuPalette=<ConEmu>	ConEmuPID=1208	ConEmuPrompt0=$E[m$E[32m$E]9;8;"USERNAME"$E\@$E]9;8;"COMPUTERNAME"$E\$S	ConEmuPrompt1=$E[m$E[32m$E]9;8;"USERNAME"$E\@$E]9;8;"COMPUTERNAME"$E\$S$E[92m$P$E[90m	ConEmuPrompt2=$_$E[90m$G	ConEmuPrompt3=$E[m$S$E]9;12$E\	ConEmuServerPID=20132	ConEmuTask={Shells::cmd}	ConEmuWorkDir=C:\Users\D071860	ConEmuWorkDrive=C:	DEFLOGDIR=C:\ProgramData\McAfee\Endpoint Security\Logs	HOMEDRIVE=C:	homeloc=D_WDF	HOMEPATH=\Users\D071860	KUBECONFIG=C:\Practice\kubernetes\RUSLAN-KUBECONFIG	LOCALAPPDATA=C:\Users\D071860\AppData\Local	LOGONSERVER=\\DS2WDF0004	NUMBER_OF_PROCESSORS=4	OneDrive=C:\Users\D071860\OneDrive	OS=Windows_NT	Path=C:\Program Files\ConEmu\ConEmu\Scripts;C:\Program Files\ConEmu;C:\Program Files\ConEmu\ConEmu;C:\ProgramData\Oracle\Java\javapath;C:\Program Files\Docker\Docker\Resources\bin;C:\WINDOWS\system32;C:\WINDOWS;C:\WINDOWS\System32\Wbem;C:\WINDOWS\System32\WindowsPowerShell\v1.0\;C:\Program Files\Minikube;C:\Program Files\Kubernetes;C:\Program Files (x86)\Google\Cloud SDK\google-cloud-sdk\bin;C:\Program Files\PuTTY\;C:\Program Files\nodejs\;c:\UnityBase;C:\Users\D071860\AppData\Local\Microsoft\WindowsApps;C:\Users\D071860\AppData\Roaming\npm	PATHEXT=.COM;.EXE;.BAT;.CMD;.VBS;.VBE;.JS;.JSE;.WSF;.WSH;.MSC	PROCESSOR_ARCHITECTURE=x86	PROCESSOR_ARCHITEW6432=AMD64	PROCESSOR_IDENTIFIER=Intel64 Family 6 Model 78 Stepping 3, GenuineIntel	PROCESSOR_LEVEL=6	PROCESSOR_REVISION=4e03	ProgramData=C:\ProgramData	ProgramFiles=C:\Program Files (x86)	ProgramFiles(x86)=C:\Program Files (x86)	ProgramW6432=C:\Program Files	PROMPT=$E[m$E[32m$E]9;8;"USERNAME"$E\@$E]9;8;"COMPUTERNAME"$E\$S$E[92m$P$E[90m$_$E[90m$G$E[m$S$E]9;12$E\	PSModulePath=C:\Program Files (x86)\WindowsPowerShell\Modules;C:\WINDOWS\system32\WindowsPowerShell\v1.0\Modules;C:\Program Files (x86)\Google\Cloud SDK\google-cloud-sdk\platform\PowerShell	PUBLIC=C:\Users\Public	SESSIONNAME=Console	SNC_LIB=C:\Program Files (x86)\SAP\FrontEnd\SecureLogin\lib\sapcrypto.dll	SNC_LIB_64=C:\Program Files\SAP\FrontEnd\SecureLogin\lib\sapcrypto.dll	SSF_LIBRARY_PATH=C:\Program Files (x86)\SAP\FrontEnd\SecureLogin\lib\sapcrypto.dll	SSF_LIBRARY_PATH_64=C:\Program Files\SAP\FrontEnd\SecureLogin\lib\sapcrypto.dll	SystemDrive=C:	SystemRoot=C:\WINDOWS	TEMP=C:\Users\D071860\AppData\Local\Temp	TMP=C:\Users\D071860\AppData\Local\Temp	UATDATA=C:\WINDOWS\CCM\UATData\D9F8C395-CAB8-491d-B8AC-179A1FE1BE77	UB_HOME=c:\UnityBase	USERDNSDOMAIN=GLOBAL.CORP.SAP	USERDOMAIN=GLOBAL	USERDOMAIN_ROAMINGPROFILE=GLOBAL	USERNAME=D071860	USERPROFILE=C:\Users\D071860	windir=C:\WINDOWSTubLog 1.18.3488 FTS3 2018-04-16T12:21:4920180416 12214937  ! warn  WebSocket support are disabled because WSServer.host = '' in config
20180416 12214938  !  +    ubServer.TubServer(0291E5E8).008863DB 
20180416 12214938  !  +    	Init app
20180416 12214938  ! srvr  		FTS is disabled
20180416 12214938  ! info  		Check blob store "avatars" folder "C:\ubProject\CityPortal\avatars\": folder exists
20180416 12214938  ! info  		Check blob store "attach" folder "C:\ubProject\CityPortal\docs\attach\": folder exists
20180416 12214938  !  -    	00.000.493
20180416 12214938  !  +    	Folder C:\ubProject\CityPortal\node_modules\@unitybase\ub\ modified
20180416 12214938  !  +    		ubCommonClasses.TubThreadSafeCache(0291CB08).removeStartsWith
20180416 12214938  !  -    		00.000.004
20180416 12214938  !  -    	00.000.009
20180416 12214938  !  +    	Folder C:\ubProject\CityPortal\node_modules\@unitybase\uba\ modified
20180416 12214938  !  +    		ubCommonClasses.TubThreadSafeCache(0291CB08).removeStartsWith
20180416 12214938  !  -    		00.000.035
20180416 12214938  !  -    	00.000.039
20180416 12214938  !  +    	Folder C:\ubProject\CityPortal\node_modules\@unitybase\ubs\ modified
20180416 12214938  !  +    		ubCommonClasses.TubThreadSafeCache(0291CB08).removeStartsWith
20180416 12214938  !  -    		00.000.000
20180416 12214938  !  -    	00.000.007
20180416 12214938  !  +    	Folder C:\ubProject\CityPortal\node_modules\@unitybase\ubm\ modified
20180416 12214938  !  +    		ubCommonClasses.TubThreadSafeCache(0291CB08).removeStartsWith
20180416 12214938  !  -    		00.000.000
20180416 12214938  !  -    	00.000.004
20180416 12214938  !  +    	Folder C:\ubProject\CityPortal\_public_only_\ modified
20180416 12214938  !  +    		ubCommonClasses.TubThreadSafeCache(0291CB08).removeStartsWith
20180416 12214938  !  -    		00.000.000
20180416 12214938  !  -    	00.000.016
20180416 12214938  !  +    	Folder C:\ubProject\CityPortal\node_modules\@unitybase\adminui-reg\ modified
20180416 12214938  !  +    		ubCommonClasses.TubThreadSafeCache(0291CB08).removeStartsWith
20180416 12214938  !  -    		00.000.002
20180416 12214938  !  -    	00.000.071
20180416 12214938  !  +    	Folder C:\ubProject\CityPortal\models\requests\ modified
20180416 12214938  !  +    		ubCommonClasses.TubThreadSafeCache(0291CB08).removeStartsWith
20180416 12214938  !  -    		00.000.001
20180416 12214938  !  -    	00.000.006
20180416 12214938  !  +    	ubApp.TubApp(02883EE0).init
20180416 12214938  ! srvr  		Mime converters are disabled
20180416 12214938  !  -    	00.000.004
20180416 12214938  ! srvr  	Enable zip compresison
20180416 12214938  ! srvr  	Send initialization request to http://localhost:888/init
20180416 12214940  "  +    InitializationRequest
20180416 12214940  "  +    	init
20180416 12214940  " srvr  		Start application intialization...
20180416 12214940  " info  		Loading domain...
20180416 12214940  " info  		Loading model "UB" from "C:\ubProject\CityPortal\node_modules\@unitybase\ub\"
20180416 12214940  " info  		Loading model "UBA" from "C:\ubProject\CityPortal\node_modules\@unitybase\uba\"
20180416 12214941  " info  		Loading model "UBS" from "C:\ubProject\CityPortal\node_modules\@unitybase\ubs\"
20180416 12214942  " info  		Loading model "UBM" from "C:\ubProject\CityPortal\node_modules\@unitybase\ubm\"
20180416 12214942  " info  		Loading model "adminui-reg" from "C:\ubProject\CityPortal\node_modules\@unitybase\adminui-reg\"
20180416 12214942  " info  		Loading model "RequestList" from "C:\ubProject\CityPortal\models\requests\"
20180416 12214943  "  +    		ubApp.TubDataStore(041B41B8).Init
20180416 12214943  "  +    			ubApp.TubApp(02883EE0).DBExecute
20180416 12214943  "  +    				ubApp.TubApp(02883EE0).TubApp.InternalDBExecute
20180416 12214943  "  +    					00856EC2 
20180416 12214943  "  -    					00.010.930
20180416 12214943  " SQL   					ubDBSQLite3ThreadSafe.TubSQLite3Statement(02936EB0) PRAGMA foreign_keys = ON
20180416 12214943  " SQL   					ubDBSQLite3ThreadSafe.TubSQLite3Statement(029368B0) SELECT A01.ID,A01.entity,A01.state,A01.attribute,A01.roleName,A01.actions  FROM uba_als A01  ORDER BY A01.entity ASC
20180416 12214943  "  -    				00.011.139
20180416 12214943  "  -    			00.011.194
20180416 12214943  " debug 			Query result for entity "uba_als" into data name "": row count=0
20180416 12214943  "  -    		00.011.220
20180416 12214943  " srvr  		The domain loaded successfully with 0 entities
20180416 12214943  " debug 		Create new JavaScript Engine for thread 59284
20180416 12214958  "  +    		008C234A 
20180416 12214958  "  +    			ubApp.TubDataStore(056EA7F8).Init
20180416 12214958  "  +    				ubApp.TubApp(02883EE0).DBExecute
20180416 12214958  "  +    					ubApp.TubApp(02883EE0).TubApp.InternalDBExecute
20180416 12214958  " SQL   						ubDBSQLite3ThreadSafe.TubSQLite3Statement(02937210) SELECT A01.ID,A01.name,A01.sessionTimeout,A01.allowedAppMethods  FROM uba_role A01 
20180416 12214958  "  -    					00.000.102
20180416 12214958  "  -    				00.000.188
20180416 12214958  " debug 				Query result for entity "uba_role" into data name "": row count=9
20180416 12214958  "  -    			00.000.201
20180416 12214958  "  +    			ubApp.TubDataStore(056EA870).Init
20180416 12214958  "  +    				ubApp.TubApp(02883EE0).DBExecute
20180416 12214958  "  +    					ubApp.TubApp(02883EE0).TubApp.InternalDBExecute
20180416 12214958  " SQL   						ubDBSQLite3ThreadSafe.TubSQLite3Statement(029371B0) SELECT A01.ID,A01.entityMask,A01.methodMask,A01.ruleType,A01.ruleRole,A01.disabled,A01.code  FROM uba_els A01 
20180416 12214958  "  -    					00.000.029
20180416 12214958  "  -    				00.000.156
20180416 12214958  " debug 				Query result for entity "uba_els" into data name "": row count=88
20180416 12214958  "  -    			00.000.182
20180416 12214958  "  -    		00.002.253
20180416 12214958  " auth  		New session admin/154783129 created at 127.0.0.1/-504403152359915270 using Mozilla/5.0 (Windows; mORMot 1.18 TWinHTTP)
20180416 12214958  " auth  		New session anonymous/154783128 created at 127.0.0.1/-504403152359915270 using Mozilla/5.0 (Windows; mORMot 1.18 TWinHTTP)
20180416 12214958  "  +    		ubApp.TubDataStore(056EA9D8).Init
20180416 12214958  "  +    			ubApp.TubApp(02883EE0).DBExecute
20180416 12214958  "  +    				ubApp.TubApp(02883EE0).TubApp.InternalDBExecute
20180416 12214958  " debug 					P1: String(34)	UBA.passwordPolicy.maxDurationDays
20180416 12214958  " SQL   					ubDBSQLite3ThreadSafe.TubSQLite3Statement(029372D0) select settingValue from ubs_settings where settingKey =?
20180416 12214958  "  -    				00.000.031
20180416 12214958  "  -    			00.000.081
20180416 12214958  " debug 			Query result for entity "ubs_settings" into data name "": row count=1
20180416 12214958  "  -    		00.000.089
20180416 12214958  "  +    		ubApp.TubDataStore(056EA9D8).Init
20180416 12214958  "  +    			ubApp.TubApp(02883EE0).DBExecute
20180416 12214958  "  +    				ubApp.TubApp(02883EE0).TubApp.InternalDBExecute
20180416 12214958  " debug 					P1: String(37)	UBA.passwordPolicy.maxInvalidAttempts
20180416 12214958  " SQL   					ubDBSQLite3ThreadSafe.TubSQLite3Statement(029372D0) select settingValue from ubs_settings where settingKey =?
20180416 12214958  "  -    				00.000.006
20180416 12214958  "  -    			00.000.020
20180416 12214958  " debug 			Query result for entity "ubs_settings" into data name "": row count=1
20180416 12214958  "  -    		00.000.025
20180416 12214958  "  -    	00.289.771
20180416 12214958  "  -    00.289.786
20180416 12214958  ! srvr  	ubServer.TubServer(0291E5E8) {"THttpApiServer(0284A990)":{"Cloned":false,"RegisteredUrl":"http://+:888/","HTTPQueueLength":1000,"MaxBandwidth":-1,"MaxConnections":-1,"APIVersion":"HTTP API 2.0","ServerName":"UnityBase","ProcessName":""}} initialized
20180416 12214958  !  -    00.318.335
20180416 12215047  "  +    ubql
20180416 12215047  " http  	127.0.0.1 -> POST ubql
20180416 12215047  " http  	[{"fieldList":["model","report_code","name","template","code","ID","mi_modifyDate"],"entity":"ubs_report","method":"update","alsNeed":false,"execParams":{"template":"{\"store\":\"mdb\",\"fName\":\"Reqlist_HD_month.template\",\"origName\":\"Reqlist_HD_month.template\",\"relPath\":\"\",\"ct\":\"application/template\",\"size\":1509,\"md5\":\"029af11a34e5fc4279b8ef14dd4d77ed\",\"revision\":1,\"isDirty\":true}","ID":1322283145,"mi_modifyDate":"2018-04-16T14:21:21.000Z"}}]
20180416 12215047  " http  	<- 401
20180416 12215047  "  -    00.000.112
20180416 12215161  #  +    auth?AUTHTYPE=UB&userName=admin
20180416 12215161  # http  	127.0.0.1 -> POST auth?AUTHTYPE=UB&userName=admin
20180416 12215161  # debug 	Create new JavaScript Engine for thread 65656
20180416 12215213  # call  	endpoint auth
20180416 12215213  # http  	127.0.0.1 <- 200
20180416 12215213  #  -    00.242.148
20180416 12215214  $  +    auth?AUTHTYPE=UB&clientNonce=7651e2a5655d708c874dbe477331a95d9cb6f82f1779758fb208a9e2c1c8c567&password=f7a1f80340487dc87b0117d0e29502881df01822fa7c8c818e40d5a5d832a3be&userName=admin
20180416 12215214  $ http  	127.0.0.1 -> POST auth?AUTHTYPE=UB&clientNonce=7651e2a5655d708c874dbe477331a95d9cb6f82f1779758fb208a9e2c1c8c567&password=f7a1f80340487dc87b0117d0e29502881df01822fa7c8c818e40d5a5d832a3be&userName=admin
20180416 12215214  $ debug 	Create new JavaScript Engine for thread 63492
20180416 12215227  $ call  	endpoint auth
20180416 12215227  $  +    	ubApp.TubDataStore(056EFC80).Init
20180416 12215227  $  +    		ubApp.TubApp(02883EE0).DBExecute
20180416 12215227  $  +    			ubApp.TubApp(02883EE0).TubApp.InternalDBExecute
20180416 12215227  $  +    				00856EC2 
20180416 12215227  $  -    				00.002.411
20180416 12215227  $ SQL   				ubDBSQLite3ThreadSafe.TubSQLite3Statement(02938050) PRAGMA foreign_keys = ON
20180416 12215227  $ debug 				P1: String(5)	admin
20180416 12215227  $ SQL   				ubDBSQLite3ThreadSafe.TubSQLite3Statement(029379F0) select id, name, uPasswordHashHexa, uData, isPending, trustedIP from UBA_USER where name=? and disabled=0
20180416 12215227  $  -    			00.002.458
20180416 12215227  $  -    		00.002.501
20180416 12215227  $ debug 		Query result for entity "uba_user" into data name "": row count=1
20180416 12215227  $  -    	00.002.526
20180416 12215227  $  +    	ubApp.TubDataStore(056EFC80).Init
20180416 12215227  $  +    		ubApp.TubApp(02883EE0).DBExecute
20180416 12215227  $  +    			ubApp.TubApp(02883EE0).TubApp.InternalDBExecute
20180416 12215227  $ debug 				P1: Int64		10
20180416 12215227  $ SQL   				ubDBSQLite3ThreadSafe.TubSQLite3Statement(02938050) SELECT lastPasswordChangeDate FROM uba_user WHERE id=?
20180416 12215227  $  -    			00.000.018
20180416 12215227  $  -    		00.000.064
20180416 12215227  $ debug 		Query result for entity "uba_user" into data name "__expireDate": row count=1
20180416 12215227  $  -    	00.000.072
20180416 12215227  $  +    	ubApp.TubDataStore(056D18D0).Init
20180416 12215227  $  +    		ubApp.TubApp(02883EE0).DBExecute
20180416 12215227  $  +    			ubApp.TubApp(02883EE0).TubApp.InternalDBExecute
20180416 12215227  $ debug 				P1: Int64		10
20180416 12215227  $ SQL   				ubDBSQLite3ThreadSafe.TubSQLite3Statement(02938110) SELECT A01.roleID,A02.name,A02.description  FROM uba_userrole A01  INNER JOIN uba_role A02 ON A02.ID=A01.roleID  WHERE A01.userID=?
20180416 12215227  $  -    			00.000.040
20180416 12215227  $  -    		00.000.077
20180416 12215227  $ debug 		Query result for entity "uba_userrole" into data name "": row count=1
20180416 12215227  $  -    	00.000.084
20180416 12215227  $ auth  	New session admin/154783131 created at 127.0.0.1/-432345554027019336 using Mozilla/5.0 (Windows NT 10.0; Win64; x64) AppleWebKit/537.36 (KHTML, like Gecko) Chrome/65.0.3325.181 Safari/537.36
20180416 12215227  $  +    	ubMixinClasses.TubStorageMixin(028D42C0).MixinMethod
20180416 12215227  $ debug 		uba_user.select(TubStorageMixin)
20180416 12215227  $  +    		ubApp.TubDataStore(056D18D0).Init
20180416 12215227  $  +    			ubApp.TubApp(02883EE0).DBExecute
20180416 12215227  $  +    				ubApp.TubApp(02883EE0).TubApp.InternalDBExecute
20180416 12215227  $ debug 					P1: Int64		10
20180416 12215227  $ SQL   					ubDBSQLite3ThreadSafe.TubSQLite3Statement(02938230) SELECT A01.name  FROM uba_user A01  WHERE A01.ID=?
20180416 12215227  $  -    				00.000.078
20180416 12215227  $  -    			00.000.112
20180416 12215227  $ debug 			Query result for entity "uba_user" into data name "": row count=1
20180416 12215227  $  -    		00.000.126
20180416 12215227  $  -    	00.000.194
20180416 12215230  $  +    	ubMixinClasses.TubStorageMixin(028D42C0).MixinMethod
20180416 12215230  $ debug 		uba_advSecurity.select(TubStorageMixin)
20180416 12215230  $  +    		ubApp.TubDataStore(056D18D0).Init
20180416 12215230  $  +    			ubApp.TubApp(02883EE0).DBExecute
20180416 12215230  $  +    				ubApp.TubApp(02883EE0).TubApp.InternalDBExecute
20180416 12215230  $ debug 					P1: Int64		10
20180416 12215230  $ SQL   					ubDBSQLite3ThreadSafe.TubSQLite3Statement(02938290) SELECT A01.ID,A01.allowedIP,A01.refreshIP,A01.fp,A01.refreshFp,A01.keyMediaName,A01.refreshKeyMedia,A01.mi_modifyDate  FROM uba_advSecurity A01  WHERE A01.userID=?
20180416 12215230  $  -    				00.000.057
20180416 12215230  $  -    			00.000.137
20180416 12215230  $ debug 			Query result for entity "uba_advSecurity" into data name "": row count=0
20180416 12215230  $  -    		00.000.148
20180416 12215230  $  -    	00.000.253
20180416 12215230  $  +    	ubMixinClasses.TubStorageMixin(028D42C0).MixinMethod
20180416 12215230  $ debug 		uba_userrole.select(TubStorageMixin)
20180416 12215230  $  +    		ubApp.TubDataStore(056D18D0).Init
20180416 12215230  $  +    			ubApp.TubApp(02883EE0).DBExecute
20180416 12215230  $  +    				ubApp.TubApp(02883EE0).TubApp.InternalDBExecute
20180416 12215230  $ debug 					P1: Int64		10
20180416 12215230  $ SQL   					ubDBSQLite3ThreadSafe.TubSQLite3Statement(029382F0) SELECT A01.ID,A02.name,A01.roleID  FROM uba_userrole A01  INNER JOIN uba_role A02 ON A02.ID=A01.roleID  WHERE A01.userID=?
20180416 12215230  $  -    				00.000.064
20180416 12215230  $  -    			00.000.144
20180416 12215230  $ debug 			Query result for entity "uba_userrole" into data name "": row count=1
20180416 12215230  $  -    		00.000.153
20180416 12215230  $  -    	00.000.250
20180416 12215230  $  +    	ubMixinClasses.TubStorageMixin(028D42C0).MixinMethod
20180416 12215230  $ debug 		uba_audit.beforeinsert(TubStorageMixin)
20180416 12215230  $  -    	00.000.012
20180416 12215230  $  +    	ubMixinClasses.TubStorageMixin(028D42C0).MixinMethod
20180416 12215230  $ debug 		uba_audit.insert(TubStorageMixin)
20180416 12215230  $  +    		ubApp.TubDataStore(056EFA78).TubDataStore.ExecuteInsertFromList
20180416 12215230  $  +    			ubApp.TubDataStore(056EFA78).TubDataStore.ExecuteInsertFromSQL
20180416 12215230  $  +    				ubApp.TubApp(02883EE0).DBExecute
20180416 12215230  $  +    					ubApp.TubApp(02883EE0).TubApp.InternalDBExecute
20180416 12215230  $ debug 						P1: String(8)	uba_user
20180416 12215230  $ debug 						P2: Int64		10
20180416 12215230  $ debug 						P3: String(5)	LOGIN
20180416 12215230  $ debug 						P4: Int64		10
20180416 12215230  $ debug 						P5: DateTime	2018-04-16T12:21:52
20180416 12215230  $ debug 						P6: String(9)	127.0.0.1
20180416 12215230  $ debug 						P7: String(5)	admin
20180416 12215230  $ debug 						P8: String(0)	
20180416 12215230  $ debug 						P9: Int64		335794296324097
20180416 12215230  $ debug 						P10: String(556..)	Connection: keep-alive  Content-Length: 0  Accept: application/json, text/plain, */*  Accept-Encodin...
20180416 12215230  $ DB    						StartTransaction for connection "main"
20180416 12215230  $ SQL   						ubDBSQLite3ThreadSafe.TubSQLite3Statement(029383B0) INSERT INTO uba_audit (entity,entityinfo_id,actionType,actionUser,actionTime,remoteIP,targetUser,targetRole,ID,fromValue) VALUES (?,?,?,?,?,?,?,?,?,?)
20180416 12215230  $  -    					00.000.152
20180416 12215230  $  -    				00.000.154
20180416 12215230  $  -    			00.000.256
20180416 12215230  $  -    		00.000.278
20180416 12215230  $  -    	00.000.283
20180416 12215230  $  +    	ubMixinClasses.TubStorageMixin(028D42C0).MixinMethod
20180416 12215230  $ debug 		uba_audit.afterinsert(TubStorageMixin)
20180416 12215230  $  -    	00.000.004
20180416 12215230  $ DB    	Commit connection "main"
20180416 12215230  $ http  	127.0.0.1 <- 200
20180416 12215230  $  -    00.263.302
20180416 12215230  %  +    ubql
20180416 12215230  % http  	127.0.0.1 -> POST ubql
20180416 12215230  % http  	[{"fieldList":["model","report_code","name","template","code","ID","mi_modifyDate"],"entity":"ubs_report","method":"update","alsNeed":false,"execParams":{"template":"{\"store\":\"mdb\",\"fName\":\"Reqlist_HD_month.template\",\"origName\":\"Reqlist_HD_month.template\",\"relPath\":\"\",\"ct\":\"application/template\",\"size\":1509,\"md5\":\"029af11a34e5fc4279b8ef14dd4d77ed\",\"revision\":1,\"isDirty\":true}","ID":1322283145,"mi_modifyDate":"2018-04-16T14:21:21.000Z"}}]
20180416 12215230  % debug 	Create new JavaScript Engine for thread 65360
20180416 12215244  % auth  	admin/154783131
20180416 12215244  % call  	endpoint ubql
20180416 12215244  %  +    	ubMixinClasses.TubStorageMixin(028D42C0).MixinMethod
20180416 12215244  % debug 		ubs_report.beforeupdate(TubStorageMixin)
20180416 12215248  %  -    	00.052.899
20180416 12215249  %  +    	ubMixinClasses.TubStorageMixin(028D42C0).MixinMethod
20180416 12215249  % debug 		ubs_report.afterupdate(TubStorageMixin)
20180416 12215249  %  -    	00.008.710
20180416 12215249  %  +    	ubMixinClasses.TubAuditMixin(028D4F70).MixinMethod
20180416 12215249  % debug 		ubs_report.afterupdate(TubAuditMixin)
20180416 12215249  %  +    		ubApp.TubDataStore(06CE3A10).TubDataStore.ExecuteInsertFromSQL
20180416 12215249  %  +    			ubApp.TubApp(02883EE0).DBExecute
20180416 12215249  %  +    				ubApp.TubApp(02883EE0).TubApp.InternalDBExecute
20180416 12215249  %  +    					00856EC2 
20180416 12215249  %  -    					00.002.322
20180416 12215249  % SQL   					ubDBSQLite3ThreadSafe.TubSQLite3Statement(02938D70) PRAGMA foreign_keys = ON
20180416 12215249  % debug 					P1: Int64		335794296389633
20180416 12215249  % debug 					P2: String(10)	ubs_report
20180416 12215249  % debug 					P3: Int64		1322283145
20180416 12215249  % debug 					P4: String(6)	UPDATE
20180416 12215249  % debug 					P5: Int64		10
20180416 12215249  % debug 					P6: DateTime	2018-04-16T12:21:52
20180416 12215249  % debug 					P7: String(9)	127.0.0.1
20180416 12215249  % debug 					P8: Int64		1322283145
20180416 12215249  % debug 					P9: String(1)	]
20180416 12215249  % debug 					P10: String(312..)	{"template":"{\"store\":\"mdb\",\"fName\":\"Reqlist_HD_month.template\",\"origName\":\"Reqlist_HD_mo...
20180416 12215249  % DB    					StartTransaction for connection "main"
20180416 12215249  % SQL   					ubDBSQLite3ThreadSafe.TubSQLite3Statement(02938710) INSERT INTO uba_auditTrail (ID,entity,entityinfo_id,actionType,actionUser,actionTime,remoteIP,parentEntityInfo_id,fromValue,toValue) VALUES (?,?,?,?,?,?,?,?,?,?)
20180416 12215249  %  -    				00.002.457
20180416 12215249  %  -    			00.002.461
20180416 12215249  %  -    		00.002.567
20180416 12215249  %  -    	00.002.612
20180416 12215250  % DB    	Commit connection "main" in 92us
20180416 12215250  % http  	127.0.0.1 <- 200
20180416 12215250  %  -    00.305.335
20180416 12215254  &  +    getDocument?entity=ubs_report&attribute=template&ID=1322283145&origName=Reqlist_HD_month.template&filename=ubs_report1322283145template&_dc=1523881312805
20180416 12215254  & http  	127.0.0.1 -> GET getDocument?entity=ubs_report&attribute=template&ID=1322283145&origName=Reqlist_HD_month.template&filename=ubs_report1322283145template&_dc=1523881312805
20180416 12215254  & debug 	Create new JavaScript Engine for thread 68252
20180416 12215254  '  +    getDocument?entity=ubs_report&attribute=code&ID=1322283145&origName=Reqlist_HD_month.js&filename=ubs_report1322283145code&_dc=1523881312806
20180416 12215254  ' http  	127.0.0.1 -> GET getDocument?entity=ubs_report&attribute=code&ID=1322283145&origName=Reqlist_HD_month.js&filename=ubs_report1322283145code&_dc=1523881312806
20180416 12215257  ' debug 	Create new JavaScript Engine for thread 68192
20180416 12215307  & auth  	admin/154783131
20180416 12215307  & call  	endpoint getDocument
20180416 12215310  ' auth  	admin/154783131
20180416 12215310  ' call  	endpoint getDocument
20180416 12215311  & http  	127.0.0.1 <- 200
20180416 12215311  &  -    00.320.214
20180416 12215314  ' http  	127.0.0.1 <- 200
20180416 12215314  '  -    00.366.143
20180416 12215342  (  +    ubql
20180416 12215342  ( http  	127.0.0.1 -> POST ubql
20180416 12215342  ( http  	[{"entity":"ubs_report","method":"select","fieldList":["ID","report_code","name","template","code","model"],"version":"-1"}]
20180416 12215342  ( debug 	Create new JavaScript Engine for thread 67460
20180416 12215355  ( auth  	admin/154783131
20180416 12215355  ( call  	endpoint ubql
20180416 12215358  ( http  	127.0.0.1 <- 200
20180416 12215358  (  -    00.261.153
20180416 12215358  )  +    getDocument?entity=ubs_report&attribute=template&ID=1322283145&origName=Reqlist_HD_month.template&dtrPrm=1523881313937
20180416 12215358  ) http  	127.0.0.1 -> GET getDocument?entity=ubs_report&attribute=template&ID=1322283145&origName=Reqlist_HD_month.template&dtrPrm=1523881313937
20180416 12215358  ) debug 	Create new JavaScript Engine for thread 66184
20180416 12215358  "  +    getDocument?entity=ubs_report&attribute=code&ID=1322283145&origName=Reqlist_HD_month.js&dtrPrm=1523881313937
20180416 12215358  " http  	127.0.0.1 -> GET getDocument?entity=ubs_report&attribute=code&ID=1322283145&origName=Reqlist_HD_month.js&dtrPrm=1523881313937
20180416 12215361  " auth  	admin/154783131
20180416 12215361  " call  	endpoint getDocument
20180416 12215403  " http  	127.0.0.1 <- 200
20180416 12215403  "  -    00.111.714
20180416 12215410  ) auth  	admin/154783131
20180416 12215410  ) call  	endpoint getDocument
20180416 12215413  ) http  	127.0.0.1 <- 200
20180416 12215413  )  -    00.282.568
20180416 12215417  #  +    ubql
20180416 12215417  # http  	127.0.0.1 -> POST ubql
20180416 12215417  # http  	[{"entity":"req_reqList","method":"select","fieldList":["reqDate","applicantInfo","reqText","answer"],"whereList":{"c1":{"expression":"[department]","condition":"equal","values":{"c1":335784175468545}},"c2":{"expression":"[reqDate]","condition":"moreEqual","values":{"c2":"2018-03-31T22:00:00.000Z"}},"c3":{"expression":"[reqDate]","condition":"less","values":{"c3":"2018-04-30T22:00:00.000Z"}}}}]
20180416 12215417  # auth  	admin/154783131
20180416 12215417  # call  	endpoint ubql
20180416 12215417  #  +    	ubMixinClasses.TubDataHistoryMixin(028D4CD0).MixinMethod
20180416 12215417  # debug 		req_reqList.select(TubDataHistoryMixin)
20180416 12215417  #  -    	00.000.013
20180416 12215417  #  +    	ubMixinClasses.TubRLSMixin(028D4E20).MixinMethod
20180416 12215417  # debug 		req_reqList.select(TubRLSMixin)
20180416 12215417  # debug 		Prepare RLS expression for req_reqList
20180416 12215417  #  -    	00.000.431
20180416 12215417  #  +    	ubMixinClasses.TubStorageMixin(028D42C0).MixinMethod
20180416 12215417  # debug 		req_reqList.select(TubStorageMixin)
20180416 12215417  #  +    		ubApp.TubDataStore(06C74C20).Init
20180416 12215417  #  +    			ubApp.TubApp(02883EE0).DBExecute
20180416 12215417  #  +    				ubApp.TubApp(02883EE0).TubApp.InternalDBExecute
20180416 12215417  #  +    					00856EC2 
20180416 12215417  #  -    					00.007.920
20180416 12215417  # SQL   					ubDBSQLite3ThreadSafe.TubSQLite3Statement(0293A090) PRAGMA foreign_keys = ON
20180416 12215417  # debug 					P1: Int64		335784175468545
20180416 12215417  # debug 					P2: DateTime	2018-03-31T22:00:00
20180416 12215417  # debug 					P3: DateTime	2018-04-30T22:00:00
20180416 12215417  # debug 					P4: DateTime	2018-04-16T12:21:54
20180416 12215417  # debug 					P5: Int64		10
20180416 12215417  # SQL   					ubDBSQLite3ThreadSafe.TubSQLite3Statement(02939A30) SELECT A01.reqDate,A01.applicantInfo,A01.reqText,A01.answer  FROM req_reqList A01  INNER JOIN req_depart A02 ON A02.ID=A01.department  WHERE A01.department=? AND A01.reqDate>=? AND A01.reqDate<? AND (? BETWEEN A01.mi_dateFrom AND A01.mi_dateTo) AND (( A01.mi_owner = ? ) OR A02.roleInSystem in (0,3,1))
20180416 12215417  #  -    				00.008.153
20180416 12215417  #  -    			00.008.243
20180416 12215417  # debug 			Query result for entity "req_reqList" into data name "": row count=2
20180416 12215417  #  -    		00.008.269
20180416 12215417  #  -    	00.008.674
20180416 12215417  #  +    	ubMixinClasses.TubSoftLockMixin(028D50C0).MixinMethod
20180416 12215417  # debug 		req_reqList.select(TubSoftLockMixin)
20180416 12215417  #  -    	00.000.012
20180416 12215417  # http  	127.0.0.1 <- 200
20180416 12215417  #  -    00.009.645
20180416 12215425  $  +    clientRequire/tinymce//skins/lightgray/content.min.css
20180416 12215425  $ http  	127.0.0.1 -> GET clientRequire/tinymce//skins/lightgray/content.min.css
20180416 12215425  $ call  	endpoint clientRequire
20180416 12215425  $ info  	Call clientRequire 
20180416 12215425  $ http  	127.0.0.1 <- 200
20180416 12215425  $  -    00.007.072
20180416 12215429  &  +    models/adminui-pub/css/print-portrait.css
20180416 12215429  & http  	127.0.0.1 -> GET models/adminui-pub/css/print-portrait.css
20180416 12215429  & call  	endpoint models
20180416 12215429  & http  	127.0.0.1 <- 200
20180416 12215429  &  -    00.001.847
20180416 12215429  %  +    models/adminui-pub/css/print-report.css
20180416 12215429  % http  	127.0.0.1 -> GET models/adminui-pub/css/print-report.css
20180416 12215429  % call  	endpoint models
20180416 12215429  % http  	127.0.0.1 <- 200
20180416 12215429  %  -    00.002.381
20180416 12215801  '  +    getDocument?entity=ubs_report&attribute=template&ID=1322283145&origName=Reqlist_HD_month.template&dtrPrm=1523881318023
20180416 12215801  ' http  	127.0.0.1 -> GET getDocument?entity=ubs_report&attribute=template&ID=1322283145&origName=Reqlist_HD_month.template&dtrPrm=1523881318023
20180416 12215801  ' auth  	admin/154783131
20180416 12215801  ' call  	endpoint getDocument
20180416 12215801  (  +    getDocument?entity=ubs_report&attribute=code&ID=1322283145&origName=Reqlist_HD_month.js&dtrPrm=1523881318023
20180416 12215801  ( http  	127.0.0.1 -> GET getDocument?entity=ubs_report&attribute=code&ID=1322283145&origName=Reqlist_HD_month.js&dtrPrm=1523881318023
20180416 12215801  ( auth  	admin/154783131
20180416 12215801  ( call  	endpoint getDocument
20180416 12215801  ' http  	127.0.0.1 <- 200
20180416 12215801  '  -    00.003.839
20180416 12215802  ( http  	127.0.0.1 <- 200
20180416 12215802  (  -    00.007.439
20180416 12221806  "  +    setDocument?ID=1322283145&attribute=code&entity=ubs_report&filename=Reqlist_HD_month.js
20180416 12221806  " http  	127.0.0.1 -> POST setDocument?ID=1322283145&attribute=code&entity=ubs_report&filename=Reqlist_HD_month.js
20180416 12221806  " http  	!BIN(2080)
20180416 12221806  " auth  	admin/154783131
20180416 12221806  " call  	endpoint setDocument
20180416 12221807  " http  	127.0.0.1 <- 200
20180416 12221807  "  -    00.011.735
20180416 12221807  )  +    ubql
20180416 12221807  ) http  	127.0.0.1 -> POST ubql
20180416 12221807  ) http  	[{"fieldList":["model","report_code","name","template","code","ID","mi_modifyDate"],"entity":"ubs_report","method":"update","alsNeed":false,"execParams":{"code":"{\"store\":\"mdb\",\"fName\":\"Reqlist_HD_month.js\",\"origName\":\"Reqlist_HD_month.js\",\"relPath\":\"\",\"ct\":\"application/javascript\",\"size\":2080,\"md5\":\"b866213a84026c5cda66b6b306de7000\",\"revision\":1,\"isDirty\":true}","ID":1322283145,"mi_modifyDate":"2018-04-16T14:21:52.000Z"}}]
20180416 12221807  ) auth  	admin/154783131
20180416 12221807  ) call  	endpoint ubql
20180416 12221807  )  +    	ubMixinClasses.TubStorageMixin(028D42C0).MixinMethod
20180416 12221807  ) debug 		ubs_report.beforeupdate(TubStorageMixin)
20180416 12221807  )  -    	00.001.111
20180416 12221809  )  +    	ubMixinClasses.TubStorageMixin(028D42C0).MixinMethod
20180416 12221809  ) debug 		ubs_report.afterupdate(TubStorageMixin)
20180416 12221810  )  -    	00.009.937
20180416 12221810  )  +    	ubMixinClasses.TubAuditMixin(028D4F70).MixinMethod
20180416 12221810  ) debug 		ubs_report.afterupdate(TubAuditMixin)
20180416 12221810  )  +    		ubApp.TubDataStore(06C75030).TubDataStore.ExecuteInsertFromSQL
20180416 12221810  )  +    			ubApp.TubApp(02883EE0).DBExecute
20180416 12221810  )  +    				ubApp.TubApp(02883EE0).TubApp.InternalDBExecute
20180416 12221810  )  +    					00856EC2 
20180416 12221810  )  -    					00.002.595
20180416 12221810  ) SQL   					ubDBSQLite3ThreadSafe.TubSQLite3Statement(0293A750) PRAGMA foreign_keys = ON
20180416 12221810  ) debug 					P1: Int64		335794299633665
20180416 12221810  ) debug 					P2: String(10)	ubs_report
20180416 12221810  ) debug 					P3: Int64		1322283145
20180416 12221810  ) debug 					P4: String(6)	UPDATE
20180416 12221810  ) debug 					P5: Int64		10
20180416 12221810  ) debug 					P6: DateTime	2018-04-16T12:22:18
20180416 12221810  ) debug 					P7: String(9)	127.0.0.1
20180416 12221810  ) debug 					P8: Int64		1322283145
20180416 12221810  ) debug 					P9: String(1)	]
20180416 12221810  ) debug 					P10: String(298..)	{"code":"{\"store\":\"mdb\",\"fName\":\"Reqlist_HD_month.js\",\"origName\":\"Reqlist_HD_month.js\",\...
20180416 12221810  ) DB    					StartTransaction for connection "main"
20180416 12221810  ) SQL   					ubDBSQLite3ThreadSafe.TubSQLite3Statement(0293A090) INSERT INTO uba_auditTrail (ID,entity,entityinfo_id,actionType,actionUser,actionTime,remoteIP,parentEntityInfo_id,fromValue,toValue) VALUES (?,?,?,?,?,?,?,?,?,?)
20180416 12221810  )  -    				00.002.739
20180416 12221810  )  -    			00.002.742
20180416 12221810  )  -    		00.002.846
20180416 12221810  )  -    	00.002.899
20180416 12221810  ) DB    	Commit connection "main" in 82us
20180416 12221810  ) http  	127.0.0.1 <- 200
20180416 12221810  )  -    00.040.109
20180416 12221813  #  +    getDocument?entity=ubs_report&attribute=template&ID=1322283145&origName=Reqlist_HD_month.template&filename=ubs_report1322283145template&_dc=1523881338168
20180416 12221813  # http  	127.0.0.1 -> GET getDocument?entity=ubs_report&attribute=template&ID=1322283145&origName=Reqlist_HD_month.template&filename=ubs_report1322283145template&_dc=1523881338168
20180416 12221813  # auth  	admin/154783131
20180416 12221813  # call  	endpoint getDocument
20180416 12221813  $  +    getDocument?entity=ubs_report&attribute=code&ID=1322283145&origName=Reqlist_HD_month.js&filename=ubs_report1322283145code&_dc=1523881338171
20180416 12221813  $ http  	127.0.0.1 -> GET getDocument?entity=ubs_report&attribute=code&ID=1322283145&origName=Reqlist_HD_month.js&filename=ubs_report1322283145code&_dc=1523881338171
20180416 12221813  $ auth  	admin/154783131
20180416 12221813  $ call  	endpoint getDocument
20180416 12221815  $ http  	127.0.0.1 <- 200
20180416 12221815  $  -    00.024.699
20180416 12221818  # http  	127.0.0.1 <- 200
20180416 12221818  #  -    00.073.812
20180416 12222301  &  +    ubql
20180416 12222301  & http  	127.0.0.1 -> POST ubql
20180416 12222301  & http  	[{"entity":"ubs_report","method":"select","fieldList":["ID","report_code","name","template","code","model"],"version":"-1"}]
20180416 12222301  & auth  	admin/154783131
20180416 12222301  & call  	endpoint ubql
20180416 12222301  & http  	127.0.0.1 <- 200
20180416 12222301  &  -    00.001.248
20180416 12222302  %  +    getDocument?entity=ubs_report&attribute=template&ID=1322283145&origName=Reqlist_HD_month.template&dtrPrm=1523881343034
20180416 12222302  % http  	127.0.0.1 -> GET getDocument?entity=ubs_report&attribute=template&ID=1322283145&origName=Reqlist_HD_month.template&dtrPrm=1523881343034
20180416 12222302  % auth  	admin/154783131
20180416 12222302  % call  	endpoint getDocument
20180416 12222302  '  +    getDocument?entity=ubs_report&attribute=code&ID=1322283145&origName=Reqlist_HD_month.js&dtrPrm=1523881343034
20180416 12222302  ' http  	127.0.0.1 -> GET getDocument?entity=ubs_report&attribute=code&ID=1322283145&origName=Reqlist_HD_month.js&dtrPrm=1523881343034
20180416 12222302  ' auth  	admin/154783131
20180416 12222302  ' call  	endpoint getDocument
20180416 12222302  % http  	127.0.0.1 <- 200
20180416 12222302  %  -    00.010.766
20180416 12222302  ' http  	127.0.0.1 <- 200
20180416 12222302  '  -    00.009.754
20180416 12222307  (  +    ubql
20180416 12222307  ( http  	127.0.0.1 -> POST ubql
20180416 12222307  ( http  	[{"entity":"req_reqList","method":"select","fieldList":["reqDate","applicantInfo","reqText","answer"],"whereList":{"c1":{"expression":"[department]","condition":"equal","values":{"c1":335784175468545}},"c2":{"expression":"[status]","condition":"equal","values":{"c2":"Closed"}},"c3":{"expression":"[reqDate]","condition":"moreEqual","values":{"c3":"2018-03-31T22:00:00.000Z"}},"c4":{"expression":"[reqDate]","condition":"less","values":{"c4":"2018-04-30T22:00:00.000Z"}}}}]
20180416 12222307  ( auth  	admin/154783131
20180416 12222307  ( call  	endpoint ubql
20180416 12222307  (  +    	ubMixinClasses.TubDataHistoryMixin(028D4CD0).MixinMethod
20180416 12222307  ( debug 		req_reqList.select(TubDataHistoryMixin)
20180416 12222307  (  -    	00.000.011
20180416 12222307  (  +    	ubMixinClasses.TubRLSMixin(028D4E20).MixinMethod
20180416 12222307  ( debug 		req_reqList.select(TubRLSMixin)
20180416 12222307  ( debug 		Prepare RLS expression for req_reqList
20180416 12222307  (  -    	00.000.139
20180416 12222307  (  +    	ubMixinClasses.TubStorageMixin(028D42C0).MixinMethod
20180416 12222307  ( debug 		req_reqList.select(TubStorageMixin)
20180416 12222307  (  +    		ubApp.TubDataStore(06C78C58).Init
20180416 12222307  (  +    			ubApp.TubApp(02883EE0).DBExecute
20180416 12222307  (  +    				ubApp.TubApp(02883EE0).TubApp.InternalDBExecute
20180416 12222307  (  +    					00856EC2 
20180416 12222308  (  -    					00.010.137
20180416 12222308  ( SQL   					ubDBSQLite3ThreadSafe.TubSQLite3Statement(0293ADB0) PRAGMA foreign_keys = ON
20180416 12222308  ( debug 					P1: Int64		335784175468545
20180416 12222308  ( debug 					P2: String(6)	Closed
20180416 12222308  ( debug 					P3: DateTime	2018-03-31T22:00:00
20180416 12222308  ( debug 					P4: DateTime	2018-04-30T22:00:00
20180416 12222308  ( debug 					P5: DateTime	2018-04-16T12:22:23
20180416 12222308  ( debug 					P6: Int64		10
20180416 12222308  ( SQL   					ubDBSQLite3ThreadSafe.TubSQLite3Statement(0293A750) SELECT A01.reqDate,A01.applicantInfo,A01.reqText,A01.answer  FROM req_reqList A01  INNER JOIN req_depart A02 ON A02.ID=A01.department  WHERE A01.department=? AND A01.status=? AND A01.reqDate>=? AND A01.reqDate<? AND (? BETWEEN A01.mi_dateFrom AND A01.mi_dateTo) AND (( A01.mi_owner = ? ) OR A02.roleInSystem in (0,3,1))
20180416 12222308  (  -    				00.010.241
20180416 12222308  (  -    			00.010.292
20180416 12222308  ( debug 			Query result for entity "req_reqList" into data name "": row count=0
20180416 12222308  (  -    		00.010.309
20180416 12222308  (  -    	00.010.483
20180416 12222308  (  +    	ubMixinClasses.TubSoftLockMixin(028D50C0).MixinMethod
20180416 12222308  ( debug 		req_reqList.select(TubSoftLockMixin)
20180416 12222308  (  -    	00.000.004
20180416 12222308  ( http  	127.0.0.1 <- 200
20180416 12222308  (  -    00.011.303
20180416 12222314  "  +    clientRequire/tinymce//skins/lightgray/content.min.css
20180416 12222314  " http  	127.0.0.1 -> GET clientRequire/tinymce//skins/lightgray/content.min.css
20180416 12222314  " call  	endpoint clientRequire
20180416 12222314  " info  	Call clientRequire 
20180416 12222314  " http  	127.0.0.1 <- 200
20180416 12222314  "  -    00.001.332
20180416 12222318  $  +    models/adminui-pub/css/print-portrait.css
20180416 12222318  $ http  	127.0.0.1 -> GET models/adminui-pub/css/print-portrait.css
20180416 12222318  $ call  	endpoint models
20180416 12222318  $ http  	127.0.0.1 <- 200
20180416 12222318  $  -    00.000.688
20180416 12222318  )  +    models/adminui-pub/css/print-report.css
20180416 12222318  ) http  	127.0.0.1 -> GET models/adminui-pub/css/print-report.css
20180416 12222318  ) call  	endpoint models
20180416 12222318  ) http  	127.0.0.1 <- 200
20180416 12222318  )  -    00.001.959
20180416 12223055  #  +    models/adminui-pub/themes/UBGrayTheme/images/menu/scroll-bottom.png
20180416 12223055  # http  	127.0.0.1 -> GET models/adminui-pub/themes/UBGrayTheme/images/menu/scroll-bottom.png
20180416 12223055  # call  	endpoint models
20180416 12223055  &  +    models/adminui-pub/themes/UBGrayTheme/images/menu/menu-parent.png
20180416 12223055  & http  	127.0.0.1 -> GET models/adminui-pub/themes/UBGrayTheme/images/menu/menu-parent.png
20180416 12223055  & call  	endpoint models
20180416 12223055  %  +    models/adminui-pub/themes/UBGrayTheme/images/menu/scroll-top.png
20180416 12223055  % http  	127.0.0.1 -> GET models/adminui-pub/themes/UBGrayTheme/images/menu/scroll-top.png
20180416 12223055  % call  	endpoint models
20180416 12223055  # http  	127.0.0.1 <- 200
20180416 12223055  #  -    00.001.946
20180416 12223055  % http  	127.0.0.1 <- 200
20180416 12223055  %  -    00.000.929
20180416 12223055  & http  	127.0.0.1 <- 200
20180416 12223055  &  -    00.001.414
20180416 12223219  '  +    ubql
20180416 12223219  ' http  	127.0.0.1 -> POST ubql
20180416 12223219  ' http  	[{"entity":"ubm_navshortcut","method":"select","fieldList":["ID","cmdCode"],"whereList":{"c1":{"expression":"[ID]","condition":"equal","values":{"c1":335785519153155}}}}]
20180416 12223219  ' auth  	admin/154783131
20180416 12223219  ' call  	endpoint ubql
20180416 12223219  '  +    	ubMixinClasses.TubRLSMixin(028D4E20).MixinMethod
20180416 12223219  ' debug 		ubm_navshortcut.select(TubRLSMixin)
20180416 12223219  ' debug 		Prepare RLS expression for ubm_navshortcut
20180416 12223219  '  +    		ubApp.TubDataStore(06C78A78).Init
20180416 12223219  '  +    			ubApp.TubApp(02883EE0).DBExecute
20180416 12223219  '  +    				ubApp.TubApp(02883EE0).TubApp.InternalDBExecute
20180416 12223219  '  +    					00856EC2 
20180416 12223219  '  -    					00.002.400
20180416 12223219  ' SQL   					ubDBSQLite3ThreadSafe.TubSQLite3Statement(0293B3B0) PRAGMA foreign_keys = ON
20180416 12223219  ' SQL   					ubDBSQLite3ThreadSafe.TubSQLite3Statement(029399D0) select ID, name FROM uba_role
20180416 12223219  '  -    				00.002.431
20180416 12223219  '  -    			00.002.463
20180416 12223219  ' debug 			Query result for entity "uba_role" into data name "": row count=9
20180416 12223219  '  -    		00.002.473
20180416 12223219  '  -    	00.003.670
20180416 12223219  '  +    	ubMixinClasses.TubStorageMixin(028D42C0).MixinMethod
20180416 12223219  ' debug 		ubm_navshortcut.select(TubStorageMixin)
20180416 12223219  '  +    		ubApp.TubDataStore(06C78B40).Init
20180416 12223219  '  +    			ubApp.TubApp(02883EE0).DBExecute
20180416 12223219  '  +    				ubApp.TubApp(02883EE0).TubApp.InternalDBExecute
20180416 12223219  ' debug 					P1: Int64		335785519153155
20180416 12223219  ' debug 					P2: Int64		10
20180416 12223219  ' debug 					P3: Int64		10
20180416 12223219  ' debug 					P4: DateTime	9999-12-31T00:00:00
20180416 12223219  ' SQL   					ubDBSQLite3ThreadSafe.TubSQLite3Statement(0293B4D0) SELECT A01.ID,A01.cmdCode  FROM ubm_navshortcut A01  WHERE A01.ID=? AND (( A01.mi_owner = ? ) OR                (1=1) OR                              exists (select 1 from ubm_navshortcut_adm admsubtable where admsubtable.instanceID = A01.ID and admsubtable.admSubjID in (select ur.RoleID from uba_userrole ur where ur.UserID = ? union select 10))) AND A01.mi_deleteDate=?
20180416 12223219  '  -    				00.000.104
20180416 12223219  '  -    			00.000.233
20180416 12223219  ' debug 			Query result for entity "ubm_navshortcut" into data name "": row count=1
20180416 12223219  '  -    		00.000.247
20180416 12223219  '  -    	00.000.367
20180416 12223219  ' http  	127.0.0.1 <- 200
20180416 12223219  '  -    00.004.409
20180416 12223230  (  +    ubql
20180416 12223230  ( http  	127.0.0.1 -> POST ubql
20180416 12223230  ( http  	[{"entity":"req_depart","method":"select","fieldList":["ID","name"]},{"entity":"req_subDepart","method":"select","fieldList":["ID","name"]},{"entity":"req_reqList","method":"select","fieldList":["reqDate","applicantPhone","applicantInfo","department","subDepartment","reqText","reqDoc","answer","status","ID","mi_modifyDate"],"options":{"limit":100,"start":0}}]
20180416 12223230  ( auth  	admin/154783131
20180416 12223230  ( call  	endpoint ubql
20180416 12223230  (  +    	ubMixinClasses.TubStorageMixin(028D42C0).MixinMethod
20180416 12223230  ( debug 		req_depart.select(TubStorageMixin)
20180416 12223230  (  +    		ubApp.TubDataStore(06C78B90).Init
20180416 12223230  (  +    			ubApp.TubApp(02883EE0).DBExecute
20180416 12223230  (  +    				ubApp.TubApp(02883EE0).TubApp.InternalDBExecute
20180416 12223230  ( SQL   					ubDBSQLite3ThreadSafe.TubSQLite3Statement(0293B530) SELECT A01.ID,A01.name  FROM req_depart A01 
20180416 12223230  (  -    				00.000.060
20180416 12223230  (  -    			00.000.406
20180416 12223230  ( debug 			Query result for entity "req_depart" into data name "": row count=2
20180416 12223230  (  -    		00.000.422
20180416 12223230  (  -    	00.000.536
20180416 12223230  (  +    	ubMixinClasses.TubStorageMixin(028D42C0).MixinMethod
20180416 12223230  ( debug 		req_subDepart.select(TubStorageMixin)
20180416 12223230  (  +    		ubApp.TubDataStore(06C74B30).Init
20180416 12223230  (  +    			ubApp.TubApp(02883EE0).DBExecute
20180416 12223230  (  +    				ubApp.TubApp(02883EE0).TubApp.InternalDBExecute
20180416 12223230  ( debug 					P1: DateTime	9999-12-31T00:00:00
20180416 12223230  ( SQL   					ubDBSQLite3ThreadSafe.TubSQLite3Statement(0293B6B0) SELECT A01.ID,A01.name  FROM req_subDepart A01  WHERE A01.mi_deleteDate=?
20180416 12223230  (  -    				00.000.083
20180416 12223230  (  -    			00.000.293
20180416 12223230  ( debug 			Query result for entity "req_subDepart" into data name "": row count=3
20180416 12223230  (  -    		00.000.320
20180416 12223230  (  -    	00.000.428
20180416 12223230  (  +    	ubMixinClasses.TubDataHistoryMixin(028D4CD0).MixinMethod
20180416 12223230  ( debug 		req_reqList.select(TubDataHistoryMixin)
20180416 12223230  (  -    	00.000.020
20180416 12223230  (  +    	ubMixinClasses.TubRLSMixin(028D4E20).MixinMethod
20180416 12223230  ( debug 		req_reqList.select(TubRLSMixin)
20180416 12223230  ( debug 		Prepare RLS expression for req_reqList
20180416 12223230  (  -    	00.000.106
20180416 12223230  (  +    	ubMixinClasses.TubStorageMixin(028D42C0).MixinMethod
20180416 12223230  ( debug 		req_reqList.select(TubStorageMixin)
20180416 12223230  (  +    		ubApp.TubDataStore(06C78A28).Init
20180416 12223230  (  +    			ubApp.TubApp(02883EE0).DBExecute
20180416 12223230  (  +    				ubApp.TubApp(02883EE0).TubApp.InternalDBExecute
20180416 12223230  ( debug 					P1: DateTime	2018-04-16T12:22:32
20180416 12223230  ( debug 					P2: Int64		10
20180416 12223230  ( SQL   					ubDBSQLite3ThreadSafe.TubSQLite3Statement(0293B770) SELECT A01.reqDate,A01.applicantPhone,A01.applicantInfo,A01.department,A01.subDepartment,A01.reqText,A01.reqDoc,A01.answer,A01.status,A01.ID,A01.mi_modifyDate  FROM req_reqList A01  INNER JOIN req_depart A02 ON A02.ID=A01.department  WHERE (? BETWEEN A01.mi_dateFrom AND A01.mi_dateTo) AND (( A01.mi_owner = ? ) OR A02.roleInSystem in (0,3,1)) LIMIT 100 OFFSET 0 
20180416 12223230  (  -    				00.000.135
20180416 12223230  (  -    			00.000.257
20180416 12223230  ( debug 			Query result for entity "req_reqList" into data name "": row count=5
20180416 12223230  (  -    		00.000.287
20180416 12223230  (  -    	00.000.816
20180416 12223230  (  +    	ubMixinClasses.TubSoftLockMixin(028D50C0).MixinMethod
20180416 12223230  ( debug 		req_reqList.select(TubSoftLockMixin)
20180416 12223230  (  -    	00.000.012
20180416 12223230  ( http  	127.0.0.1 <- 200
20180416 12223230  (  -    00.002.825
20180416 12224405  "  +    models/adminui-pub/themes/UBGrayTheme/images/form/date-trigger.png
20180416 12224405  " http  	127.0.0.1 -> GET models/adminui-pub/themes/UBGrayTheme/images/form/date-trigger.png
20180416 12224405  " call  	endpoint models
20180416 12224405  )  +    models/adminui-pub/themes/UBGrayTheme/ubimages/Text.png
20180416 12224405  ) http  	127.0.0.1 -> GET models/adminui-pub/themes/UBGrayTheme/ubimages/Text.png
20180416 12224405  ) call  	endpoint models
20180416 12224405  " http  	127.0.0.1 <- 200
20180416 12224405  "  -    00.001.892
20180416 12224405  ) http  	127.0.0.1 <- 200
20180416 12224405  )  -    00.001.294
20180416 12224410  $  +    ubql
20180416 12224410  $ http  	127.0.0.1 -> POST ubql
20180416 12224410  $ http  	[{"method":"isLocked","entity":"req_reqList","ID":335793563893761}]
20180416 12224410  $ auth  	admin/154783131
20180416 12224410  $ call  	endpoint ubql
20180416 12224410  $  +    	ubMixinClasses.TubSoftLockMixin(028D50C0).MixinMethod
20180416 12224410  $ debug 		req_reqList.isLocked(TubSoftLockMixin)
20180416 12224410  $  +    		ubApp.TubDataStore(06C78B90).Init
20180416 12224410  $  +    			ubApp.TubApp(02883EE0).DBExecute
20180416 12224410  $  +    				ubApp.TubApp(02883EE0).TubApp.InternalDBExecute
20180416 12224410  $ debug 					P1: Int64		335793563893761
20180416 12224410  $ debug 					P2: String(11)	req_reqList
20180416 12224410  $ DB    					StartTransaction for connection "main"
20180416 12224410  $ SQL   					ubDBSQLite3ThreadSafe.TubSQLite3Statement(0293B650) SELECT A01.ID,A01.lockType,A02.name,A01.lockTime  FROM ubs_softLock A01  INNER JOIN uba_user A02 ON A02.ID=A01.lockUser  WHERE A01.lockID=? AND A01.entity=?
20180416 12224410  $  -    				00.000.090
20180416 12224410  $  -    			00.000.203
20180416 12224410  $ debug 			Query result for entity "ubs_softLock" into data name "": row count=0
20180416 12224410  $  -    		00.000.215
20180416 12224410  $  -    	00.000.357
20180416 12224410  $ DB    	Commit connection "main" in 17us
20180416 12224410  $ http  	127.0.0.1 <- 200
20180416 12224410  $  -    00.000.683
20180416 12224411  #  +    ubql
20180416 12224411  # http  	127.0.0.1 -> POST ubql
20180416 12224411  # http  	[{"entity":"req_reqList","fieldList":["reqDate","status","department","subDepartment","applicantPhone","applicantInfo","reqText","answer","reqDoc","ID","mi_modifyDate"],"ID":335793563893761,"alsNeed":false,"method":"select"},{"entity":"ubm_enum","method":"select","fieldList":["eGroup","code","name","shortName","sortOrder","ID","mi_modifyDate"],"idProperty":"code","version":"1523803103"}]
20180416 12224411  # auth  	admin/154783131
20180416 12224411  # call  	endpoint ubql
20180416 12224411  #  +    	ubMixinClasses.TubDataHistoryMixin(028D4CD0).MixinMethod
20180416 12224411  # debug 		req_reqList.select(TubDataHistoryMixin)
20180416 12224411  #  -    	00.000.005
20180416 12224411  #  +    	ubMixinClasses.TubRLSMixin(028D4E20).MixinMethod
20180416 12224411  # debug 		req_reqList.select(TubRLSMixin)
20180416 12224411  # debug 		Prepare RLS expression for req_reqList
20180416 12224411  #  -    	00.000.125
20180416 12224411  #  +    	ubMixinClasses.TubStorageMixin(028D42C0).MixinMethod
20180416 12224411  # debug 		req_reqList.select(TubStorageMixin)
20180416 12224411  #  +    		ubApp.TubDataStore(06C78D20).Init
20180416 12224411  #  +    			ubApp.TubApp(02883EE0).DBExecute
20180416 12224411  #  +    				ubApp.TubApp(02883EE0).TubApp.InternalDBExecute
20180416 12224411  # debug 					P1: Int64		10
20180416 12224411  # debug 					P2: Int64		335793563893761
20180416 12224411  # SQL   					ubDBSQLite3ThreadSafe.TubSQLite3Statement(0293B830) SELECT A01.reqDate,A01.status,A01.department,A01.subDepartment,A01.applicantPhone,A01.applicantInfo,A01.reqText,A01.answer,A01.reqDoc,A01.ID,A01.mi_modifyDate  FROM req_reqList A01  INNER JOIN req_depart A02 ON A02.ID=A01.department  WHERE (( A01.mi_owner = ? ) OR A02.roleInSystem in (0,3,1)) AND A01.ID=?
20180416 12224411  #  -    				00.000.115
20180416 12224411  #  -    			00.000.340
20180416 12224411  # debug 			Query result for entity "req_reqList" into data name "": row count=1
20180416 12224411  #  -    		00.000.368
20180416 12224411  #  -    	00.000.611
20180416 12224411  #  +    	ubMixinClasses.TubSoftLockMixin(028D50C0).MixinMethod
20180416 12224411  # debug 		req_reqList.select(TubSoftLockMixin)
20180416 12224411  #  -    	00.000.008
20180416 12224411  #  +    	ubMixinClasses.TubStorageMixin(028D42C0).MixinMethod
20180416 12224411  # debug 		ubm_enum.select(TubStorageMixin)
20180416 12224411  #  +    		ubApp.TubDataStore(06C78AF0).Init
20180416 12224411  #  +    			ubApp.TubApp(02883EE0).DBExecute
20180416 12224411  #  +    				ubApp.TubApp(02883EE0).TubApp.InternalDBExecute
20180416 12224411  # SQL   					ubDBSQLite3ThreadSafe.TubSQLite3Statement(0293B710) SELECT ( (SELECT COALESCE(strftime('%s',  MAX(mi_modifyDate)),1) FROM ubm_enum) ) AS dataVersion
20180416 12224411  #  -    				00.000.092
20180416 12224411  #  -    			00.000.229
20180416 12224411  # debug 			Query result for entity "ubm_enum" into data name "": row count=1
20180416 12224411  #  -    		00.000.242
20180416 12224411  #  -    	00.000.385
20180416 12224411  # http  	127.0.0.1 <- 200
20180416 12224411  #  -    00.001.759
20180416 12224417  %  +    ubql
20180416 12224417  % http  	127.0.0.1 -> POST ubql
20180416 12224417  % http  	[{"entity":"req_depart","method":"select","fieldList":["ID","name"],"whereList":{"x100":{"values":{"ID":335784175468545},"expression":"[ID]","condition":"equal"}},"orderList":{"_asc":{"expression":"name","order":"asc"}},"options":{"limit":30,"start":0}},{"entity":"req_subDepart","method":"select","fieldList":["ID","name"],"whereList":{"x100":{"values":{"ID":335786347331585},"expression":"[ID]","condition":"equal"}},"orderList":{"_asc":{"expression":"name","order":"asc"}},"options":{"limit":30,"start":0}}]
20180416 12224417  % auth  	admin/154783131
20180416 12224417  % call  	endpoint ubql
20180416 12224417  %  +    	ubMixinClasses.TubStorageMixin(028D42C0).MixinMethod
20180416 12224417  % debug 		req_depart.select(TubStorageMixin)
20180416 12224417  %  +    		ubApp.TubDataStore(06C7C1A0).Init
20180416 12224417  %  +    			ubApp.TubApp(02883EE0).DBExecute
20180416 12224417  %  +    				ubApp.TubApp(02883EE0).TubApp.InternalDBExecute
20180416 12224417  % debug 					P1: Int64		335784175468545
20180416 12224417  % SQL   					ubDBSQLite3ThreadSafe.TubSQLite3Statement(0293B7D0) SELECT A01.ID,A01.name  FROM req_depart A01  WHERE A01.ID=? ORDER BY 2 ASC LIMIT 30 OFFSET 0 
20180416 12224417  %  -    				00.000.072
20180416 12224417  %  -    			00.000.215
20180416 12224417  % debug 			Query result for entity "req_depart" into data name "": row count=1
20180416 12224417  %  -    		00.000.252
20180416 12224417  %  -    	00.000.377
20180416 12224417  %  +    	ubMixinClasses.TubStorageMixin(028D42C0).MixinMethod
20180416 12224417  % debug 		req_subDepart.select(TubStorageMixin)
20180416 12224417  %  +    		ubApp.TubDataStore(06C78C08).Init
20180416 12224417  %  +    			ubApp.TubApp(02883EE0).DBExecute
20180416 12224417  %  +    				ubApp.TubApp(02883EE0).TubApp.InternalDBExecute
20180416 12224417  % debug 					P1: Int64		335786347331585
20180416 12224417  % debug 					P2: DateTime	9999-12-31T00:00:00
20180416 12224417  % SQL   					ubDBSQLite3ThreadSafe.TubSQLite3Statement(0293B890) SELECT A01.ID,A01.name  FROM req_subDepart A01  WHERE A01.ID=? AND A01.mi_deleteDate=? ORDER BY 2 ASC LIMIT 30 OFFSET 0 
20180416 12224417  %  -    				00.000.198
20180416 12224417  %  -    			00.000.714
20180416 12224417  % debug 			Query result for entity "req_subDepart" into data name "": row count=1
20180416 12224417  %  -    		00.000.749
20180416 12224417  %  -    	00.000.938
20180416 12224417  % http  	127.0.0.1 <- 200
20180416 12224417  %  -    00.002.441
20180416 12234148  &  +    ubql
20180416 12234148  & http  	127.0.0.1 -> POST ubql
20180416 12234148  & http  	[{"entity":"ubs_report","fieldList":["model","report_code","name","template","code","ID","mi_modifyDate"],"ID":1847324396,"alsNeed":false,"method":"select"}]
20180416 12234148  & auth  	admin/154783131
20180416 12234148  & call  	endpoint ubql
20180416 12234148  & http  	127.0.0.1 <- 200
20180416 12234148  &  -    00.001.999
20180416 12234149  '  +    getDocument?entity=ubs_report&attribute=template&ID=1847324396&origName=xlsxExample.template&filename=ubs_report1847324396template&_dc=1523881421787
20180416 12234149  ' http  	127.0.0.1 -> GET getDocument?entity=ubs_report&attribute=template&ID=1847324396&origName=xlsxExample.template&filename=ubs_report1847324396template&_dc=1523881421787
20180416 12234149  ' auth  	admin/154783131
20180416 12234149  ' call  	endpoint getDocument
20180416 12234149  (  +    getDocument?entity=ubs_report&attribute=code&ID=1847324396&origName=xlsxExample.js&filename=ubs_report1847324396code&_dc=1523881421789
20180416 12234149  ( http  	127.0.0.1 -> GET getDocument?entity=ubs_report&attribute=code&ID=1847324396&origName=xlsxExample.js&filename=ubs_report1847324396code&_dc=1523881421789
20180416 12234149  ( auth  	admin/154783131
20180416 12234149  ( call  	endpoint getDocument
20180416 12234149  ' http  	127.0.0.1 <- 200
20180416 12234149  '  -    00.002.934
20180416 12234149  ( http  	127.0.0.1 <- 200
20180416 12234149  (  -    00.002.634
20180416 12244561  "  +    setDocument?ID=1322283145&attribute=code&entity=ubs_report&filename=Reqlist_HD_month.js
20180416 12244561  " http  	127.0.0.1 -> POST setDocument?ID=1322283145&attribute=code&entity=ubs_report&filename=Reqlist_HD_month.js
20180416 12244561  " http  	!BIN(2080)
20180416 12244561  " auth  	admin/154783131
20180416 12244561  " call  	endpoint setDocument
20180416 12244561  " http  	127.0.0.1 <- 200
20180416 12244561  "  -    00.008.772
20180416 12244600  )  +    ubql
20180416 12244600  ) http  	127.0.0.1 -> POST ubql
20180416 12244600  ) http  	[{"fieldList":["model","report_code","name","template","code","ID","mi_modifyDate"],"entity":"ubs_report","method":"update","alsNeed":false,"execParams":{"code":"{\"store\":\"mdb\",\"fName\":\"Reqlist_HD_month.js\",\"origName\":\"Reqlist_HD_month.js\",\"relPath\":\"\",\"ct\":\"application/javascript\",\"size\":2080,\"md5\":\"5d73d7283aa7ed6ddaf86d7a0530a799\",\"revision\":1,\"isDirty\":true}","ID":1322283145,"mi_modifyDate":"2018-04-16T14:22:18.000Z"}}]
20180416 12244600  ) auth  	admin/154783131
20180416 12244600  ) call  	endpoint ubql
20180416 12244600  )  +    	ubMixinClasses.TubStorageMixin(028D42C0).MixinMethod
20180416 12244600  ) debug 		ubs_report.beforeupdate(TubStorageMixin)
20180416 12244600  )  -    	00.000.709
20180416 12244601  )  +    	ubMixinClasses.TubStorageMixin(028D42C0).MixinMethod
20180416 12244601  ) debug 		ubs_report.afterupdate(TubStorageMixin)
20180416 12244602  )  -    	00.012.200
20180416 12244602  )  +    	ubMixinClasses.TubAuditMixin(028D4F70).MixinMethod
20180416 12244602  ) debug 		ubs_report.afterupdate(TubAuditMixin)
20180416 12244602  )  +    		ubApp.TubDataStore(06C78B68).TubDataStore.ExecuteInsertFromSQL
20180416 12244602  )  +    			ubApp.TubApp(02883EE0).DBExecute
20180416 12244602  )  +    				ubApp.TubApp(02883EE0).TubApp.InternalDBExecute
20180416 12244602  ) debug 					P1: Int64		335794318540801
20180416 12244602  ) debug 					P2: String(10)	ubs_report
20180416 12244602  ) debug 					P3: Int64		1322283145
20180416 12244602  ) debug 					P4: String(6)	UPDATE
20180416 12244602  ) debug 					P5: Int64		10
20180416 12244602  ) debug 					P6: DateTime	2018-04-16T12:24:46
20180416 12244602  ) debug 					P7: String(9)	127.0.0.1
20180416 12244602  ) debug 					P8: Int64		1322283145
20180416 12244602  ) debug 					P9: String(1)	]
20180416 12244602  ) debug 					P10: String(298..)	{"code":"{\"store\":\"mdb\",\"fName\":\"Reqlist_HD_month.js\",\"origName\":\"Reqlist_HD_month.js\",\...
20180416 12244602  ) DB    					StartTransaction for connection "main"
20180416 12244602  ) SQL   					ubDBSQLite3ThreadSafe.TubSQLite3Statement(0293B590) INSERT INTO uba_auditTrail (ID,entity,entityinfo_id,actionType,actionUser,actionTime,remoteIP,parentEntityInfo_id,fromValue,toValue) VALUES (?,?,?,?,?,?,?,?,?,?)
20180416 12244602  )  -    				00.000.143
20180416 12244602  )  -    			00.000.148
20180416 12244602  )  -    		00.000.327
20180416 12244602  )  -    	00.000.377
20180416 12244602  ) DB    	Commit connection "main" in 111us
20180416 12244602  ) http  	127.0.0.1 <- 200
20180416 12244602  )  -    00.036.925
20180416 12244605  $  +    getDocument?entity=ubs_report&attribute=template&ID=1322283145&origName=Reqlist_HD_month.template&filename=ubs_report1322283145template&_dc=1523881486048
20180416 12244605  $ http  	127.0.0.1 -> GET getDocument?entity=ubs_report&attribute=template&ID=1322283145&origName=Reqlist_HD_month.template&filename=ubs_report1322283145template&_dc=1523881486048
20180416 12244605  $ auth  	admin/154783131
20180416 12244605  $ call  	endpoint getDocument
20180416 12244605  #  +    getDocument?entity=ubs_report&attribute=code&ID=1322283145&origName=Reqlist_HD_month.js&filename=ubs_report1322283145code&_dc=1523881486051
20180416 12244605  # http  	127.0.0.1 -> GET getDocument?entity=ubs_report&attribute=code&ID=1322283145&origName=Reqlist_HD_month.js&filename=ubs_report1322283145code&_dc=1523881486051
20180416 12244605  # auth  	admin/154783131
20180416 12244605  # call  	endpoint getDocument
20180416 12244606  $ http  	127.0.0.1 <- 200
20180416 12244606  $  -    00.003.539
20180416 12244606  # http  	127.0.0.1 <- 200
20180416 12244606  #  -    00.005.677
20180416 12244704  %  +    ubql
20180416 12244704  % http  	127.0.0.1 -> POST ubql
20180416 12244704  % http  	[{"entity":"ubs_report","method":"select","fieldList":["ID","report_code","name","template","code","model"],"version":"-1"}]
20180416 12244704  % auth  	admin/154783131
20180416 12244704  % call  	endpoint ubql
20180416 12244704  % http  	127.0.0.1 <- 200
20180416 12244704  %  -    00.000.900
20180416 12244704  &  +    getDocument?entity=ubs_report&attribute=template&ID=1322283145&origName=Reqlist_HD_month.template&dtrPrm=1523881487073
20180416 12244704  & http  	127.0.0.1 -> GET getDocument?entity=ubs_report&attribute=template&ID=1322283145&origName=Reqlist_HD_month.template&dtrPrm=1523881487073
20180416 12244704  & auth  	admin/154783131
20180416 12244704  & call  	endpoint getDocument
20180416 12244704  '  +    getDocument?entity=ubs_report&attribute=code&ID=1322283145&origName=Reqlist_HD_month.js&dtrPrm=1523881487074
20180416 12244704  ' http  	127.0.0.1 -> GET getDocument?entity=ubs_report&attribute=code&ID=1322283145&origName=Reqlist_HD_month.js&dtrPrm=1523881487074
20180416 12244704  ' auth  	admin/154783131
20180416 12244704  ' call  	endpoint getDocument
20180416 12244705  & http  	127.0.0.1 <- 200
20180416 12244705  &  -    00.011.356
20180416 12244705  ' http  	127.0.0.1 <- 200
20180416 12244705  '  -    00.010.742
20180416 12244710  (  +    ubql
20180416 12244710  ( http  	127.0.0.1 -> POST ubql
20180416 12244710  ( http  	[{"entity":"req_reqList","method":"select","fieldList":["reqDate","applicantInfo","reqText","answer"],"whereList":{"c1":{"expression":"[department]","condition":"equal","values":{"c1":335784175468545}},"c2":{"expression":"[status]","condition":"equal","values":{"c2":"CLOSED"}},"c3":{"expression":"[reqDate]","condition":"moreEqual","values":{"c3":"2018-03-31T22:00:00.000Z"}},"c4":{"expression":"[reqDate]","condition":"less","values":{"c4":"2018-04-30T22:00:00.000Z"}}}}]
20180416 12244710  ( auth  	admin/154783131
20180416 12244710  ( call  	endpoint ubql
20180416 12244710  (  +    	ubMixinClasses.TubDataHistoryMixin(028D4CD0).MixinMethod
20180416 12244710  ( debug 		req_reqList.select(TubDataHistoryMixin)
20180416 12244710  (  -    	00.000.018
20180416 12244710  (  +    	ubMixinClasses.TubRLSMixin(028D4E20).MixinMethod
20180416 12244710  ( debug 		req_reqList.select(TubRLSMixin)
20180416 12244710  ( debug 		Prepare RLS expression for req_reqList
20180416 12244710  (  -    	00.000.127
20180416 12244710  (  +    	ubMixinClasses.TubStorageMixin(028D42C0).MixinMethod
20180416 12244710  ( debug 		req_reqList.select(TubStorageMixin)
20180416 12244710  (  +    		ubApp.TubDataStore(06C7C4C0).Init
20180416 12244710  (  +    			ubApp.TubApp(02883EE0).DBExecute
20180416 12244710  (  +    				ubApp.TubApp(02883EE0).TubApp.InternalDBExecute
20180416 12244710  ( debug 					P1: Int64		335784175468545
20180416 12244710  ( debug 					P2: String(6)	CLOSED
20180416 12244710  ( debug 					P3: DateTime	2018-03-31T22:00:00
20180416 12244710  ( debug 					P4: DateTime	2018-04-30T22:00:00
20180416 12244710  ( debug 					P5: DateTime	2018-04-16T12:24:47
20180416 12244710  ( debug 					P6: Int64		10
20180416 12244710  ( SQL   					ubDBSQLite3ThreadSafe.TubSQLite3Statement(0293B9B0) SELECT A01.reqDate,A01.applicantInfo,A01.reqText,A01.answer  FROM req_reqList A01  INNER JOIN req_depart A02 ON A02.ID=A01.department  WHERE A01.department=? AND A01.status=? AND A01.reqDate>=? AND A01.reqDate<? AND (? BETWEEN A01.mi_dateFrom AND A01.mi_dateTo) AND (( A01.mi_owner = ? ) OR A02.roleInSystem in (0,3,1))
20180416 12244710  (  -    				00.000.194
20180416 12244710  (  -    			00.000.470
20180416 12244710  ( debug 			Query result for entity "req_reqList" into data name "": row count=1
20180416 12244710  (  -    		00.000.581
20180416 12244710  (  -    	00.000.866
20180416 12244710  (  +    	ubMixinClasses.TubSoftLockMixin(028D50C0).MixinMethod
20180416 12244710  ( debug 		req_reqList.select(TubSoftLockMixin)
20180416 12244710  (  -    	00.000.065
20180416 12244710  ( http  	127.0.0.1 <- 200
20180416 12244710  (  -    00.003.141
20180416 12244717  "  +    clientRequire/tinymce//skins/lightgray/content.min.css
20180416 12244717  " http  	127.0.0.1 -> GET clientRequire/tinymce//skins/lightgray/content.min.css
20180416 12244717  " call  	endpoint clientRequire
20180416 12244717  " info  	Call clientRequire 
20180416 12244717  " http  	127.0.0.1 <- 200
20180416 12244717  "  -    00.000.736
20180416 12244723  )  +    models/adminui-pub/css/print-report.css
20180416 12244723  ) http  	127.0.0.1 -> GET models/adminui-pub/css/print-report.css
20180416 12244723  ) call  	endpoint models
20180416 12244723  ) http  	127.0.0.1 <- 200
20180416 12244723  )  -    00.000.402
20180416 12244723  $  +    models/adminui-pub/css/print-portrait.css
20180416 12244723  $ http  	127.0.0.1 -> GET models/adminui-pub/css/print-portrait.css
20180416 12244723  $ call  	endpoint models
20180416 12244723  $ http  	127.0.0.1 <- 200
20180416 12244723  $  -    00.000.347
20180416 12254351  #  +    ubql
20180416 12254351  # http  	127.0.0.1 -> POST ubql
20180416 12254351  # http  	[{"entity":"ubm_navshortcut","method":"select","fieldList":["ID","cmdCode"],"whereList":{"c1":{"expression":"[ID]","condition":"equal","values":{"c1":335775710838981}}}}]
20180416 12254351  # auth  	admin/154783131
20180416 12254351  # call  	endpoint ubql
20180416 12254351  #  +    	ubMixinClasses.TubRLSMixin(028D4E20).MixinMethod
20180416 12254351  # debug 		ubm_navshortcut.select(TubRLSMixin)
20180416 12254351  # debug 		Prepare RLS expression for ubm_navshortcut
20180416 12254351  #  +    		ubApp.TubDataStore(06C7C6C8).Init
20180416 12254351  #  +    			ubApp.TubApp(02883EE0).DBExecute
20180416 12254351  #  +    				ubApp.TubApp(02883EE0).TubApp.InternalDBExecute
20180416 12254351  # SQL   					ubDBSQLite3ThreadSafe.TubSQLite3Statement(0293B410) select ID, name FROM uba_role
20180416 12254351  #  -    				00.000.040
20180416 12254351  #  -    			00.000.137
20180416 12254351  # debug 			Query result for entity "uba_role" into data name "": row count=9
20180416 12254351  #  -    		00.000.146
20180416 12254351  #  -    	00.000.966
20180416 12254351  #  +    	ubMixinClasses.TubStorageMixin(028D42C0).MixinMethod
20180416 12254351  # debug 		ubm_navshortcut.select(TubStorageMixin)
20180416 12254351  #  +    		ubApp.TubDataStore(06C7C1A0).Init
20180416 12254351  #  +    			ubApp.TubApp(02883EE0).DBExecute
20180416 12254351  #  +    				ubApp.TubApp(02883EE0).TubApp.InternalDBExecute
20180416 12254351  # debug 					P1: Int64		335775710838981
20180416 12254351  # debug 					P2: Int64		10
20180416 12254351  # debug 					P3: Int64		10
20180416 12254351  # debug 					P4: DateTime	9999-12-31T00:00:00
20180416 12254351  # SQL   					ubDBSQLite3ThreadSafe.TubSQLite3Statement(0293BB30) SELECT A01.ID,A01.cmdCode  FROM ubm_navshortcut A01  WHERE A01.ID=? AND (( A01.mi_owner = ? ) OR                (1=1) OR                              exists (select 1 from ubm_navshortcut_adm admsubtable where admsubtable.instanceID = A01.ID and admsubtable.admSubjID in (select ur.RoleID from uba_userrole ur where ur.UserID = ? union select 10))) AND A01.mi_deleteDate=?
20180416 12254351  #  -    				00.000.103
20180416 12254351  #  -    			00.000.174
20180416 12254351  # debug 			Query result for entity "ubm_navshortcut" into data name "": row count=1
20180416 12254351  #  -    		00.000.187
20180416 12254351  #  -    	00.000.297
20180416 12254351  # http  	127.0.0.1 <- 200
20180416 12254351  #  -    00.001.652
20180416 12254361  %  +    ubql
20180416 12254361  % http  	127.0.0.1 -> POST ubql
20180416 12254361  % http  	[{"entity":"ubm_diagram","method":"select","fieldList":["ID","model","name","document","mi_modifyDate"],"version":846736592}]
20180416 12254361  % auth  	admin/154783131
20180416 12254361  % call  	endpoint ubql
20180416 12254361  % http  	127.0.0.1 <- 200
20180416 12254361  %  -    00.010.084
20180416 12254438  &  +    ubql
20180416 12254438  & http  	127.0.0.1 -> POST ubql
20180416 12254438  & http  	[{"entity":"ubm_navshortcut","method":"select","fieldList":["ID","cmdCode"],"whereList":{"c1":{"expression":"[ID]","condition":"equal","values":{"c1":335775710838979}}}}]
20180416 12254438  & auth  	admin/154783131
20180416 12254438  & call  	endpoint ubql
20180416 12254438  &  +    	ubMixinClasses.TubRLSMixin(028D4E20).MixinMethod
20180416 12254438  & debug 		ubm_navshortcut.select(TubRLSMixin)
20180416 12254438  & debug 		Prepare RLS expression for ubm_navshortcut
20180416 12254438  &  +    		ubApp.TubDataStore(06C7C448).Init
20180416 12254438  &  +    			ubApp.TubApp(02883EE0).DBExecute
20180416 12254438  &  +    				ubApp.TubApp(02883EE0).TubApp.InternalDBExecute
20180416 12254438  &  +    					00856EC2 
20180416 12254438  &  -    					00.002.221
20180416 12254438  & SQL   					ubDBSQLite3ThreadSafe.TubSQLite3Statement(06C43910) PRAGMA foreign_keys = ON
20180416 12254438  & SQL   					ubDBSQLite3ThreadSafe.TubSQLite3Statement(0293BA10) select ID, name FROM uba_role
20180416 12254438  &  -    				00.002.275
20180416 12254438  &  -    			00.002.310
20180416 12254438  & debug 			Query result for entity "uba_role" into data name "": row count=9
20180416 12254438  &  -    		00.002.321
20180416 12254438  &  -    	00.003.273
20180416 12254438  &  +    	ubMixinClasses.TubStorageMixin(028D42C0).MixinMethod
20180416 12254438  & debug 		ubm_navshortcut.select(TubStorageMixin)
20180416 12254438  &  +    		ubApp.TubDataStore(06C78C08).Init
20180416 12254438  &  +    			ubApp.TubApp(02883EE0).DBExecute
20180416 12254438  &  +    				ubApp.TubApp(02883EE0).TubApp.InternalDBExecute
20180416 12254438  & debug 					P1: Int64		335775710838979
20180416 12254438  & debug 					P2: Int64		10
20180416 12254438  & debug 					P3: Int64		10
20180416 12254438  & debug 					P4: DateTime	9999-12-31T00:00:00
20180416 12254438  & SQL   					ubDBSQLite3ThreadSafe.TubSQLite3Statement(06C43A30) SELECT A01.ID,A01.cmdCode  FROM ubm_navshortcut A01  WHERE A01.ID=? AND (( A01.mi_owner = ? ) OR                (1=1) OR                              exists (select 1 from ubm_navshortcut_adm admsubtable where admsubtable.instanceID = A01.ID and admsubtable.admSubjID in (select ur.RoleID from uba_userrole ur where ur.UserID = ? union select 10))) AND A01.mi_deleteDate=?
20180416 12254438  &  -    				00.000.097
20180416 12254438  &  -    			00.000.177
20180416 12254438  & debug 			Query result for entity "ubm_navshortcut" into data name "": row count=1
20180416 12254438  &  -    		00.000.194
20180416 12254438  &  -    	00.000.307
20180416 12254438  & http  	127.0.0.1 <- 200
20180416 12254438  &  -    00.003.887
20180416 12254448  '  +    ubql
20180416 12254448  ' http  	127.0.0.1 -> POST ubql
20180416 12254448  ' http  	[{"entity":"ubm_form","method":"select","fieldList":["entity","code","description","caption","formType","isDefault","ID","mi_modifyDate"],"version":2110448184}]
20180416 12254448  ' auth  	admin/154783131
20180416 12254448  ' call  	endpoint ubql
20180416 12254450  ' http  	127.0.0.1 <- 200
20180416 12254450  '  -    00.031.666
20180416 12254753  (  +    ubql
20180416 12254753  ( http  	127.0.0.1 -> POST ubql
20180416 12254753  ( http  	[{"entity":"ubs_report","fieldList":["model","report_code","name","template","code","ID","mi_modifyDate"],"ID":1847324396,"alsNeed":false,"method":"select"}]
20180416 12254753  ( auth  	admin/154783131
20180416 12254753  ( call  	endpoint ubql
20180416 12254753  ( http  	127.0.0.1 <- 200
20180416 12254753  (  -    00.001.491
20180416 12254754  "  +    getDocument?entity=ubs_report&attribute=template&ID=1847324396&origName=xlsxExample.template&filename=ubs_report1847324396template&_dc=1523881547865
20180416 12254754  " http  	127.0.0.1 -> GET getDocument?entity=ubs_report&attribute=template&ID=1847324396&origName=xlsxExample.template&filename=ubs_report1847324396template&_dc=1523881547865
20180416 12254754  " auth  	admin/154783131
20180416 12254754  " call  	endpoint getDocument
20180416 12254754  )  +    getDocument?entity=ubs_report&attribute=code&ID=1847324396&origName=xlsxExample.js&filename=ubs_report1847324396code&_dc=1523881547865
20180416 12254754  ) http  	127.0.0.1 -> GET getDocument?entity=ubs_report&attribute=code&ID=1847324396&origName=xlsxExample.js&filename=ubs_report1847324396code&_dc=1523881547865
20180416 12254754  ) auth  	admin/154783131
20180416 12254754  ) call  	endpoint getDocument
20180416 12254754  " http  	127.0.0.1 <- 200
20180416 12254754  "  -    00.003.192
20180416 12254754  ) http  	127.0.0.1 <- 200
20180416 12254754  )  -    00.002.397
20180416 12254945  $  +    clientRequire/tinymce//skins/lightgray/content.min.css
20180416 12254945  $ http  	127.0.0.1 -> GET clientRequire/tinymce//skins/lightgray/content.min.css
20180416 12254945  $ call  	endpoint clientRequire
20180416 12254945  $ info  	Call clientRequire 
20180416 12254945  $ http  	127.0.0.1 <- 200
20180416 12254945  $  -    00.000.568
20180416 12260112  #  +    ubql
20180416 12260112  # http  	127.0.0.1 -> POST ubql
20180416 12260112  # http  	[{"entity":"ubs_report","method":"delete","execParams":{"ID":1847324396}}]
20180416 12260112  # auth  	admin/154783131
20180416 12260112  # call  	endpoint ubql
20180416 12260112  #  +    	ubMixinClasses.TubStorageMixin(028D42C0).MixinMethod
20180416 12260112  # debug 		ubs_report.beforedelete(TubStorageMixin)
20180416 12260112  #  -    	00.001.131
20180416 12260112  # EXC   	C:\\ubProject\\CityPortal\\node_modules\\@unitybase\\ubs\\ubs_report.js:307\r\rError: <<<To delete Report you must manually delete corresponding xml file from modelFolder/public/reports folder>>>\n@C:\\ubProject\\CityPortal\\node_modules\\@unitybase\\ubs\\ubs_report.js:307:9\nemitOne@events.js:133:5\nemit@events.js:236:7\n
20180416 12260112  # ERROR 	POST ubql ERROR=500 (<<<To delete Report you must manually delete corresponding xml file from modelFolder/public/reports folder>>>)
20180416 12260112  #  -    00.005.090
20180416 12264951  %  +    ubql
20180416 12264951  % http  	127.0.0.1 -> POST ubql
20180416 12264951  % http  	[{"entity":"ubs_report","method":"select","fieldList":["ID","model","report_code","name","mi_modifyDate"],"version":"-1"}]
20180416 12264951  % auth  	admin/154783131
20180416 12264951  % call  	endpoint ubql
20180416 12264951  % http  	127.0.0.1 <- 200
20180416 12264951  %  -    00.001.302
20180416 12265027  &  +    ubql
20180416 12265027  & http  	127.0.0.1 -> POST ubql
20180416 12265027  & http  	[{"entity":"ubs_report","method":"select","fieldList":["ID","model","report_code","name","mi_modifyDate"],"version":"-1"}]
20180416 12265027  & auth  	admin/154783131
20180416 12265027  & call  	endpoint ubql
20180416 12265027  & http  	127.0.0.1 <- 200
20180416 12265027  &  -    00.001.284
20180416 12265658  '  +    ubql
20180416 12265658  ' http  	127.0.0.1 -> POST ubql
20180416 12265658  ' http  	[{"entity":"ubs_report","fieldList":["model","report_code","name","template","code","ID","mi_modifyDate"],"ID":1847324396,"alsNeed":false,"method":"select"}]
20180416 12265658  ' auth  	admin/154783131
20180416 12265658  ' call  	endpoint ubql
20180416 12265658  ' http  	127.0.0.1 <- 200
20180416 12265658  '  -    00.001.405
20180416 12265658  (  +    getDocument?entity=ubs_report&attribute=template&ID=1847324396&origName=xlsxExample.template&filename=ubs_report1847324396template&_dc=1523881616944
20180416 12265658  ( http  	127.0.0.1 -> GET getDocument?entity=ubs_report&attribute=template&ID=1847324396&origName=xlsxExample.template&filename=ubs_report1847324396template&_dc=1523881616944
20180416 12265658  ( auth  	admin/154783131
20180416 12265658  ( call  	endpoint getDocument
20180416 12265658  "  +    getDocument?entity=ubs_report&attribute=code&ID=1847324396&origName=xlsxExample.js&filename=ubs_report1847324396code&_dc=1523881616946
20180416 12265658  " http  	127.0.0.1 -> GET getDocument?entity=ubs_report&attribute=code&ID=1847324396&origName=xlsxExample.js&filename=ubs_report1847324396code&_dc=1523881616946
20180416 12265658  " auth  	admin/154783131
20180416 12265658  " call  	endpoint getDocument
20180416 12265658  ( http  	127.0.0.1 <- 200
20180416 12265658  (  -    00.002.553
20180416 12265658  " http  	127.0.0.1 <- 200
20180416 12265658  "  -    00.002.322
20180416 12280824  ! info  ubApp.TubApp(02883EE0) {   "ClientsCurrent": 1,   "ClientsMax": 1,   "Invalid": 2,   "Responses": 62,   "Modified": 0,   "IncomingBytes": 53065,   "OutcomingBytes": 27068,   "OutcomingFiles": 35,   "ServiceCalls": 62,   "ProcessTime": "2.55s"  }
